JSON Parsing Error Log
==================================================

Video: D0002@5-29-2014@VA7610ZK@nes_v1_1_segment_3.mp4
Feature: occur_during_sleep
Attempt: 1
Direct Parsing Failed: Expecting value: line 1 column 1 (char 0)
Attempting to clean response.Raw response: ```json
{
  "answer": "no",
  "justification": "The patient's eyes are open and he is actively speaking throughout the video, indicating he is awake."
}
```
--------------------------------------------------

Video: D0002@5-29-2014@VA7610ZK@nes_v1_1_segment_3.mp4
Feature: blank_stare
Attempt: 1
Direct Parsing Failed: Expecting value: line 1 column 1 (char 0)
Attempting to clean response.Raw response: ```json
{
  "answer": "yes",
  "justification": "The patient's eyes are rolled back in his head, and his facial expression is vacant, which are characteristic signs of a staring seizure."
}
```
--------------------------------------------------

Video: D0002@5-29-2014@VA7610ZK@nes_v1_1_segment_3.mp4
Feature: close_eyes
Attempt: 1
Direct Parsing Failed: Expecting value: line 1 column 1 (char 0)
Attempting to clean response.Raw response: ```json
{
  "answer": "no",
  "justification": "The patient's eyes are open for the majority of the video, blinking and looking around. They are only closed for very brief moments, such as at 0:04 and 0:05."
}
```
--------------------------------------------------

Video: D0002@5-29-2014@VA7610ZK@nes_v1_1_segment_3.mp4
Feature: eye_blinking
Attempt: 1
Direct Parsing Failed: Expecting value: line 1 column 1 (char 0)
Attempting to clean response.Raw response: ```json
{
  "answer": "no",
  "justification": "The patient's eyes are mostly closed or looking down throughout the video, and there is no visible rapid blinking."
}
```
--------------------------------------------------

Video: D0002@5-29-2014@VA7610ZK@nes_v1_1_segment_3.mp4
Feature: tonic
Attempt: 1
Direct Parsing Failed: Expecting value: line 1 column 1 (char 0)
Attempting to clean response.Raw response: ```json
{
  "answer": "no",
  "justification": "The patient is lying in bed and appears to be in a state of post-ictal recovery, characterized by confusion and disorientation. There is no visible sustained muscle rigidity or stiffness in the limbs or body that would indicate the tonic phase of a seizure."
}
```
--------------------------------------------------

Video: D0002@5-29-2014@VA7610ZK@nes_v1_1_segment_3.mp4
Feature: clonic
Attempt: 1
Direct Parsing Failed: Expecting value: line 1 column 1 (char 0)
Attempting to clean response.Raw response: ```json
{"answer": "no", "justification": "The patient does not exhibit rhythmic, jerking muscle contractions characteristic of the clonic phase. Instead, he shows signs of a staring seizure, which is typically associated with absence seizures and involves a brief loss of awareness without convulsive movements."}
```
--------------------------------------------------

Video: D0002@5-29-2014@VA7610ZK@nes_v1_1_segment_3.mp4
Feature: arm_flexion
Attempt: 1
Direct Parsing Failed: Expecting value: line 1 column 1 (char 0)
Attempting to clean response.Raw response: ```json
{
  "answer": "yes",
  "justification": "The patient flexes his right arm at the elbow, moving it from a resting position to a bent position near his chest, and then back to a resting position. This action is visible for several frames."
}
```
--------------------------------------------------

Video: D0002@5-29-2014@VA7610ZK@nes_v1_1_segment_3.mp4
Feature: arm_straightening
Attempt: 1
Direct Parsing Failed: Expecting value: line 1 column 1 (char 0)
Attempting to clean response.Raw response: ```json
{
  "answer": "yes",
  "justification": "The patient extends his left arm at the elbow and straightens it out to his side for several frames, starting around 0:28 and continuing until the end of the clip."
}
```
--------------------------------------------------

Video: D0002@5-29-2014@VA7610ZK@nes_v1_1_segment_3.mp4
Feature: figure4
Attempt: 1
Direct Parsing Failed: Expecting value: line 1 column 1 (char 0)
Attempting to clean response.Raw response: ```json
{
  "answer": "no",
  "justification": "The patient's arms are not in the described tonic sustained posture. Both arms are resting by his sides, with the left arm extended and the right arm slightly bent, not flexed."
}
```
--------------------------------------------------

Video: D0002@5-29-2014@VA7610ZK@nes_v1_1_segment_3.mp4
Feature: oral_automatisms
Attempt: 1
Direct Parsing Failed: Expecting value: line 1 column 1 (char 0)
Attempting to clean response.Raw response: ```json
{
  "answer": "no",
  "justification": "The patient's mouth is open, and he is speaking, but there are no visible repetitive or stereotyped movements of the mouth, lips, or tongue, such as chewing or lip-smacking."
}
```
--------------------------------------------------

Video: D0002@5-29-2014@VA7610ZK@nes_v1_1_segment_3.mp4
Feature: limb_automatisms
Attempt: 1
Direct Parsing Failed: Expecting value: line 1 column 1 (char 0)
Attempting to clean response.Raw response: ```json
{
  "answer": "no",
  "justification": "The patient's hands are resting on his chest and abdomen. There are no visible repetitive or stereotyped movements such as fumbling, picking, rubbing, or patting."
}
```
--------------------------------------------------

Video: D0002@5-29-2014@VA7610ZK@nes_v1_1_segment_3.mp4
Feature: face_pulling
Attempt: 1
Direct Parsing Failed: Expecting value: line 1 column 1 (char 0)
Attempting to clean response.Raw response: ```json
{
  "answer": "no",
  "justification": "The patient's facial expression is consistent with speaking and breathing, without any signs of unilateral sustained face-pulling movements."
}
```
--------------------------------------------------

Video: D0002@5-29-2014@VA7610ZK@nes_v1_1_segment_3.mp4
Feature: face_twitching
Attempt: 1
Direct Parsing Failed: Expecting value: line 1 column 1 (char 0)
Attempting to clean response.Raw response: ```json
{
  "answer": "yes",
  "justification": "The patient's facial muscles exhibit small, involuntary movements, particularly around the mouth and jaw, consistent with muscle twitches."
}
```
--------------------------------------------------

Video: D0002@5-29-2014@VA7610ZK@nes_v1_1_segment_3.mp4
Feature: head_turning
Attempt: 1
Direct Parsing Failed: Expecting value: line 1 column 1 (char 0)
Attempting to clean response.Raw response: ```json
{
  "answer": "no",
  "justification": "The patient's head is mostly still throughout the video, with only slight movements. There is no visible forceful or stiff rotation to one side."
}
```
--------------------------------------------------

Video: D0002@5-29-2014@VA7610ZK@nes_v1_1_segment_3.mp4
Feature: asynchronous_movement
Attempt: 1
Direct Parsing Failed: Expecting value: line 1 column 1 (char 0)
Attempting to clean response.Raw response: ```json
{
  "answer": "no",
  "justification": "The patient's limbs do not exhibit shaking with variable frequency or amplitude. The movements observed are slow and deliberate, consistent with the patient speaking and gesturing, rather than the rapid, involuntary contractions characteristic of a seizure."
}
```
--------------------------------------------------

Video: D0002@5-29-2014@VA7610ZK@nes_v1_1_segment_3.mp4
Feature: pelvic_thrusting
Attempt: 1
Direct Parsing Failed: Expecting value: line 1 column 1 (char 0)
Attempting to clean response.Raw response: ```json
{
  "answer": "no",
  "justification": "The patient's movements are limited to his arms and hands, which are resting on his chest and abdomen. There is no visible movement of the hips in the video."
}
```
--------------------------------------------------

Video: D0002@5-29-2014@VA7610ZK@nes_v1_1_segment_3.mp4
Feature: arms_move_simultaneously
Attempt: 1
Direct Parsing Failed: Expecting value: line 1 column 1 (char 0)
Attempting to clean response.Raw response: ```json
{
  "answer": "yes",
  "justification": "The patient's arms begin to move at the same time, as both arms are seen moving simultaneously starting around the 00:00:28 mark."
}
```
--------------------------------------------------

Video: D0002@5-29-2014@VA7610ZK@nes_v1_1_segment_3.mp4
Feature: full_body_shaking
Attempt: 1
Direct Parsing Failed: Expecting value: line 1 column 1 (char 0)
Attempting to clean response.Raw response: ```json
{
  "answer": "no",
  "justification": "The patient does not exhibit shaking of the entire body. He is lying in bed and appears to be speaking, with only minor movements of his head and hands. There is no visible convulsion or generalized muscle twitching."
}
```
--------------------------------------------------

Video: D0002@5-29-2014@VA7610ZK@nes_v1_1_segment_3.mp4
Feature: ictal_vocalization
Attempt: 1
Direct Parsing Failed: Expecting value: line 1 column 1 (char 0)
Attempting to clean response.Raw response: ```json
{
  "answer": "no",
  "justification": "The patient does not make any groaning, moaning, or guttural sounds. They also do not utter any stereotyped or repetitive phrases. Instead, they speak in a coherent manner, stating, 'I just had a seizure.'"
}
```
--------------------------------------------------

Video: D0002@5-29-2014@VA7610ZK@nes_v1_1_segment_3.mp4
Feature: ictal_vocalization
Attempt: 1
Error: Failed to parse JSON even after cleaning
Raw response: ```json
{
  "answer": "no",
  "justification": "The patient does not make any groaning, moaning, or guttural sounds. They also do not utter any stereotyped or repetitive phrases. Instead, they speak in a coherent manner, stating, 'I just had a seizure.'"
}
```
--------------------------------------------------

Video: D0002@5-29-2014@VA7610ZK@nes_v1_1_segment_3.mp4
Feature: ictal_vocalization
Attempt: 2
Direct Parsing Failed: Expecting value: line 1 column 1 (char 0)
Attempting to clean response.Raw response: ```json
{
  "answer": "no",
  "justification": "The patient does not make any groaning, moaning, or guttural sounds. They also do not utter any stereotyped or repetitive phrases. Instead, they speak in a coherent manner, stating, 'I just had a seizure.'"
}
```
--------------------------------------------------

Video: D0002@5-29-2014@VA7610ZK@nes_v1_1_segment_3.mp4
Feature: ictal_vocalization
Attempt: 2
Error: Failed to parse JSON even after cleaning
Raw response: ```json
{
  "answer": "no",
  "justification": "The patient does not make any groaning, moaning, or guttural sounds. They also do not utter any stereotyped or repetitive phrases. Instead, they speak in a coherent manner, stating, 'I just had a seizure.'"
}
```
--------------------------------------------------

Video: D0002@5-29-2014@VA7610ZK@nes_v1_1_segment_3.mp4
Feature: ictal_vocalization
Attempt: 3
Direct Parsing Failed: Expecting value: line 1 column 1 (char 0)
Attempting to clean response.Raw response: ```json
{
  "answer": "no",
  "justification": "The patient does not make any groaning, moaning, or guttural sounds. They also do not utter any stereotyped or repetitive phrases. Instead, they speak in a coherent manner, stating, 'I just had a seizure.'"
}
```
--------------------------------------------------

Video: D0002@5-29-2014@VA7610ZK@nes_v1_1_segment_3.mp4
Feature: ictal_vocalization
Attempt: 3
Error: Failed to parse JSON even after cleaning
Raw response: ```json
{
  "answer": "no",
  "justification": "The patient does not make any groaning, moaning, or guttural sounds. They also do not utter any stereotyped or repetitive phrases. Instead, they speak in a coherent manner, stating, 'I just had a seizure.'"
}
```
--------------------------------------------------

Video: D0002@5-29-2014@VA7610ZK@nes_v1_1_segment_3.mp4
Feature: ictal_vocalization
Attempt: 4
Direct Parsing Failed: Expecting value: line 1 column 1 (char 0)
Attempting to clean response.Raw response: ```json
{
  "answer": "no",
  "justification": "The patient does not make any groaning, moaning, or guttural sounds. They also do not utter any stereotyped or repetitive phrases. Instead, they speak in a coherent manner, stating, 'I just had a seizure.'"
}
```
--------------------------------------------------

Video: D0002@5-29-2014@VA7610ZK@nes_v1_1_segment_3.mp4
Feature: ictal_vocalization
Attempt: 4
Error: Failed to parse JSON even after cleaning
Raw response: ```json
{
  "answer": "no",
  "justification": "The patient does not make any groaning, moaning, or guttural sounds. They also do not utter any stereotyped or repetitive phrases. Instead, they speak in a coherent manner, stating, 'I just had a seizure.'"
}
```
--------------------------------------------------

Video: D0002@5-29-2014@VA7610ZK@nes_v1_1_segment_3.mp4
Feature: ictal_vocalization
Attempt: 5
Direct Parsing Failed: Expecting value: line 1 column 1 (char 0)
Attempting to clean response.Raw response: ```json
{
  "answer": "no",
  "justification": "The patient does not make any groaning, moaning, or guttural sounds. They also do not utter any stereotyped or repetitive phrases. Instead, they speak in a coherent manner, stating, 'I just had a seizure.'"
}
```
--------------------------------------------------

Video: D0002@5-29-2014@VA7610ZK@nes_v1_1_segment_3.mp4
Feature: ictal_vocalization
Attempt: 5
Error: Failed to parse JSON even after cleaning
Raw response: ```json
{
  "answer": "no",
  "justification": "The patient does not make any groaning, moaning, or guttural sounds. They also do not utter any stereotyped or repetitive phrases. Instead, they speak in a coherent manner, stating, 'I just had a seizure.'"
}
```
--------------------------------------------------

Video: D0002@5-29-2014@VA7610ZK@nes_v1_1_segment_3.mp4
Feature: ictal_vocalization
Attempt: 6
Direct Parsing Failed: Expecting value: line 1 column 1 (char 0)
Attempting to clean response.Raw response: ```json
{
  "answer": "no",
  "justification": "The patient does not make any groaning, moaning, or guttural sounds. They also do not utter any stereotyped or repetitive phrases. Instead, they speak in a coherent manner, stating, 'I just had a seizure.'"
}
```
--------------------------------------------------

Video: D0002@5-29-2014@VA7610ZK@nes_v1_1_segment_3.mp4
Feature: ictal_vocalization
Attempt: 6
Error: Failed to parse JSON even after cleaning
Raw response: ```json
{
  "answer": "no",
  "justification": "The patient does not make any groaning, moaning, or guttural sounds. They also do not utter any stereotyped or repetitive phrases. Instead, they speak in a coherent manner, stating, 'I just had a seizure.'"
}
```
--------------------------------------------------

Video: D0002@5-29-2014@VA7610ZK@nes_v1_1_segment_3.mp4
Feature: ictal_vocalization
Attempt: 7
Direct Parsing Failed: Expecting value: line 1 column 1 (char 0)
Attempting to clean response.Raw response: ```json
{
  "answer": "no",
  "justification": "The patient does not make any groaning, moaning, or guttural sounds. They also do not utter any stereotyped or repetitive phrases. Instead, they speak in a coherent manner, stating, 'I just had a seizure.'"
}
```
--------------------------------------------------

Video: D0002@5-29-2014@VA7610ZK@nes_v1_1_segment_3.mp4
Feature: ictal_vocalization
Attempt: 7
Error: Failed to parse JSON even after cleaning
Raw response: ```json
{
  "answer": "no",
  "justification": "The patient does not make any groaning, moaning, or guttural sounds. They also do not utter any stereotyped or repetitive phrases. Instead, they speak in a coherent manner, stating, 'I just had a seizure.'"
}
```
--------------------------------------------------

Video: D0002@5-29-2014@VA7610ZK@nes_v1_1_segment_3.mp4
Feature: ictal_vocalization
Attempt: 8
Direct Parsing Failed: Expecting value: line 1 column 1 (char 0)
Attempting to clean response.Raw response: ```json
{
  "answer": "no",
  "justification": "The patient does not make any groaning, moaning, or guttural sounds. They also do not utter any stereotyped or repetitive phrases. Instead, they speak in a coherent manner, stating, 'I just had a seizure.'"
}
```
--------------------------------------------------

Video: D0002@5-29-2014@VA7610ZK@nes_v1_1_segment_3.mp4
Feature: ictal_vocalization
Attempt: 8
Error: Failed to parse JSON even after cleaning
Raw response: ```json
{
  "answer": "no",
  "justification": "The patient does not make any groaning, moaning, or guttural sounds. They also do not utter any stereotyped or repetitive phrases. Instead, they speak in a coherent manner, stating, 'I just had a seizure.'"
}
```
--------------------------------------------------

Video: D0002@5-29-2014@VA7610ZK@nes_v1_1_segment_3.mp4
Feature: ictal_vocalization
Attempt: 9
Direct Parsing Failed: Expecting value: line 1 column 1 (char 0)
Attempting to clean response.Raw response: ```json
{
  "answer": "no",
  "justification": "The patient does not make any groaning, moaning, or guttural sounds. They also do not utter any stereotyped or repetitive phrases. Instead, they speak in a coherent manner, stating, 'I just had a seizure.'"
}
```
--------------------------------------------------

Video: D0002@5-29-2014@VA7610ZK@nes_v1_1_segment_3.mp4
Feature: ictal_vocalization
Attempt: 9
Error: Failed to parse JSON even after cleaning
Raw response: ```json
{
  "answer": "no",
  "justification": "The patient does not make any groaning, moaning, or guttural sounds. They also do not utter any stereotyped or repetitive phrases. Instead, they speak in a coherent manner, stating, 'I just had a seizure.'"
}
```
--------------------------------------------------

Video: D0002@5-29-2014@VA7610ZK@nes_v1_1_segment_3.mp4
Feature: ictal_vocalization
Attempt: 10
Direct Parsing Failed: Expecting value: line 1 column 1 (char 0)
Attempting to clean response.Raw response: ```json
{
  "answer": "no",
  "justification": "The patient does not make any groaning, moaning, or guttural sounds. They also do not utter any stereotyped or repetitive phrases. Instead, they speak in a coherent manner, stating, 'I just had a seizure.'"
}
```
--------------------------------------------------

Video: D0002@5-29-2014@VA7610ZK@nes_v1_1_segment_3.mp4
Feature: ictal_vocalization
Attempt: 10
Error: Failed to parse JSON even after cleaning
Raw response: ```json
{
  "answer": "no",
  "justification": "The patient does not make any groaning, moaning, or guttural sounds. They also do not utter any stereotyped or repetitive phrases. Instead, they speak in a coherent manner, stating, 'I just had a seizure.'"
}
```
--------------------------------------------------

Video: D0002@5-29-2014@VA7610ZK@nes_v1_1_segment_3.mp4
Feature: verbal_responsiveness
Attempt: 1
Direct Parsing Failed: Expecting value: line 1 column 1 (char 0)
Attempting to clean response.Raw response: ```json
{
  "answer": "yes",
  "justification": "The patient responds verbally to the question 'Are you okay?' by stating, 'I just had a seizure.'"
}
```
--------------------------------------------------

Video: D0002@5-29-2014@VA7610ZK@nes_v1_1_segment_3.mp4
Feature: verbal_responsiveness
Attempt: 1
Error: Failed to parse JSON even after cleaning
Raw response: ```json
{
  "answer": "yes",
  "justification": "The patient responds verbally to the question 'Are you okay?' by stating, 'I just had a seizure.'"
}
```
--------------------------------------------------

Video: D0002@5-29-2014@VA7610ZK@nes_v1_1_segment_3.mp4
Feature: verbal_responsiveness
Attempt: 2
Direct Parsing Failed: Expecting value: line 1 column 1 (char 0)
Attempting to clean response.Raw response: ```json
{
  "answer": "yes",
  "justification": "The patient responds verbally to the question 'Are you okay?' by stating, 'I just had a seizure.'"
}
```
--------------------------------------------------

Video: D0002@5-29-2014@VA7610ZK@nes_v1_1_segment_3.mp4
Feature: verbal_responsiveness
Attempt: 2
Error: Failed to parse JSON even after cleaning
Raw response: ```json
{
  "answer": "yes",
  "justification": "The patient responds verbally to the question 'Are you okay?' by stating, 'I just had a seizure.'"
}
```
--------------------------------------------------

Video: D0002@5-29-2014@VA7610ZK@nes_v1_1_segment_3.mp4
Feature: verbal_responsiveness
Attempt: 3
Direct Parsing Failed: Expecting value: line 1 column 1 (char 0)
Attempting to clean response.Raw response: ```json
{
  "answer": "yes",
  "justification": "The patient responds verbally to the question 'Are you okay?' by stating, 'I just had a seizure.'"
}
```
--------------------------------------------------

Video: D0002@5-29-2014@VA7610ZK@nes_v1_1_segment_3.mp4
Feature: verbal_responsiveness
Attempt: 3
Error: Failed to parse JSON even after cleaning
Raw response: ```json
{
  "answer": "yes",
  "justification": "The patient responds verbally to the question 'Are you okay?' by stating, 'I just had a seizure.'"
}
```
--------------------------------------------------

Video: D0002@5-29-2014@VA7610ZK@nes_v1_1_segment_3.mp4
Feature: verbal_responsiveness
Attempt: 4
Direct Parsing Failed: Expecting value: line 1 column 1 (char 0)
Attempting to clean response.Raw response: ```json
{
  "answer": "yes",
  "justification": "The patient responds verbally to the question 'Are you okay?' by stating, 'I just had a seizure.'"
}
```
--------------------------------------------------

Video: D0002@5-29-2014@VA7610ZK@nes_v1_1_segment_3.mp4
Feature: verbal_responsiveness
Attempt: 4
Error: Failed to parse JSON even after cleaning
Raw response: ```json
{
  "answer": "yes",
  "justification": "The patient responds verbally to the question 'Are you okay?' by stating, 'I just had a seizure.'"
}
```
--------------------------------------------------

Video: D0002@5-29-2014@VA7610ZK@nes_v1_1_segment_3.mp4
Feature: verbal_responsiveness
Attempt: 5
Direct Parsing Failed: Expecting value: line 1 column 1 (char 0)
Attempting to clean response.Raw response: ```json
{
  "answer": "yes",
  "justification": "The patient responds verbally to the question 'Are you okay?' by stating, 'I just had a seizure.'"
}
```
--------------------------------------------------

Video: D0002@5-29-2014@VA7610ZK@nes_v1_1_segment_3.mp4
Feature: verbal_responsiveness
Attempt: 5
Error: Failed to parse JSON even after cleaning
Raw response: ```json
{
  "answer": "yes",
  "justification": "The patient responds verbally to the question 'Are you okay?' by stating, 'I just had a seizure.'"
}
```
--------------------------------------------------

Video: D0002@5-29-2014@VA7610ZK@nes_v1_1_segment_3.mp4
Feature: verbal_responsiveness
Attempt: 6
Direct Parsing Failed: Expecting value: line 1 column 1 (char 0)
Attempting to clean response.Raw response: ```json
{
  "answer": "yes",
  "justification": "The patient responds verbally to the question 'Are you okay?' by stating, 'I just had a seizure.'"
}
```
--------------------------------------------------

Video: D0002@5-29-2014@VA7610ZK@nes_v1_1_segment_3.mp4
Feature: verbal_responsiveness
Attempt: 6
Error: Failed to parse JSON even after cleaning
Raw response: ```json
{
  "answer": "yes",
  "justification": "The patient responds verbally to the question 'Are you okay?' by stating, 'I just had a seizure.'"
}
```
--------------------------------------------------

Video: D0002@5-29-2014@VA7610ZK@nes_v1_1_segment_3.mp4
Feature: verbal_responsiveness
Attempt: 7
Direct Parsing Failed: Expecting value: line 1 column 1 (char 0)
Attempting to clean response.Raw response: ```json
{
  "answer": "yes",
  "justification": "The patient responds verbally to the question 'Are you okay?' by stating, 'I just had a seizure.'"
}
```
--------------------------------------------------

Video: D0002@5-29-2014@VA7610ZK@nes_v1_1_segment_3.mp4
Feature: verbal_responsiveness
Attempt: 7
Error: Failed to parse JSON even after cleaning
Raw response: ```json
{
  "answer": "yes",
  "justification": "The patient responds verbally to the question 'Are you okay?' by stating, 'I just had a seizure.'"
}
```
--------------------------------------------------

Video: D0002@5-29-2014@VA7610ZK@nes_v1_1_segment_3.mp4
Feature: verbal_responsiveness
Attempt: 8
Direct Parsing Failed: Expecting value: line 1 column 1 (char 0)
Attempting to clean response.Raw response: ```json
{
  "answer": "yes",
  "justification": "The patient responds verbally to the question 'Are you okay?' by stating, 'I just had a seizure.'"
}
```
--------------------------------------------------

Video: D0002@5-29-2014@VA7610ZK@nes_v1_1_segment_3.mp4
Feature: verbal_responsiveness
Attempt: 8
Error: Failed to parse JSON even after cleaning
Raw response: ```json
{
  "answer": "yes",
  "justification": "The patient responds verbally to the question 'Are you okay?' by stating, 'I just had a seizure.'"
}
```
--------------------------------------------------

Video: D0002@5-29-2014@VA7610ZK@nes_v1_1_segment_3.mp4
Feature: verbal_responsiveness
Attempt: 9
Direct Parsing Failed: Expecting value: line 1 column 1 (char 0)
Attempting to clean response.Raw response: ```json
{
  "answer": "yes",
  "justification": "The patient responds verbally to the question 'Are you okay?' by stating, 'I just had a seizure.'"
}
```
--------------------------------------------------

Video: D0002@5-29-2014@VA7610ZK@nes_v1_1_segment_3.mp4
Feature: verbal_responsiveness
Attempt: 9
Error: Failed to parse JSON even after cleaning
Raw response: ```json
{
  "answer": "yes",
  "justification": "The patient responds verbally to the question 'Are you okay?' by stating, 'I just had a seizure.'"
}
```
--------------------------------------------------

Video: D0002@5-29-2014@VA7610ZK@nes_v1_1_segment_3.mp4
Feature: verbal_responsiveness
Attempt: 10
Direct Parsing Failed: Expecting value: line 1 column 1 (char 0)
Attempting to clean response.Raw response: ```json
{
  "answer": "yes",
  "justification": "The patient responds verbally to the question 'Are you okay?' by stating, 'I just had a seizure.'"
}
```
--------------------------------------------------

Video: D0002@5-29-2014@VA7610ZK@nes_v1_1_segment_3.mp4
Feature: verbal_responsiveness
Attempt: 10
Error: Failed to parse JSON even after cleaning
Raw response: ```json
{
  "answer": "yes",
  "justification": "The patient responds verbally to the question 'Are you okay?' by stating, 'I just had a seizure.'"
}
```
--------------------------------------------------

Video: D0002@5-29-2014@VA7610ZK@nes_v1_1_segment_4.mp4
Feature: occur_during_sleep
Attempt: 1
Direct Parsing Failed: Expecting value: line 1 column 1 (char 0)
Attempting to clean response.Raw response: ```json
{
  "answer": "no",
  "justification": "The patient's eyes are open and he is actively talking and interacting with the person off-camera, indicating he is awake."
}
```
--------------------------------------------------

Video: D0002@5-29-2014@VA7610ZK@nes_v1_1_segment_4.mp4
Feature: blank_stare
Attempt: 1
Direct Parsing Failed: Expecting value: line 1 column 1 (char 0)
Attempting to clean response.Raw response: ```json
{
  "answer": "no",
  "justification": "The patient is actively engaged in conversation, making eye contact with the examiner, and responding verbally to questions. His facial expressions are animated, and he is gesturing with his hands, indicating alertness and awareness rather than a blank stare."
}
```
--------------------------------------------------

Video: D0002@5-29-2014@VA7610ZK@nes_v1_1_segment_4.mp4
Feature: close_eyes
Attempt: 1
Direct Parsing Failed: Expecting value: line 1 column 1 (char 0)
Attempting to clean response.Raw response: ```json
{
  "answer": "no",
  "justification": "The patient's eyes are open for the majority of the video, blinking and moving as he interacts with the person off-camera. They are only closed for very brief moments, such as when he is speaking or laughing."
}
```
--------------------------------------------------

Video: D0002@5-29-2014@VA7610ZK@nes_v1_1_segment_4.mp4
Feature: eye_blinking
Attempt: 1
Direct Parsing Failed: Expecting value: line 1 column 1 (char 0)
Attempting to clean response.Raw response: ```json
{
  "answer": "no",
  "justification": "The patient's eyes are mostly open and focused, with occasional blinks that appear normal and not rapid."
}
```
--------------------------------------------------

Video: D0002@5-29-2014@VA7610ZK@nes_v1_1_segment_4.mp4
Feature: tonic
Attempt: 1
Direct Parsing Failed: Expecting value: line 1 column 1 (char 0)
Attempting to clean response.Raw response: ```json
{"answer": "no", "justification": "The patient does not exhibit sustained stiffness or rigidity in any body part. Instead, he is lying in a relaxed position in the hospital bed, with his arms resting by his sides and his head supported by a pillow. There is no indication of generalized or focal muscle rigidity, which is characteristic of the tonic phase of a seizure."}
```
--------------------------------------------------

Video: D0002@5-29-2014@VA7610ZK@nes_v1_1_segment_4.mp4
Feature: clonic
Attempt: 1
Direct Parsing Failed: Expecting value: line 1 column 1 (char 0)
Attempting to clean response.Raw response: ```json
{"answer": "no", "justification": "The patient does not exhibit rhythmic, jerking muscle contractions characteristic of clonic movements. Instead, he shows signs of agitation and distress, including vocalization and hand gestures, but no sustained or repetitive muscle jerking is observed."}
```
--------------------------------------------------

Video: D0002@5-29-2014@VA7610ZK@nes_v1_1_segment_4.mp4
Feature: arm_flexion
Attempt: 1
Direct Parsing Failed: Expecting value: line 1 column 1 (char 0)
Attempting to clean response.Raw response: ```json
{
  "answer": "no",
  "justification": "The patient's arms remain relatively still throughout the video, with no visible flexing or movement at the elbows."
}
```
--------------------------------------------------

Video: D0002@5-29-2014@VA7610ZK@nes_v1_1_segment_4.mp4
Feature: arm_straightening
Attempt: 1
Direct Parsing Failed: Expecting value: line 1 column 1 (char 0)
Attempting to clean response.Raw response: ```json
{
  "answer": "no",
  "justification": "The patient's arms remain in a bent position throughout the video, with his hands resting on his chest or abdomen. There is no visible extension of the arms or elbows."
}
```
--------------------------------------------------

Video: D0002@5-29-2014@VA7610ZK@nes_v1_1_segment_4.mp4
Feature: figure4
Attempt: 1
Direct Parsing Failed: Expecting value: line 1 column 1 (char 0)
Attempting to clean response.Raw response: ```json
{
  "answer": "no",
  "justification": "The patient's arms are positioned differently. The left arm is extended with a wristband, and the right arm is flexed with the hand near the chest. This does not match the description of a Figure 4 posture, where one arm is flexed and the other is extended simultaneously."
}
```
--------------------------------------------------

Video: D0002@5-29-2014@VA7610ZK@nes_v1_1_segment_4.mp4
Feature: oral_automatisms
Attempt: 1
Direct Parsing Failed: Expecting value: line 1 column 1 (char 0)
Attempting to clean response.Raw response: ```json
{
  "answer": "no",
  "justification": "The patient's mouth is open and he is speaking, but there are no visible repetitive or stereotyped movements of the mouth, lips, or tongue such as chewing, lip-smacking, or swallowing."
}
```
--------------------------------------------------

Video: D0002@5-29-2014@VA7610ZK@nes_v1_1_segment_4.mp4
Feature: limb_automatisms
Attempt: 1
Direct Parsing Failed: Expecting value: line 1 column 1 (char 0)
Attempting to clean response.Raw response: ```json
{
  "answer": "no",
  "justification": "The patient's hands are mostly resting on his chest or covered by the blanket. There are no visible repetitive or stereotyped movements like fumbling, picking, rubbing, or patting."
}
```
--------------------------------------------------

Video: D0002@5-29-2014@VA7610ZK@nes_v1_1_segment_4.mp4
Feature: face_pulling
Attempt: 1
Direct Parsing Failed: Expecting value: line 1 column 1 (char 0)
Attempting to clean response.Raw response: ```json
{
  "answer": "no",
  "justification": "The patient's facial expressions are consistent with speaking and smiling, without any noticeable asymmetry or sustained pulling to one side of the face."
}
```
--------------------------------------------------

Video: D0002@5-29-2014@VA7610ZK@nes_v1_1_segment_4.mp4
Feature: face_twitching
Attempt: 1
Direct Parsing Failed: Expecting value: line 1 column 1 (char 0)
Attempting to clean response.Raw response: ```json
{
  "answer": "yes",
  "justification": "The patient's facial muscles exhibit small, involuntary movements, particularly around the mouth and jaw, which are consistent with muscle twitches."
}
```
--------------------------------------------------

Video: D0002@5-29-2014@VA7610ZK@nes_v1_1_segment_4.mp4
Feature: head_turning
Attempt: 1
Direct Parsing Failed: Expecting value: line 1 column 1 (char 0)
Attempting to clean response.Raw response: ```json
{
  "answer": "no",
  "justification": "The patient's head movements are minimal and appear to be natural, not forced or stiff."
}
```
--------------------------------------------------

Video: D0002@5-29-2014@VA7610ZK@nes_v1_1_segment_4.mp4
Feature: asynchronous_movement
Attempt: 1
Direct Parsing Failed: Expecting value: line 1 column 1 (char 0)
Attempting to clean response.Raw response: ```json
{
  "answer": "no",
  "justification": "The patient's limbs do not exhibit shaking with variable frequency or amplitude. The movements observed are slow and deliberate, consistent with the patient speaking and gesturing, rather than involuntary tremors."
}
```
--------------------------------------------------

Video: D0002@5-29-2014@VA7610ZK@nes_v1_1_segment_4.mp4
Feature: pelvic_thrusting
Attempt: 1
Direct Parsing Failed: Expecting value: line 1 column 1 (char 0)
Attempting to clean response.Raw response: ```json
{
  "answer": "no",
  "justification": "The patient is lying in a hospital bed and is not exhibiting any visible hip movements, let alone a repetitive, rhythmic, anteroposterior motion."
}
```
--------------------------------------------------

Video: D0002@5-29-2014@VA7610ZK@nes_v1_1_segment_4.mp4
Feature: arms_move_simultaneously
Attempt: 1
Direct Parsing Failed: Expecting value: line 1 column 1 (char 0)
Attempting to clean response.Raw response: ```json
{
  "answer": "yes",
  "justification": "The patient's arms begin to move at the same time, as both arms are seen moving simultaneously in the video."
}
```
--------------------------------------------------

Video: D0002@5-29-2014@VA7610ZK@nes_v1_1_segment_4.mp4
Feature: full_body_shaking
Attempt: 1
Direct Parsing Failed: Expecting value: line 1 column 1 (char 0)
Attempting to clean response.Raw response: ```json
{
  "answer": "no",
  "justification": "The patient's arms and hands are visibly shaking, but there is no observable shaking of the legs or torso in the video."
}
```
--------------------------------------------------

Video: D0002@5-29-2014@VA7610ZK@nes_v1_1_segment_4.mp4
Feature: ictal_vocalization
Attempt: 1
Direct Parsing Failed: Expecting value: line 1 column 1 (char 0)
Attempting to clean response.Raw response: ```json
{
  "answer": "no",
  "justification": "The patient is audibly speaking in a coherent manner, responding to questions with clear words like 'okay,' 'a pen,' 'paper,' and 'lousy glasses.' There are no sounds of groaning, moaning, or guttural noises, nor are there any stereotyped or repetitive phrases uttered."
}
```
--------------------------------------------------

Video: D0002@5-29-2014@VA7610ZK@nes_v1_1_segment_4.mp4
Feature: ictal_vocalization
Attempt: 1
Error: Failed to parse JSON even after cleaning
Raw response: ```json
{
  "answer": "no",
  "justification": "The patient is audibly speaking in a coherent manner, responding to questions with clear words like 'okay,' 'a pen,' 'paper,' and 'lousy glasses.' There are no sounds of groaning, moaning, or guttural noises, nor are there any stereotyped or repetitive phrases uttered."
}
```
--------------------------------------------------

Video: D0002@5-29-2014@VA7610ZK@nes_v1_1_segment_4.mp4
Feature: ictal_vocalization
Attempt: 2
Direct Parsing Failed: Expecting value: line 1 column 1 (char 0)
Attempting to clean response.Raw response: ```json
{
  "answer": "no",
  "justification": "The patient is audibly speaking in a coherent manner, responding to questions with clear words like 'okay,' 'a pen,' 'paper,' and 'lousy glasses.' There are no sounds of groaning, moaning, or guttural noises, nor are there any stereotyped or repetitive phrases uttered."
}
```
--------------------------------------------------

Video: D0002@5-29-2014@VA7610ZK@nes_v1_1_segment_4.mp4
Feature: ictal_vocalization
Attempt: 2
Error: Failed to parse JSON even after cleaning
Raw response: ```json
{
  "answer": "no",
  "justification": "The patient is audibly speaking in a coherent manner, responding to questions with clear words like 'okay,' 'a pen,' 'paper,' and 'lousy glasses.' There are no sounds of groaning, moaning, or guttural noises, nor are there any stereotyped or repetitive phrases uttered."
}
```
--------------------------------------------------

Video: D0002@5-29-2014@VA7610ZK@nes_v1_1_segment_4.mp4
Feature: ictal_vocalization
Attempt: 3
Direct Parsing Failed: Expecting value: line 1 column 1 (char 0)
Attempting to clean response.Raw response: ```json
{
  "answer": "no",
  "justification": "The patient is audibly speaking in a coherent manner, responding to questions with clear words like 'okay,' 'a pen,' 'paper,' and 'lousy glasses.' There are no sounds of groaning, moaning, or guttural noises, nor are there any stereotyped or repetitive phrases uttered."
}
```
--------------------------------------------------

Video: D0002@5-29-2014@VA7610ZK@nes_v1_1_segment_4.mp4
Feature: ictal_vocalization
Attempt: 3
Error: Failed to parse JSON even after cleaning
Raw response: ```json
{
  "answer": "no",
  "justification": "The patient is audibly speaking in a coherent manner, responding to questions with clear words like 'okay,' 'a pen,' 'paper,' and 'lousy glasses.' There are no sounds of groaning, moaning, or guttural noises, nor are there any stereotyped or repetitive phrases uttered."
}
```
--------------------------------------------------

Video: D0002@5-29-2014@VA7610ZK@nes_v1_1_segment_4.mp4
Feature: ictal_vocalization
Attempt: 4
Direct Parsing Failed: Expecting value: line 1 column 1 (char 0)
Attempting to clean response.Raw response: ```json
{
  "answer": "no",
  "justification": "The patient is audibly speaking in a coherent manner, responding to questions with clear words like 'okay,' 'a pen,' 'paper,' and 'lousy glasses.' There are no sounds of groaning, moaning, or guttural noises, nor are there any stereotyped or repetitive phrases uttered."
}
```
--------------------------------------------------

Video: D0002@5-29-2014@VA7610ZK@nes_v1_1_segment_4.mp4
Feature: ictal_vocalization
Attempt: 4
Error: Failed to parse JSON even after cleaning
Raw response: ```json
{
  "answer": "no",
  "justification": "The patient is audibly speaking in a coherent manner, responding to questions with clear words like 'okay,' 'a pen,' 'paper,' and 'lousy glasses.' There are no sounds of groaning, moaning, or guttural noises, nor are there any stereotyped or repetitive phrases uttered."
}
```
--------------------------------------------------

Video: D0002@5-29-2014@VA7610ZK@nes_v1_1_segment_4.mp4
Feature: ictal_vocalization
Attempt: 5
Direct Parsing Failed: Expecting value: line 1 column 1 (char 0)
Attempting to clean response.Raw response: ```json
{
  "answer": "no",
  "justification": "The patient is audibly speaking in a coherent manner, responding to questions with clear words like 'okay,' 'a pen,' 'paper,' and 'lousy glasses.' There are no sounds of groaning, moaning, or guttural noises, nor are there any stereotyped or repetitive phrases uttered."
}
```
--------------------------------------------------

Video: D0002@5-29-2014@VA7610ZK@nes_v1_1_segment_4.mp4
Feature: ictal_vocalization
Attempt: 5
Error: Failed to parse JSON even after cleaning
Raw response: ```json
{
  "answer": "no",
  "justification": "The patient is audibly speaking in a coherent manner, responding to questions with clear words like 'okay,' 'a pen,' 'paper,' and 'lousy glasses.' There are no sounds of groaning, moaning, or guttural noises, nor are there any stereotyped or repetitive phrases uttered."
}
```
--------------------------------------------------

Video: D0002@5-29-2014@VA7610ZK@nes_v1_1_segment_4.mp4
Feature: ictal_vocalization
Attempt: 6
Direct Parsing Failed: Expecting value: line 1 column 1 (char 0)
Attempting to clean response.Raw response: ```json
{
  "answer": "no",
  "justification": "The patient is audibly speaking in a coherent manner, responding to questions with clear words like 'okay,' 'a pen,' 'paper,' and 'lousy glasses.' There are no sounds of groaning, moaning, or guttural noises, nor are there any stereotyped or repetitive phrases uttered."
}
```
--------------------------------------------------

Video: D0002@5-29-2014@VA7610ZK@nes_v1_1_segment_4.mp4
Feature: ictal_vocalization
Attempt: 6
Error: Failed to parse JSON even after cleaning
Raw response: ```json
{
  "answer": "no",
  "justification": "The patient is audibly speaking in a coherent manner, responding to questions with clear words like 'okay,' 'a pen,' 'paper,' and 'lousy glasses.' There are no sounds of groaning, moaning, or guttural noises, nor are there any stereotyped or repetitive phrases uttered."
}
```
--------------------------------------------------

Video: D0002@5-29-2014@VA7610ZK@nes_v1_1_segment_4.mp4
Feature: ictal_vocalization
Attempt: 7
Direct Parsing Failed: Expecting value: line 1 column 1 (char 0)
Attempting to clean response.Raw response: ```json
{
  "answer": "no",
  "justification": "The patient is audibly speaking in a coherent manner, responding to questions with clear words like 'okay,' 'a pen,' 'paper,' and 'lousy glasses.' There are no sounds of groaning, moaning, or guttural noises, nor are there any stereotyped or repetitive phrases uttered."
}
```
--------------------------------------------------

Video: D0002@5-29-2014@VA7610ZK@nes_v1_1_segment_4.mp4
Feature: ictal_vocalization
Attempt: 7
Error: Failed to parse JSON even after cleaning
Raw response: ```json
{
  "answer": "no",
  "justification": "The patient is audibly speaking in a coherent manner, responding to questions with clear words like 'okay,' 'a pen,' 'paper,' and 'lousy glasses.' There are no sounds of groaning, moaning, or guttural noises, nor are there any stereotyped or repetitive phrases uttered."
}
```
--------------------------------------------------

Video: D0002@5-29-2014@VA7610ZK@nes_v1_1_segment_4.mp4
Feature: ictal_vocalization
Attempt: 8
Direct Parsing Failed: Expecting value: line 1 column 1 (char 0)
Attempting to clean response.Raw response: ```json
{
  "answer": "no",
  "justification": "The patient is audibly speaking in a coherent manner, responding to questions with clear words like 'okay,' 'a pen,' 'paper,' and 'lousy glasses.' There are no sounds of groaning, moaning, or guttural noises, nor are there any stereotyped or repetitive phrases uttered."
}
```
--------------------------------------------------

Video: D0002@5-29-2014@VA7610ZK@nes_v1_1_segment_4.mp4
Feature: ictal_vocalization
Attempt: 8
Error: Failed to parse JSON even after cleaning
Raw response: ```json
{
  "answer": "no",
  "justification": "The patient is audibly speaking in a coherent manner, responding to questions with clear words like 'okay,' 'a pen,' 'paper,' and 'lousy glasses.' There are no sounds of groaning, moaning, or guttural noises, nor are there any stereotyped or repetitive phrases uttered."
}
```
--------------------------------------------------

Video: D0002@5-29-2014@VA7610ZK@nes_v1_1_segment_4.mp4
Feature: ictal_vocalization
Attempt: 9
Direct Parsing Failed: Expecting value: line 1 column 1 (char 0)
Attempting to clean response.Raw response: ```json
{
  "answer": "no",
  "justification": "The patient is audibly speaking in a coherent manner, responding to questions with clear words like 'okay,' 'a pen,' 'paper,' and 'lousy glasses.' There are no sounds of groaning, moaning, or guttural noises, nor are there any stereotyped or repetitive phrases uttered."
}
```
--------------------------------------------------

Video: D0002@5-29-2014@VA7610ZK@nes_v1_1_segment_4.mp4
Feature: ictal_vocalization
Attempt: 9
Error: Failed to parse JSON even after cleaning
Raw response: ```json
{
  "answer": "no",
  "justification": "The patient is audibly speaking in a coherent manner, responding to questions with clear words like 'okay,' 'a pen,' 'paper,' and 'lousy glasses.' There are no sounds of groaning, moaning, or guttural noises, nor are there any stereotyped or repetitive phrases uttered."
}
```
--------------------------------------------------

Video: D0002@5-29-2014@VA7610ZK@nes_v1_1_segment_4.mp4
Feature: ictal_vocalization
Attempt: 10
Direct Parsing Failed: Expecting value: line 1 column 1 (char 0)
Attempting to clean response.Raw response: ```json
{
  "answer": "no",
  "justification": "The patient is audibly speaking in a coherent manner, responding to questions with clear words like 'okay,' 'a pen,' 'paper,' and 'lousy glasses.' There are no sounds of groaning, moaning, or guttural noises, nor are there any stereotyped or repetitive phrases uttered."
}
```
--------------------------------------------------

Video: D0002@5-29-2014@VA7610ZK@nes_v1_1_segment_4.mp4
Feature: ictal_vocalization
Attempt: 10
Error: Failed to parse JSON even after cleaning
Raw response: ```json
{
  "answer": "no",
  "justification": "The patient is audibly speaking in a coherent manner, responding to questions with clear words like 'okay,' 'a pen,' 'paper,' and 'lousy glasses.' There are no sounds of groaning, moaning, or guttural noises, nor are there any stereotyped or repetitive phrases uttered."
}
```
--------------------------------------------------

Video: D0002@5-29-2014@VA7610ZK@nes_v1_1_segment_4.mp4
Feature: verbal_responsiveness
Attempt: 1
Direct Parsing Failed: Expecting value: line 1 column 1 (char 0)
Attempting to clean response.Raw response: ```json
{
  "answer": "yes",
  "justification": "The patient responds verbally to questions from a different person, identifying objects like a pen and paper, and even commenting on the glasses, indicating coherent verbal responses."
}
```
--------------------------------------------------

Video: D0002@5-29-2014@VA7610ZK@nes_v1_1_segment_5.mp4
Feature: occur_during_sleep
Attempt: 1
Direct Parsing Failed: Expecting value: line 1 column 1 (char 0)
Attempting to clean response.Raw response: ```json
{
  "answer": "no",
  "justification": "The patient is awake and actively talking throughout the video."
}
```
--------------------------------------------------

Video: D0002@5-29-2014@VA7610ZK@nes_v1_1_segment_5.mp4
Feature: blank_stare
Attempt: 1
Direct Parsing Failed: Expecting value: line 1 column 1 (char 0)
Attempting to clean response.Raw response: ```json
{
  "answer": "no",
  "justification": "The patient is actively engaged in conversation, looking at the camera, and using hand gestures, which indicates he is not exhibiting a blank stare."
}
```
--------------------------------------------------

Video: D0002@5-29-2014@VA7610ZK@nes_v1_1_segment_5.mp4
Feature: close_eyes
Attempt: 1
Direct Parsing Failed: Expecting value: line 1 column 1 (char 0)
Attempting to clean response.Raw response: ```json
{
  "answer": "no",
  "justification": "The patient's eyes are open for the majority of the video, blinking and moving as he speaks. They are only briefly closed at the very end of the clip."
}
```
--------------------------------------------------

Video: D0002@5-29-2014@VA7610ZK@nes_v1_1_segment_5.mp4
Feature: eye_blinking
Attempt: 1
Direct Parsing Failed: Expecting value: line 1 column 1 (char 0)
Attempting to clean response.Raw response: ```json
{
  "answer": "no",
  "justification": "The patient's eyes are mostly closed or looking down, and there is no visible rapid blinking in the video."
}
```
--------------------------------------------------

Video: D0002@5-29-2014@VA7610ZK@nes_v1_1_segment_5.mp4
Feature: tonic
Attempt: 1
Direct Parsing Failed: Expecting value: line 1 column 1 (char 0)
Attempting to clean response.Raw response: ```json
{"answer": "no", "justification": "The patient does not exhibit sustained stiffness or rigidity; instead, he is lying in a relaxed position with normal limb and body posture, showing no signs of tonic phase activity."}
```
--------------------------------------------------

Video: D0002@5-29-2014@VA7610ZK@nes_v1_1_segment_5.mp4
Feature: clonic
Attempt: 1
Direct Parsing Failed: Expecting value: line 1 column 1 (char 0)
Attempting to clean response.Raw response: ```json
{
  "answer": "no",
  "justification": "The patient exhibits a single, forceful, and sustained contraction of the upper body and arm, which is characteristic of a tonic phase. There are no subsequent rhythmic, jerking movements (clonic phase) observed in the video."
}
```
--------------------------------------------------

Video: D0002@5-29-2014@VA7610ZK@nes_v1_1_segment_5.mp4
Feature: arm_flexion
Attempt: 1
Direct Parsing Failed: Expecting value: line 1 column 1 (char 0)
Attempting to clean response.Raw response: ```json
{
  "answer": "yes",
  "justification": "The patient flexes their right arm at the elbow to pick up the tablet and later to use the remote control. This action is visible for multiple frames."
}
```
--------------------------------------------------

Video: D0002@5-29-2014@VA7610ZK@nes_v1_1_segment_5.mp4
Feature: arm_straightening
Attempt: 1
Direct Parsing Failed: Expecting value: line 1 column 1 (char 0)
Attempting to clean response.Raw response: ```json
{
  "answer": "no",
  "justification": "The patient's arms remain bent at the elbows throughout the video, with his hands resting on his chest or abdomen. There is no visible extension of the arms or elbows."
}
```
--------------------------------------------------

Video: D0002@5-29-2014@VA7610ZK@nes_v1_1_segment_5.mp4
Feature: figure4
Attempt: 1
Direct Parsing Failed: Expecting value: line 1 column 1 (char 0)
Attempting to clean response.Raw response: ```json
{
  "answer": "no",
  "justification": "The patient's arms are not in the specified positions; both arms are resting by his sides, not flexed and extended simultaneously."
}
```
--------------------------------------------------

Video: D0002@5-29-2014@VA7610ZK@nes_v1_1_segment_5.mp4
Feature: oral_automatisms
Attempt: 1
Direct Parsing Failed: Expecting value: line 1 column 1 (char 0)
Attempting to clean response.Raw response: ```json
{
  "answer": "no",
  "justification": "The patient's mouth is open and he is speaking, but there are no visible repetitive or stereotyped movements like chewing, lip-smacking, or swallowing."
}
```
--------------------------------------------------

Video: D0002@5-29-2014@VA7610ZK@nes_v1_1_segment_5.mp4
Feature: limb_automatisms
Attempt: 1
Direct Parsing Failed: Expecting value: line 1 column 1 (char 0)
Attempting to clean response.Raw response: ```json
{
  "answer": "no",
  "justification": "The patient's movements are limited to holding and interacting with a tablet and a remote control. There are no observed repetitive, stereotyped limb movements such as fumbling, picking, rubbing, or patting."
}
```
--------------------------------------------------

Video: D0002@5-29-2014@VA7610ZK@nes_v1_1_segment_5.mp4
Feature: face_pulling
Attempt: 1
Direct Parsing Failed: Expecting value: line 1 column 1 (char 0)
Attempting to clean response.Raw response: ```json
{
  "answer": "no",
  "justification": "The patient's facial expressions are consistent with speaking and reacting to the person filming. There are no signs of a sustained, involuntary pulling or twitching on one side of the face."
}
```
--------------------------------------------------

Video: D0002@5-29-2014@VA7610ZK@nes_v1_1_segment_5.mp4
Feature: face_twitching
Attempt: 1
Direct Parsing Failed: Expecting value: line 1 column 1 (char 0)
Attempting to clean response.Raw response: ```json
{
  "answer": "yes",
  "justification": "The patient's facial muscles exhibit slight, involuntary movements, particularly around the mouth and jaw, which are consistent with small twitches."
}
```
--------------------------------------------------

Video: D0002@5-29-2014@VA7610ZK@nes_v1_1_segment_5.mp4
Feature: head_turning
Attempt: 1
Direct Parsing Failed: Expecting value: line 1 column 1 (char 0)
Attempting to clean response.Raw response: ```json
{
  "answer": "no",
  "justification": "The patient's head remains relatively still throughout the video, with only minor, natural movements. There is no visible forceful or stiff rotation to one side."
}
```
--------------------------------------------------

Video: D0002@5-29-2014@VA7610ZK@nes_v1_1_segment_5.mp4
Feature: asynchronous_movement
Attempt: 1
Direct Parsing Failed: Expecting value: line 1 column 1 (char 0)
Attempting to clean response.Raw response: ```json
{
  "answer": "no",
  "justification": "The patient's limbs do not exhibit any noticeable shaking or tremors. Both arms remain relatively still, with only minor, controlled movements for adjusting the tablet and interacting with the remote control. There is no visible difference in frequency or amplitude between the limbs."
}
```
--------------------------------------------------

Video: D0002@5-29-2014@VA7610ZK@nes_v1_1_segment_5.mp4
Feature: pelvic_thrusting
Attempt: 1
Direct Parsing Failed: Expecting value: line 1 column 1 (char 0)
Attempting to clean response.Raw response: ```json
{
  "answer": "no",
  "justification": "The patient's movements are limited to his arms and hands as he interacts with a tablet and a remote control. There is no visible movement of the hips."
}
```
--------------------------------------------------

Video: D0002@5-29-2014@VA7610ZK@nes_v1_1_segment_5.mp4
Feature: arms_move_simultaneously
Attempt: 1
Direct Parsing Failed: Expecting value: line 1 column 1 (char 0)
Attempting to clean response.Raw response: ```json
{
  "answer": "yes",
  "justification": "The patient's arms begin to move at the same time, as he lifts both arms simultaneously to pick up the tablet from his chest."
}
```
--------------------------------------------------

Video: D0002@5-29-2014@VA7610ZK@nes_v1_1_segment_5.mp4
Feature: full_body_shaking
Attempt: 1
Direct Parsing Failed: Expecting value: line 1 column 1 (char 0)
Attempting to clean response.Raw response: ```json
{
  "answer": "no",
  "justification": "The patient's arms and hands are visibly shaking, but there is no visible shaking of the legs or torso."
}
```
--------------------------------------------------

Video: D0002@5-29-2014@VA7610ZK@nes_v1_1_segment_5.mp4
Feature: ictal_vocalization
Attempt: 1
Direct Parsing Failed: Expecting value: line 1 column 1 (char 0)
Attempting to clean response.Raw response: ```json
{
  "answer": "no",
  "justification": "The patient is audibly speaking in full sentences and does not produce any groans, moans, guttural sounds, or repetitive phrases."
}
```
--------------------------------------------------

Video: D0002@5-29-2014@VA7610ZK@nes_v1_1_segment_5.mp4
Feature: verbal_responsiveness
Attempt: 1
Direct Parsing Failed: Expecting value: line 1 column 1 (char 0)
Attempting to clean response.Raw response: ```json
{
  "answer": "yes",
  "justification": "The patient verbally responds to the person speaking to him."
}
```
--------------------------------------------------

Video: D0002@5-29-2014@VA7610ZK@nes_v2_1_segment_1.mp4
Feature: occur_during_sleep
Attempt: 1
Direct Parsing Failed: Expecting value: line 1 column 1 (char 0)
Attempting to clean response.Raw response: ```json
{"answer": "no", "justification": "The patient's eyes are open and he is actively talking throughout the video, indicating he is awake."}
```
--------------------------------------------------

Video: D0002@5-29-2014@VA7610ZK@nes_v2_1_segment_1.mp4
Feature: blank_stare
Attempt: 1
Direct Parsing Failed: Expecting value: line 1 column 1 (char 0)
Attempting to clean response.Raw response: ```json
{
  "answer": "no",
  "justification": "The patient's eyes are open and focused, and his mouth is moving as if he is speaking, indicating he is engaged and not in a blank stare."
}
```
--------------------------------------------------

Video: D0002@5-29-2014@VA7610ZK@nes_v2_1_segment_1.mp4
Feature: close_eyes
Attempt: 1
Direct Parsing Failed: Expecting value: line 1 column 1 (char 0)
Attempting to clean response.Raw response: ```json
{
  "answer": "no",
  "justification": "The patient's eyes are open for the majority of the video, blinking and looking around. They are only closed for a brief moment around the 1:27 mark."
}
```
--------------------------------------------------

Video: D0002@5-29-2014@VA7610ZK@nes_v2_1_segment_1.mp4
Feature: eye_blinking
Attempt: 1
Direct Parsing Failed: Expecting value: line 1 column 1 (char 0)
Attempting to clean response.Raw response: ```json
{
  "answer": "no",
  "justification": "The patient's eyes are open and fixed on the camera for the entire duration of the video, with no visible blinking."
}
```
--------------------------------------------------

Video: D0002@5-29-2014@VA7610ZK@nes_v2_1_segment_1.mp4
Feature: tonic
Attempt: 1
Direct Parsing Failed: Expecting value: line 1 column 1 (char 0)
Attempting to clean response.Raw response: ```json
{"answer": "no", "justification": "The patient does not exhibit sustained stiffness or rigidity in any body part. Instead, they are lying in a reclined position with a relaxed posture, and there is no indication of tonic phase symptoms such as fixed extension or flexion of limbs or head. The patient's movements are limited to normal breathing and slight head adjustments, consistent with a non-tonic state."}
```
--------------------------------------------------

Video: D0002@5-29-2014@VA7610ZK@nes_v2_1_segment_1.mp4
Feature: clonic
Attempt: 1
Direct Parsing Failed: Expecting value: line 1 column 1 (char 0)
Attempting to clean response.Raw response: ```json
{"answer": "no", "justification": "The patient does not exhibit rhythmic, jerking muscle contractions involving the limbs, face, and trunk. The movements observed are not consistent with the description of clonic phase, which involves regular, stereotyped contraction and relaxation of affected body parts."}
```
--------------------------------------------------

Video: D0002@5-29-2014@VA7610ZK@nes_v2_1_segment_1.mp4
Feature: arm_flexion
Attempt: 1
Direct Parsing Failed: Expecting value: line 1 column 1 (char 0)
Attempting to clean response.Raw response: ```json
{"answer": "no", "justification": "The patient's arms remain relatively still throughout the video, with no visible flexing or movement at the elbows."}
```
--------------------------------------------------

Video: D0002@5-29-2014@VA7610ZK@nes_v2_1_segment_1.mp4
Feature: arm_straightening
Attempt: 1
Direct Parsing Failed: Expecting value: line 1 column 1 (char 0)
Attempting to clean response.Raw response: ```json
{"answer": "no", "justification": "The patient's arms remain bent at the elbows throughout the video, with hands resting on the tray table. There is no visible extension or straightening of the arms or elbows for any sustained period."}
```
--------------------------------------------------

Video: D0002@5-29-2014@VA7610ZK@nes_v2_1_segment_1.mp4
Feature: figure4
Attempt: 1
Direct Parsing Failed: Expecting value: line 1 column 1 (char 0)
Attempting to clean response.Raw response: ```json
{
  "answer": "no",
  "justification": "The patient's arms are not in the flexed and extended positions described for a Figure 4 posture. Both arms appear to be resting in a neutral or slightly flexed position on the tray table."
}
```
--------------------------------------------------

Video: D0002@5-29-2014@VA7610ZK@nes_v2_1_segment_1.mp4
Feature: oral_automatisms
Attempt: 1
Direct Parsing Failed: Expecting value: line 1 column 1 (char 0)
Attempting to clean response.Raw response: ```json
{
  "answer": "yes",
  "justification": "The patient's mouth is open and moving in a manner consistent with chewing or swallowing, and there are food particles visible on his chest, indicating he is actively eating."
}
```
--------------------------------------------------

Video: D0002@5-29-2014@VA7610ZK@nes_v2_1_segment_1.mp4
Feature: limb_automatisms
Attempt: 1
Direct Parsing Failed: Expecting value: line 1 column 1 (char 0)
Attempting to clean response.Raw response: ```json
{
  "answer": "no",
  "justification": "The patient's arms are resting on the tray table, and there are no visible repetitive or stereotyped movements of the limbs."
}
```
--------------------------------------------------

Video: D0002@5-29-2014@VA7610ZK@nes_v2_1_segment_1.mp4
Feature: face_pulling
Attempt: 1
Direct Parsing Failed: Expecting value: line 1 column 1 (char 0)
Attempting to clean response.Raw response: ```json
{
  "answer": "no",
  "justification": "The patient's facial expression is relatively neutral and consistent throughout the video. There are no noticeable sustained or unilateral pulling movements of the face, such as one side of the mouth being pulled up or down while the other remains still."
}
```
--------------------------------------------------

Video: D0002@5-29-2014@VA7610ZK@nes_v2_1_segment_1.mp4
Feature: face_twitching
Attempt: 1
Direct Parsing Failed: Expecting value: line 1 column 1 (char 0)
Attempting to clean response.Raw response: ```json
{
  "answer": "yes",
  "justification": "The patient's facial muscles exhibit small, involuntary movements, particularly around the mouth and jaw area, which are consistent with muscle twitches."
}
```
--------------------------------------------------

Video: D0002@5-29-2014@VA7610ZK@nes_v2_1_segment_1.mp4
Feature: head_turning
Attempt: 1
Direct Parsing Failed: Expecting value: line 1 column 1 (char 0)
Attempting to clean response.Raw response: ```json
{
  "answer": "no",
  "justification": "The patient's head is mostly stationary throughout the video, with only minor, natural movements. There is no visible forceful or stiff rotation to one side."
}
```
--------------------------------------------------

Video: D0002@5-29-2014@VA7610ZK@nes_v2_1_segment_1.mp4
Feature: asynchronous_movement
Attempt: 1
Direct Parsing Failed: Expecting value: line 1 column 1 (char 0)
Attempting to clean response.Raw response: ```json
{
  "answer": "no",
  "justification": "The patient's limbs do not exhibit any visible shaking or tremors in the video. The movements observed are limited to the patient's head and torso, which are consistent with normal breathing and speaking motions, not tremors."
}
```
--------------------------------------------------

Video: D0002@5-29-2014@VA7610ZK@nes_v2_1_segment_1.mp4
Feature: pelvic_thrusting
Attempt: 1
Direct Parsing Failed: Expecting value: line 1 column 1 (char 0)
Attempting to clean response.Raw response: ```json
{
  "answer": "no",
  "justification": "The patient is lying in a hospital bed with his upper body propped up. His hips are not visible in the frame, and there is no observable forward-and-backward movement of the hips."
}
```
--------------------------------------------------

Video: D0002@5-29-2014@VA7610ZK@nes_v2_1_segment_1.mp4
Feature: arms_move_simultaneously
Attempt: 1
Direct Parsing Failed: Expecting value: line 1 column 1 (char 0)
Attempting to clean response.Raw response: ```json
{
  "answer": "yes",
  "justification": "The patient's arms are visible in the initial frames, and they remain relatively still throughout the video. There is no noticeable movement of the arms at any point."
}
```
--------------------------------------------------

Video: D0002@5-29-2014@VA7610ZK@nes_v2_1_segment_1.mp4
Feature: full_body_shaking
Attempt: 1
Direct Parsing Failed: Expecting value: line 1 column 1 (char 0)
Attempting to clean response.Raw response: ```json
{
  "answer": "no",
  "justification": "The patient's arms and legs are not visible in the video, so it is impossible to determine if they are shaking. The torso appears to be moving slightly, but this could be due to breathing or other minor movements, not necessarily shaking."
}
```
--------------------------------------------------

Video: D0002@5-29-2014@VA7610ZK@nes_v2_1_segment_1.mp4
Feature: ictal_vocalization
Attempt: 1
Direct Parsing Failed: Expecting value: line 1 column 1 (char 0)
Attempting to clean response.Raw response: ```json
{
  "answer": "no",
  "justification": "The patient is observed speaking in a normal conversational tone, not making any groaning, moaning, guttural sounds, or uttering stereotyped repetitive phrases."
}
```
--------------------------------------------------

Video: D0002@5-29-2014@VA7610ZK@nes_v2_1_segment_1.mp4
Feature: verbal_responsiveness
Attempt: 1
Direct Parsing Failed: Expecting value: line 1 column 1 (char 0)
Attempting to clean response.Raw response: ```json
{
  "answer": "no",
  "justification": "The patient does not respond verbally to the person speaking. Instead, he makes sounds and appears to be struggling to speak, indicating an incoherent verbal response."
}
```
--------------------------------------------------

Video: D0002@5-29-2014@VA7610ZK@nes_v2_1_segment_2.mp4
Feature: occur_during_sleep
Attempt: 1
Direct Parsing Failed: Expecting value: line 1 column 1 (char 0)
Attempting to clean response.Raw response: ```json
{
  "answer": "no",
  "justification": "The patient's eyes are open and he is actively moving his mouth, indicating he is awake and not sleeping."
}
```
--------------------------------------------------

Video: D0002@5-29-2014@VA7610ZK@nes_v2_1_segment_2.mp4
Feature: blank_stare
Attempt: 1
Direct Parsing Failed: Expecting value: line 1 column 1 (char 0)
Attempting to clean response.Raw response: ```json
{
  "answer": "no",
  "justification": "The patient is actively engaged in conversation, looking at the camera and using hand gestures, which indicates he is not in a blank stare state."
}
```
--------------------------------------------------

Video: D0002@5-29-2014@VA7610ZK@nes_v2_1_segment_2.mp4
Feature: close_eyes
Attempt: 1
Direct Parsing Failed: Expecting value: line 1 column 1 (char 0)
Attempting to clean response.Raw response: ```json
{
  "answer": "no",
  "justification": "The patient's eyes are open for the majority of the video, blinking and looking around. They are only closed for a few seconds at a time, for example, around the 0:27 mark and again from 0:35 to 0:38."
}
```
--------------------------------------------------

Video: D0002@5-29-2014@VA7610ZK@nes_v2_1_segment_2.mp4
Feature: eye_blinking
Attempt: 1
Direct Parsing Failed: Expecting value: line 1 column 1 (char 0)
Attempting to clean response.Raw response: ```json
{
  "answer": "no",
  "justification": "The patient's eyes are mostly open and focused, with slow blinks that are consistent with normal eye movement. There is no indication of rapid blinking."
}
```
--------------------------------------------------

Video: D0002@5-29-2014@VA7610ZK@nes_v2_1_segment_2.mp4
Feature: tonic
Attempt: 1
Direct Parsing Failed: Expecting value: line 1 column 1 (char 0)
Attempting to clean response.Raw response: ```json
{"answer": "no", "justification": "The patient does not exhibit sustained stiffness or rigidity in any body part. Instead, they are lying in a relaxed position with minor movements, such as adjusting the remote and wiping their face, indicating normal muscle tone and no tonic phase."}
```
--------------------------------------------------

Video: D0002@5-29-2014@VA7610ZK@nes_v2_1_segment_2.mp4
Feature: clonic
Attempt: 1
Direct Parsing Failed: Expecting value: line 1 column 1 (char 0)
Attempting to clean response.Raw response: ```json
{"answer": "no", "justification": "The patient does not exhibit rhythmic, jerking muscle contractions characteristic of clonic movements. Instead, the observed movements are limited to minor head and facial adjustments, with no evidence of sustained or repetitive muscle contractions in the limbs, face, or trunk."}
```
--------------------------------------------------

Video: D0002@5-29-2014@VA7610ZK@nes_v2_1_segment_2.mp4
Feature: arm_flexion
Attempt: 1
Direct Parsing Failed: Expecting value: line 1 column 1 (char 0)
Attempting to clean response.Raw response: ```json
{
  "answer": "yes",
  "justification": "The patient flexes their right arm at the elbow to wipe their mouth with a tissue, and later uses their left hand to operate the remote control, which involves flexing the arm at the elbow."
}
```
--------------------------------------------------

Video: D0002@5-29-2014@VA7610ZK@nes_v2_1_segment_2.mp4
Feature: arm_straightening
Attempt: 1
Direct Parsing Failed: Expecting value: line 1 column 1 (char 0)
Attempting to clean response.Raw response: ```json
{
  "answer": "no",
  "justification": "The patient's arms remain in a bent position throughout the video, with elbows close to the body. There is no visible extension of the arms or elbows for a sustained period."
}
```
--------------------------------------------------

Video: D0002@5-29-2014@VA7610ZK@nes_v2_1_segment_2.mp4
Feature: figure4
Attempt: 1
Direct Parsing Failed: Expecting value: line 1 column 1 (char 0)
Attempting to clean response.Raw response: ```json
{
  "answer": "no",
  "justification": "The patient's arms are not in the specified positions; both arms are resting on the lap or the bed, not flexed and extended simultaneously."
}
```
--------------------------------------------------

Video: D0002@5-29-2014@VA7610ZK@nes_v2_1_segment_2.mp4
Feature: oral_automatisms
Attempt: 1
Direct Parsing Failed: Expecting value: line 1 column 1 (char 0)
Attempting to clean response.Raw response: ```json
{
  "answer": "yes",
  "justification": "The patient is observed making repetitive chewing motions with his mouth, even when not eating, and also performs lip-smacking actions."
}
```
--------------------------------------------------

Video: D0002@5-29-2014@VA7610ZK@nes_v2_1_segment_2.mp4
Feature: limb_automatisms
Attempt: 1
Direct Parsing Failed: Expecting value: line 1 column 1 (char 0)
Attempting to clean response.Raw response: ```json
{
  "answer": "no",
  "justification": "The patient's hands are resting on the remote control and his chest. There are no visible repetitive or stereotyped movements like fumbling, picking, rubbing, or patting."
}
```
--------------------------------------------------

Video: D0002@5-29-2014@VA7610ZK@nes_v2_1_segment_2.mp4
Feature: face_pulling
Attempt: 1
Direct Parsing Failed: Expecting value: line 1 column 1 (char 0)
Attempting to clean response.Raw response: ```json
{
  "answer": "no",
  "justification": "The patient's facial expressions are consistent with speaking and eating, showing no signs of unilateral sustained face-pulling movements."
}
```
--------------------------------------------------

Video: D0002@5-29-2014@VA7610ZK@nes_v2_1_segment_2.mp4
Feature: face_twitching
Attempt: 1
Direct Parsing Failed: Expecting value: line 1 column 1 (char 0)
Attempting to clean response.Raw response: ```json
{
  "answer": "yes",
  "justification": "The patient's facial muscles exhibit small, involuntary movements, particularly around the mouth and jaw area, which are consistent with muscle twitches."
}
```
--------------------------------------------------

Video: D0002@5-29-2014@VA7610ZK@nes_v2_1_segment_2.mp4
Feature: head_turning
Attempt: 1
Direct Parsing Failed: Expecting value: line 1 column 1 (char 0)
Attempting to clean response.Raw response: ```json
{
  "answer": "no",
  "justification": "The patient's head movements are minimal and appear to be natural, without any signs of force or stiffness."
}
```
--------------------------------------------------

Video: D0002@5-29-2014@VA7610ZK@nes_v2_1_segment_2.mp4
Feature: asynchronous_movement
Attempt: 1
Direct Parsing Failed: Expecting value: line 1 column 1 (char 0)
Attempting to clean response.Raw response: ```json
{
  "answer": "no",
  "justification": "The patient's limbs do not exhibit any visible shaking or tremors in the video. The movements observed are limited to the patient using their hands to wipe their mouth and operate a remote control, which are controlled and deliberate actions, not involuntary shaking."
}
```
--------------------------------------------------

Video: D0002@5-29-2014@VA7610ZK@nes_v2_1_segment_2.mp4
Feature: pelvic_thrusting
Attempt: 1
Direct Parsing Failed: Expecting value: line 1 column 1 (char 0)
Attempting to clean response.Raw response: ```json
{
  "answer": "no",
  "justification": "The patient is lying in a hospital bed and does not exhibit any visible hip movements."
}
```
--------------------------------------------------

Video: D0002@5-29-2014@VA7610ZK@nes_v2_1_segment_2.mp4
Feature: arms_move_simultaneously
Attempt: 1
Direct Parsing Failed: Expecting value: line 1 column 1 (char 0)
Attempting to clean response.Raw response: ```json
{"answer": "yes", "justification": "The patient's arms begin to move at the same time, as seen when he uses his right hand to wipe his mouth and then his left hand to operate the remote control."}
```
--------------------------------------------------

Video: D0002@5-29-2014@VA7610ZK@nes_v2_1_segment_2.mp4
Feature: full_body_shaking
Attempt: 1
Direct Parsing Failed: Expecting value: line 1 column 1 (char 0)
Attempting to clean response.Raw response: ```json
{
  "answer": "no",
  "justification": "The patient's body is mostly still, with only minor movements of the head and hands. There is no visible shaking of the arms, legs, or torso."
}
```
--------------------------------------------------

Video: D0002@5-29-2014@VA7610ZK@nes_v2_1_segment_2.mp4
Feature: ictal_vocalization
Attempt: 1
Direct Parsing Failed: Expecting value: line 1 column 1 (char 0)
Attempting to clean response.Raw response: ```json
{
  "answer": "no",
  "justification": "The patient is audibly speaking in a coherent manner, introducing himself and stating his name and location. There are no sounds of groaning, moaning, guttural noises, or repetitive phrases."
}
```
--------------------------------------------------

Video: D0002@5-29-2014@VA7610ZK@nes_v2_1_segment_2.mp4
Feature: verbal_responsiveness
Attempt: 1
Direct Parsing Failed: Expecting value: line 1 column 1 (char 0)
Attempting to clean response.Raw response: ```json
{
  "answer": "no",
  "justification": "The patient does not respond verbally to any other person in the video. The only speech heard is from the patient himself."
}
```
--------------------------------------------------

Video: D0002@5-29-2014@VA7610ZK@nes_v4_1_segment_1.mp4
Feature: occur_during_sleep
Attempt: 1
Direct Parsing Failed: Expecting value: line 1 column 1 (char 0)
Attempting to clean response.Raw response: ```json
{
  "answer": "no",
  "justification": "The patient's eyes are open and he is actively moving his hands and talking throughout the video, indicating he is awake."
}
```
--------------------------------------------------

Video: D0002@5-29-2014@VA7610ZK@nes_v4_1_segment_1.mp4
Feature: blank_stare
Attempt: 1
Direct Parsing Failed: Expecting value: line 1 column 1 (char 0)
Attempting to clean response.Raw response: ```json
{
  "answer": "no",
  "justification": "The patient is actively talking and gesturing with his hands, indicating he is engaged and not in a blank stare."
}
```
--------------------------------------------------

Video: D0002@5-29-2014@VA7610ZK@nes_v4_1_segment_1.mp4
Feature: close_eyes
Attempt: 1
Direct Parsing Failed: Expecting value: line 1 column 1 (char 0)
Attempting to clean response.Raw response: ```json
{
  "answer": "no",
  "justification": "The patient's eyes are open for significant portions of the video, such as at the beginning and around the 0:15 mark. They are only closed for brief moments, for example, around 0:07-0:10 and 0:30-0:35."
}
```
--------------------------------------------------

Video: D0002@5-29-2014@VA7610ZK@nes_v4_1_segment_1.mp4
Feature: eye_blinking
Attempt: 1
Direct Parsing Failed: Expecting value: line 1 column 1 (char 0)
Attempting to clean response.Raw response: ```json
{
  "answer": "no",
  "justification": "The patient's eyes are mostly closed or looking down throughout the video, and there is no visible rapid blinking."
}
```
--------------------------------------------------

Video: D0002@5-29-2014@VA7610ZK@nes_v4_1_segment_1.mp4
Feature: tonic
Attempt: 1
Direct Parsing Failed: Expecting value: line 1 column 1 (char 0)
Attempting to clean response.Raw response: ```json
{"answer": "no", "justification": "The patient does not exhibit sustained stiffness or rigidity; instead, they are lying in a relaxed position with minimal movement, indicating no tonic phase."}
```
--------------------------------------------------

Video: D0002@5-29-2014@VA7610ZK@nes_v4_1_segment_1.mp4
Feature: clonic
Attempt: 1
Direct Parsing Failed: Expecting value: line 1 column 1 (char 0)
Attempting to clean response.Raw response: ```json
{
  "answer": "yes",
  "justification": "The patient exhibits rhythmic, jerking muscle contractions, particularly noticeable in the arms and hands, which are characteristic of the clonic phase of a seizure."
}
```
--------------------------------------------------

Video: D0002@5-29-2014@VA7610ZK@nes_v4_1_segment_1.mp4
Feature: arm_flexion
Attempt: 1
Direct Parsing Failed: Expecting value: line 1 column 1 (char 0)
Attempting to clean response.Raw response: ```json
{
  "answer": "no",
  "justification": "The patient's arms remain relatively still throughout the video, resting on their chest or abdomen. There is no visible flexing or movement at the elbows."
}
```
--------------------------------------------------

Video: D0002@5-29-2014@VA7610ZK@nes_v4_1_segment_1.mp4
Feature: arm_straightening
Attempt: 1
Direct Parsing Failed: Expecting value: line 1 column 1 (char 0)
Attempting to clean response.Raw response: ```json
{
  "answer": "no",
  "justification": "The patient's arms remain bent at the elbows throughout the video, with his hands clasped together on his chest. There is no visible extension or straightening of the arms or elbows."
}
```
--------------------------------------------------

Video: D0002@5-29-2014@VA7610ZK@nes_v4_1_segment_1.mp4
Feature: figure4
Attempt: 1
Direct Parsing Failed: Expecting value: line 1 column 1 (char 0)
Attempting to clean response.Raw response: ```json
{
  "answer": "no",
  "justification": "The patient's arms are not in the specified positions; both arms are resting on the chest with hands clasped together, not one flexed and one extended."
}
```
--------------------------------------------------

Video: D0002@5-29-2014@VA7610ZK@nes_v4_1_segment_1.mp4
Feature: oral_automatisms
Attempt: 1
Direct Parsing Failed: Expecting value: line 1 column 1 (char 0)
Attempting to clean response.Raw response: ```json
{
  "answer": "yes",
  "justification": "The patient's mouth is frequently open, and his jaw and tongue move in a repetitive manner that is consistent with chewing or lip-smacking. This is not a single, isolated action but a continuous, rhythmic movement pattern."
}
```
--------------------------------------------------

Video: D0002@5-29-2014@VA7610ZK@nes_v4_1_segment_1.mp4
Feature: limb_automatisms
Attempt: 1
Direct Parsing Failed: Expecting value: line 1 column 1 (char 0)
Attempting to clean response.Raw response: ```json
{
  "answer": "yes",
  "justification": "The patient repeatedly rubs and pats his chest and abdomen with both hands, which is a form of repetitive, stereotyped limb movement."
}
```
--------------------------------------------------

