JSON Parsing Error Log
==================================================

Video: T0004@5-27-2015@TA76420E@sz_v1_1_segment_1.mp4
Feature: occur_during_sleep
Attempt: 1
Direct Parsing Failed: Expecting value: line 1 column 1 (char 0)
Attempting to clean response.Raw response: ```json
{
  "answer": "yes",
  "justification": "The patient's eyes are closed and their body is still, indicating they are asleep."
}
```
--------------------------------------------------

Video: T0004@5-27-2015@TA76420E@sz_v1_1_segment_1.mp4
Feature: blank_stare
Attempt: 1
Direct Parsing Failed: Expecting value: line 1 column 1 (char 0)
Attempting to clean response.Raw response: ```json
{
  "answer": "yes",
  "justification": "The patient's eyes are closed, and their facial expression is neutral and unresponsive, which is consistent with a blank stare."
}
```
--------------------------------------------------

Video: T0004@5-27-2015@TA76420E@sz_v1_1_segment_1.mp4
Feature: close_eyes
Attempt: 1
Direct Parsing Failed: Expecting value: line 1 column 1 (char 0)
Attempting to clean response.Raw response: ```json
{
  "answer": "yes",
  "justification": "The patient's eyes are closed for the entire duration of the video, from the beginning to the end."
}
```
--------------------------------------------------

Video: T0004@5-27-2015@TA76420E@sz_v1_1_segment_1.mp4
Feature: eye_blinking
Attempt: 1
Direct Parsing Failed: Expecting value: line 1 column 1 (char 0)
Attempting to clean response.Raw response: ```json
{
  "answer": "no",
  "justification": "The patient's eyes are closed for the entire duration of the video, so there is no blinking to observe."
}
```
--------------------------------------------------

Video: T0004@5-27-2015@TA76420E@sz_v1_1_segment_1.mp4
Feature: tonic
Attempt: 1
Direct Parsing Failed: Expecting value: line 1 column 1 (char 0)
Attempting to clean response.Raw response: ```json
{
  "answer": "no",
  "justification": "The patient is lying in a relaxed posture with no visible signs of sustained muscle stiffness or rigidity. The limbs are not held in a fixed extension or flexion, and there is no indication of head or axial body stiffening."
}
```
--------------------------------------------------

Video: T0004@5-27-2015@TA76420E@sz_v1_1_segment_1.mp4
Feature: clonic
Attempt: 1
Direct Parsing Failed: Expecting value: line 1 column 1 (char 0)
Attempting to clean response.Raw response: ```json
{
  "answer": "yes",
  "justification": "The patient exhibits rhythmic, jerking muscle contractions, particularly noticeable in the hands and arms, which are characteristic of clonic movements. These movements appear as a series of regular, stereotyped contractions and relaxations."
}
```
--------------------------------------------------

Video: T0004@5-27-2015@TA76420E@sz_v1_1_segment_1.mp4
Feature: arm_flexion
Attempt: 1
Direct Parsing Failed: Expecting value: line 1 column 1 (char 0)
Attempting to clean response.Raw response: ```json
{
  "answer": "no",
  "justification": "The patient's arms remain relatively still throughout the video, with no visible flexing at the elbows."
}
```
--------------------------------------------------

Video: T0004@5-27-2015@TA76420E@sz_v1_1_segment_1.mp4
Feature: arm_straightening
Attempt: 1
Direct Parsing Failed: Expecting value: line 1 column 1 (char 0)
Attempting to clean response.Raw response: ```json
{"answer": "no", "justification": "The patient's arms remain in a bent position at the elbows throughout the video, resting on their chest or abdomen. There is no visible extension of the arms or straightening of the elbows for any sustained period."}
```
--------------------------------------------------

Video: T0004@5-27-2015@TA76420E@sz_v1_1_segment_1.mp4
Feature: figure4
Attempt: 1
Direct Parsing Failed: Expecting value: line 1 column 1 (char 0)
Attempting to clean response.Raw response: ```json
{
  "answer": "no",
  "justification": "The patient's arms are not in the specified positions; both arms are resting on the abdomen with the hands clasped together, not one flexed and one extended."
}
```
--------------------------------------------------

Video: T0004@5-27-2015@TA76420E@sz_v1_1_segment_1.mp4
Feature: oral_automatisms
Attempt: 1
Direct Parsing Failed: Expecting value: line 1 column 1 (char 0)
Attempting to clean response.Raw response: ```json
{
  "answer": "no",
  "justification": "The patient's mouth is closed throughout the video, and there are no visible repetitive movements of the mouth, tongue, or jaw that would indicate chewing, lip-smacking, or swallowing."
}
```
--------------------------------------------------

Video: T0004@5-27-2015@TA76420E@sz_v1_1_segment_1.mp4
Feature: limb_automatisms
Attempt: 1
Direct Parsing Failed: Expecting value: line 1 column 1 (char 0)
Attempting to clean response.Raw response: ```json
{
  "answer": "yes",
  "justification": "The patient's hands are frequently seen moving in a repetitive manner, such as fumbling with the blanket and rubbing their hands together, which are characteristic of stereotyped limb movements."
}
```
--------------------------------------------------

Video: T0004@5-27-2015@TA76420E@sz_v1_1_segment_1.mp4
Feature: face_pulling
Attempt: 1
Direct Parsing Failed: Expecting value: line 1 column 1 (char 0)
Attempting to clean response.Raw response: ```json
{
  "answer": "no",
  "justification": "The patient's facial expression remains relatively neutral and calm throughout the video. There are no visible signs of sustained, unilateral face-pulling movements, such as one-sided eyebrow raising or corner of the mouth pulling."
}
```
--------------------------------------------------

Video: T0004@5-27-2015@TA76420E@sz_v1_1_segment_1.mp4
Feature: face_twitching
Attempt: 1
Direct Parsing Failed: Expecting value: line 1 column 1 (char 0)
Attempting to clean response.Raw response: ```json
{
  "answer": "yes",
  "justification": "Yes, there are small muscle twitches observed on the patient's face. Specifically, around the 00:05 mark, the patient's right eye and the corner of their mouth exhibit a brief, subtle twitch."
}
```
--------------------------------------------------

Video: T0004@5-27-2015@TA76420E@sz_v1_1_segment_1.mp4
Feature: head_turning
Attempt: 1
Direct Parsing Failed: Expecting value: line 1 column 1 (char 0)
Attempting to clean response.Raw response: ```json
{
  "answer": "no",
  "justification": "The patient's head remains relatively still throughout the video, with only minor, natural movements. There is no visible forceful or stiff rotation to one side."
}
```
--------------------------------------------------

Video: T0004@5-27-2015@TA76420E@sz_v1_1_segment_1.mp4
Feature: asynchronous_movement
Attempt: 1
Direct Parsing Failed: Expecting value: line 1 column 1 (char 0)
Attempting to clean response.Raw response: ```json
{
  "answer": "no",
  "justification": "The patient's limbs do not exhibit any visible shaking or tremors. The movements observed are slow and deliberate, such as adjusting the blanket, which are not indicative of involuntary shaking with variable frequency or amplitude."
}
```
--------------------------------------------------

Video: T0004@5-27-2015@TA76420E@sz_v1_1_segment_1.mp4
Feature: pelvic_thrusting
Attempt: 1
Direct Parsing Failed: Expecting value: line 1 column 1 (char 0)
Attempting to clean response.Raw response: ```json
{
  "answer": "yes",
  "justification": "The patient's hips and pelvis exhibit a distinct, rhythmic, forward-and-backward rocking motion, which is a form of anteroposterior movement."
}
```
--------------------------------------------------

Video: T0004@5-27-2015@TA76420E@sz_v1_1_segment_1.mp4
Feature: arms_move_simultaneously
Attempt: 1
Direct Parsing Failed: Expecting value: line 1 column 1 (char 0)
Attempting to clean response.Raw response: ```json
{
  "answer": "yes",
  "justification": "The patient's arms begin to move at the same time, as both arms are seen moving together in the same direction starting around the 00:05 mark."
}
```
--------------------------------------------------

Video: T0004@5-27-2015@TA76420E@sz_v1_1_segment_1.mp4
Feature: full_body_shaking
Attempt: 1
Direct Parsing Failed: Expecting value: line 1 column 1 (char 0)
Attempting to clean response.Raw response: ```json
{
  "answer": "no",
  "justification": "The patient's arms and hands are visibly moving, but there is no observable shaking of the legs or torso. The movements are localized to the upper body and hands."
}
```
--------------------------------------------------

Video: T0004@5-27-2015@TA76420E@sz_v1_1_segment_1.mp4
Feature: ictal_vocalization
Attempt: 1
Direct Parsing Failed: Expecting value: line 1 column 1 (char 0)
Attempting to clean response.Raw response: ```json
{
  "answer": "no",
  "justification": "The patient does not make any groaning, moaning, guttural sounds, or utter stereotyped repetitive phrases. The audio contains a television commercial and a baby's cry, but no such vocalizations from the patient are heard."
}
```
--------------------------------------------------

Video: T0004@5-27-2015@TA76420E@sz_v1_1_segment_1.mp4
Feature: verbal_responsiveness
Attempt: 1
Direct Parsing Failed: Expecting value: line 1 column 1 (char 0)
Attempting to clean response.Raw response: ```json
{
  "answer": "no",
  "justification": "The patient does not respond verbally to any spoken input. They remain silent throughout the video, only making non-verbal sounds like sighs and groans."
}
```
--------------------------------------------------

Video: T0004@5-27-2015@VA7632UP@sz_v1_1_segment_1.mp4
Feature: occur_during_sleep
Attempt: 1
Direct Parsing Failed: Expecting value: line 1 column 1 (char 0)
Attempting to clean response.Raw response: ```json
{"answer": "yes", "justification": "The patient's eyes are closed and they are lying still under the covers, indicating they are asleep."}
```
--------------------------------------------------

Video: T0004@5-27-2015@VA7632UP@sz_v1_1_segment_1.mp4
Feature: blank_stare
Attempt: 1
Direct Parsing Failed: Expecting value: line 1 column 1 (char 0)
Attempting to clean response.Raw response: ```json
{"answer": "yes", "justification": "The patient's eyes are open but unfocused, and their facial expression is neutral and unresponsive, indicating a lack of engagement or awareness of their surroundings."}
```
--------------------------------------------------

Video: T0004@5-27-2015@VA7632UP@sz_v1_1_segment_1.mp4
Feature: close_eyes
Attempt: 1
Direct Parsing Failed: Expecting value: line 1 column 1 (char 0)
Attempting to clean response.Raw response: ```json
{
  "answer": "yes",
  "justification": "The patient's eyes are closed for the entire duration of the video, from the beginning to the end."
}
```
--------------------------------------------------

Video: T0004@5-27-2015@VA7632UP@sz_v1_1_segment_1.mp4
Feature: eye_blinking
Attempt: 1
Direct Parsing Failed: Expecting value: line 1 column 1 (char 0)
Attempting to clean response.Raw response: ```json
{"answer": "no", "justification": "The patient's eyes remain closed throughout the video, indicating no blinking activity."}
```
--------------------------------------------------

Video: T0004@5-27-2015@VA7632UP@sz_v1_1_segment_1.mp4
Feature: tonic
Attempt: 1
Direct Parsing Failed: Expecting value: line 1 column 1 (char 0)
Attempting to clean response.Raw response: ```json
{
  "answer": "no",
  "justification": "The patient does not exhibit sustained stiffness or rigidity. Instead, they are lying in a relaxed posture with their arms resting on their abdomen, showing no signs of tonic phase symptoms."
}
```
--------------------------------------------------

Video: T0004@5-27-2015@VA7632UP@sz_v1_1_segment_1.mp4
Feature: clonic
Attempt: 1
Direct Parsing Failed: Expecting value: line 1 column 1 (char 0)
Attempting to clean response.Raw response: ```json
{
  "answer": "yes",
  "justification": "The patient exhibits rhythmic, jerking muscle contractions, particularly noticeable in the limbs and trunk, which are characteristic of clonic movements. These jerks appear to be regular and stereotyped, consistent with the description of a clonic phase."
}
```
--------------------------------------------------

Video: T0004@5-27-2015@VA7632UP@sz_v1_1_segment_1.mp4
Feature: arm_flexion
Attempt: 1
Direct Parsing Failed: Expecting value: line 1 column 1 (char 0)
Attempting to clean response.Raw response: ```json
{
  "answer": "yes",
  "justification": "The patient flexes their arms at the elbows, bringing their hands up towards their chest and abdomen, which is visible for several frames."
}
```
--------------------------------------------------

Video: T0004@5-27-2015@VA7632UP@sz_v1_1_segment_1.mp4
Feature: arm_straightening
Attempt: 1
Direct Parsing Failed: Expecting value: line 1 column 1 (char 0)
Attempting to clean response.Raw response: ```json
{"answer": "no", "justification": "The patient's arms remain in a bent position throughout the video, with no visible extension at the elbow for a sustained period."}
```
--------------------------------------------------

Video: T0004@5-27-2015@VA7632UP@sz_v1_1_segment_1.mp4
Feature: figure4
Attempt: 1
Direct Parsing Failed: Expecting value: line 1 column 1 (char 0)
Attempting to clean response.Raw response: ```json
{
  "answer": "no",
  "justification": "The patient's arms are not in the specified positions; both arms are resting on the abdomen with hands clasped together, not one flexed and one extended."
}
```
--------------------------------------------------

Video: T0004@5-27-2015@VA7632UP@sz_v1_1_segment_1.mp4
Feature: oral_automatisms
Attempt: 1
Direct Parsing Failed: Expecting value: line 1 column 1 (char 0)
Attempting to clean response.Raw response: ```json
{"answer": "no", "justification": "The patient's mouth is closed and there are no visible repetitive movements of the mouth, tongue, or jaw. The patient's hands are resting on the abdomen, and there is no indication of chewing, lip-smacking, or swallowing."}
```
--------------------------------------------------

Video: T0004@5-27-2015@VA7632UP@sz_v1_1_segment_1.mp4
Feature: limb_automatisms
Attempt: 1
Direct Parsing Failed: Expecting value: line 1 column 1 (char 0)
Attempting to clean response.Raw response: ```json
{
  "answer": "yes",
  "justification": "The patient's hands are seen repeatedly moving over their chest and abdomen in a fumbling or patting motion, which is a form of repetitive, stereotyped limb movement."
}
```
--------------------------------------------------

Video: T0004@5-27-2015@VA7632UP@sz_v1_1_segment_1.mp4
Feature: face_pulling
Attempt: 1
Direct Parsing Failed: Expecting value: line 1 column 1 (char 0)
Attempting to clean response.Raw response: ```json
{"answer": "no", "justification": "The patient's facial expression remains relatively neutral and stable throughout the video, with no noticeable sustained pulling or asymmetrical movements on one side of the face."}
```
--------------------------------------------------

Video: T0004@5-27-2015@VA7632UP@sz_v1_1_segment_1.mp4
Feature: face_twitching
Attempt: 1
Direct Parsing Failed: Expecting value: line 1 column 1 (char 0)
Attempting to clean response.Raw response: ```json
{"answer": "yes", "justification": "The patient's facial muscles exhibit small, involuntary movements, particularly around the mouth and jaw area, which are consistent with muscle twitches."}
```
--------------------------------------------------

Video: T0004@5-27-2015@VA7632UP@sz_v1_1_segment_1.mp4
Feature: head_turning
Attempt: 1
Direct Parsing Failed: Expecting value: line 1 column 1 (char 0)
Attempting to clean response.Raw response: ```json
{
  "answer": "no",
  "justification": "The patient's head remains relatively still throughout the video, with only minor movements. There is no visible forceful or stiff rotation to one side."
}
```
--------------------------------------------------

Video: T0004@5-27-2015@VA7632UP@sz_v1_1_segment_1.mp4
Feature: asynchronous_movement
Attempt: 1
Direct Parsing Failed: Expecting value: line 1 column 1 (char 0)
Attempting to clean response.Raw response: ```json
{"answer": "no", "justification": "The patient's limbs do not exhibit shaking with variable frequency or amplitude. The movements observed are slow and deliberate, such as adjusting the blanket and touching the chest, which are consistent with normal post-operative behavior rather than tremors or seizures."}
```
--------------------------------------------------

Video: T0004@5-27-2015@VA7632UP@sz_v1_1_segment_1.mp4
Feature: pelvic_thrusting
Attempt: 1
Direct Parsing Failed: Expecting value: line 1 column 1 (char 0)
Attempting to clean response.Raw response: ```json
{
  "answer": "yes",
  "justification": "The patient's hips and pelvis exhibit a distinct, rhythmic, forward-and-backward rocking motion, which is a form of anteroposterior movement."
}
```
--------------------------------------------------

Video: T0004@5-27-2015@VA7632UP@sz_v1_1_segment_1.mp4
Feature: arms_move_simultaneously
Attempt: 1
Direct Parsing Failed: Expecting value: line 1 column 1 (char 0)
Attempting to clean response.Raw response: ```json
{"answer": "yes", "justification": "The patient's arms begin to move at the same time, as both arms are seen moving together in the same direction at the same time."}
```
--------------------------------------------------

Video: T0004@5-27-2015@VA7632UP@sz_v1_1_segment_1.mp4
Feature: full_body_shaking
Attempt: 1
Direct Parsing Failed: Expecting value: line 1 column 1 (char 0)
Attempting to clean response.Raw response: ```json
{
  "answer": "no",
  "justification": "The patient's body remains relatively still throughout the video. While there is some movement of the arms and hands, there is no visible shaking of the entire body, including the arms, legs, and torso."
}
```
--------------------------------------------------

Video: T0004@5-27-2015@VA7632UP@sz_v1_1_segment_1.mp4
Feature: ictal_vocalization
Attempt: 1
Direct Parsing Failed: Expecting value: line 1 column 1 (char 0)
Attempting to clean response.Raw response: ```json
{"answer": "no", "justification": "The audio contains only the sound of a dog barking, with no human vocalizations such as groaning, moaning, guttural sounds, or repetitive phrases from the patient."}
```
--------------------------------------------------

Video: T0004@5-27-2015@VA7632UP@sz_v1_1_segment_1.mp4
Feature: verbal_responsiveness
Attempt: 1
Direct Parsing Failed: Expecting value: line 1 column 1 (char 0)
Attempting to clean response.Raw response: ```json
{"answer": "no", "justification": "The patient does not respond verbally to any external stimuli, including the person speaking in the audio. They remain silent and do not speak in a coherent manner."}
```
--------------------------------------------------

Video: T0005@9-18-2018@DA0011L4@sz_v1_1_segment_1.mp4
Feature: occur_during_sleep
Attempt: 1
Direct Parsing Failed: Expecting value: line 1 column 1 (char 0)
Attempting to clean response.Raw response: ```json
{"answer": "no", "justification": "The patient's eyes are open and they are looking around the room, indicating they are awake."}
```
--------------------------------------------------

Video: T0005@9-18-2018@DA0011L4@sz_v1_1_segment_1.mp4
Feature: blank_stare
Attempt: 1
Direct Parsing Failed: Expecting value: line 1 column 1 (char 0)
Attempting to clean response.Raw response: ```json
{"answer": "no", "justification": "The patient is seen moving their head, looking around, and interacting with the nurse, indicating awareness and engagement rather than a blank stare."}
```
--------------------------------------------------

Video: T0005@9-18-2018@DA0011L4@sz_v1_1_segment_1.mp4
Feature: close_eyes
Attempt: 1
Direct Parsing Failed: Expecting value: line 1 column 1 (char 0)
Attempting to clean response.Raw response: ```json
{
  "answer": "no",
  "justification": "The patient's eyes are open for the majority of the video, only closing briefly when they are being attended to by the nurse."
}
```
--------------------------------------------------

Video: T0005@9-18-2018@DA0011L4@sz_v1_1_segment_1.mp4
Feature: eye_blinking
Attempt: 1
Direct Parsing Failed: Expecting value: line 1 column 1 (char 0)
Attempting to clean response.Raw response: ```json
{
  "answer": "no",
  "justification": "The patient's eyes are mostly closed or looking down, and there is no visible rapid blinking throughout the video."
}
```
--------------------------------------------------

Video: T0005@9-18-2018@DA0011L4@sz_v1_1_segment_1.mp4
Feature: tonic
Attempt: 1
Direct Parsing Failed: Expecting value: line 1 column 1 (char 0)
Attempting to clean response.Raw response: ```json
{
  "answer": "no",
  "justification": "The patient is lying in a hospital bed, covered with a blanket, and appears to be in a relaxed state. There is no visible sustained stiffness or rigidity in any part of the body, and the patient's movements are slow and controlled, indicating a lack of tonic phase symptoms."
}
```
--------------------------------------------------

Video: T0005@9-18-2018@DA0011L4@sz_v1_1_segment_1.mp4
Feature: clonic
Attempt: 1
Direct Parsing Failed: Expecting value: line 1 column 1 (char 0)
Attempting to clean response.Raw response: ```json
{
  "answer": "no",
  "justification": "The patient exhibits a single, brief, and non-rhythmic movement of the right arm, which does not meet the criteria for clonic phase. Clonic movements are characterized by rhythmic, repetitive, and stereotyped jerking contractions, which are not observed in the patient's actions."
}
```
--------------------------------------------------

Video: T0005@9-18-2018@DA0011L4@sz_v1_1_segment_1.mp4
Feature: arm_flexion
Attempt: 1
Direct Parsing Failed: Expecting value: line 1 column 1 (char 0)
Attempting to clean response.Raw response: ```json
{
  "answer": "yes",
  "justification": "The patient flexes their right arm at the elbow, pulling the sleeve of their shirt up to expose their forearm and wrist, which is where the IV is located. This action occurs between 0:34 and 0:37."
}
```
--------------------------------------------------

Video: T0005@9-18-2018@DA0011L4@sz_v1_1_segment_1.mp4
Feature: arm_straightening
Attempt: 1
Direct Parsing Failed: Expecting value: line 1 column 1 (char 0)
Attempting to clean response.Raw response: ```json
{
  "answer": "yes",
  "justification": "The patient extends their left arm forward and slightly upward from the elbow, holding it in that position for several seconds while a medical professional prepares to administer treatment."
}
```
--------------------------------------------------

Video: T0005@9-18-2018@DA0011L4@sz_v1_1_segment_1.mp4
Feature: figure4
Attempt: 1
Direct Parsing Failed: Expecting value: line 1 column 1 (char 0)
Attempting to clean response.Raw response: ```json
{
  "answer": "no",
  "justification": "The patient's arms are not in the specified positions; one is not flexed while the other is extended."
}
```
--------------------------------------------------

Video: T0005@9-18-2018@DA0011L4@sz_v1_1_segment_1.mp4
Feature: oral_automatisms
Attempt: 1
Direct Parsing Failed: Expecting value: line 1 column 1 (char 0)
Attempting to clean response.Raw response: ```json
{
  "answer": "no",
  "justification": "The patient's mouth is mostly closed, and there are no visible repetitive movements of the jaw, lips, or tongue that would indicate chewing, lip-smacking, or swallowing."
}
```
--------------------------------------------------

Video: T0005@9-18-2018@DA0011L4@sz_v1_1_segment_1.mp4
Feature: limb_automatisms
Attempt: 1
Direct Parsing Failed: Expecting value: line 1 column 1 (char 0)
Attempting to clean response.Raw response: ```json
{
  "answer": "yes",
  "justification": "The patient repeatedly rubs their left arm with their right hand, which is a form of repetitive limb movement."
}
```
--------------------------------------------------

Video: T0005@9-18-2018@DA0011L4@sz_v1_1_segment_1.mp4
Feature: face_pulling
Attempt: 1
Direct Parsing Failed: Expecting value: line 1 column 1 (char 0)
Attempting to clean response.Raw response: ```json
{
  "answer": "no",
  "justification": "The patient's facial expressions are mostly neutral or show slight discomfort, but there are no sustained, unilateral pulling movements of the face observed in the video."
}
```
--------------------------------------------------

Video: T0005@9-18-2018@DA0011L4@sz_v1_1_segment_1.mp4
Feature: face_twitching
Attempt: 1
Direct Parsing Failed: Expecting value: line 1 column 1 (char 0)
Attempting to clean response.Raw response: ```json
{
  "answer": "yes",
  "justification": "The patient's facial muscles exhibit small, involuntary movements, particularly around the mouth and jaw area, which are consistent with muscle twitches."
}
```
--------------------------------------------------

Video: T0005@9-18-2018@DA0011L4@sz_v1_1_segment_1.mp4
Feature: head_turning
Attempt: 1
Direct Parsing Failed: Expecting value: line 1 column 1 (char 0)
Attempting to clean response.Raw response: ```json
{
  "answer": "no",
  "justification": "The patient's head movement is slow and appears to be a natural, gentle turn to one side, not a forced or stiff rotation."
}
```
--------------------------------------------------

Video: T0005@9-18-2018@DA0011L4@sz_v1_1_segment_1.mp4
Feature: asynchronous_movement
Attempt: 1
Direct Parsing Failed: Expecting value: line 1 column 1 (char 0)
Attempting to clean response.Raw response: ```json
{
  "answer": "no",
  "justification": "The patient's limbs do not exhibit shaking with variable frequency or amplitude. The movements observed are slow and deliberate, such as adjusting the blanket and interacting with the visitor, rather than involuntary tremors."
}
```
--------------------------------------------------

Video: T0005@9-18-2018@DA0011L4@sz_v1_1_segment_1.mp4
Feature: pelvic_thrusting
Attempt: 1
Direct Parsing Failed: Expecting value: line 1 column 1 (char 0)
Attempting to clean response.Raw response: ```json
{
  "answer": "no",
  "justification": "The patient is lying in bed and does not exhibit any visible rhythmic, forward-and-backward movements of the hips. The movements observed are limited to minor shifts in position and arm movements."
}
```
--------------------------------------------------

Video: T0005@9-18-2018@DA0011L4@sz_v1_1_segment_1.mp4
Feature: arms_move_simultaneously
Attempt: 1
Direct Parsing Failed: Expecting value: line 1 column 1 (char 0)
Attempting to clean response.Raw response: ```json
{
  "answer": "yes",
  "justification": "The patient's arms begin to move at the same time, as they are both raised together in a coordinated motion."
}
```
--------------------------------------------------

Video: T0005@9-18-2018@DA0011L4@sz_v1_1_segment_1.mp4
Feature: full_body_shaking
Attempt: 1
Direct Parsing Failed: Expecting value: line 1 column 1 (char 0)
Attempting to clean response.Raw response: ```json
{
  "answer": "no",
  "justification": "The patient's body remains relatively still throughout the video. While there is some movement, such as adjusting position and arm movement, there is no visible shaking of the entire body, including the arms, legs, and torso."
}
```
--------------------------------------------------

Video: T0005@9-18-2018@DA0011L4@sz_v1_1_segment_1.mp4
Feature: ictal_vocalization
Attempt: 1
Direct Parsing Failed: Expecting value: line 1 column 1 (char 0)
Attempting to clean response.Raw response: ```json
{
  "answer": "no",
  "justification": "The patient does not make any groaning, moaning, guttural sounds, or utter stereotyped repetitive phrases. They are seen speaking normally to the medical professional who enters the room."
}
```
--------------------------------------------------

Video: T0005@9-18-2018@DA0011L4@sz_v1_1_segment_1.mp4
Feature: verbal_responsiveness
Attempt: 1
Direct Parsing Failed: Expecting value: line 1 column 1 (char 0)
Attempting to clean response.Raw response: ```json
{
  "answer": "yes",
  "justification": "The patient responds verbally to the person who addresses them, saying 'Dad' and 'Yeah'."
}
```
--------------------------------------------------

Video: T0005@9-18-2018@DA0011L4@sz_v1_1_segment_1.mp4
Feature: verbal_responsiveness
Attempt: 1
Error: Failed to parse JSON even after cleaning
Raw response: ```json
{
  "answer": "yes",
  "justification": "The patient responds verbally to the person who addresses them, saying 'Dad' and 'Yeah'."
}
```
--------------------------------------------------

Video: T0005@9-18-2018@DA0011L4@sz_v1_1_segment_1.mp4
Feature: verbal_responsiveness
Attempt: 2
Direct Parsing Failed: Expecting value: line 1 column 1 (char 0)
Attempting to clean response.Raw response: ```json
{
  "answer": "yes",
  "justification": "The patient responds verbally to the person who addresses them, saying 'Dad' and 'Yeah'."
}
```
--------------------------------------------------

Video: T0005@9-18-2018@DA0011L4@sz_v1_1_segment_1.mp4
Feature: verbal_responsiveness
Attempt: 2
Error: Failed to parse JSON even after cleaning
Raw response: ```json
{
  "answer": "yes",
  "justification": "The patient responds verbally to the person who addresses them, saying 'Dad' and 'Yeah'."
}
```
--------------------------------------------------

Video: T0005@9-18-2018@DA0011L4@sz_v1_1_segment_1.mp4
Feature: verbal_responsiveness
Attempt: 3
Direct Parsing Failed: Expecting value: line 1 column 1 (char 0)
Attempting to clean response.Raw response: ```json
{
  "answer": "yes",
  "justification": "The patient responds verbally to the person who addresses them, saying 'Dad' and 'Yeah'."
}
```
--------------------------------------------------

Video: T0005@9-18-2018@DA0011L4@sz_v1_1_segment_1.mp4
Feature: verbal_responsiveness
Attempt: 3
Error: Failed to parse JSON even after cleaning
Raw response: ```json
{
  "answer": "yes",
  "justification": "The patient responds verbally to the person who addresses them, saying 'Dad' and 'Yeah'."
}
```
--------------------------------------------------

Video: T0005@9-18-2018@DA0011L4@sz_v1_1_segment_1.mp4
Feature: verbal_responsiveness
Attempt: 4
Direct Parsing Failed: Expecting value: line 1 column 1 (char 0)
Attempting to clean response.Raw response: ```json
{
  "answer": "yes",
  "justification": "The patient responds verbally to the person who addresses them, saying 'Dad' and 'Yeah'."
}
```
--------------------------------------------------

Video: T0005@9-18-2018@DA0011L4@sz_v1_1_segment_1.mp4
Feature: verbal_responsiveness
Attempt: 4
Error: Failed to parse JSON even after cleaning
Raw response: ```json
{
  "answer": "yes",
  "justification": "The patient responds verbally to the person who addresses them, saying 'Dad' and 'Yeah'."
}
```
--------------------------------------------------

Video: T0005@9-18-2018@DA0011L4@sz_v1_1_segment_1.mp4
Feature: verbal_responsiveness
Attempt: 5
Direct Parsing Failed: Expecting value: line 1 column 1 (char 0)
Attempting to clean response.Raw response: ```json
{
  "answer": "yes",
  "justification": "The patient responds verbally to the person who addresses them, saying 'Dad' and 'Yeah'."
}
```
--------------------------------------------------

Video: T0005@9-18-2018@DA0011L4@sz_v1_1_segment_1.mp4
Feature: verbal_responsiveness
Attempt: 5
Error: Failed to parse JSON even after cleaning
Raw response: ```json
{
  "answer": "yes",
  "justification": "The patient responds verbally to the person who addresses them, saying 'Dad' and 'Yeah'."
}
```
--------------------------------------------------

Video: T0005@9-18-2018@DA0011L4@sz_v1_1_segment_1.mp4
Feature: verbal_responsiveness
Attempt: 6
Direct Parsing Failed: Expecting value: line 1 column 1 (char 0)
Attempting to clean response.Raw response: ```json
{
  "answer": "yes",
  "justification": "The patient responds verbally to the person who addresses them, saying 'Dad' and 'Yeah'."
}
```
--------------------------------------------------

Video: T0005@9-18-2018@DA0011L4@sz_v1_1_segment_1.mp4
Feature: verbal_responsiveness
Attempt: 6
Error: Failed to parse JSON even after cleaning
Raw response: ```json
{
  "answer": "yes",
  "justification": "The patient responds verbally to the person who addresses them, saying 'Dad' and 'Yeah'."
}
```
--------------------------------------------------

Video: T0005@9-18-2018@DA0011L4@sz_v1_1_segment_1.mp4
Feature: verbal_responsiveness
Attempt: 7
Direct Parsing Failed: Expecting value: line 1 column 1 (char 0)
Attempting to clean response.Raw response: ```json
{
  "answer": "yes",
  "justification": "The patient responds verbally to the person who addresses them, saying 'Dad' and 'Yeah'."
}
```
--------------------------------------------------

Video: T0005@9-18-2018@DA0011L4@sz_v1_1_segment_1.mp4
Feature: verbal_responsiveness
Attempt: 7
Error: Failed to parse JSON even after cleaning
Raw response: ```json
{
  "answer": "yes",
  "justification": "The patient responds verbally to the person who addresses them, saying 'Dad' and 'Yeah'."
}
```
--------------------------------------------------

Video: T0005@9-18-2018@DA0011L4@sz_v1_1_segment_1.mp4
Feature: verbal_responsiveness
Attempt: 8
Direct Parsing Failed: Expecting value: line 1 column 1 (char 0)
Attempting to clean response.Raw response: ```json
{
  "answer": "yes",
  "justification": "The patient responds verbally to the person who addresses them, saying 'Dad' and 'Yeah'."
}
```
--------------------------------------------------

Video: T0005@9-18-2018@DA0011L4@sz_v1_1_segment_1.mp4
Feature: verbal_responsiveness
Attempt: 8
Error: Failed to parse JSON even after cleaning
Raw response: ```json
{
  "answer": "yes",
  "justification": "The patient responds verbally to the person who addresses them, saying 'Dad' and 'Yeah'."
}
```
--------------------------------------------------

Video: T0005@9-18-2018@DA0011L4@sz_v1_1_segment_1.mp4
Feature: verbal_responsiveness
Attempt: 9
Direct Parsing Failed: Expecting value: line 1 column 1 (char 0)
Attempting to clean response.Raw response: ```json
{
  "answer": "yes",
  "justification": "The patient responds verbally to the person who addresses them, saying 'Dad' and 'Yeah'."
}
```
--------------------------------------------------

Video: T0005@9-18-2018@DA0011L4@sz_v1_1_segment_1.mp4
Feature: verbal_responsiveness
Attempt: 9
Error: Failed to parse JSON even after cleaning
Raw response: ```json
{
  "answer": "yes",
  "justification": "The patient responds verbally to the person who addresses them, saying 'Dad' and 'Yeah'."
}
```
--------------------------------------------------

Video: T0005@9-18-2018@DA0011L4@sz_v1_1_segment_1.mp4
Feature: verbal_responsiveness
Attempt: 10
Direct Parsing Failed: Expecting value: line 1 column 1 (char 0)
Attempting to clean response.Raw response: ```json
{
  "answer": "yes",
  "justification": "The patient responds verbally to the person who addresses them, saying 'Dad' and 'Yeah'."
}
```
--------------------------------------------------

Video: T0005@9-18-2018@DA0011L4@sz_v1_1_segment_1.mp4
Feature: verbal_responsiveness
Attempt: 10
Error: Failed to parse JSON even after cleaning
Raw response: ```json
{
  "answer": "yes",
  "justification": "The patient responds verbally to the person who addresses them, saying 'Dad' and 'Yeah'."
}
```
--------------------------------------------------

Video: T0005@9-18-2018@DA0011L4@sz_v1_1_segment_2.mp4
Feature: occur_during_sleep
Attempt: 1
Direct Parsing Failed: Expecting value: line 1 column 1 (char 0)
Attempting to clean response.Raw response: ```json
{
  "answer": "no",
  "justification": "The patient's eyes are open and he is moving his arms and hands, indicating he is awake."
}
```
--------------------------------------------------

Video: T0005@9-18-2018@DA0011L4@sz_v1_1_segment_2.mp4
Feature: blank_stare
Attempt: 1
Direct Parsing Failed: Expecting value: line 1 column 1 (char 0)
Attempting to clean response.Raw response: ```json
{
  "answer": "no",
  "justification": "The patient is actively engaged in conversation, looking at the person speaking and responding verbally, which indicates awareness and focus rather than a blank stare."
}
```
--------------------------------------------------

Video: T0005@9-18-2018@DA0011L4@sz_v1_1_segment_2.mp4
Feature: close_eyes
Attempt: 1
Direct Parsing Failed: Expecting value: line 1 column 1 (char 0)
Attempting to clean response.Raw response: ```json
{
  "answer": "no",
  "justification": "The patient's eyes are open for the majority of the video, blinking and occasionally looking around. They are only closed for very brief moments, such as when he appears to be resting or blinking."
}
```
--------------------------------------------------

Video: T0005@9-18-2018@DA0011L4@sz_v1_1_segment_2.mp4
Feature: eye_blinking
Attempt: 1
Direct Parsing Failed: Expecting value: line 1 column 1 (char 0)
Attempting to clean response.Raw response: ```json
{
  "answer": "no",
  "justification": "The patient's eyes are mostly closed or looking down, and there is no visible rapid blinking throughout the video."
}
```
--------------------------------------------------

Video: T0005@9-18-2018@DA0011L4@sz_v1_1_segment_2.mp4
Feature: tonic
Attempt: 1
Direct Parsing Failed: Expecting value: line 1 column 1 (char 0)
Attempting to clean response.Raw response: ```json
{
  "answer": "no",
  "justification": "The patient is lying in a hospital bed with a bandaged head, appearing to be in a state of rest or recovery. There is no visible sustained stiffness or rigidity in any part of the body, and the patient's limbs are not held in fixed extension or flexion postures. The patient's movements are minimal and do not indicate the sudden onset of sustained stiffness characteristic of the tonic phase."
}
```
--------------------------------------------------

Video: T0005@9-18-2018@DA0011L4@sz_v1_1_segment_2.mp4
Feature: clonic
Attempt: 1
Direct Parsing Failed: Expecting value: line 1 column 1 (char 0)
Attempting to clean response.Raw response: ```json
{
  "answer": "yes",
  "justification": "The patient exhibits rhythmic, jerking muscle contractions involving the limbs and trunk, consistent with clonic movements. These jerks are regular and stereotyped, gradually slowing before stopping."
}
```
--------------------------------------------------

Video: T0005@9-18-2018@DA0011L4@sz_v1_1_segment_2.mp4
Feature: arm_flexion
Attempt: 1
Direct Parsing Failed: Expecting value: line 1 column 1 (char 0)
Attempting to clean response.Raw response: ```json
{
  "answer": "yes",
  "justification": "The patient is seen repeatedly bending their arms at the elbows, bringing their hands towards their chest and then extending them back out, which is a clear flexing motion."
}
```
--------------------------------------------------

Video: T0005@9-18-2018@DA0011L4@sz_v1_1_segment_2.mp4
Feature: arm_straightening
Attempt: 1
Direct Parsing Failed: Expecting value: line 1 column 1 (char 0)
Attempting to clean response.Raw response: ```json
{"answer": "no", "justification": "The patient's arms remain bent at the elbows throughout the video, with no visible extension or straightening of the arms or elbows for a sustained period."}
```
--------------------------------------------------

Video: T0005@9-18-2018@DA0011L4@sz_v1_1_segment_2.mp4
Feature: figure4
Attempt: 1
Direct Parsing Failed: Expecting value: line 1 column 1 (char 0)
Attempting to clean response.Raw response: ```json
{
  "answer": "yes",
  "justification": "The patient's right arm is flexed at the elbow, while the left arm is extended along the side of the body, which matches the description of a Figure 4 posture."
}
```
--------------------------------------------------

Video: T0005@9-18-2018@DA0011L4@sz_v1_1_segment_2.mp4
Feature: oral_automatisms
Attempt: 1
Direct Parsing Failed: Expecting value: line 1 column 1 (char 0)
Attempting to clean response.Raw response: ```json
{
  "answer": "no",
  "justification": "The patient's mouth is moving, but the movements are consistent with speaking or talking, not with repetitive, stereotyped actions like chewing, lip-smacking, or swallowing."
}
```
--------------------------------------------------

Video: T0005@9-18-2018@DA0011L4@sz_v1_1_segment_2.mp4
Feature: limb_automatisms
Attempt: 1
Direct Parsing Failed: Expecting value: line 1 column 1 (char 0)
Attempting to clean response.Raw response: ```json
{
  "answer": "yes",
  "justification": "The patient repeatedly moves their right hand and arm in a fumbling or picking motion, as if trying to grasp or manipulate something near their chest or abdomen."
}
```
--------------------------------------------------

Video: T0005@9-18-2018@DA0011L4@sz_v1_1_segment_2.mp4
Feature: face_pulling
Attempt: 1
Direct Parsing Failed: Expecting value: line 1 column 1 (char 0)
Attempting to clean response.Raw response: ```json
{
  "answer": "yes",
  "justification": "The patient's right facial muscles are visibly and consistently contracted, causing the right side of their face to pull inwards and upwards in a sustained manner, which is a clear unilateral facial movement."
}
```
--------------------------------------------------

Video: T0005@9-18-2018@DA0011L4@sz_v1_1_segment_2.mp4
Feature: face_twitching
Attempt: 1
Direct Parsing Failed: Expecting value: line 1 column 1 (char 0)
Attempting to clean response.Raw response: ```json
{
  "answer": "yes",
  "justification": "The patient's facial muscles exhibit small, involuntary movements, particularly around the mouth and jaw area, which are consistent with muscle twitches."
}
```
--------------------------------------------------

Video: T0005@9-18-2018@DA0011L4@sz_v1_1_segment_2.mp4
Feature: head_turning
Attempt: 1
Direct Parsing Failed: Expecting value: line 1 column 1 (char 0)
Attempting to clean response.Raw response: ```json
{
  "answer": "no",
  "justification": "The patient's head movements are slow and deliberate, not abrupt or forced. They appear to be making a conscious effort to turn their head, rather than exhibiting any stiffness or resistance."
}
```
--------------------------------------------------

Video: T0005@9-18-2018@DA0011L4@sz_v1_1_segment_2.mp4
Feature: asynchronous_movement
Attempt: 1
Direct Parsing Failed: Expecting value: line 1 column 1 (char 0)
Attempting to clean response.Raw response: ```json
{
  "answer": "no",
  "justification": "The patient's limbs do not exhibit shaking. The movements observed are slow and deliberate, consistent with the patient adjusting their position or interacting with someone off-camera, rather than exhibiting tremors or involuntary shaking."
}
```
--------------------------------------------------

Video: T0005@9-18-2018@DA0011L4@sz_v1_1_segment_2.mp4
Feature: pelvic_thrusting
Attempt: 1
Direct Parsing Failed: Expecting value: line 1 column 1 (char 0)
Attempting to clean response.Raw response: ```json
{
  "answer": "yes",
  "justification": "The patient's hips and pelvis exhibit a distinct, rhythmic forward-and-backward rocking motion, which is a form of anteroposterior movement."
}
```
--------------------------------------------------

Video: T0005@9-18-2018@DA0011L4@sz_v1_1_segment_2.mp4
Feature: arms_move_simultaneously
Attempt: 1
Direct Parsing Failed: Expecting value: line 1 column 1 (char 0)
Attempting to clean response.Raw response: ```json
{
  "answer": "yes",
  "justification": "The patient's arms begin to move at the same time, as both arms are seen moving simultaneously from the start of the video."
}
```
--------------------------------------------------

Video: T0005@9-18-2018@DA0011L4@sz_v1_1_segment_2.mp4
Feature: full_body_shaking
Attempt: 1
Direct Parsing Failed: Expecting value: line 1 column 1 (char 0)
Attempting to clean response.Raw response: ```json
{
  "answer": "yes",
  "justification": "The patient's entire body, including their arms, legs, and torso, is visibly shaking throughout the video."
}
```
--------------------------------------------------

Video: T0005@9-18-2018@DA0011L4@sz_v1_1_segment_2.mp4
Feature: ictal_vocalization
Attempt: 1
Direct Parsing Failed: Expecting value: line 1 column 1 (char 0)
Attempting to clean response.Raw response: ```json
{
  "answer": "no",
  "justification": "The patient is observed making various facial expressions and hand gestures, but there is no audible sound of groaning, moaning, guttural sounds, or uttering stereotyped repetitive phrases in the audio."
}
```
--------------------------------------------------

