Video: I0002@5-9-2019@DA0012RS@nes_v2_1_pelvic_thrusting.mp4
Prompt Used: 
        This video shows when a patient patient display repetitive, rhythmic, anteroposterior (forward-and-backward) movements of the hips.
        Tell me the exact timestamp (MM:SS) when this symptom first appears.
        Output EXACTLY one timestamp in MM:SS format. No text, no JSON, no code fences.
        Do NOT output 00:00 unless the symptom is clearly begins within the first 0.0–0.9 seconds of the clip..
        
Raw Response: 00:00
--------------------------------------------------
Video: I0002@5-9-2019@DA0012RS@nes_v5_1_pelvic_thrusting.mp4
Prompt Used: 
        This video shows when a patient patient display repetitive, rhythmic, anteroposterior (forward-and-backward) movements of the hips.
        Tell me the exact timestamp (MM:SS) when this symptom first appears.
        Output EXACTLY one timestamp in MM:SS format. No text, no JSON, no code fences.
        Do NOT output 00:00 unless the symptom is clearly begins within the first 0.0–0.9 seconds of the clip..
        
Raw Response: 00:00
--------------------------------------------------
Video: I0002@5-9-2019@DA0012RT@nes_v3_1_pelvic_thrusting.mp4
Prompt Used: 
        This video shows when a patient patient display repetitive, rhythmic, anteroposterior (forward-and-backward) movements of the hips.
        Tell me the exact timestamp (MM:SS) when this symptom first appears.
        Output EXACTLY one timestamp in MM:SS format. No text, no JSON, no code fences.
        Do NOT output 00:00 unless the symptom is clearly begins within the first 0.0–0.9 seconds of the clip..
        
Raw Response: 00:00
--------------------------------------------------
Video: O0003@6-6-2020@DA0014P1@nes_v1_1_pelvic_thrusting.mp4
Prompt Used: 
        This video shows when a patient patient display repetitive, rhythmic, anteroposterior (forward-and-backward) movements of the hips.
        Tell me the exact timestamp (MM:SS) when this symptom first appears.
        Output EXACTLY one timestamp in MM:SS format. No text, no JSON, no code fences.
        Do NOT output 00:00 unless the symptom is clearly begins within the first 0.0–0.9 seconds of the clip..
        
Raw Response: 00:00
--------------------------------------------------
Video: O0003@6-6-2020@DA0014P3@nes_v1_1_pelvic_thrusting.mp4
Prompt Used: 
        This video shows when a patient patient display repetitive, rhythmic, anteroposterior (forward-and-backward) movements of the hips.
        Tell me the exact timestamp (MM:SS) when this symptom first appears.
        Output EXACTLY one timestamp in MM:SS format. No text, no JSON, no code fences.
        Do NOT output 00:00 unless the symptom is clearly begins within the first 0.0–0.9 seconds of the clip..
        
Raw Response: 00:00:00.00
--------------------------------------------------
Video: O0003@6-6-2020@DA0014P5@nes_v1_1_pelvic_thrusting.mp4
Prompt Used: 
        This video shows when a patient patient display repetitive, rhythmic, anteroposterior (forward-and-backward) movements of the hips.
        Tell me the exact timestamp (MM:SS) when this symptom first appears.
        Output EXACTLY one timestamp in MM:SS format. No text, no JSON, no code fences.
        Do NOT output 00:00 unless the symptom is clearly begins within the first 0.0–0.9 seconds of the clip..
        
Raw Response: 00:00
--------------------------------------------------
Video: O0003@6-6-2020@UA66924A@nes_v1_1_pelvic_thrusting.mp4
Prompt Used: 
        This video shows when a patient patient display repetitive, rhythmic, anteroposterior (forward-and-backward) movements of the hips.
        Tell me the exact timestamp (MM:SS) when this symptom first appears.
        Output EXACTLY one timestamp in MM:SS format. No text, no JSON, no code fences.
        Do NOT output 00:00 unless the symptom is clearly begins within the first 0.0–0.9 seconds of the clip..
        
Raw Response: 00:00
--------------------------------------------------
Video: O0003@6-6-2020@UA66924A@nes_v3_1_pelvic_thrusting.mp4
Prompt Used: 
        This video shows when a patient patient display repetitive, rhythmic, anteroposterior (forward-and-backward) movements of the hips.
        Tell me the exact timestamp (MM:SS) when this symptom first appears.
        Output EXACTLY one timestamp in MM:SS format. No text, no JSON, no code fences.
        Do NOT output 00:00 unless the symptom is clearly begins within the first 0.0–0.9 seconds of the clip..
        
Raw Response: 00:00
--------------------------------------------------
Video: R0007@3-7-2016@CA4444H1@nes_v1_1_pelvic_thrusting.mp4
Prompt Used: 
        This video shows when a patient patient display repetitive, rhythmic, anteroposterior (forward-and-backward) movements of the hips.
        Tell me the exact timestamp (MM:SS) when this symptom first appears.
        Output EXACTLY one timestamp in MM:SS format. No text, no JSON, no code fences.
        Do NOT output 00:00 unless the symptom is clearly begins within the first 0.0–0.9 seconds of the clip..
        
Raw Response: 00:00:00.00
--------------------------------------------------
Video: R0007@3-7-2016@CA4444H2@nes_v1_1_pelvic_thrusting.mp4
Prompt Used: 
        This video shows when a patient patient display repetitive, rhythmic, anteroposterior (forward-and-backward) movements of the hips.
        Tell me the exact timestamp (MM:SS) when this symptom first appears.
        Output EXACTLY one timestamp in MM:SS format. No text, no JSON, no code fences.
        Do NOT output 00:00 unless the symptom is clearly begins within the first 0.0–0.9 seconds of the clip..
        
Raw Response: 00:00.00
--------------------------------------------------
Video: R0007@3-7-2016@CA4444HK@nes_v1_1_pelvic_thrusting.mp4
Prompt Used: 
        This video shows when a patient patient display repetitive, rhythmic, anteroposterior (forward-and-backward) movements of the hips.
        Tell me the exact timestamp (MM:SS) when this symptom first appears.
        Output EXACTLY one timestamp in MM:SS format. No text, no JSON, no code fences.
        Do NOT output 00:00 unless the symptom is clearly begins within the first 0.0–0.9 seconds of the clip..
        
Raw Response: 00:00.00
--------------------------------------------------
Video: R0011@9-22-2020@DA00157V@nes_v1_1_pelvic_thrusting.mp4
Prompt Used: 
        This video shows when a patient patient display repetitive, rhythmic, anteroposterior (forward-and-backward) movements of the hips.
        Tell me the exact timestamp (MM:SS) when this symptom first appears.
        Output EXACTLY one timestamp in MM:SS format. No text, no JSON, no code fences.
        Do NOT output 00:00 unless the symptom is clearly begins within the first 0.0–0.9 seconds of the clip..
        
Raw Response: 00:00:00.00
--------------------------------------------------
Video: R0011@9-22-2020@DA001584@nes_v1_2_pelvic_thrusting.mp4
Prompt Used: 
        This video shows when a patient patient display repetitive, rhythmic, anteroposterior (forward-and-backward) movements of the hips.
        Tell me the exact timestamp (MM:SS) when this symptom first appears.
        Output EXACTLY one timestamp in MM:SS format. No text, no JSON, no code fences.
        Do NOT output 00:00 unless the symptom is clearly begins within the first 0.0–0.9 seconds of the clip..
        
Raw Response: 00:00:00.00
--------------------------------------------------
Video: R0011@9-22-2020@DA001584@nes_v1_3_pelvic_thrusting.mp4
Prompt Used: 
        This video shows when a patient patient display repetitive, rhythmic, anteroposterior (forward-and-backward) movements of the hips.
        Tell me the exact timestamp (MM:SS) when this symptom first appears.
        Output EXACTLY one timestamp in MM:SS format. No text, no JSON, no code fences.
        Do NOT output 00:00 unless the symptom is clearly begins within the first 0.0–0.9 seconds of the clip..
        
Raw Response: 00:00:00.00
--------------------------------------------------
Video: R0011@9-22-2020@DA001584@nes_v1_4_pelvic_thrusting.mp4
Prompt Used: 
        This video shows when a patient patient display repetitive, rhythmic, anteroposterior (forward-and-backward) movements of the hips.
        Tell me the exact timestamp (MM:SS) when this symptom first appears.
        Output EXACTLY one timestamp in MM:SS format. No text, no JSON, no code fences.
        Do NOT output 00:00 unless the symptom is clearly begins within the first 0.0–0.9 seconds of the clip..
        
Raw Response: 00:00
--------------------------------------------------
Video: S0007@1-31-2022@KA96014G@nes_v1_1_pelvic_thrusting.mp4
Prompt Used: 
        This video shows when a patient patient display repetitive, rhythmic, anteroposterior (forward-and-backward) movements of the hips.
        Tell me the exact timestamp (MM:SS) when this symptom first appears.
        Output EXACTLY one timestamp in MM:SS format. No text, no JSON, no code fences.
        Do NOT output 00:00 unless the symptom is clearly begins within the first 0.0–0.9 seconds of the clip..
        
Raw Response: 00:00
--------------------------------------------------
Video: T0001@3-21-2022@KA9601DQ@nes_v1_1_pelvic_thrusting.mp4
Prompt Used: 
        This video shows when a patient patient display repetitive, rhythmic, anteroposterior (forward-and-backward) movements of the hips.
        Tell me the exact timestamp (MM:SS) when this symptom first appears.
        Output EXACTLY one timestamp in MM:SS format. No text, no JSON, no code fences.
        Do NOT output 00:00 unless the symptom is clearly begins within the first 0.0–0.9 seconds of the clip..
        
Raw Response: 00:00:00.00
--------------------------------------------------
Video: T0007@10-7-2020@DA00159P@nes_v1_1_pelvic_thrusting.mp4
Prompt Used: 
        This video shows when a patient patient display repetitive, rhythmic, anteroposterior (forward-and-backward) movements of the hips.
        Tell me the exact timestamp (MM:SS) when this symptom first appears.
        Output EXACTLY one timestamp in MM:SS format. No text, no JSON, no code fences.
        Do NOT output 00:00 unless the symptom is clearly begins within the first 0.0–0.9 seconds of the clip..
        
Raw Response: 00:00:00.00
--------------------------------------------------
Video: T0007@10-7-2020@DA00159P@nes_v1_2_pelvic_thrusting.mp4
Prompt Used: 
        This video shows when a patient patient display repetitive, rhythmic, anteroposterior (forward-and-backward) movements of the hips.
        Tell me the exact timestamp (MM:SS) when this symptom first appears.
        Output EXACTLY one timestamp in MM:SS format. No text, no JSON, no code fences.
        Do NOT output 00:00 unless the symptom is clearly begins within the first 0.0–0.9 seconds of the clip..
        
Raw Response: 00:00
--------------------------------------------------
Video: T0007@10-7-2020@DA00159P@nes_v3_1_pelvic_thrusting.mp4
Prompt Used: 
        This video shows when a patient patient display repetitive, rhythmic, anteroposterior (forward-and-backward) movements of the hips.
        Tell me the exact timestamp (MM:SS) when this symptom first appears.
        Output EXACTLY one timestamp in MM:SS format. No text, no JSON, no code fences.
        Do NOT output 00:00 unless the symptom is clearly begins within the first 0.0–0.9 seconds of the clip..
        
Raw Response: 00:00:00.00
--------------------------------------------------
Video: Z0011@10-25-2021@DA1320Q5@sz_v1_1_pelvic_thrusting.mp4
Prompt Used: 
        This video shows when a patient patient display repetitive, rhythmic, anteroposterior (forward-and-backward) movements of the hips.
        Tell me the exact timestamp (MM:SS) when this symptom first appears.
        Output EXACTLY one timestamp in MM:SS format. No text, no JSON, no code fences.
        Do NOT output 00:00 unless the symptom is clearly begins within the first 0.0–0.9 seconds of the clip..
        
Raw Response: 00:00
--------------------------------------------------
Video: A0007@11-21-2017@DA3332M5@sz_v1_1_arms_move_simultaneously.mp4
Prompt Used: 
        This video shows when a patient patient's arms start moving approximately at the same time 
        Tell me the exact timestamp (MM:SS) when this symptom first appears.
        Output EXACTLY one timestamp in MM:SS format. No text, no JSON, no code fences.
        Do NOT output 00:00 unless the symptom is clearly begins within the first 0.0–0.9 seconds of the clip..
        
Raw Response: 00:00.00
--------------------------------------------------
Video: D0002@5-29-2014@TA76406W@nes_v3_1_arms_move_simultaneously.mp4
Prompt Used: 
        This video shows when a patient patient's arms start moving approximately at the same time 
        Tell me the exact timestamp (MM:SS) when this symptom first appears.
        Output EXACTLY one timestamp in MM:SS format. No text, no JSON, no code fences.
        Do NOT output 00:00 unless the symptom is clearly begins within the first 0.0–0.9 seconds of the clip..
        
Raw Response: 00:00
--------------------------------------------------
Video: D0002@5-29-2014@TA76406W@nes_v4_1_arms_move_simultaneously.mp4
Prompt Used: 
        This video shows when a patient patient's arms start moving approximately at the same time 
        Tell me the exact timestamp (MM:SS) when this symptom first appears.
        Output EXACTLY one timestamp in MM:SS format. No text, no JSON, no code fences.
        Do NOT output 00:00 unless the symptom is clearly begins within the first 0.0–0.9 seconds of the clip..
        
Raw Response: 00:00.00
--------------------------------------------------
Video: D0002@5-29-2014@TA76406X@nes_v1_1_arms_move_simultaneously.mp4
Prompt Used: 
        This video shows when a patient patient's arms start moving approximately at the same time 
        Tell me the exact timestamp (MM:SS) when this symptom first appears.
        Output EXACTLY one timestamp in MM:SS format. No text, no JSON, no code fences.
        Do NOT output 00:00 unless the symptom is clearly begins within the first 0.0–0.9 seconds of the clip..
        
Raw Response: 00:00
--------------------------------------------------
Video: D0002@5-29-2014@VA7610ZK@nes_v2_1_arms_move_simultaneously.mp4
Prompt Used: 
        This video shows when a patient patient's arms start moving approximately at the same time 
        Tell me the exact timestamp (MM:SS) when this symptom first appears.
        Output EXACTLY one timestamp in MM:SS format. No text, no JSON, no code fences.
        Do NOT output 00:00 unless the symptom is clearly begins within the first 0.0–0.9 seconds of the clip..
        
Raw Response: 00:00
--------------------------------------------------
Video: D0002@5-29-2014@VA7610ZK@nes_v4_1_arms_move_simultaneously.mp4
Prompt Used: 
        This video shows when a patient patient's arms start moving approximately at the same time 
        Tell me the exact timestamp (MM:SS) when this symptom first appears.
        Output EXACTLY one timestamp in MM:SS format. No text, no JSON, no code fences.
        Do NOT output 00:00 unless the symptom is clearly begins within the first 0.0–0.9 seconds of the clip..
        
Raw Response: 00:00
--------------------------------------------------
Video: D0002@5-29-2014@VA76111G@nes_v1_1_arms_move_simultaneously.mp4
Prompt Used: 
        This video shows when a patient patient's arms start moving approximately at the same time 
        Tell me the exact timestamp (MM:SS) when this symptom first appears.
        Output EXACTLY one timestamp in MM:SS format. No text, no JSON, no code fences.
        Do NOT output 00:00 unless the symptom is clearly begins within the first 0.0–0.9 seconds of the clip..
        
Raw Response: 00:00
--------------------------------------------------
Video: D0003@8-20-2018@DA7021DY@sz_v1_1_arms_move_simultaneously.mp4
Prompt Used: 
        This video shows when a patient patient's arms start moving approximately at the same time 
        Tell me the exact timestamp (MM:SS) when this symptom first appears.
        Output EXACTLY one timestamp in MM:SS format. No text, no JSON, no code fences.
        Do NOT output 00:00 unless the symptom is clearly begins within the first 0.0–0.9 seconds of the clip..
        
Raw Response: 00:38:00
--------------------------------------------------
Video: D0004@12-11-2017@DA00100C@sz_v1_1_arms_move_simultaneously.mp4
Prompt Used: 
        This video shows when a patient patient's arms start moving approximately at the same time 
        Tell me the exact timestamp (MM:SS) when this symptom first appears.
        Output EXACTLY one timestamp in MM:SS format. No text, no JSON, no code fences.
        Do NOT output 00:00 unless the symptom is clearly begins within the first 0.0–0.9 seconds of the clip..
        
Raw Response: 00:00
--------------------------------------------------
Video: E0009@11-23-2020@DA0015I7@sz_v1_1_arms_move_simultaneously.mp4
Prompt Used: 
        This video shows when a patient patient's arms start moving approximately at the same time 
        Tell me the exact timestamp (MM:SS) when this symptom first appears.
        Output EXACTLY one timestamp in MM:SS format. No text, no JSON, no code fences.
        Do NOT output 00:00 unless the symptom is clearly begins within the first 0.0–0.9 seconds of the clip..
        
Raw Response: 00:38.00
--------------------------------------------------
Video: E0009@11-23-2020@DA0015I8@sz_v1_1_arms_move_simultaneously.mp4
Prompt Used: 
        This video shows when a patient patient's arms start moving approximately at the same time 
        Tell me the exact timestamp (MM:SS) when this symptom first appears.
        Output EXACTLY one timestamp in MM:SS format. No text, no JSON, no code fences.
        Do NOT output 00:00 unless the symptom is clearly begins within the first 0.0–0.9 seconds of the clip..
        
Raw Response: 00:00:00.00
--------------------------------------------------
Video: E0009@11-23-2020@DA0015II@sz_v1_1_arms_move_simultaneously.mp4
Prompt Used: 
        This video shows when a patient patient's arms start moving approximately at the same time 
        Tell me the exact timestamp (MM:SS) when this symptom first appears.
        Output EXACTLY one timestamp in MM:SS format. No text, no JSON, no code fences.
        Do NOT output 00:00 unless the symptom is clearly begins within the first 0.0–0.9 seconds of the clip..
        
Raw Response: 00:38.00
--------------------------------------------------
Video: F0001@9-28-2022@KA9602FL@sz_v1_1_arms_move_simultaneously.mp4
Prompt Used: 
        This video shows when a patient patient's arms start moving approximately at the same time 
        Tell me the exact timestamp (MM:SS) when this symptom first appears.
        Output EXACTLY one timestamp in MM:SS format. No text, no JSON, no code fences.
        Do NOT output 00:00 unless the symptom is clearly begins within the first 0.0–0.9 seconds of the clip..
        
Raw Response: 00:18.00
--------------------------------------------------
Video: H0004@2-19-2020@DA00149V@sz_v1_1_arms_move_simultaneously.mp4
Prompt Used: 
        This video shows when a patient patient's arms start moving approximately at the same time 
        Tell me the exact timestamp (MM:SS) when this symptom first appears.
        Output EXACTLY one timestamp in MM:SS format. No text, no JSON, no code fences.
        Do NOT output 00:00 unless the symptom is clearly begins within the first 0.0–0.9 seconds of the clip..
        
Raw Response: 00:00
--------------------------------------------------
Video: I0002@5-9-2019@DA0012RL@nes_v3_1_arms_move_simultaneously.mp4
Prompt Used: 
        This video shows when a patient patient's arms start moving approximately at the same time 
        Tell me the exact timestamp (MM:SS) when this symptom first appears.
        Output EXACTLY one timestamp in MM:SS format. No text, no JSON, no code fences.
        Do NOT output 00:00 unless the symptom is clearly begins within the first 0.0–0.9 seconds of the clip..
        
Raw Response: 00:00
--------------------------------------------------
Video: I0002@5-9-2019@DA0012RS@nes_v1_1_arms_move_simultaneously.mp4
Prompt Used: 
        This video shows when a patient patient's arms start moving approximately at the same time 
        Tell me the exact timestamp (MM:SS) when this symptom first appears.
        Output EXACTLY one timestamp in MM:SS format. No text, no JSON, no code fences.
        Do NOT output 00:00 unless the symptom is clearly begins within the first 0.0–0.9 seconds of the clip..
        
Raw Response: 00:10.00
--------------------------------------------------
Video: I0002@5-9-2019@DA0012RS@nes_v2_1_arms_move_simultaneously.mp4
Prompt Used: 
        This video shows when a patient patient's arms start moving approximately at the same time 
        Tell me the exact timestamp (MM:SS) when this symptom first appears.
        Output EXACTLY one timestamp in MM:SS format. No text, no JSON, no code fences.
        Do NOT output 00:00 unless the symptom is clearly begins within the first 0.0–0.9 seconds of the clip..
        
Raw Response: 00:00
--------------------------------------------------
Video: I0002@5-9-2019@DA0012RS@nes_v4_1_arms_move_simultaneously.mp4
Prompt Used: 
        This video shows when a patient patient's arms start moving approximately at the same time 
        Tell me the exact timestamp (MM:SS) when this symptom first appears.
        Output EXACTLY one timestamp in MM:SS format. No text, no JSON, no code fences.
        Do NOT output 00:00 unless the symptom is clearly begins within the first 0.0–0.9 seconds of the clip..
        
Raw Response: 00:00
--------------------------------------------------
Video: I0002@5-9-2019@DA0012RS@nes_v5_1_arms_move_simultaneously.mp4
Prompt Used: 
        This video shows when a patient patient's arms start moving approximately at the same time 
        Tell me the exact timestamp (MM:SS) when this symptom first appears.
        Output EXACTLY one timestamp in MM:SS format. No text, no JSON, no code fences.
        Do NOT output 00:00 unless the symptom is clearly begins within the first 0.0–0.9 seconds of the clip..
        
Raw Response: 00:00
--------------------------------------------------
Video: I0002@5-9-2019@DA0012RT@nes_v1_1_arms_move_simultaneously.mp4
Prompt Used: 
        This video shows when a patient patient's arms start moving approximately at the same time 
        Tell me the exact timestamp (MM:SS) when this symptom first appears.
        Output EXACTLY one timestamp in MM:SS format. No text, no JSON, no code fences.
        Do NOT output 00:00 unless the symptom is clearly begins within the first 0.0–0.9 seconds of the clip..
        
Raw Response: 00:00
--------------------------------------------------
Video: I0002@5-9-2019@DA0012RT@nes_v2_1_arms_move_simultaneously.mp4
Prompt Used: 
        This video shows when a patient patient's arms start moving approximately at the same time 
        Tell me the exact timestamp (MM:SS) when this symptom first appears.
        Output EXACTLY one timestamp in MM:SS format. No text, no JSON, no code fences.
        Do NOT output 00:00 unless the symptom is clearly begins within the first 0.0–0.9 seconds of the clip..
        
Raw Response: 00:00
--------------------------------------------------
Video: I0002@5-9-2019@DA0012RT@nes_v4_1_arms_move_simultaneously.mp4
Prompt Used: 
        This video shows when a patient patient's arms start moving approximately at the same time 
        Tell me the exact timestamp (MM:SS) when this symptom first appears.
        Output EXACTLY one timestamp in MM:SS format. No text, no JSON, no code fences.
        Do NOT output 00:00 unless the symptom is clearly begins within the first 0.0–0.9 seconds of the clip..
        
Raw Response: 00:24.00
--------------------------------------------------
Video: L0002@1-23-2018@DA00108B@sz_v2_1_arms_move_simultaneously.mp4
Prompt Used: 
        This video shows when a patient patient's arms start moving approximately at the same time 
        Tell me the exact timestamp (MM:SS) when this symptom first appears.
        Output EXACTLY one timestamp in MM:SS format. No text, no JSON, no code fences.
        Do NOT output 00:00 unless the symptom is clearly begins within the first 0.0–0.9 seconds of the clip..
        
Raw Response: 00:38.00
--------------------------------------------------
Video: L0003@10-28-2014@TA7640V1@nes_v2_1_arms_move_simultaneously.mp4
Prompt Used: 
        This video shows when a patient patient's arms start moving approximately at the same time 
        Tell me the exact timestamp (MM:SS) when this symptom first appears.
        Output EXACTLY one timestamp in MM:SS format. No text, no JSON, no code fences.
        Do NOT output 00:00 unless the symptom is clearly begins within the first 0.0–0.9 seconds of the clip..
        
Raw Response: 00:00
--------------------------------------------------
Video: L0003@10-28-2014@TA7640V1@nes_v3_1_arms_move_simultaneously.mp4
Prompt Used: 
        This video shows when a patient patient's arms start moving approximately at the same time 
        Tell me the exact timestamp (MM:SS) when this symptom first appears.
        Output EXACTLY one timestamp in MM:SS format. No text, no JSON, no code fences.
        Do NOT output 00:00 unless the symptom is clearly begins within the first 0.0–0.9 seconds of the clip..
        
Raw Response: 00:00.00
--------------------------------------------------
Video: L0003@10-28-2014@TA7640V7@nes_v1_1_arms_move_simultaneously.mp4
Prompt Used: 
        This video shows when a patient patient's arms start moving approximately at the same time 
        Tell me the exact timestamp (MM:SS) when this symptom first appears.
        Output EXACTLY one timestamp in MM:SS format. No text, no JSON, no code fences.
        Do NOT output 00:00 unless the symptom is clearly begins within the first 0.0–0.9 seconds of the clip..
        
Raw Response: 00:00
--------------------------------------------------
Video: L0003@10-28-2014@TA7640VE@nes_v1_1_arms_move_simultaneously.mp4
Prompt Used: 
        This video shows when a patient patient's arms start moving approximately at the same time 
        Tell me the exact timestamp (MM:SS) when this symptom first appears.
        Output EXACTLY one timestamp in MM:SS format. No text, no JSON, no code fences.
        Do NOT output 00:00 unless the symptom is clearly begins within the first 0.0–0.9 seconds of the clip..
        
Raw Response: 00:00
--------------------------------------------------
Video: N0004@3-29-2022@KA9601GC@sz_v1_1_arms_move_simultaneously.mp4
Prompt Used: 
        This video shows when a patient patient's arms start moving approximately at the same time 
        Tell me the exact timestamp (MM:SS) when this symptom first appears.
        Output EXACTLY one timestamp in MM:SS format. No text, no JSON, no code fences.
        Do NOT output 00:00 unless the symptom is clearly begins within the first 0.0–0.9 seconds of the clip..
        
Raw Response: 00:00
--------------------------------------------------
Video: N0008@2-1-2016@KA333KYH@nes_v1_1_arms_move_simultaneously.mp4
Prompt Used: 
        This video shows when a patient patient's arms start moving approximately at the same time 
        Tell me the exact timestamp (MM:SS) when this symptom first appears.
        Output EXACTLY one timestamp in MM:SS format. No text, no JSON, no code fences.
        Do NOT output 00:00 unless the symptom is clearly begins within the first 0.0–0.9 seconds of the clip..
        
Raw Response: 00:34.00
--------------------------------------------------
Video: N0009@3-5-2021@UA66939Z@nes_v1_1_arms_move_simultaneously.mp4
Prompt Used: 
        This video shows when a patient patient's arms start moving approximately at the same time 
        Tell me the exact timestamp (MM:SS) when this symptom first appears.
        Output EXACTLY one timestamp in MM:SS format. No text, no JSON, no code fences.
        Do NOT output 00:00 unless the symptom is clearly begins within the first 0.0–0.9 seconds of the clip..
        
Raw Response: 00:18.00
--------------------------------------------------
Video: N0011@4-1-2021@DA00161G@sz_v2_1_arms_move_simultaneously.mp4
Prompt Used: 
        This video shows when a patient patient's arms start moving approximately at the same time 
        Tell me the exact timestamp (MM:SS) when this symptom first appears.
        Output EXACTLY one timestamp in MM:SS format. No text, no JSON, no code fences.
        Do NOT output 00:00 unless the symptom is clearly begins within the first 0.0–0.9 seconds of the clip..
        
Raw Response: 00:00
--------------------------------------------------
Video: N0011@4-1-2021@DA00161G@sz_v3_1_arms_move_simultaneously.mp4
Prompt Used: 
        This video shows when a patient patient's arms start moving approximately at the same time 
        Tell me the exact timestamp (MM:SS) when this symptom first appears.
        Output EXACTLY one timestamp in MM:SS format. No text, no JSON, no code fences.
        Do NOT output 00:00 unless the symptom is clearly begins within the first 0.0–0.9 seconds of the clip..
        
Raw Response: 00:10.00
--------------------------------------------------
Video: N0011@4-1-2021@UA6693FA@sz_v1_1_arms_move_simultaneously.mp4
Prompt Used: 
        This video shows when a patient patient's arms start moving approximately at the same time 
        Tell me the exact timestamp (MM:SS) when this symptom first appears.
        Output EXACTLY one timestamp in MM:SS format. No text, no JSON, no code fences.
        Do NOT output 00:00 unless the symptom is clearly begins within the first 0.0–0.9 seconds of the clip..
        
Raw Response: 00:00
--------------------------------------------------
Video: N0012@10-10-2019@DA0013M7@sz_v6_1_arms_move_simultaneously.mp4
Prompt Used: 
        This video shows when a patient patient's arms start moving approximately at the same time 
        Tell me the exact timestamp (MM:SS) when this symptom first appears.
        Output EXACTLY one timestamp in MM:SS format. No text, no JSON, no code fences.
        Do NOT output 00:00 unless the symptom is clearly begins within the first 0.0–0.9 seconds of the clip..
        
Raw Response: 00:38.00
--------------------------------------------------
Video: N0012@10-10-2019@DA0013M7@sz_v7_1_arms_move_simultaneously.mp4
Prompt Used: 
        This video shows when a patient patient's arms start moving approximately at the same time 
        Tell me the exact timestamp (MM:SS) when this symptom first appears.
        Output EXACTLY one timestamp in MM:SS format. No text, no JSON, no code fences.
        Do NOT output 00:00 unless the symptom is clearly begins within the first 0.0–0.9 seconds of the clip..
        
Raw Response: 00:38.00
--------------------------------------------------
Video: N0016@9-1-2022@DA1322GQ@sz_v1_1_arms_move_simultaneously.mp4
Prompt Used: 
        This video shows when a patient patient's arms start moving approximately at the same time 
        Tell me the exact timestamp (MM:SS) when this symptom first appears.
        Output EXACTLY one timestamp in MM:SS format. No text, no JSON, no code fences.
        Do NOT output 00:00 unless the symptom is clearly begins within the first 0.0–0.9 seconds of the clip..
        
Raw Response: 00:00
--------------------------------------------------
Video: O0008@6-21-2022@GA5980K2@sz_v1_1_arms_move_simultaneously.mp4
Prompt Used: 
        This video shows when a patient patient's arms start moving approximately at the same time 
        Tell me the exact timestamp (MM:SS) when this symptom first appears.
        Output EXACTLY one timestamp in MM:SS format. No text, no JSON, no code fences.
        Do NOT output 00:00 unless the symptom is clearly begins within the first 0.0–0.9 seconds of the clip..
        
Raw Response: 00:38.00
--------------------------------------------------
Video: O0008@6-21-2022@KA96022J@sz_v1_1_arms_move_simultaneously.mp4
Prompt Used: 
        This video shows when a patient patient's arms start moving approximately at the same time 
        Tell me the exact timestamp (MM:SS) when this symptom first appears.
        Output EXACTLY one timestamp in MM:SS format. No text, no JSON, no code fences.
        Do NOT output 00:00 unless the symptom is clearly begins within the first 0.0–0.9 seconds of the clip..
        
Raw Response: 00:38.00
--------------------------------------------------
Video: O0011@2-27-2019@DA7022D0@sz_v1_1_arms_move_simultaneously.mp4
Prompt Used: 
        This video shows when a patient patient's arms start moving approximately at the same time 
        Tell me the exact timestamp (MM:SS) when this symptom first appears.
        Output EXACTLY one timestamp in MM:SS format. No text, no JSON, no code fences.
        Do NOT output 00:00 unless the symptom is clearly begins within the first 0.0–0.9 seconds of the clip..
        
Raw Response: 00:38.00
--------------------------------------------------
Video: R0009@8-12-2013@FA16402H@sz_v2_1_arms_move_simultaneously.mp4
Prompt Used: 
        This video shows when a patient patient's arms start moving approximately at the same time 
        Tell me the exact timestamp (MM:SS) when this symptom first appears.
        Output EXACTLY one timestamp in MM:SS format. No text, no JSON, no code fences.
        Do NOT output 00:00 unless the symptom is clearly begins within the first 0.0–0.9 seconds of the clip..
        
Raw Response: 00:18.00
--------------------------------------------------
Video: R0009@8-12-2013@FA16402H@sz_v3_1_arms_move_simultaneously.mp4
Prompt Used: 
        This video shows when a patient patient's arms start moving approximately at the same time 
        Tell me the exact timestamp (MM:SS) when this symptom first appears.
        Output EXACTLY one timestamp in MM:SS format. No text, no JSON, no code fences.
        Do NOT output 00:00 unless the symptom is clearly begins within the first 0.0–0.9 seconds of the clip..
        
Raw Response: 00:38.00
--------------------------------------------------
Video: R0009@8-12-2013@FA16402M@sz_v3_1_arms_move_simultaneously.mp4
Prompt Used: 
        This video shows when a patient patient's arms start moving approximately at the same time 
        Tell me the exact timestamp (MM:SS) when this symptom first appears.
        Output EXACTLY one timestamp in MM:SS format. No text, no JSON, no code fences.
        Do NOT output 00:00 unless the symptom is clearly begins within the first 0.0–0.9 seconds of the clip..
        
Raw Response: 00:38.00
--------------------------------------------------
Video: R0011@9-22-2020@DA00157U@nes_v2_1_arms_move_simultaneously.mp4
Prompt Used: 
        This video shows when a patient patient's arms start moving approximately at the same time 
        Tell me the exact timestamp (MM:SS) when this symptom first appears.
        Output EXACTLY one timestamp in MM:SS format. No text, no JSON, no code fences.
        Do NOT output 00:00 unless the symptom is clearly begins within the first 0.0–0.9 seconds of the clip..
        
Raw Response: 00:00
--------------------------------------------------
Video: R0011@9-22-2020@DA001584@nes_v1_2_arms_move_simultaneously.mp4
Prompt Used: 
        This video shows when a patient patient's arms start moving approximately at the same time 
        Tell me the exact timestamp (MM:SS) when this symptom first appears.
        Output EXACTLY one timestamp in MM:SS format. No text, no JSON, no code fences.
        Do NOT output 00:00 unless the symptom is clearly begins within the first 0.0–0.9 seconds of the clip..
        
Raw Response: 00:00
--------------------------------------------------
Video: R0011@9-22-2020@DA001584@nes_v1_3_arms_move_simultaneously.mp4
Prompt Used: 
        This video shows when a patient patient's arms start moving approximately at the same time 
        Tell me the exact timestamp (MM:SS) when this symptom first appears.
        Output EXACTLY one timestamp in MM:SS format. No text, no JSON, no code fences.
        Do NOT output 00:00 unless the symptom is clearly begins within the first 0.0–0.9 seconds of the clip..
        
Raw Response: 00:00
--------------------------------------------------
Video: R0011@9-22-2020@DA001584@nes_v1_4_arms_move_simultaneously.mp4
Prompt Used: 
        This video shows when a patient patient's arms start moving approximately at the same time 
        Tell me the exact timestamp (MM:SS) when this symptom first appears.
        Output EXACTLY one timestamp in MM:SS format. No text, no JSON, no code fences.
        Do NOT output 00:00 unless the symptom is clearly begins within the first 0.0–0.9 seconds of the clip..
        
Raw Response: 00:00
--------------------------------------------------
Video: R0012@7-8-2019@UA6690J2@nes_v1_1_arms_move_simultaneously.mp4
Prompt Used: 
        This video shows when a patient patient's arms start moving approximately at the same time 
        Tell me the exact timestamp (MM:SS) when this symptom first appears.
        Output EXACTLY one timestamp in MM:SS format. No text, no JSON, no code fences.
        Do NOT output 00:00 unless the symptom is clearly begins within the first 0.0–0.9 seconds of the clip..
        
Raw Response: 00:00.00
--------------------------------------------------
Video: R0012@7-8-2019@UA6690J4@nes_v1_2_arms_move_simultaneously.mp4
Prompt Used: 
        This video shows when a patient patient's arms start moving approximately at the same time 
        Tell me the exact timestamp (MM:SS) when this symptom first appears.
        Output EXACTLY one timestamp in MM:SS format. No text, no JSON, no code fences.
        Do NOT output 00:00 unless the symptom is clearly begins within the first 0.0–0.9 seconds of the clip..
        
Raw Response: 00:00
--------------------------------------------------
Video: R0012@7-8-2019@UA6690J4@nes_v1_4_arms_move_simultaneously.mp4
Prompt Used: 
        This video shows when a patient patient's arms start moving approximately at the same time 
        Tell me the exact timestamp (MM:SS) when this symptom first appears.
        Output EXACTLY one timestamp in MM:SS format. No text, no JSON, no code fences.
        Do NOT output 00:00 unless the symptom is clearly begins within the first 0.0–0.9 seconds of the clip..
        
Raw Response: 00:00
--------------------------------------------------
Video: S0005@3-18-2014@VA7610MM@nes_v1_1_arms_move_simultaneously.mp4
Prompt Used: 
        This video shows when a patient patient's arms start moving approximately at the same time 
        Tell me the exact timestamp (MM:SS) when this symptom first appears.
        Output EXACTLY one timestamp in MM:SS format. No text, no JSON, no code fences.
        Do NOT output 00:00 unless the symptom is clearly begins within the first 0.0–0.9 seconds of the clip..
        
Raw Response: 00:38.00
--------------------------------------------------
Video: S0005@3-18-2014@VA7610MM@nes_v1_2_arms_move_simultaneously.mp4
Prompt Used: 
        This video shows when a patient patient's arms start moving approximately at the same time 
        Tell me the exact timestamp (MM:SS) when this symptom first appears.
        Output EXACTLY one timestamp in MM:SS format. No text, no JSON, no code fences.
        Do NOT output 00:00 unless the symptom is clearly begins within the first 0.0–0.9 seconds of the clip..
        
Raw Response: 00:00.00
--------------------------------------------------
Video: S0005@3-18-2014@VA7610MM@nes_v2_1_arms_move_simultaneously.mp4
Prompt Used: 
        This video shows when a patient patient's arms start moving approximately at the same time 
        Tell me the exact timestamp (MM:SS) when this symptom first appears.
        Output EXACTLY one timestamp in MM:SS format. No text, no JSON, no code fences.
        Do NOT output 00:00 unless the symptom is clearly begins within the first 0.0–0.9 seconds of the clip..
        
Raw Response: 00:14.00
--------------------------------------------------
Video: S0005@3-18-2014@VA7610MM@nes_v5_1_arms_move_simultaneously.mp4
Prompt Used: 
        This video shows when a patient patient's arms start moving approximately at the same time 
        Tell me the exact timestamp (MM:SS) when this symptom first appears.
        Output EXACTLY one timestamp in MM:SS format. No text, no JSON, no code fences.
        Do NOT output 00:00 unless the symptom is clearly begins within the first 0.0–0.9 seconds of the clip..
        
Raw Response: 00:24.00
--------------------------------------------------
Video: S0005@3-18-2014@VA7610MM@nes_v6_1_arms_move_simultaneously.mp4
Prompt Used: 
        This video shows when a patient patient's arms start moving approximately at the same time 
        Tell me the exact timestamp (MM:SS) when this symptom first appears.
        Output EXACTLY one timestamp in MM:SS format. No text, no JSON, no code fences.
        Do NOT output 00:00 unless the symptom is clearly begins within the first 0.0–0.9 seconds of the clip..
        
Raw Response: 00:38.00
--------------------------------------------------
Video: S0005@3-18-2014@VA7610MO@nes_v1_1_arms_move_simultaneously.mp4
Prompt Used: 
        This video shows when a patient patient's arms start moving approximately at the same time 
        Tell me the exact timestamp (MM:SS) when this symptom first appears.
        Output EXACTLY one timestamp in MM:SS format. No text, no JSON, no code fences.
        Do NOT output 00:00 unless the symptom is clearly begins within the first 0.0–0.9 seconds of the clip..
        
Raw Response: 00:00
--------------------------------------------------
Video: S0005@3-18-2014@VA7610MO@nes_v2_1_arms_move_simultaneously.mp4
Prompt Used: 
        This video shows when a patient patient's arms start moving approximately at the same time 
        Tell me the exact timestamp (MM:SS) when this symptom first appears.
        Output EXACTLY one timestamp in MM:SS format. No text, no JSON, no code fences.
        Do NOT output 00:00 unless the symptom is clearly begins within the first 0.0–0.9 seconds of the clip..
        
Raw Response: 00:24.00
--------------------------------------------------
Video: S0005@3-18-2014@VA7610MO@nes_v3_1_arms_move_simultaneously.mp4
Prompt Used: 
        This video shows when a patient patient's arms start moving approximately at the same time 
        Tell me the exact timestamp (MM:SS) when this symptom first appears.
        Output EXACTLY one timestamp in MM:SS format. No text, no JSON, no code fences.
        Do NOT output 00:00 unless the symptom is clearly begins within the first 0.0–0.9 seconds of the clip..
        
Raw Response: 00:24.00
--------------------------------------------------
Video: S0006@11-25-2014@TA7640ZP@nes_v1_1_arms_move_simultaneously.mp4
Prompt Used: 
        This video shows when a patient patient's arms start moving approximately at the same time 
        Tell me the exact timestamp (MM:SS) when this symptom first appears.
        Output EXACTLY one timestamp in MM:SS format. No text, no JSON, no code fences.
        Do NOT output 00:00 unless the symptom is clearly begins within the first 0.0–0.9 seconds of the clip..
        
Raw Response: 00:00
--------------------------------------------------
Video: S0014@11-10-2017@DA3332GP@sz_v1_1_arms_move_simultaneously.mp4
Prompt Used: 
        This video shows when a patient patient's arms start moving approximately at the same time 
        Tell me the exact timestamp (MM:SS) when this symptom first appears.
        Output EXACTLY one timestamp in MM:SS format. No text, no JSON, no code fences.
        Do NOT output 00:00 unless the symptom is clearly begins within the first 0.0–0.9 seconds of the clip..
        
Raw Response: 00:00
--------------------------------------------------
Video: S0017@12-2-2020@DA0015J8@nes_v1_1_arms_move_simultaneously.mp4
Prompt Used: 
        This video shows when a patient patient's arms start moving approximately at the same time 
        Tell me the exact timestamp (MM:SS) when this symptom first appears.
        Output EXACTLY one timestamp in MM:SS format. No text, no JSON, no code fences.
        Do NOT output 00:00 unless the symptom is clearly begins within the first 0.0–0.9 seconds of the clip..
        
Raw Response: 00:00.00
--------------------------------------------------
Video: S0017@12-2-2020@DA0015J8@nes_v1_2_arms_move_simultaneously.mp4
Prompt Used: 
        This video shows when a patient patient's arms start moving approximately at the same time 
        Tell me the exact timestamp (MM:SS) when this symptom first appears.
        Output EXACTLY one timestamp in MM:SS format. No text, no JSON, no code fences.
        Do NOT output 00:00 unless the symptom is clearly begins within the first 0.0–0.9 seconds of the clip..
        
Raw Response: 00:36.00
--------------------------------------------------
Video: T0001@3-21-2022@KA9601DO@nes_v1_1_arms_move_simultaneously.mp4
Prompt Used: 
        This video shows when a patient patient's arms start moving approximately at the same time 
        Tell me the exact timestamp (MM:SS) when this symptom first appears.
        Output EXACTLY one timestamp in MM:SS format. No text, no JSON, no code fences.
        Do NOT output 00:00 unless the symptom is clearly begins within the first 0.0–0.9 seconds of the clip..
        
Raw Response: 00:24.00
--------------------------------------------------
Video: T0003@4-26-2022@KA9601OY@sz_v1_1_arms_move_simultaneously.mp4
Prompt Used: 
        This video shows when a patient patient's arms start moving approximately at the same time 
        Tell me the exact timestamp (MM:SS) when this symptom first appears.
        Output EXACTLY one timestamp in MM:SS format. No text, no JSON, no code fences.
        Do NOT output 00:00 unless the symptom is clearly begins within the first 0.0–0.9 seconds of the clip..
        
Raw Response: 00:18.00
--------------------------------------------------
Video: T0003@4-26-2022@KA9601P2@sz_v1_1_arms_move_simultaneously.mp4
Prompt Used: 
        This video shows when a patient patient's arms start moving approximately at the same time 
        Tell me the exact timestamp (MM:SS) when this symptom first appears.
        Output EXACTLY one timestamp in MM:SS format. No text, no JSON, no code fences.
        Do NOT output 00:00 unless the symptom is clearly begins within the first 0.0–0.9 seconds of the clip..
        
Raw Response: 00:00
--------------------------------------------------
Video: T0003@4-26-2022@KA9601P2@sz_v2_1_arms_move_simultaneously.mp4
Prompt Used: 
        This video shows when a patient patient's arms start moving approximately at the same time 
        Tell me the exact timestamp (MM:SS) when this symptom first appears.
        Output EXACTLY one timestamp in MM:SS format. No text, no JSON, no code fences.
        Do NOT output 00:00 unless the symptom is clearly begins within the first 0.0–0.9 seconds of the clip..
        
Raw Response: 00:00
--------------------------------------------------
Video: U0001@9-12-2016@CA4445HC@sz_v1_1_arms_move_simultaneously.mp4
Prompt Used: 
        This video shows when a patient patient's arms start moving approximately at the same time 
        Tell me the exact timestamp (MM:SS) when this symptom first appears.
        Output EXACTLY one timestamp in MM:SS format. No text, no JSON, no code fences.
        Do NOT output 00:00 unless the symptom is clearly begins within the first 0.0–0.9 seconds of the clip..
        
Raw Response: 00:00
--------------------------------------------------
Video: U0001@9-12-2016@CA4445HC@sz_v2_1_arms_move_simultaneously.mp4
Prompt Used: 
        This video shows when a patient patient's arms start moving approximately at the same time 
        Tell me the exact timestamp (MM:SS) when this symptom first appears.
        Output EXACTLY one timestamp in MM:SS format. No text, no JSON, no code fences.
        Do NOT output 00:00 unless the symptom is clearly begins within the first 0.0–0.9 seconds of the clip..
        
Raw Response: 00:18.00
--------------------------------------------------
Video: Y0003@1-23-2019@DA70225C@nes_v2_1_arms_move_simultaneously.mp4
Prompt Used: 
        This video shows when a patient patient's arms start moving approximately at the same time 
        Tell me the exact timestamp (MM:SS) when this symptom first appears.
        Output EXACTLY one timestamp in MM:SS format. No text, no JSON, no code fences.
        Do NOT output 00:00 unless the symptom is clearly begins within the first 0.0–0.9 seconds of the clip..
        
Raw Response: 00:00
--------------------------------------------------
Video: Z0004@1-28-2019@DA70225W@nes_v1_1_arms_move_simultaneously.mp4
Prompt Used: 
        This video shows when a patient patient's arms start moving approximately at the same time 
        Tell me the exact timestamp (MM:SS) when this symptom first appears.
        Output EXACTLY one timestamp in MM:SS format. No text, no JSON, no code fences.
        Do NOT output 00:00 unless the symptom is clearly begins within the first 0.0–0.9 seconds of the clip..
        
Raw Response: 00:23.00
--------------------------------------------------
Video: I0002@5-9-2019@DA0012RS@nes_v2_1_pelvic_thrusting.mp4
Prompt Used: 
        This video shows when a patient patient display repetitive, rhythmic, anteroposterior (forward-and-backward) movements of the hips.
        Tell me the exact timestamp (MM:SS) when this symptom first appears.
        Return only the JSON format: {"timestamp": "MM:SS"}
        
Raw Response: {"timestamp": "00:44"}
--------------------------------------------------
Video: I0002@5-9-2019@DA0012RS@nes_v5_1_pelvic_thrusting.mp4
Prompt Used: 
        This video shows when a patient patient display repetitive, rhythmic, anteroposterior (forward-and-backward) movements of the hips.
        Tell me the exact timestamp (MM:SS) when this symptom first appears.
        Return only the JSON format: {"timestamp": "MM:SS"}
        
Raw Response: {"timestamp": "00:00"}
--------------------------------------------------
Video: I0002@5-9-2019@DA0012RT@nes_v3_1_pelvic_thrusting.mp4
Prompt Used: 
        This video shows when a patient patient display repetitive, rhythmic, anteroposterior (forward-and-backward) movements of the hips.
        Tell me the exact timestamp (MM:SS) when this symptom first appears.
        Return only the JSON format: {"timestamp": "MM:SS"}
        
Raw Response: {"timestamp": "00:58"}
--------------------------------------------------
Video: O0003@6-6-2020@DA0014P1@nes_v1_1_pelvic_thrusting.mp4
Prompt Used: 
        This video shows when a patient patient display repetitive, rhythmic, anteroposterior (forward-and-backward) movements of the hips.
        Tell me the exact timestamp (MM:SS) when this symptom first appears.
        Return only the JSON format: {"timestamp": "MM:SS"}
        
Raw Response: {"timestamp": "00:48"}
--------------------------------------------------
Video: O0003@6-6-2020@DA0014P3@nes_v1_1_pelvic_thrusting.mp4
Prompt Used: 
        This video shows when a patient patient display repetitive, rhythmic, anteroposterior (forward-and-backward) movements of the hips.
        Tell me the exact timestamp (MM:SS) when this symptom first appears.
        Return only the JSON format: {"timestamp": "MM:SS"}
        
Raw Response: {"timestamp": "00:00"}
--------------------------------------------------
Video: O0003@6-6-2020@DA0014P5@nes_v1_1_pelvic_thrusting.mp4
Prompt Used: 
        This video shows when a patient patient display repetitive, rhythmic, anteroposterior (forward-and-backward) movements of the hips.
        Tell me the exact timestamp (MM:SS) when this symptom first appears.
        Return only the JSON format: {"timestamp": "MM:SS"}
        
Raw Response: {"timestamp": "00:00"}
--------------------------------------------------
Video: O0003@6-6-2020@UA66924A@nes_v1_1_pelvic_thrusting.mp4
Prompt Used: 
        This video shows when a patient patient display repetitive, rhythmic, anteroposterior (forward-and-backward) movements of the hips.
        Tell me the exact timestamp (MM:SS) when this symptom first appears.
        Return only the JSON format: {"timestamp": "MM:SS"}
        
Raw Response: {"timestamp": "00:37"}
--------------------------------------------------
Video: O0003@6-6-2020@UA66924A@nes_v3_1_pelvic_thrusting.mp4
Prompt Used: 
        This video shows when a patient patient display repetitive, rhythmic, anteroposterior (forward-and-backward) movements of the hips.
        Tell me the exact timestamp (MM:SS) when this symptom first appears.
        Return only the JSON format: {"timestamp": "MM:SS"}
        
Raw Response: {"timestamp": "00:37"}
--------------------------------------------------
Video: R0007@3-7-2016@CA4444H1@nes_v1_1_pelvic_thrusting.mp4
Prompt Used: 
        This video shows when a patient patient display repetitive, rhythmic, anteroposterior (forward-and-backward) movements of the hips.
        Tell me the exact timestamp (MM:SS) when this symptom first appears.
        Return only the JSON format: {"timestamp": "MM:SS"}
        
Raw Response: {"timestamp": "00:35"}
--------------------------------------------------
Video: R0007@3-7-2016@CA4444H2@nes_v1_1_pelvic_thrusting.mp4
Prompt Used: 
        This video shows when a patient patient display repetitive, rhythmic, anteroposterior (forward-and-backward) movements of the hips.
        Tell me the exact timestamp (MM:SS) when this symptom first appears.
        Return only the JSON format: {"timestamp": "MM:SS"}
        
Raw Response: {"timestamp": "00:31"}
--------------------------------------------------
Video: R0007@3-7-2016@CA4444HK@nes_v1_1_pelvic_thrusting.mp4
Prompt Used: 
        This video shows when a patient patient display repetitive, rhythmic, anteroposterior (forward-and-backward) movements of the hips.
        Tell me the exact timestamp (MM:SS) when this symptom first appears.
        Return only the JSON format: {"timestamp": "MM:SS"}
        
Raw Response: {"timestamp": "00:39"}
--------------------------------------------------
Video: R0011@9-22-2020@DA00157V@nes_v1_1_pelvic_thrusting.mp4
Prompt Used: 
        This video shows when a patient patient display repetitive, rhythmic, anteroposterior (forward-and-backward) movements of the hips.
        Tell me the exact timestamp (MM:SS) when this symptom first appears.
        Return only the JSON format: {"timestamp": "MM:SS"}
        
Raw Response: {"timestamp": "00:47"}
--------------------------------------------------
Video: R0011@9-22-2020@DA001584@nes_v1_2_pelvic_thrusting.mp4
Prompt Used: 
        This video shows when a patient patient display repetitive, rhythmic, anteroposterior (forward-and-backward) movements of the hips.
        Tell me the exact timestamp (MM:SS) when this symptom first appears.
        Return only the JSON format: {"timestamp": "MM:SS"}
        
Raw Response: {"timestamp": "00:44"}
--------------------------------------------------
Video: R0011@9-22-2020@DA001584@nes_v1_3_pelvic_thrusting.mp4
Prompt Used: 
        This video shows when a patient patient display repetitive, rhythmic, anteroposterior (forward-and-backward) movements of the hips.
        Tell me the exact timestamp (MM:SS) when this symptom first appears.
        Return only the JSON format: {"timestamp": "MM:SS"}
        
Raw Response: {"timestamp": "00:00"}
--------------------------------------------------
Video: R0011@9-22-2020@DA001584@nes_v1_4_pelvic_thrusting.mp4
Prompt Used: 
        This video shows when a patient patient display repetitive, rhythmic, anteroposterior (forward-and-backward) movements of the hips.
        Tell me the exact timestamp (MM:SS) when this symptom first appears.
        Return only the JSON format: {"timestamp": "MM:SS"}
        
Raw Response: {"timestamp": "00:00"}
--------------------------------------------------
Video: S0007@1-31-2022@KA96014G@nes_v1_1_pelvic_thrusting.mp4
Prompt Used: 
        This video shows when a patient patient display repetitive, rhythmic, anteroposterior (forward-and-backward) movements of the hips.
        Tell me the exact timestamp (MM:SS) when this symptom first appears.
        Return only the JSON format: {"timestamp": "MM:SS"}
        
Raw Response: {"timestamp": "00:47"}
--------------------------------------------------
Video: T0001@3-21-2022@KA9601DQ@nes_v1_1_pelvic_thrusting.mp4
Prompt Used: 
        This video shows when a patient patient display repetitive, rhythmic, anteroposterior (forward-and-backward) movements of the hips.
        Tell me the exact timestamp (MM:SS) when this symptom first appears.
        Return only the JSON format: {"timestamp": "MM:SS"}
        
Raw Response: {"timestamp": "00:28"}
--------------------------------------------------
Video: T0007@10-7-2020@DA00159P@nes_v1_1_pelvic_thrusting.mp4
Prompt Used: 
        This video shows when a patient patient display repetitive, rhythmic, anteroposterior (forward-and-backward) movements of the hips.
        Tell me the exact timestamp (MM:SS) when this symptom first appears.
        Return only the JSON format: {"timestamp": "MM:SS"}
        
Raw Response: {"timestamp": "00:00"}
--------------------------------------------------
Video: T0007@10-7-2020@DA00159P@nes_v1_2_pelvic_thrusting.mp4
Prompt Used: 
        This video shows when a patient patient display repetitive, rhythmic, anteroposterior (forward-and-backward) movements of the hips.
        Tell me the exact timestamp (MM:SS) when this symptom first appears.
        Return only the JSON format: {"timestamp": "MM:SS"}
        
Raw Response: {"timestamp": "00:47"}
--------------------------------------------------
Video: T0007@10-7-2020@DA00159P@nes_v3_1_pelvic_thrusting.mp4
Prompt Used: 
        This video shows when a patient patient display repetitive, rhythmic, anteroposterior (forward-and-backward) movements of the hips.
        Tell me the exact timestamp (MM:SS) when this symptom first appears.
        Return only the JSON format: {"timestamp": "MM:SS"}
        
Raw Response: {"timestamp": "00:46"}
--------------------------------------------------
Video: Z0011@10-25-2021@DA1320Q5@sz_v1_1_pelvic_thrusting.mp4
Prompt Used: 
        This video shows when a patient patient display repetitive, rhythmic, anteroposterior (forward-and-backward) movements of the hips.
        Tell me the exact timestamp (MM:SS) when this symptom first appears.
        Return only the JSON format: {"timestamp": "MM:SS"}
        
Raw Response: {"timestamp": "00:00"}
--------------------------------------------------
Video: A0007@11-21-2017@DA3332M5@sz_v1_1_arms_move_simultaneously.mp4
Prompt Used: 
        This video shows when a patient patient's arms start moving approximately at the same time 
        Tell me the exact timestamp (MM:SS) when this symptom first appears.
        Return only the JSON format: {"timestamp": "MM:SS"}
        
Raw Response: {"timestamp": "00:00:00"}
--------------------------------------------------
Video: D0002@5-29-2014@TA76406W@nes_v3_1_arms_move_simultaneously.mp4
Prompt Used: 
        This video shows when a patient patient's arms start moving approximately at the same time 
        Tell me the exact timestamp (MM:SS) when this symptom first appears.
        Return only the JSON format: {"timestamp": "MM:SS"}
        
Raw Response: {"timestamp": "00:00"}
--------------------------------------------------
Video: D0002@5-29-2014@TA76406W@nes_v4_1_arms_move_simultaneously.mp4
Prompt Used: 
        This video shows when a patient patient's arms start moving approximately at the same time 
        Tell me the exact timestamp (MM:SS) when this symptom first appears.
        Return only the JSON format: {"timestamp": "MM:SS"}
        
Raw Response: {"timestamp": "00:00"}
--------------------------------------------------
Video: D0002@5-29-2014@TA76406X@nes_v1_1_arms_move_simultaneously.mp4
Prompt Used: 
        This video shows when a patient patient's arms start moving approximately at the same time 
        Tell me the exact timestamp (MM:SS) when this symptom first appears.
        Return only the JSON format: {"timestamp": "MM:SS"}
        
Raw Response: {"timestamp": "00:00:27"}
--------------------------------------------------
Video: D0002@5-29-2014@VA7610ZK@nes_v2_1_arms_move_simultaneously.mp4
Prompt Used: 
        This video shows when a patient patient's arms start moving approximately at the same time 
        Tell me the exact timestamp (MM:SS) when this symptom first appears.
        Return only the JSON format: {"timestamp": "MM:SS"}
        
Raw Response: {"timestamp": "00:52"}
--------------------------------------------------
Video: D0002@5-29-2014@VA7610ZK@nes_v4_1_arms_move_simultaneously.mp4
Prompt Used: 
        This video shows when a patient patient's arms start moving approximately at the same time 
        Tell me the exact timestamp (MM:SS) when this symptom first appears.
        Return only the JSON format: {"timestamp": "MM:SS"}
        
Raw Response: {"timestamp": "00:00:31"}
--------------------------------------------------
Video: D0002@5-29-2014@VA76111G@nes_v1_1_arms_move_simultaneously.mp4
Prompt Used: 
        This video shows when a patient patient's arms start moving approximately at the same time 
        Tell me the exact timestamp (MM:SS) when this symptom first appears.
        Return only the JSON format: {"timestamp": "MM:SS"}
        
Raw Response: {"timestamp": "00:00"}
--------------------------------------------------
Video: D0003@8-20-2018@DA7021DY@sz_v1_1_arms_move_simultaneously.mp4
Prompt Used: 
        This video shows when a patient patient's arms start moving approximately at the same time 
        Tell me the exact timestamp (MM:SS) when this symptom first appears.
        Return only the JSON format: {"timestamp": "MM:SS"}
        
Raw Response: {"timestamp": "00:26"}
--------------------------------------------------
Video: D0004@12-11-2017@DA00100C@sz_v1_1_arms_move_simultaneously.mp4
Prompt Used: 
        This video shows when a patient patient's arms start moving approximately at the same time 
        Tell me the exact timestamp (MM:SS) when this symptom first appears.
        Return only the JSON format: {"timestamp": "MM:SS"}
        
Raw Response: {"timestamp": "00:48"}
--------------------------------------------------
Video: E0009@11-23-2020@DA0015I7@sz_v1_1_arms_move_simultaneously.mp4
Prompt Used: 
        This video shows when a patient patient's arms start moving approximately at the same time 
        Tell me the exact timestamp (MM:SS) when this symptom first appears.
        Return only the JSON format: {"timestamp": "MM:SS"}
        
Raw Response: {"timestamp": "00:38"}
--------------------------------------------------
Video: E0009@11-23-2020@DA0015I8@sz_v1_1_arms_move_simultaneously.mp4
Prompt Used: 
        This video shows when a patient patient's arms start moving approximately at the same time 
        Tell me the exact timestamp (MM:SS) when this symptom first appears.
        Return only the JSON format: {"timestamp": "MM:SS"}
        
Raw Response: {"timestamp": "00:27"}
--------------------------------------------------
Video: E0009@11-23-2020@DA0015II@sz_v1_1_arms_move_simultaneously.mp4
Prompt Used: 
        This video shows when a patient patient's arms start moving approximately at the same time 
        Tell me the exact timestamp (MM:SS) when this symptom first appears.
        Return only the JSON format: {"timestamp": "MM:SS"}
        
Raw Response: {"timestamp": "00:41"}
--------------------------------------------------
Video: F0001@9-28-2022@KA9602FL@sz_v1_1_arms_move_simultaneously.mp4
Prompt Used: 
        This video shows when a patient patient's arms start moving approximately at the same time 
        Tell me the exact timestamp (MM:SS) when this symptom first appears.
        Return only the JSON format: {"timestamp": "MM:SS"}
        
Raw Response: {"timestamp": "00:00:00"}
--------------------------------------------------
Video: H0004@2-19-2020@DA00149V@sz_v1_1_arms_move_simultaneously.mp4
Prompt Used: 
        This video shows when a patient patient's arms start moving approximately at the same time 
        Tell me the exact timestamp (MM:SS) when this symptom first appears.
        Return only the JSON format: {"timestamp": "MM:SS"}
        
Raw Response: {"timestamp": "00:37"}
--------------------------------------------------
Video: I0002@5-9-2019@DA0012RL@nes_v3_1_arms_move_simultaneously.mp4
Prompt Used: 
        This video shows when a patient patient's arms start moving approximately at the same time 
        Tell me the exact timestamp (MM:SS) when this symptom first appears.
        Return only the JSON format: {"timestamp": "MM:SS"}
        
Raw Response: {"timestamp": "00:27"}
--------------------------------------------------
Video: I0002@5-9-2019@DA0012RS@nes_v1_1_arms_move_simultaneously.mp4
Prompt Used: 
        This video shows when a patient patient's arms start moving approximately at the same time 
        Tell me the exact timestamp (MM:SS) when this symptom first appears.
        Return only the JSON format: {"timestamp": "MM:SS"}
        
Raw Response: {"timestamp": "00:35"}
--------------------------------------------------
Video: I0002@5-9-2019@DA0012RS@nes_v2_1_arms_move_simultaneously.mp4
Prompt Used: 
        This video shows when a patient patient's arms start moving approximately at the same time 
        Tell me the exact timestamp (MM:SS) when this symptom first appears.
        Return only the JSON format: {"timestamp": "MM:SS"}
        
Raw Response: {"timestamp": "00:45"}
--------------------------------------------------
Video: I0002@5-9-2019@DA0012RS@nes_v4_1_arms_move_simultaneously.mp4
Prompt Used: 
        This video shows when a patient patient's arms start moving approximately at the same time 
        Tell me the exact timestamp (MM:SS) when this symptom first appears.
        Return only the JSON format: {"timestamp": "MM:SS"}
        
Raw Response: {"timestamp": "00:00"}
--------------------------------------------------
Video: I0002@5-9-2019@DA0012RS@nes_v5_1_arms_move_simultaneously.mp4
Prompt Used: 
        This video shows when a patient patient's arms start moving approximately at the same time 
        Tell me the exact timestamp (MM:SS) when this symptom first appears.
        Return only the JSON format: {"timestamp": "MM:SS"}
        
Raw Response: {"timestamp": "00:00:00"}
--------------------------------------------------
Video: I0002@5-9-2019@DA0012RT@nes_v1_1_arms_move_simultaneously.mp4
Prompt Used: 
        This video shows when a patient patient's arms start moving approximately at the same time 
        Tell me the exact timestamp (MM:SS) when this symptom first appears.
        Return only the JSON format: {"timestamp": "MM:SS"}
        
Raw Response: {"timestamp": "00:28"}
--------------------------------------------------
Video: I0002@5-9-2019@DA0012RT@nes_v2_1_arms_move_simultaneously.mp4
Prompt Used: 
        This video shows when a patient patient's arms start moving approximately at the same time 
        Tell me the exact timestamp (MM:SS) when this symptom first appears.
        Return only the JSON format: {"timestamp": "MM:SS"}
        
Raw Response: {"timestamp": "00:43"}
--------------------------------------------------
Video: I0002@5-9-2019@DA0012RT@nes_v4_1_arms_move_simultaneously.mp4
Prompt Used: 
        This video shows when a patient patient's arms start moving approximately at the same time 
        Tell me the exact timestamp (MM:SS) when this symptom first appears.
        Return only the JSON format: {"timestamp": "MM:SS"}
        
Raw Response: {"timestamp": "00:00:00"}
--------------------------------------------------
Video: L0002@1-23-2018@DA00108B@sz_v2_1_arms_move_simultaneously.mp4
Prompt Used: 
        This video shows when a patient patient's arms start moving approximately at the same time 
        Tell me the exact timestamp (MM:SS) when this symptom first appears.
        Return only the JSON format: {"timestamp": "MM:SS"}
        
Raw Response: {"timestamp": "00:00:30"}
--------------------------------------------------
Video: L0003@10-28-2014@TA7640V1@nes_v2_1_arms_move_simultaneously.mp4
Prompt Used: 
        This video shows when a patient patient's arms start moving approximately at the same time 
        Tell me the exact timestamp (MM:SS) when this symptom first appears.
        Return only the JSON format: {"timestamp": "MM:SS"}
        
Raw Response: {"timestamp": "00:00"}
--------------------------------------------------
Video: L0003@10-28-2014@TA7640V1@nes_v3_1_arms_move_simultaneously.mp4
Prompt Used: 
        This video shows when a patient patient's arms start moving approximately at the same time 
        Tell me the exact timestamp (MM:SS) when this symptom first appears.
        Return only the JSON format: {"timestamp": "MM:SS"}
        
Raw Response: {"timestamp": "00:00"}
--------------------------------------------------
Video: L0003@10-28-2014@TA7640V7@nes_v1_1_arms_move_simultaneously.mp4
Prompt Used: 
        This video shows when a patient patient's arms start moving approximately at the same time 
        Tell me the exact timestamp (MM:SS) when this symptom first appears.
        Return only the JSON format: {"timestamp": "MM:SS"}
        
Raw Response: {"timestamp": "00:00:30"}
--------------------------------------------------
Video: L0003@10-28-2014@TA7640VE@nes_v1_1_arms_move_simultaneously.mp4
Prompt Used: 
        This video shows when a patient patient's arms start moving approximately at the same time 
        Tell me the exact timestamp (MM:SS) when this symptom first appears.
        Return only the JSON format: {"timestamp": "MM:SS"}
        
Raw Response: {"timestamp": "00:00:00"}
--------------------------------------------------
Video: N0004@3-29-2022@KA9601GC@sz_v1_1_arms_move_simultaneously.mp4
Prompt Used: 
        This video shows when a patient patient's arms start moving approximately at the same time 
        Tell me the exact timestamp (MM:SS) when this symptom first appears.
        Return only the JSON format: {"timestamp": "MM:SS"}
        
Raw Response: {"timestamp": "00:45"}
--------------------------------------------------
Video: N0008@2-1-2016@KA333KYH@nes_v1_1_arms_move_simultaneously.mp4
Prompt Used: 
        This video shows when a patient patient's arms start moving approximately at the same time 
        Tell me the exact timestamp (MM:SS) when this symptom first appears.
        Return only the JSON format: {"timestamp": "MM:SS"}
        
Raw Response: {"timestamp": "00:32"}
--------------------------------------------------
Video: N0009@3-5-2021@UA66939Z@nes_v1_1_arms_move_simultaneously.mp4
Prompt Used: 
        This video shows when a patient patient's arms start moving approximately at the same time 
        Tell me the exact timestamp (MM:SS) when this symptom first appears.
        Return only the JSON format: {"timestamp": "MM:SS"}
        
Raw Response: {"timestamp": "00:00:00"}
--------------------------------------------------
Video: N0011@4-1-2021@DA00161G@sz_v2_1_arms_move_simultaneously.mp4
Prompt Used: 
        This video shows when a patient patient's arms start moving approximately at the same time 
        Tell me the exact timestamp (MM:SS) when this symptom first appears.
        Return only the JSON format: {"timestamp": "MM:SS"}
        
Raw Response: {"timestamp": "00:00:00"}
--------------------------------------------------
Video: N0011@4-1-2021@DA00161G@sz_v3_1_arms_move_simultaneously.mp4
Prompt Used: 
        This video shows when a patient patient's arms start moving approximately at the same time 
        Tell me the exact timestamp (MM:SS) when this symptom first appears.
        Return only the JSON format: {"timestamp": "MM:SS"}
        
Raw Response: {"timestamp": "00:10"}
--------------------------------------------------
Video: N0011@4-1-2021@UA6693FA@sz_v1_1_arms_move_simultaneously.mp4
Prompt Used: 
        This video shows when a patient patient's arms start moving approximately at the same time 
        Tell me the exact timestamp (MM:SS) when this symptom first appears.
        Return only the JSON format: {"timestamp": "MM:SS"}
        
Raw Response: {"timestamp": "00:48"}
--------------------------------------------------
Video: N0012@10-10-2019@DA0013M7@sz_v6_1_arms_move_simultaneously.mp4
Prompt Used: 
        This video shows when a patient patient's arms start moving approximately at the same time 
        Tell me the exact timestamp (MM:SS) when this symptom first appears.
        Return only the JSON format: {"timestamp": "MM:SS"}
        
Raw Response: {"timestamp": "00:30"}
--------------------------------------------------
Video: N0012@10-10-2019@DA0013M7@sz_v7_1_arms_move_simultaneously.mp4
Prompt Used: 
        This video shows when a patient patient's arms start moving approximately at the same time 
        Tell me the exact timestamp (MM:SS) when this symptom first appears.
        Return only the JSON format: {"timestamp": "MM:SS"}
        
Raw Response: {"timestamp": "00:29"}
--------------------------------------------------
Video: N0016@9-1-2022@DA1322GQ@sz_v1_1_arms_move_simultaneously.mp4
Prompt Used: 
        This video shows when a patient patient's arms start moving approximately at the same time 
        Tell me the exact timestamp (MM:SS) when this symptom first appears.
        Return only the JSON format: {"timestamp": "MM:SS"}
        
Raw Response: {"timestamp": "00:00:00"}
--------------------------------------------------
Video: O0008@6-21-2022@GA5980K2@sz_v1_1_arms_move_simultaneously.mp4
Prompt Used: 
        This video shows when a patient patient's arms start moving approximately at the same time 
        Tell me the exact timestamp (MM:SS) when this symptom first appears.
        Return only the JSON format: {"timestamp": "MM:SS"}
        
Raw Response: {"timestamp": "00:26"}
--------------------------------------------------
Video: O0008@6-21-2022@KA96022J@sz_v1_1_arms_move_simultaneously.mp4
Prompt Used: 
        This video shows when a patient patient's arms start moving approximately at the same time 
        Tell me the exact timestamp (MM:SS) when this symptom first appears.
        Return only the JSON format: {"timestamp": "MM:SS"}
        
Raw Response: {"timestamp": "00:33"}
--------------------------------------------------
Video: O0011@2-27-2019@DA7022D0@sz_v1_1_arms_move_simultaneously.mp4
Prompt Used: 
        This video shows when a patient patient's arms start moving approximately at the same time 
        Tell me the exact timestamp (MM:SS) when this symptom first appears.
        Return only the JSON format: {"timestamp": "MM:SS"}
        
Raw Response: {"timestamp": "00:30"}
--------------------------------------------------
Video: R0009@8-12-2013@FA16402H@sz_v2_1_arms_move_simultaneously.mp4
Prompt Used: 
        This video shows when a patient patient's arms start moving approximately at the same time 
        Tell me the exact timestamp (MM:SS) when this symptom first appears.
        Return only the JSON format: {"timestamp": "MM:SS"}
        
Raw Response: {"timestamp": "00:35"}
--------------------------------------------------
Video: R0009@8-12-2013@FA16402H@sz_v3_1_arms_move_simultaneously.mp4
Prompt Used: 
        This video shows when a patient patient's arms start moving approximately at the same time 
        Tell me the exact timestamp (MM:SS) when this symptom first appears.
        Return only the JSON format: {"timestamp": "MM:SS"}
        
Raw Response: {"timestamp": "00:27"}
--------------------------------------------------
Video: R0009@8-12-2013@FA16402M@sz_v3_1_arms_move_simultaneously.mp4
Prompt Used: 
        This video shows when a patient patient's arms start moving approximately at the same time 
        Tell me the exact timestamp (MM:SS) when this symptom first appears.
        Return only the JSON format: {"timestamp": "MM:SS"}
        
Raw Response: {"timestamp": "00:00:30"}
--------------------------------------------------
Video: R0011@9-22-2020@DA00157U@nes_v2_1_arms_move_simultaneously.mp4
Prompt Used: 
        This video shows when a patient patient's arms start moving approximately at the same time 
        Tell me the exact timestamp (MM:SS) when this symptom first appears.
        Return only the JSON format: {"timestamp": "MM:SS"}
        
Raw Response: {"timestamp": "00:00"}
--------------------------------------------------
Video: R0011@9-22-2020@DA001584@nes_v1_2_arms_move_simultaneously.mp4
Prompt Used: 
        This video shows when a patient patient's arms start moving approximately at the same time 
        Tell me the exact timestamp (MM:SS) when this symptom first appears.
        Return only the JSON format: {"timestamp": "MM:SS"}
        
Raw Response: {"timestamp": "00:24"}
--------------------------------------------------
Video: R0011@9-22-2020@DA001584@nes_v1_3_arms_move_simultaneously.mp4
Prompt Used: 
        This video shows when a patient patient's arms start moving approximately at the same time 
        Tell me the exact timestamp (MM:SS) when this symptom first appears.
        Return only the JSON format: {"timestamp": "MM:SS"}
        
Raw Response: {"timestamp": "00:00"}
--------------------------------------------------
Video: R0011@9-22-2020@DA001584@nes_v1_4_arms_move_simultaneously.mp4
Prompt Used: 
        This video shows when a patient patient's arms start moving approximately at the same time 
        Tell me the exact timestamp (MM:SS) when this symptom first appears.
        Return only the JSON format: {"timestamp": "MM:SS"}
        
Raw Response: {"timestamp": "00:00:00"}
--------------------------------------------------
Video: R0012@7-8-2019@UA6690J2@nes_v1_1_arms_move_simultaneously.mp4
Prompt Used: 
        This video shows when a patient patient's arms start moving approximately at the same time 
        Tell me the exact timestamp (MM:SS) when this symptom first appears.
        Return only the JSON format: {"timestamp": "MM:SS"}
        
Raw Response: {"timestamp": "00:24"}
--------------------------------------------------
Video: R0012@7-8-2019@UA6690J4@nes_v1_2_arms_move_simultaneously.mp4
Prompt Used: 
        This video shows when a patient patient's arms start moving approximately at the same time 
        Tell me the exact timestamp (MM:SS) when this symptom first appears.
        Return only the JSON format: {"timestamp": "MM:SS"}
        
Raw Response: {"timestamp": "00:00:00"}
--------------------------------------------------
Video: R0012@7-8-2019@UA6690J4@nes_v1_4_arms_move_simultaneously.mp4
Prompt Used: 
        This video shows when a patient patient's arms start moving approximately at the same time 
        Tell me the exact timestamp (MM:SS) when this symptom first appears.
        Return only the JSON format: {"timestamp": "MM:SS"}
        
Raw Response: {"timestamp": "00:00"}
--------------------------------------------------
Video: S0005@3-18-2014@VA7610MM@nes_v1_1_arms_move_simultaneously.mp4
Prompt Used: 
        This video shows when a patient patient's arms start moving approximately at the same time 
        Tell me the exact timestamp (MM:SS) when this symptom first appears.
        Return only the JSON format: {"timestamp": "MM:SS"}
        
Raw Response: {"timestamp": "00:28"}
--------------------------------------------------
Video: S0005@3-18-2014@VA7610MM@nes_v1_2_arms_move_simultaneously.mp4
Prompt Used: 
        This video shows when a patient patient's arms start moving approximately at the same time 
        Tell me the exact timestamp (MM:SS) when this symptom first appears.
        Return only the JSON format: {"timestamp": "MM:SS"}
        
Raw Response: {"timestamp": "00:30"}
--------------------------------------------------
Video: S0005@3-18-2014@VA7610MM@nes_v2_1_arms_move_simultaneously.mp4
Prompt Used: 
        This video shows when a patient patient's arms start moving approximately at the same time 
        Tell me the exact timestamp (MM:SS) when this symptom first appears.
        Return only the JSON format: {"timestamp": "MM:SS"}
        
Raw Response: {"timestamp": "00:00:10"}
--------------------------------------------------
Video: S0005@3-18-2014@VA7610MM@nes_v5_1_arms_move_simultaneously.mp4
Prompt Used: 
        This video shows when a patient patient's arms start moving approximately at the same time 
        Tell me the exact timestamp (MM:SS) when this symptom first appears.
        Return only the JSON format: {"timestamp": "MM:SS"}
        
Raw Response: {"timestamp": "00:20"}
--------------------------------------------------
Video: S0005@3-18-2014@VA7610MM@nes_v6_1_arms_move_simultaneously.mp4
Prompt Used: 
        This video shows when a patient patient's arms start moving approximately at the same time 
        Tell me the exact timestamp (MM:SS) when this symptom first appears.
        Return only the JSON format: {"timestamp": "MM:SS"}
        
Raw Response: {"timestamp": "00:29"}
--------------------------------------------------
Video: S0005@3-18-2014@VA7610MO@nes_v1_1_arms_move_simultaneously.mp4
Prompt Used: 
        This video shows when a patient patient's arms start moving approximately at the same time 
        Tell me the exact timestamp (MM:SS) when this symptom first appears.
        Return only the JSON format: {"timestamp": "MM:SS"}
        
Raw Response: {"timestamp": "00:00"}
--------------------------------------------------
Video: S0005@3-18-2014@VA7610MO@nes_v2_1_arms_move_simultaneously.mp4
Prompt Used: 
        This video shows when a patient patient's arms start moving approximately at the same time 
        Tell me the exact timestamp (MM:SS) when this symptom first appears.
        Return only the JSON format: {"timestamp": "MM:SS"}
        
Raw Response: {"timestamp": "00:00:24"}
--------------------------------------------------
Video: S0005@3-18-2014@VA7610MO@nes_v3_1_arms_move_simultaneously.mp4
Prompt Used: 
        This video shows when a patient patient's arms start moving approximately at the same time 
        Tell me the exact timestamp (MM:SS) when this symptom first appears.
        Return only the JSON format: {"timestamp": "MM:SS"}
        
Raw Response: {"timestamp": "00:15"}
--------------------------------------------------
Video: S0006@11-25-2014@TA7640ZP@nes_v1_1_arms_move_simultaneously.mp4
Prompt Used: 
        This video shows when a patient patient's arms start moving approximately at the same time 
        Tell me the exact timestamp (MM:SS) when this symptom first appears.
        Return only the JSON format: {"timestamp": "MM:SS"}
        
Raw Response: {"timestamp": "00:00"}
--------------------------------------------------
Video: S0014@11-10-2017@DA3332GP@sz_v1_1_arms_move_simultaneously.mp4
Prompt Used: 
        This video shows when a patient patient's arms start moving approximately at the same time 
        Tell me the exact timestamp (MM:SS) when this symptom first appears.
        Return only the JSON format: {"timestamp": "MM:SS"}
        
Raw Response: {"timestamp": "00:31"}
--------------------------------------------------
Video: S0017@12-2-2020@DA0015J8@nes_v1_1_arms_move_simultaneously.mp4
Prompt Used: 
        This video shows when a patient patient's arms start moving approximately at the same time 
        Tell me the exact timestamp (MM:SS) when this symptom first appears.
        Return only the JSON format: {"timestamp": "MM:SS"}
        
Raw Response: {"timestamp": "00:00:00"}
--------------------------------------------------
Video: S0017@12-2-2020@DA0015J8@nes_v1_2_arms_move_simultaneously.mp4
Prompt Used: 
        This video shows when a patient patient's arms start moving approximately at the same time 
        Tell me the exact timestamp (MM:SS) when this symptom first appears.
        Return only the JSON format: {"timestamp": "MM:SS"}
        
Raw Response: {"timestamp": "00:19"}
--------------------------------------------------
Video: T0001@3-21-2022@KA9601DO@nes_v1_1_arms_move_simultaneously.mp4
Prompt Used: 
        This video shows when a patient patient's arms start moving approximately at the same time 
        Tell me the exact timestamp (MM:SS) when this symptom first appears.
        Return only the JSON format: {"timestamp": "MM:SS"}
        
Raw Response: {"timestamp": "00:27"}
--------------------------------------------------
Video: T0003@4-26-2022@KA9601OY@sz_v1_1_arms_move_simultaneously.mp4
Prompt Used: 
        This video shows when a patient patient's arms start moving approximately at the same time 
        Tell me the exact timestamp (MM:SS) when this symptom first appears.
        Return only the JSON format: {"timestamp": "MM:SS"}
        
Raw Response: {"timestamp": "00:30"}
--------------------------------------------------
Video: T0003@4-26-2022@KA9601P2@sz_v1_1_arms_move_simultaneously.mp4
Prompt Used: 
        This video shows when a patient patient's arms start moving approximately at the same time 
        Tell me the exact timestamp (MM:SS) when this symptom first appears.
        Return only the JSON format: {"timestamp": "MM:SS"}
        
Raw Response: {"timestamp": "00:37"}
--------------------------------------------------
Video: T0003@4-26-2022@KA9601P2@sz_v2_1_arms_move_simultaneously.mp4
Prompt Used: 
        This video shows when a patient patient's arms start moving approximately at the same time 
        Tell me the exact timestamp (MM:SS) when this symptom first appears.
        Return only the JSON format: {"timestamp": "MM:SS"}
        
Raw Response: {"timestamp": "00:00:00"}
--------------------------------------------------
Video: U0001@9-12-2016@CA4445HC@sz_v1_1_arms_move_simultaneously.mp4
Prompt Used: 
        This video shows when a patient patient's arms start moving approximately at the same time 
        Tell me the exact timestamp (MM:SS) when this symptom first appears.
        Return only the JSON format: {"timestamp": "MM:SS"}
        
Raw Response: {"timestamp": "00:00:00"}
--------------------------------------------------
Video: U0001@9-12-2016@CA4445HC@sz_v2_1_arms_move_simultaneously.mp4
Prompt Used: 
        This video shows when a patient patient's arms start moving approximately at the same time 
        Tell me the exact timestamp (MM:SS) when this symptom first appears.
        Return only the JSON format: {"timestamp": "MM:SS"}
        
Raw Response: {"timestamp": "00:00:07"}
--------------------------------------------------
Video: Y0003@1-23-2019@DA70225C@nes_v2_1_arms_move_simultaneously.mp4
Prompt Used: 
        This video shows when a patient patient's arms start moving approximately at the same time 
        Tell me the exact timestamp (MM:SS) when this symptom first appears.
        Return only the JSON format: {"timestamp": "MM:SS"}
        
Raw Response: {"timestamp": "00:44"}
--------------------------------------------------
Video: Z0004@1-28-2019@DA70225W@nes_v1_1_arms_move_simultaneously.mp4
Prompt Used: 
        This video shows when a patient patient's arms start moving approximately at the same time 
        Tell me the exact timestamp (MM:SS) when this symptom first appears.
        Return only the JSON format: {"timestamp": "MM:SS"}
        
Raw Response: {"timestamp": "00:27"}
--------------------------------------------------
