O0009@8-8-2022@DA1322BE@sz_v1_1.mp4,
,"ES",
,"{"description": "The patient exhibits sudden, unprovoked movements including thrashing and convulsions while lying on the hospital bed. The episode appears to be spontaneous without an identifiable trigger such as hyperventilation or suggestion. The patient's behavior is consistent with a loss of control and altered consciousness typical during a seizure.", "answer": "ES"}"
O0010@6-11-2020@DA0014PO@sz_v3_1.mp4,
,"ES",
,"{"description": "The patient exhibits sudden, unprovoked movements including thrashing arms and legs, which are characteristic of a convulsive episode. The presence of medical staff rushing to assist suggests a serious medical event. However, without EEG confirmation or a history of epilepsy, it's challenging to definitively diagnose based solely on visual symptoms.", "answer": "ES"}"
O0010@6-11-2020@DA0014PP@sz_v2_1.mp4,
,"NES",
,"{"description": "The patient exhibits sudden, unprovoked movements including thrashing arms and legs, which are characteristic of a convulsive episode. The presence of medical staff administering oxygen suggests a serious medical response to these symptoms. However, without EEG confirmation or a history of epilepsy, it's challenging to definitively diagnose based solely on visual symptoms.", "answer": "ES"}"
O0011@2-27-2019@DA7022D0@sz_v1_1.mp4,
,"ES",
,"{"description": "The patient exhibits sudden, unprovoked movements including arm flailing and leg thrashing while lying in bed. The movements appear to be involuntary and there is no apparent trigger for these actions. The patient also seems to be unresponsive during the episode.", "answer": "ES"}"
R0001@10-17-2023@DA1324JS@sz_v1_1.mp4,
,"ES",
,"{"description": "The patient exhibits sudden, unprovoked movements including thrashing arms and legs, which are characteristic of a convulsive episode. The presence of medical staff rushing to assist suggests a serious medical event, likely requiring immediate intervention. These symptoms align with those typically observed during an epileptic seizure.", "answer": "ES"}"
R0001@10-17-2023@DA1324L8@sz_v1_1.mp4,
,"ES",
,"{"description": "The patient exhibits sudden, unprovoked movements including thrashing and convulsions while lying in bed. The movements appear involuntary and intense, suggesting a neurological origin. There is no apparent trigger such as emotional distress or physical discomfort that would typically precede a non-epileptic event.", "answer": "ES"}"
R0002@6-17-2021@DA0016G9@sz_v1_1.mp4,
,"NES",
,"{"description": "The patient appears to be lying in a hospital bed, wearing a head wrap and a t-shirt. There are no visible signs of convulsions, loss of consciousness, or other typical symptoms associated with an epileptic seizure. The patient seems to be resting or possibly asleep, with no apparent muscle twitching or abnormal movements.", "answer": "NES"}"
R0002@6-17-2021@DA0016G9@sz_v2_1.mp4,
,"NES",
,"{"description": "The patient does not exhibit any signs of a seizure such as convulsions, loss of consciousness, or repetitive movements. The patient appears to be interacting normally with their phone and surroundings.", "answer": "NES"}"
R0002@6-17-2021@UA6693TA@sz_v1_1.mp4,
,"ES",
,"{"description": "The patient exhibits no visible signs of a seizure such as convulsions, loss of consciousness, or repetitive movements. The patient appears to be interacting normally with the nurse, indicating awareness and control over their actions.", "answer": "NES"}"
R0002@6-17-2021@UA6693TB@sz_v1_1.mp4,
,"NES",
,"{"description": "The patient exhibits sudden, unprovoked movements that appear to be involuntary. The patient's arms flail and there is a loss of consciousness as they fall back into the chair. Medical staff quickly intervene to ensure safety. These symptoms are consistent with a tonic-clonic seizure, which is a type of epileptic seizure.", "answer": "ES"}"
R0002@6-17-2021@UA6693TC@sz_v1_1.mp4,
,"NES",
,"{"description": "The video does not show any visible signs of a seizure such as convulsions, loss of consciousness, or repetitive movements. The patient appears to be eating normally while interacting with another person who is assisting them.", "answer": "NES"}"
R0002@6-17-2021@UA6693TC@sz_v2_1.mp4,
,"NES",
,"{"description": "The patient does not exhibit any visible signs of a seizure such as convulsions, loss of consciousness, or repetitive movements. The patient appears to be resting under a blanket while a person beside them interacts with medical equipment, suggesting monitoring rather than active seizure activity.", "answer": "NES"}"
R0002@9-3-2023@AA16128K@sz_v1_1.mp4,
,"NES",
,"{"description": "The patient in the video does not exhibit any visible signs of a seizure such as convulsions, loss of consciousness, or repetitive movements. The patient appears to be resting quietly in a hospital chair, which suggests that there are no active seizure symptoms being displayed.","answer": "NES"}"
R0002@9-3-2023@AA16128L@sz_v1_1.mp4,
,"NES",
,"{"description": "The patient remains motionless throughout the video, showing no signs of convulsions, muscle spasms, or other physical manifestations typically associated with a seizure. There is no indication of altered consciousness or sudden movements that would suggest a seizure event.", "answer": "NES"}"
R0002@9-3-2023@AA16128M@sz_v1_1.mp4,
,"NES",
,"{"description": "The patient remains motionless throughout the video, showing no signs of convulsions, muscle spasms, or other physical manifestations typically associated with a seizure. There is no indication of altered consciousness or behavior that would suggest a seizure event.", "answer": "NES"}"
R0002@9-3-2023@AA16128M@sz_v2_1.mp4,
,"NES",
,"{"description": "The patient remains motionless throughout the video, showing no signs of convulsions, muscle spasms, or other physical manifestations typically associated with a seizure. There is no indication of altered consciousness or behavior that would suggest a seizure event.", "answer": "NES"}"
R0002@9-3-2023@DA9601MS@sz_v1_1.mp4,
,"NES",
,"{"description": "The patient does not exhibit any signs of a seizure in the video. There are no convulsions, loss of consciousness, or other typical seizure symptoms observed. The patient appears to be engaged in normal activities such as eating and interacting with others.", "answer": "NES"}"
R0002@9-3-2023@DA9601MT@multiple_sz1_1.mp4,
,"NES",
,"{"description": "The patient in the video does not exhibit any visible signs of a seizure such as convulsions, loss of consciousness, or repetitive movements. The patient appears to be resting or possibly asleep, with no sudden changes in behavior or physical state that would suggest a seizure.", "answer": "NES"}"
R0002@9-3-2023@DA9601MT@multiple_sz1_2.mp4,
,"NES",
,"{"description": "The patient appears to be lying down, covered with a blanket, and there are no visible signs of convulsions, loss of consciousness, or other typical seizure symptoms. The environment suggests a hospital setting, but the patient remains still throughout the video.", "answer": "NES"}"
R0002@9-3-2023@DA9601MT@multiple_sz1_3.mp4,
,"NES",
,"{"description": "The patient in the video does not exhibit typical signs of a seizure such as convulsions, loss of consciousness, or repetitive movements. The patient appears to be resting or possibly experiencing discomfort but there are no overt signs of a seizure. A healthcare professional enters the room and interacts with the patient, suggesting monitoring rather than immediate medical intervention for a seizure.", "answer": "NES"}"
R0002@9-3-2023@DA9601MT@sz_v2_1.mp4,
,"NES",
,"{"description": "The video does not show any visible signs of a seizure such as convulsions, loss of consciousness, or repetitive movements. The patient appears to be lying still under the covers, which suggests that there are no overt physical symptoms of a seizure occurring.","answer": "NES"}"
R0002@9-3-2023@DA9601MU@sz_v1_1.mp4,
,"NES",
,"{"description": "The patient in the video does not exhibit any signs of a seizure. There are no sudden movements, loss of consciousness, or other typical seizure symptoms observed. The patient appears to be engaged in normal activities such as drinking from a cup with assistance.", "answer": "NES"}"
R0002@9-3-2023@DA9601MV@sz_v1_1.mp4,
,"NES",
,"{"description": "The patient appears to be lying down, covered with a blanket, and using a phone. There are no visible signs of convulsions, loss of consciousness, or other typical symptoms associated with a seizure. The patient's posture and activity suggest normal behavior.", "answer": "NES"}"
R0002@9-3-2023@DA9601MV@sz_v2_1.mp4,
,"NES",
,"{"description": "The patient appears to be lying in a hospital bed, covered with a blanket, and using a smartphone. There are no visible signs of convulsions, loss of consciousness, or other typical symptoms associated with a seizure. The patient seems alert and engaged with their phone.", "answer": "NES"}"
R0002@9-3-2023@DA9601MV@sz_v3_1.mp4,
,"NES",
,"{"description": "The patient appears to be resting quietly in a hospital chair, covered with a blanket. There are no visible signs of convulsions, loss of consciousness, or other typical symptoms associated with a seizure. The patient's posture and the surrounding environment suggest a calm state rather than a medical emergency.", "answer": "NES"}"
R0004@5-20-2021@DA0016B4@nes_v1_1.mp4,
,"NES",
,"{"description": "The patient in the video does not exhibit typical signs of a seizure such as convulsions, loss of consciousness, or repetitive movements. The patient appears to be responsive and able to interact with the medical staff, which suggests that the event is not consistent with an epileptic seizure.", "answer": "NES"}"
R0004@5-20-2021@DA0016BK@nes_v4_1.mp4,
,"NES",
,"{"description": "The patient exhibits sudden, unprovoked movements including shaking and jerking while using a tablet. The movements appear involuntary and disrupt the patient's ability to interact with the device. These symptoms are characteristic of a loss of motor control that can occur during an epileptic seizure.", "answer": "ES"}"
R0005@10-17-2019@DA0013O9@nes_v2_1.mp4,
,"NES",
,"{"description": "The patient exhibits no visible signs of convulsions, loss of consciousness, or other typical symptoms associated with an epileptic seizure. The patient appears to be responsive and there are no indications of muscle rigidity or automatisms.", "answer": "NES"}"
R0006@11-3-2014@VA7631US@nes_v1_1.mp4,
,"NES",
,"{"description": "The patient does not exhibit any signs of a seizure such as convulsions, loss of consciousness, or repetitive movements. The patient appears to be interacting normally with the medical staff and handling objects without difficulty.", "answer": "NES"}"
R0007@3-7-2016@CA4444H1@nes_v1_1.mp4,
,"ES",
,"{"description": "The patient exhibits rhythmic, repetitive movements that appear to be clonic jerks, which are characteristic of a tonic-clonic seizure. The presence of medical staff monitoring and adjusting equipment suggests a serious medical event, likely requiring immediate intervention. These symptoms align more closely with an epileptic seizure rather than a non-epileptic event.", "answer": "ES"}"
R0007@3-7-2016@CA4444H2@nes_v1_1.mp4,
,"ES",
,"{"description": "The patient exhibits rhythmic, repetitive movements of the arms and hands, which appear to be coordinated and purposeful rather than random or violent. The presence of a caregiver who seems to be familiar with these episodes suggests that this may be a known condition for the patient. The lack of loss of consciousness or postictal confusion further supports this observation.", "answer": "NES"}"
R0007@3-7-2016@CA4444HK@nes_v1_1.mp4,
,"ES",
,"{"description": "The patient exhibits rhythmic, repetitive movements that appear to be motor automatisms, which can be indicative of a non-epileptic event. The presence of medical staff adjusting equipment and observing without immediate intervention suggests that this may be a known condition for the patient that does not require urgent action typical of an epileptic seizure.", "answer": "NES"}"
R0009@8-12-2013@FA16402H@sz_v2_1.mp4,
,"NES",
,"{"description": "The patient exhibits sudden, unprovoked movements including arm flailing and head thrashing while lying in bed. These actions appear involuntary and are not preceded by any obvious trigger. The patient's behavior suggests a loss of control typical of a neurological event.", "answer": "ES"}"
R0009@8-12-2013@FA16402H@sz_v3_1.mp4,
,"NES",
,"{"description": "The patient exhibits sudden, unprovoked movements including arm flailing and head thrashing while lying in bed. These actions appear involuntary and are not responsive to external stimuli. The presence of a healthcare professional observing and documenting the episode suggests a medical evaluation is underway.", "answer": "ES"}"
R0009@8-12-2013@FA16402M@sz_v3_1.mp4,
,"NES",
,"{"description": "The patient exhibits sudden, unprovoked movements including arm flailing and possible vocalization, which can be indicative of a seizure. However, without EEG confirmation or a history of epilepsy, these symptoms alone are not definitive for an epileptic seizure.", "answer": "NES"}"
R0009@8-12-2013@FA16402M@sz_v4_1.mp4,
,"NES",
,"{"description": "The patient exhibits sudden, unprovoked movements including reaching out, clenching fists, and thrashing arms. These actions appear to be involuntary and occur without warning. The patient also seems disoriented and has difficulty communicating during the episode.", "answer": "ES"}"
R0010@3-23-2015@VA7632JF@sz_v1_1.mp4,
,"ES",
,"{"description": "The patient exhibits sudden, unprovoked movements including thrashing and apparent loss of consciousness while lying on a hospital bed. The movements seem involuntary and there's no immediate trigger observed. The patient's behavior is consistent with a convulsive episode.", "answer": "ES"}"
R0011@9-22-2020@DA00157M@nes_v1_1.mp4,
,"NES",
,"{"description": "The patient exhibits sudden, repetitive movements including arm flailing and leg thrashing. There is no apparent loss of consciousness or postictal confusion observed. The movements seem to be triggered by external stimuli from the medical staff.", "answer": "NES"}"
R0011@9-22-2020@DA00157U@nes_v2_1.mp4,
,"NES",
,"{"description": "The patient exhibits repetitive, rhythmic movements of the arms and head, which are characteristic of motor seizures. The presence of medical staff checking the patient suggests a concern for a serious medical event. The patient's inability to control these movements and the need for assistance further supports the likelihood of a seizure.", "answer": "ES"}"
R0011@9-22-2020@DA00157V@nes_v1_1.mp4,
,"NES",
,"{"description": "The patient exhibits rhythmic, repetitive movements of the arms and head, along with facial grimacing. These symptoms are consistent with motor manifestations often seen in epileptic seizures.", "answer": "ES"}"
R0011@9-22-2020@DA00157W@nes_v1_1.mp4,
,"NES",
,"{"description": "The patient exhibits subtle changes in facial expression and eye movement, but there are no overt signs of convulsions, loss of consciousness, or other typical symptoms associated with an epileptic seizure. The presence of a medical professional checking the patient's head suggests monitoring for neurological issues, but the lack of severe physical manifestations leans towards a non-epileptic event.", "answer": "NES"}"
R0011@9-22-2020@DA001583@nes_v1_1.mp4,
,"NES",
,"{"description": "The patient exhibits rhythmic, repetitive movements involving the arms and hands, which appear to be purposeful rather than random. The presence of a healthcare professional checking the patient's condition suggests a medical evaluation, but the movements do not seem to escalate into a generalized tonic-clonic seizure. The patient's ability to interact with objects like a remote control indicates some level of consciousness and control.", "answer": "NES"}"
R0011@9-22-2020@DA001584@nes_v1_1.mp4,
,"NES",
,"{"description": "The patient exhibits rhythmic, repetitive movements that appear to be motor automatisms, which are common in non-epileptic seizures. The lack of postictal confusion and the presence of a witness who seems familiar with the behavior suggest a psychological rather than neurological origin.", "answer": "NES"}"
R0011@9-22-2020@DA001584@nes_v1_2.mp4,
,"NES",
,"{"description": "The patient exhibits subtle changes in facial expression and eye movement, but there are no overt signs of convulsions, loss of consciousness, or other typical symptoms associated with an epileptic seizure. The presence of a healthcare professional checking the patient suggests monitoring for potential issues, but the lack of severe physical manifestations leans towards a non-epileptic event.", "answer": "NES"}"
R0011@9-22-2020@DA001584@nes_v1_3.mp4,
,"NES",
,"{"description": "The patient exhibits subtle changes in facial expression and eye movement, but there are no overt signs of convulsions, loss of consciousness, or other typical symptoms associated with an epileptic seizure. The presence of a caregiver holding the patient's hand suggests comfort rather than medical intervention for a seizure.", "answer": "NES"}"
R0011@9-22-2020@DA001584@nes_v1_4.mp4,
,"NES",
,"{"description": "The patient exhibits rhythmic, repetitive movements and appears to be unresponsive, which are common signs of a seizure. The presence of medical staff monitoring suggests a serious medical event. However, without EEG data or further medical context, it's challenging to definitively diagnose the type of seizure.", "answer": "ES"}"
R0011@9-22-2020@DA00158B@nes_v1_1.mp4,
,"NES",
,"{"description": "The patient exhibits rhythmic, repetitive movements that are characteristic of a seizure. The presence of medical staff monitoring and the patient's response to the event suggest a neurological origin. The symptoms appear to be involuntary and consistent with epileptic activity.", "answer": "ES"}"
R0012@7-8-2019@UA6690J1@nes_v1_1.mp4,
,"NES",
,"{"description": "The patient in the video does not exhibit typical seizure symptoms such as convulsions, loss of consciousness, or repetitive movements. The patient appears to be resting or possibly experiencing discomfort, but there are no signs of a seizure. The medical staff's actions suggest they are performing routine checks rather than responding to a seizure.", "answer": "NES"}"
R0012@7-8-2019@UA6690J2@nes_v1_1.mp4,
,"NES",
,"{"description": "The patient does not exhibit any signs of a seizure such as convulsions, loss of consciousness, or repetitive movements. The patient appears to be responsive and engaged with the nurse, indicating normal neurological function.", "answer": "NES"}"
R0012@7-8-2019@UA6690J4@nes_v1_1.mp4,
,"NES",
,"{"description": "The patient in the video does not exhibit typical signs of a seizure such as convulsions, loss of consciousness, or repetitive movements. The patient appears to be interacting with their phone and responding to medical staff, indicating awareness and control over their actions. These observations suggest that the event is not consistent with an epileptic seizure.", "answer": "NES"}"
R0012@7-8-2019@UA6690J4@nes_v1_2.mp4,
,"NES",
,"{"description": "The patient does not exhibit any visible signs of a seizure such as convulsions, loss of consciousness, or repetitive movements. The patient appears to be calm and responsive throughout the video.", "answer": "NES"}"
R0012@7-8-2019@UA6690J4@nes_v1_3.mp4,
,"NES",
,"{"description": "The patient remains still throughout the video, showing no signs of convulsions, muscle spasms, or other physical manifestations typically associated with a seizure. The patient's eyes are closed, and there is no indication of altered consciousness or sudden movements.", "answer": "NES"}"
R0012@7-8-2019@UA6690J4@nes_v1_4.mp4,
,"NES",
,"{"description": "The patient remains still throughout the video, showing no signs of convulsions, muscle spasms, or other physical manifestations typically associated with a seizure. The patient's eyes are closed, and there is no indication of altered consciousness or sudden movements.", "answer": "NES"}"
R0012@7-8-2019@UA6690J4@nes_v1_5.mp4,
,"NES",
,"{"description": "The patient in the video does not exhibit typical signs of a seizure such as convulsions, loss of consciousness, or repetitive movements. The patient appears to be resting or sleeping, and there are no sudden changes in behavior or physical activity that would suggest a seizure. The patient's actions seem controlled and purposeful, like adjusting a remote control.", "answer": "NES"}"
R0012@7-8-2019@UA6690J4@nes_v1_6.mp4,
,"NES",
,"{"description": "The patient does not exhibit any visible signs of a seizure such as convulsions, loss of consciousness, or repetitive movements. The patient appears to be resting comfortably in the hospital bed, interacting with a remote control, which suggests normal cognitive function and motor control.", "answer": "NES"}"
R0012@7-8-2019@UA6690J4@nes_v2_1.mp4,
,"NES",
,"{"description": "The patient does not exhibit any visible signs of a seizure such as convulsions, loss of consciousness, or repetitive movements. The patient appears to be resting quietly in bed while medical staff interact around them.", "answer": "NES"}"
R0014@5-4-2022@DA1321Q8@sz_v1_1.mp4,
,"NES",
,"{"description": "The patient does not exhibit any signs of a seizure such as convulsions, loss of consciousness, or repetitive movements. The patient appears to be resting or possibly asleep, and there is no indication of abnormal neurological activity.", "answer": "NES"}"
R0015@3-17-2022@KA9601DC@sz_v1_1.mp4,
,"ES",
,"{"description": "The patient exhibits sudden, unprovoked movements and appears to lose consciousness briefly. There is no apparent trigger for these symptoms, and they seem to occur spontaneously. The patient's behavior does not suggest a psychological cause or mimicry of seizures.", "answer": "ES"}"
R0016@3-29-2021@DA0015ZD@sz_v1_1.mp4,
,"ES",
,"{"description": "The patient exhibits sudden, unprovoked movements including thrashing arms and legs, which appear to be involuntary. The episode seems to occur without warning and involves a loss of consciousness or awareness, as indicated by the patient's inability to respond to stimuli during the event. These symptoms are characteristic of a generalized tonic-clonic seizure.", "answer": "ES"}"
S0001@3-7-2022@DA1321CA@sz_v2_1.mp4,
,"NES",
,"{"description": "The patient in the video does not exhibit typical signs of a seizure such as convulsions, loss of consciousness, or repetitive movements. The interaction appears to be a normal conversation between the patient and a visitor, with no sudden changes in behavior or physical state that would suggest a seizure.", "answer": "NES"}"
S0001@3-7-2022@DA1321CB@sz_v1.1_0.mp4,
,"NES",
,"{"description": "The patient appears to be sitting upright in a hospital bed, covered with a blanket. There are no visible signs of convulsions, loss of consciousness, or other typical symptoms associated with an epileptic seizure. The patient seems relatively calm and there is no indication of muscle stiffness or rhythmic movements.", "answer": "NES"}"
S0001@3-7-2022@DA1321CB@sz_v1.2_0.mp4,
,"NES",
,"{"description": "The patient in the video does not exhibit any signs of a seizure. There are no sudden movements, loss of consciousness, or other typical seizure symptoms observed. The patient appears to be engaged in writing, which suggests normal cognitive function and control.", "answer": "NES"}"
S0001@3-7-2022@DA1321CB@sz_v1_1.mp4,
,"NES",
,"{"description": "The patient in the video does not exhibit any visible signs of a seizure such as convulsions, loss of consciousness, or repetitive movements. The patient appears to be interacting normally with their surroundings and another person who enters the room. There are no indications of altered mental status or physical behaviors that would suggest a seizure.", "answer": "NES"}"
S0001@3-7-2022@KA9601AP@nes_v1_1.mp4,
,"NES",
,"{"description": "The patient exhibits no visible signs of a seizure such as convulsions, loss of consciousness, or repetitive movements. The patient appears to be interacting normally with their environment, suggesting that the event is not consistent with an epileptic seizure.", "answer": "NES"}"
S0002@6-10-2014@TA764085@sz_v1_1.mp4,
,"ES",
,"{"description": "The patient exhibits sudden, unprovoked movements that appear to be involuntary. The onset is abrupt, and the patient seems unaware of her actions, which are characteristic of a loss of consciousness. The presence of medical staff rushing to assist suggests a serious medical event. However, the specific nature of the movements and the patient's response to the staff's intervention lean more towards a psychological rather than a neurological origin.", "answer": "NES"}"
S0002@6-10-2014@TA76408S@sz_v1_1.mp4,
,"ES",
,"{"description": "The patient in the video does not exhibit typical signs of a seizure such as convulsions, loss of consciousness, or repetitive movements. The patient appears to be awake and responsive, interacting with the remote control and medical staff. There is no indication of altered mental status or physical symptoms associated with epileptic seizures.", "answer": "NES"}"
S0002@6-10-2014@TA76408Z@sz_v1_1.mp4,
,"NES",
,"{"description": "The patient exhibits no visible signs of convulsions, loss of consciousness, or other typical symptoms associated with an epileptic seizure. The patient appears to be alert and responsive throughout the video, holding a stuffed animal and interacting with someone off-camera. There is no indication of muscle stiffness, jerking movements, or altered mental state that would suggest an epileptic seizure.", "answer": "NES"}"
S0002@6-10-2014@TA764090@sz_v1_1.mp4,
,"NES",
,"{"description": "The patient exhibits sudden, unprovoked movements including thrashing and convulsions while lying in bed. The episode appears to be spontaneous without an identifiable trigger such as stress or injury. The presence of medical personnel suggests concern for a neurological event.", "answer": "ES"}"
S0002@6-10-2014@UA76200S@sz_v1_1.mp4,
,"NES",
,"{"description": "The patient appears to be experiencing a sudden, involuntary movement while lying in bed. The movements seem to be rhythmic and repetitive, which could indicate a seizure. However, without additional information such as EEG results or a detailed medical history, it's challenging to definitively diagnose the nature of the event. The presence of a healthcare professional checking on the patient suggests concern for a medical issue, but the specific type of seizure cannot be confirmed from visual observation alone.", "answer": "ES"}"
S0002@7-28-2015@VA763339@sz_v2_1.mp4,
,"NES",
,"{"description": "The patient appears to be lying in a hospital bed, covered with a blanket and wearing a head wrap. There are no visible signs of convulsions, muscle spasms, or other typical symptoms associated with an epileptic seizure. The patient remains relatively still throughout the video.", "answer": "NES"}"
S0002@7-28-2015@VA76337A@sz_v1_1.mp4,
,"NES",
,"{"description": "The patient in the video appears to be experiencing a sudden, brief loss of consciousness followed by a rapid return to normal behavior. There are no visible signs of convulsions, muscle rigidity, or other typical motor symptoms associated with epileptic seizures. The abrupt onset and quick recovery suggest a non-epileptic event.", "answer": "NES"}"
S0002@7-28-2015@VA76337O@sz_v1_1.mp4,
,"NES",
,"{"description": "The patient exhibits rhythmic, repetitive movements that appear to be localized primarily to the upper body and arms. There is no indication of loss of consciousness, incontinence, or postictal confusion, which are common in epileptic seizures. The movements seem more purposeful and less chaotic than typical epileptic seizures.", "answer": "NES"}"
S0002@7-28-2015@VA76339B@sz_v1_1.mp4,
,"ES",
,"{"description": "The patient remains seated upright, showing no signs of convulsions, loss of consciousness, or other typical seizure symptoms. The patient appears to be engaged with their surroundings, suggesting normal cognitive function throughout the observation period.", "answer": "NES"}"
S0003@5-4-2022@KA9601UH@nes_v1.1_0.mp4,
,"NES",
,"{"description": "The patient in the video does not exhibit typical signs of a seizure such as convulsions, loss of consciousness, or repetitive movements. The patient appears to be in a state of distress or discomfort, possibly due to emotional or psychological factors rather than a neurological event.", "answer": "NES"}"
S0003@5-4-2022@KA9601UU@nes_v1_1.mp4,
,"NES",
,"{"description": "The patient in the video does not exhibit typical signs of a seizure such as convulsions, loss of consciousness, or repetitive movements. The patient appears to be resting or possibly asleep, with no sudden changes in behavior or muscle activity that would suggest a seizure.", "answer": "NES"}"
S0003@5-4-2022@KA9601UV@nes_v1.1_0.mp4,
,"NES",
,"{"description": "The patient appears to be engaged in reading or writing, showing no signs of altered consciousness, convulsions, or other typical seizure-related behaviors. The environment is calm, and there are no indications of sudden movements or loss of control that would suggest a seizure.", "answer": "NES"}"
S0003@5-4-2022@KA9601UV@nes_v1.2_0.mp4,
,"NES",
,"{"description": "The patient appears to be engaged in a focused activity, using a tablet while seated in a hospital bed. There are no visible signs of convulsions, loss of consciousness, or other typical symptoms associated with an epileptic seizure. The patient's behavior seems normal and controlled throughout the video.", "answer": "NES"}"
S0004@10-4-2021@KA9600G3@sz_v2_1.mp4,
,"ES",
,"{"description": "The patient exhibits sudden, unprovoked movements including thrashing and vocalizations while lying in bed. These symptoms are consistent with a loss of control and altered consciousness, which are characteristic of an epileptic seizure.", "answer": "ES"}"
S0005@3-18-2014@VA7610MM@nes_v1_1.mp4,
,"NES",
,"{"description": "The patient exhibits sudden, unprovoked movements including thrashing arms and legs while lying in bed. The episode appears to be brief and spontaneous without an apparent trigger. The patient's behavior suggests a loss of consciousness or awareness during the event.", "answer": "ES"}"
S0005@3-18-2014@VA7610MM@nes_v1_2.mp4,
,"NES",
,"{"description": "The patient exhibits sudden, unprovoked movements such as thrashing arms and legs, which may indicate a loss of motor control. The presence of medical staff quickly responding suggests a recognized medical emergency. However, without EEG data or further clinical information, it's challenging to definitively diagnose the nature of the seizure.", "answer": "ES"}"
S0005@3-18-2014@VA7610MM@nes_v2_1.mp4,
,"NES",
,"{"description": "The patient exhibits sudden, unprovoked movements including thrashing and vocalizations while lying in bed. The onset appears abrupt and the behavior seems involuntary. There is no apparent external trigger for these actions.", "answer": "ES"}"
S0005@3-18-2014@VA7610MM@nes_v4_1.mp4,
,"NES",
,"{"description": "The patient exhibits sudden, unprovoked movements including thrashing arms and legs, along with apparent loss of consciousness. These symptoms are characteristic of a convulsive seizure.", "answer": "ES"}"
S0005@3-18-2014@VA7610MM@nes_v5_1.mp4,
,"NES",
,"{"description": "The patient exhibits sudden, unprovoked movements including raising arms and clenching fists while lying in bed. These actions appear to be involuntary and occur without warning. The presence of medical staff and equipment suggests a clinical setting where such events can be observed and recorded.", "answer": "ES"}"
S0005@3-18-2014@VA7610MM@nes_v6_1.mp4,
,"NES",
,"{"description": "The patient exhibits sudden, unprovoked movements including raising arms above their head and clenching fists, which may indicate a tonic-clonic seizure. The presence of onlookers reacting suggests unexpected behavior typical of seizures. However, without EEG confirmation or further medical context, this observation alone is insufficient for a definitive diagnosis.", "answer": "ES"}"
S0005@3-18-2014@VA7610MN@nes_v1_1.mp4,
,"NES",
,"{"description": "The patient exhibits sudden, forceful arm movements and vocalizations while lying in bed. The movements appear to be involuntary and rhythmic, suggesting a loss of control. The presence of onlookers reacting suggests unexpected behavior. These symptoms are consistent with a seizure.", "answer": "ES"}"
S0005@3-18-2014@VA7610MN@nes_v2_1.mp4,
,"NES",
,"{"description": "The patient exhibits sudden, unprovoked movements including thrashing arms and legs while lying in bed. The movements appear rhythmic and repetitive, suggesting a loss of control typical of seizures. The presence of a bystander observing without immediate intervention suggests this is a known condition for the patient.", "answer": "ES"}"
S0005@3-18-2014@VA7610MO@nes_v1_1.mp4,
,"NES",
,"{"description": "The patient exhibits sudden, unprovoked movements including raising arms above the head and making claw-like hand gestures. These actions appear to be involuntary and not typical of common epileptic seizure patterns which usually involve rhythmic jerking or loss of consciousness. The presence of onlookers reacting suggests an unexpected event.", "answer": "NES"}"
S0005@3-18-2014@VA7610MO@nes_v2_1.mp4,
,"NES",
,"{"description": "The patient exhibits sudden, unprovoked movements such as raising arms and opening mouth wide, which could be indicative of a tonic-clonic seizure. However, the presence of a caregiver who appears to interact normally suggests that the patient may be aware of their surroundings, which is less common in a typical epileptic seizure. The movements seem somewhat exaggerated and possibly voluntary.", "answer": "NES"}"
S0005@3-18-2014@VA7610MO@nes_v3_1.mp4,
,"NES",
,"{"description": "The patient exhibits sudden, unprovoked movements such as raising their arm and opening their mouth wide, which could be indicative of a seizure. However, the movements appear somewhat voluntary and lack the typical rhythmicity and loss of consciousness associated with epileptic seizures. The presence of another person who seems to be interacting normally with the patient suggests awareness and control, further pointing towards a non-epileptic event.", "answer": "NES"}"
S0005@3-18-2014@VA7610MP@nes_v1_1.mp4,
,"NES",
,"{"description": "The patient exhibits sudden, repetitive, and involuntary movements including arm flailing and head tossing. These actions appear to be uncontrolled and without apparent cause, suggesting a neurological origin. The patient's eyes remain open and there is no indication of loss of consciousness or postictal confusion.", "answer": "ES"}"
S0006@11-25-2014@TA7640ZP@nes_v1_1.mp4,
,"NES",
,"{"description": "The patient exhibits sudden, unprovoked movements such as thrashing arms and legs, which could be indicative of a seizure. However, the presence of a caregiver who appears to be familiar with the situation and the lack of medical urgency from the staff suggest that this might be a known condition or behavior rather than an acute medical emergency. The patient's response to the caregiver's intervention also seems more controlled than typically seen in an epileptic seizure.", "answer": "NES"}"
S0006@11-25-2014@TA7640ZS@nes_v3_1.mp4,
,"NES",
,"{"description": "The patient exhibits sudden, unprovoked movements including thrashing and kicking while lying in bed. The episode appears to be brief and resolves quickly without any apparent trigger. These symptoms are consistent with a non-epileptic event rather than a typical epileptic seizure.", "answer": "NES"}"
S0007@1-31-2022@KA96014G@nes_v1_1.mp4,
,"NES",
,"{"description": "The patient exhibits sudden, unprovoked movements including thrashing and convulsions while lying in bed. These symptoms are characteristic of a loss of motor control and altered consciousness, which are common in epileptic seizures.", "answer": "ES"}"
S0008@6-12-2014@TA764080@sz_v3_1.mp4,
,"ES",
,"{"description": "The patient exhibits sudden, repetitive movements including arm flailing and leg thrashing while seated on a hospital bed. The actions appear to be involuntary and uncontrolled, suggesting a loss of motor control. There is no apparent trigger for these movements, and they seem to occur without warning.", "answer": "ES"}"
S0008@6-12-2014@TA764082@sz_v3_1.mp4,
,"ES",
,"{"description": "The patient appears to be lying in bed, covered with a blanket, and there are no visible signs of convulsions, loss of consciousness, or other typical symptoms associated with an epileptic seizure. The patient seems to be resting or possibly asleep.", "answer": "NES"}"
S0009@12-17-2019@UA6691GD@sz_v1_1.mp4,
,"ES",
,"{"description": "The patient exhibits sudden, unprovoked movements including thrashing and convulsions while lying in bed. These movements appear involuntary and are accompanied by a loss of consciousness as indicated by the patient's lack of response to external stimuli. The episode seems to occur without any apparent trigger such as stress or physical exertion.", "answer": "ES"}"
S0009@12-17-2019@UA6691GD@sz_v2_1.mp4,
,"ES",
,"{"description": "The patient exhibits a sudden onset of rhythmic, repetitive movements involving the arms and head, which are characteristic of motor seizures. The movements appear to be involuntary and there is no apparent external trigger for these actions. The patient remains in bed throughout the episode, suggesting a lack of awareness or responsiveness during the event.", "answer": "ES"}"
S0009@12-17-2019@UA6691GD@sz_v3_1.mp4,
,"ES",
,"{"description": "The patient exhibits sudden, repetitive movements including arm flailing and head tossing while lying in bed. These movements appear to be involuntary and uncontrolled, suggesting a neurological event. The patient's eyes remain closed throughout the episode, and there is no apparent response to external stimuli.", "answer": "ES"}"
S0010@4-6-2022@DA1321JS@sz_v1_1.mp4,
,"ES",
,"{"description": "The patient exhibits sudden, unprovoked movements including thrashing arms and legs while lying in bed. The episode appears to be brief and spontaneous without any apparent trigger. These symptoms are characteristic of a loss of motor control commonly associated with epileptic seizures.", "answer": "ES"}"
S0010@4-6-2022@DA1321JS@sz_v2_1.mp4,
,"ES",
,"{"description": "The patient exhibits sudden, unprovoked movements including thrashing arms and legs, which are characteristic of a convulsive episode. The presence of a caregiver rushing to assist suggests a medical emergency, aligning with typical responses to seizures. However, without EEG confirmation or further medical context, the exact nature cannot be definitively determined from visual observation alone.", "answer": "ES"}"
S0010@4-6-2022@KA9601IB@sz_v5_1.mp4,
,"ES",
,"{"description": "The patient in the video does not exhibit typical signs of a seizure such as convulsions, loss of consciousness, or repetitive movements. The patient appears to be resting or sleeping until an adult enters the room and interacts with them. There are no visible signs of uncontrolled electrical activity in the brain that would suggest an epileptic seizure.", "answer": "NES"}"
S0010@4-6-2022@KA9601IC@sz_v1_1.mp4,
,"ES",
,"{"description": "The patient exhibits subtle changes in behavior, such as slight movements and changes in facial expression, but there are no overt signs of convulsions, loss of consciousness, or other typical symptoms associated with an epileptic seizure. The movements appear more voluntary and less intense than what would be expected during an ES.", "answer": "NES"}"
S0011@5-2-2022@DA1321PU@sz_v1_1.mp4,
,"NES",
,"{"description": "The patient exhibits subtle movements, including slight arm twitching and facial grimacing, which could be indicative of a partial seizure. However, there is no loss of consciousness, convulsions, or other typical signs of a generalized epileptic seizure. The movements appear more localized and less intense than what is usually seen in an epileptic seizure.", "answer": "NES"}"
S0012@7-18-2019@DA00136N@sz_v1_1.mp4,
,"ES",
,"{"description": "The patient exhibits sudden, repetitive movements including arm flailing and head tossing while lying in bed. These movements appear involuntary and rhythmic, suggesting a loss of control typical during a seizure. The patient's eyes remain closed throughout the episode, which can be common in both epileptic and non-epileptic seizures. However, the nature of the movements, their intensity, and the apparent lack of responsiveness to the environment suggest a neurological origin.", "answer": "ES"}"
S0012@7-18-2019@DA00136O@sz_v2_1.mp4,
,"ES",
,"{"description": "The patient exhibits sudden, unprovoked movements including thrashing arms and legs, which are characteristic of a convulsive episode. The presence of medical staff quickly responding suggests a recognized medical emergency. These symptoms align with the typical presentation of an epileptic seizure.", "answer": "ES"}"
S0012@7-18-2019@DA00136V@sz_v1_1.mp4,
,"ES",
,"{"description": "The patient exhibits sudden, unprovoked movements including thrashing arms and legs, which are characteristic of a convulsive episode. The rapid onset and the involvement of multiple muscle groups suggest a neurological origin. The presence of medical staff quickly responding with oxygen administration indicates a serious health event consistent with a seizure.", "answer": "ES"}"
S0013@3-8-2018@DA0010H7@sz_v1_1.mp4,
,"ES",
,"{"description": "The patient exhibits sudden, unprovoked movements including thrashing arms and legs, which are characteristic of a tonic-clonic seizure. The presence of medical staff quickly responding suggests a recognized emergency situation typical for epileptic seizures.", "answer": "ES"}"
S0014@11-10-2017@DA3332GP@sz_v1_1.mp4,
,"ES",
,"{"description": "The patient exhibits sudden, unprovoked movements including thrashing and apparent loss of consciousness while lying on a hospital bed. These symptoms are consistent with a convulsive episode that could be indicative of an epileptic seizure.", "answer": "ES"}"
S0014@11-10-2017@DA3332H8@sz_v1_1.mp4,
,"ES",
,"{"description": "The patient exhibits sudden, unprovoked movements including thrashing and kicking while lying in bed. The movements appear involuntary and there is a loss of consciousness as indicated by the patient's inability to respond to the caregiver's attempts to wake her. The caregiver's urgency and the subsequent medical intervention suggest a serious medical event.", "answer": "ES"}"
S0015@7-26-2022@KA960273@nes_v1_1.mp4,
,"NES",
,"{"description": "The patient exhibits sudden, unprovoked movements including thrashing arms and legs while lying in bed. The movements appear to be involuntary and there is no apparent trigger such as pain or discomfort. The patient's eyes remain open but seem unfocused, suggesting a lack of awareness during the episode.", "answer": "ES"}"
S0016@4-5-2022@KA9601HS@nes_v2_1.mp4,
,"ES",
,"{"description": "The patient appears to be lying in a hospital bed, covered with a blanket and wearing a hospital gown. There are no visible signs of convulsions, loss of consciousness, or other typical symptoms associated with an epileptic seizure. The patient seems to be interacting normally with the nurse, indicating awareness and control over their actions.", "answer": "NES"}"
S0016@4-5-2022@KA9601I1@nes_v1_1.mp4,
,"NES",
,"{"description": "The patient exhibits sudden, unprovoked movements while lying in bed, which could be indicative of a seizure. However, the presence of medical staff checking equipment and the patient's relatively calm demeanor after the event suggest that this may not be a typical epileptic seizure. The lack of postictal confusion or prolonged recovery also points towards a non-epileptic event.", "answer": "NES"}"
S0017@12-2-2020@DA0015J8@nes_v1_1.mp4,
,"NES",
,"{"description": "The patient exhibits sudden, uncontrolled movements including thrashing and convulsions while lying in the hospital bed. The nurse attempts to stabilize the patient by holding their arms and adjusting medical equipment. These symptoms are consistent with a loss of motor control and altered consciousness typical during a seizure.", "answer": "ES"}"
S0017@12-2-2020@DA0015J8@nes_v1_2.mp4,
,"NES",
,"{"description": "The patient exhibits sudden, unprovoked movements including twitching and jerking of limbs, which are characteristic of a seizure. The rapid onset and the nature of the movements suggest a neurological origin rather than a psychogenic cause.", "answer": "ES"}"
S0018@5-4-2020@UA6691ZC@nes_v1_1.mp4,
,"NES",
,"{"description": "The patient exhibits a sudden loss of consciousness, falls back onto the bed, and experiences rhythmic jerking movements of the arms and legs. The patient also appears to have difficulty breathing and becomes unresponsive during the episode.", "answer": "ES"}"
T0001@3-21-2022@KA9601DO@nes_v1_1.mp4,
,"NES",
,"{"description": "The patient exhibits sudden, unprovoked movements including thrashing and apparent loss of consciousness. These symptoms are consistent with a convulsive episode that could be indicative of an epileptic seizure. The presence of medical staff and equipment suggests a clinical setting where such events are monitored and treated.", "answer": "ES"}"
T0001@3-21-2022@KA9601DP@nes_v1_1.mp4,
,"NES",
,"{"description": "The patient exhibits sudden, unprovoked movements including thrashing arms and legs, which could be indicative of a seizure. However, the presence of medical staff adjusting equipment and the patient's rapid return to normal behavior post-event suggest a possible psychogenic non-epileptic seizure rather than an epileptic one.", "answer": "NES"}"
T0001@3-21-2022@KA9601DQ@nes_v1_1.mp4,
,"NES",
,"{"description": "The patient exhibits rhythmic, repetitive movements that appear to be involuntary. The movements are consistent with a tonic-clonic seizure, which is characterized by stiffening followed by jerking motions. The patient's eyes are closed, and there is no immediate response to the nurse's presence, suggesting a loss of consciousness.", "answer": "ES"}"
T0003@4-26-2022@KA9601OY@sz_v1_1.mp4,
,"ES",
,"{"description": "The patient exhibits sudden, unprovoked movements while lying in bed, which escalate into more pronounced physical activity that appears involuntary. The presence of medical staff responding to the situation suggests a concern for the patient's well-being, indicating a possible medical emergency. However, without EEG data or further medical context, the exact nature of the event cannot be definitively determined from visual observation alone.", "answer": "ES"}"
T0003@4-26-2022@KA9601P2@sz_v1_1.mp4,
,"ES",
,"{"description": "The patient exhibits sudden, unprovoked movements while lying in bed, which escalate to thrashing and convulsions. The episode appears to be spontaneous without an identifiable trigger such as stress or injury. The presence of medical staff rushing to assist suggests a serious health event.", "answer": "ES"}"
T0003@4-26-2022@KA9601P2@sz_v2_1.mp4,
,"ES",
,"{"description": "The patient exhibits sudden, unprovoked movements such as thrashing arms and legs while lying in bed. There is no apparent trigger for these movements, and they seem to occur spontaneously. The patient appears to be unconscious during the episode.", "answer": "ES"}"
T0004@5-27-2015@TA7641Z2@sz_v1_1.mp4,
,"NES",
,"{"description": "The patient exhibits sudden, uncontrolled movements including thrashing and convulsions while lying in bed. The movements appear to be involuntary and intense, suggesting a neurological origin. The presence of medical staff intervening indicates a serious medical event.", "answer": "ES"}"
T0004@5-27-2015@TA7641Z2@sz_v2_1.mp4,
,"NES",
,"{"description": "The patient exhibits sudden, unprovoked movements including thrashing and pulling at the bed covers. These actions appear to be involuntary and are not preceded by typical triggers for NES such as stress or psychological factors. The abrupt onset and nature of the movements suggest a neurological origin.", "answer": "ES"}"
T0004@5-27-2015@TA76420E@sz_v1_1.mp4,
,"NES",
,"{"description": "The patient exhibits sudden, uncontrolled movements including thrashing arms and legs, which are characteristic of a convulsive episode. The rapid onset and the nature of the movements suggest a neurological origin.", "answer": "ES"}"
T0004@5-27-2015@VA7632UP@sz_v1_1.mp4,
,"NES",
,"{"description": "The patient exhibits sudden, unprovoked movements including thrashing arms and legs, which are characteristic of a convulsive episode. The abrupt onset and the nature of the movements suggest a neurological origin.", "answer": "ES"}"
T0005@9-18-2018@DA0011L4@sz_v1_1.mp4,
,"ES",
,"{"description": "The patient exhibits sudden, unprovoked movements including thrashing arms and legs while lying in bed. The movements appear involuntary and there is no apparent external trigger. The patient's eyes remain open but seem unfocused during the episode.", "answer": "ES"}"
T0005@9-18-2018@DA0011L5@sz_v1_1.mp4,
,"NES",
,"{"description": "The patient exhibits sudden, unprovoked movements including thrashing arms and legs while lying in bed. The movements appear involuntary and there is no apparent external trigger. The patient's eyes are closed, and they seem unaware of their surroundings during the episode.", "answer": "ES"}"
T0005@9-18-2018@DA7021HQ@sz_v1_1.mp4,
,"ES",
,"{"description": "The patient exhibits sudden, repetitive movements involving the arms and upper body while seated in a hospital bed. The movements appear rhythmic and involuntary, suggesting a loss of motor control. The patient's facial expression does not show typical signs of distress associated with pain or discomfort, which can be indicative of a non-epileptic event. The presence of medical staff observing without immediate intervention suggests that this behavior is recognized as a known condition for the patient.", "answer": "NES"}"
T0005@9-18-2018@DA7021HQ@sz_v2_1.mp4,
,"NES",
,"{"description": "The patient in the video does not exhibit typical signs of a seizure such as convulsions, loss of consciousness, or repetitive movements. The patient appears to be awake and responsive, interacting with others around them. There is no indication of muscle stiffness or jerking that would suggest a tonic-clonic seizure. The patient's actions seem voluntary and purposeful.", "answer": "NES"}"
T0007@10-7-2020@DA00159P@nes_v1_1.mp4,
,"NES",
,"{"description": "The patient appears to be lying in a hospital bed, covered with a blanket and wearing a headband. There are no visible signs of convulsions, loss of consciousness, or other typical symptoms associated with an epileptic seizure. The patient seems relatively still and calm throughout the video.", "answer": "NES"}"
T0007@10-7-2020@DA00159P@nes_v1_2.mp4,
,"NES",
,"{"description": "The patient in the video does not exhibit any visible signs of a seizure such as convulsions, loss of consciousness, or repetitive movements. The patient appears to be resting quietly in the hospital bed, and there are no sudden changes in behavior or physical state that would suggest a seizure.", "answer": "NES"}"
T0007@10-7-2020@DA00159P@nes_v3_1.mp4,
,"NES",
,"{"description": "The patient exhibits no visible signs of convulsions, loss of consciousness, or other typical symptoms associated with an epileptic seizure. The patient appears to be responsive and there are no indications of muscle stiffness or jerking.", "answer": "NES"}"
U0001@9-12-2016@CA4445HC@sz_v1_1.mp4,
,"ES",
,"{"description": "The patient exhibits sudden, unprovoked movements including thrashing arms and legs, which appear to be involuntary. The patient also seems disoriented and has difficulty maintaining a consistent posture, suggesting a loss of control over motor functions. These symptoms are characteristic of a seizure.", "answer": "ES"}"
U0001@9-12-2016@CA4445HC@sz_v2_1.mp4,
,"ES",
,"{"description": "The patient exhibits sudden, unprovoked movements including thrashing arms and legs while lying on a hospital bed. The movements appear involuntary and there is no apparent external trigger. The patient's eyes are closed, and they seem unaware of their surroundings during the episode.", "answer": "ES"}"
W0001@2-3-2020@DA00145Y@nes_v1_1.mp4,
,"NES",
,"{"description": "The patient exhibits sudden, unprovoked movements including thrashing and vocalizations while lying in bed. Medical staff quickly respond to assist the patient, indicating a medical emergency. The abrupt onset and nature of the movements suggest a neurological event.", "answer": "ES"}"
W0001@2-3-2020@DA00145Y@nes_v1_2.mp4,
,"NES",
,"{"description": "The patient exhibits a sudden onset of uncontrolled movements, including thrashing and vocalizations, which appear to be involuntary. The episode seems to occur without warning and involves a loss of consciousness or awareness, as indicated by the patient's lack of response to the medical staff. These symptoms are consistent with a generalized tonic-clonic seizure.", "answer": "ES"}"
W0001@2-3-2020@DA001469@nes_v2_1.mp4,
,"NES",
,"{"description": "The patient exhibits sudden, unprovoked vocalizations and appears to be experiencing some form of distress while lying in bed. There is no apparent loss of consciousness, no rhythmic jerking movements, and the episode seems to be triggered by an external factor, as suggested by the interaction with the caregiver. The patient's behavior does not align with typical epileptic seizure characteristics.", "answer": "NES"}"
W0001@2-3-2020@DA001469@nes_v3_1.mp4,
,"NES",
,"{"description": "The patient exhibits sudden, unprovoked movements including thrashing and vocalizations while lying in bed. Medical staff quickly respond to manage the situation, suggesting a medical emergency. The rapid onset and the need for immediate intervention point towards a neurological event.", "answer": "ES"}"
W0001@2-3-2020@DA00146S@nes_v1_1.mp4,
,"NES",
,"{"description": "The patient exhibits subtle movements, primarily involving the head and arms. There is no loss of consciousness, no tonic-clonic activity, and the movements appear to be more rhythmic and less intense than typical epileptic seizures. The patient's breathing remains stable throughout the episode.", "answer": "NES"}"
W0001@2-3-2020@DA00146S@nes_v2_1.mp4,
,"NES",
,"{"description": "The patient exhibits rhythmic, repetitive movements that appear to be motor automatisms, which can be indicative of a seizure. The presence of medical staff attending to the patient suggests a concern for a medical emergency. However, without EEG data or further clinical information, it's challenging to definitively diagnose the nature of the event based solely on visual observation.", "answer": "ES"}"
Y0001@8-15-2022@DA1322CP@sz_v1_1.mp4,
,"NES",
,"{"description": "The patient remains motionless throughout the video, showing no signs of convulsions, muscle spasms, or other physical manifestations typically associated with a seizure. There is no indication of altered consciousness or sudden movements that would suggest a seizure event.", "answer": "NES"}"
Y0001@8-15-2022@DA1322DT@sz_v1_1.mp4,
,"ES",
,"{"description": "The patient exhibits sudden, unprovoked movements including thrashing and pulling at the blanket. These actions appear to be involuntary and occur without warning. The patient's eyes remain open but seem unfocused, suggesting a possible loss of consciousness or altered mental state during the episode.", "answer": "ES"}"
Y0001@8-15-2022@DA1322DT@sz_v2_1.mp4,
,"NES",
,"{"description": "The patient exhibits sudden, unprovoked movements including thrashing and convulsions while lying in bed. These movements appear to be involuntary and are not preceded by any apparent trigger or stimulus.", "answer": "ES"}"
Y0001@8-15-2022@DA1322DU@sz_v1_1.mp4,
,"NES",
,"{"description": "The patient exhibits no sudden, repetitive, or involuntary movements that are typically associated with epileptic seizures. The patient appears to be resting or sleeping, with minimal movement that does not suggest a seizure.", "answer": "NES"}"
Y0001@8-15-2022@DA1322DU@sz_v2_1.mp4,
,"NES",
,"{"description": "The patient exhibits sudden, unprovoked movements including thrashing and convulsions while lying in bed. The episode appears to be spontaneous without an identifiable trigger such as stress or injury. The patient's behavior is consistent with a loss of consciousness and motor control.", "answer": "ES"}"
Y0001@8-15-2022@DA1322DU@sz_v3_1.mp4,
,"ES",
,"{"description": "The patient exhibits sudden, unprovoked movements while lying in bed, which could be indicative of a seizure. However, the movements appear to be more erratic and less rhythmic than typical epileptic seizures. The patient also seems to regain consciousness quickly after the episode, which can sometimes occur in both ES and NES. Given the context and the nature of the movements, it is more likely a non-epileptic event.", "answer": "NES"}"
Y0001@8-15-2022@DA1322DV@poss_sz_v1_0.mp4,
,"NES",
,"{"description": "The patient exhibits sudden, unprovoked movements including thrashing and convulsions while lying in bed. These movements appear to be involuntary and are accompanied by a loss of consciousness as indicated by the patient's lack of response to external stimuli. The episode seems to occur without any apparent trigger such as stress or physical exertion.", "answer": "ES"}"
Y0001@8-15-2022@DA1322DV@sz_v1_1.mp4,
,"ES",
,"{"description": "The patient exhibits sudden, unprovoked movements including thrashing and convulsions while lying in bed. The episode appears to be spontaneous without an identifiable trigger such as stress or injury. The patient's limbs move rhythmically and involuntarily, which is characteristic of a seizure. Medical staff respond promptly, suggesting a concern for a serious medical event.", "answer": "ES"}"
Y0003@1-23-2019@DA00127Y@nes_v1_1.mp4,
,"ES",
,"{"description": "The patient remains motionless throughout the video, showing no signs of convulsions, muscle spasms, or altered consciousness that would typically be associated with a seizure. The lack of any physical or behavioral changes suggests that the patient is not experiencing a seizure.", "answer": "NES"}"
Y0003@1-23-2019@DA00127Y@nes_v1_2.mp4,
,"NES",
,"{"description": "The patient in the video does not exhibit typical signs of a seizure such as convulsions, loss of consciousness, or repetitive movements. The patient appears to be responsive and able to interact with medical staff, which suggests that the event is not consistent with an epileptic seizure.", "answer": "NES"}"
Y0003@1-23-2019@DA00127Y@nes_v2_1.mp4,
,"NES",
,"{"description": "The patient exhibits sudden, repetitive movements including arm flailing and head turning, which are characteristic of a convulsive episode. The presence of medical staff adjusting equipment suggests a monitored situation typical for seizures. However, without EEG data or further medical context, it's challenging to definitively classify the event.", "answer": "ES"}"
Y0003@1-23-2019@DA00127Y@nes_v3_1.mp4,
,"NES",
,"{"description": "The patient remains motionless throughout the video, showing no signs of convulsions, muscle spasms, or altered consciousness that would typically be associated with an epileptic seizure. The presence of a visitor interacting normally with the patient further suggests the absence of seizure activity.", "answer": "NES"}"
Y0003@1-23-2019@DA00127Y@nes_v4_1.mp4,
,"ES",
,"{"description": "The patient remains still throughout the video, showing no signs of convulsions, loss of consciousness, or other typical seizure symptoms. The nurse interacts with the patient who appears to be responsive.", "answer": "NES"}"
Y0003@1-23-2019@DA00127Y@nes_v5_1.mp4,
,"NES",
,"{"description": "The patient appears to be experiencing a tonic-clonic seizure, characterized by rhythmic jerking movements and loss of consciousness. The presence of a caregiver monitoring the situation suggests a medical context where seizures are expected. The patient's head is wrapped, possibly indicating a recent injury or surgery, which could be a contributing factor to the seizure.", "answer": "ES"}"
Y0003@1-23-2019@DA001280@nes_v1_1.mp4,
,"NES",
,"{"description": "The patient in the video does not exhibit typical signs of a seizure such as convulsions, loss of consciousness, or repetitive movements. The patient appears to be resting or possibly experiencing discomfort but there are no clear indicators of a seizure event.", "answer": "NES"}"
Y0003@1-23-2019@DA001280@nes_v2_1.mp4,
,"NES",
,"{"description": "The patient exhibits sudden, unprovoked movements that appear to be involuntary. The limbs show rhythmic jerking, which is characteristic of a tonic-clonic seizure. There is no apparent trigger for these movements, and they seem to occur spontaneously while the patient is lying in bed.", "answer": "ES"}"
Y0003@1-23-2019@DA70225C@nes_v1_1.mp4,
,"NES",
,"{"description": "The patient exhibits rhythmic movements, which can be associated with both epileptic seizures and non-epileptic events. However, the presence of medical staff checking vital signs and using a device on the patient suggests a monitored situation that could indicate a non-epileptic event, possibly psychogenic nonepileptic seizures (PNES), where psychological factors play a role. The lack of typical convulsive movements and the patient's responsiveness to the nurse also lean towards NES.", "answer": "NES"}"
Y0003@1-23-2019@DA70225C@nes_v2_1.mp4,
,"NES",
,"{"description": "The patient exhibits no visible signs of convulsions, loss of consciousness, or other typical symptoms associated with an epileptic seizure. The patient remains seated and appears to be engaged in conversation on the phone, suggesting normal cognitive function throughout the event.", "answer": "NES"}"
Y0004@11-19-2018@DA7021VW@sz_v1_1.mp4,
,"ES",
,"{"description": "The patient exhibits sudden, unprovoked movements including thrashing arms and legs while lying on the bed. The episode appears to be brief and resolves quickly with medical intervention. The lack of prolonged unconsciousness and the rapid return to normalcy suggest a non-epileptic event.", "answer": "NES"}"
Y0004@11-19-2018@DA7021VW@sz_v2_1.mp4,
,"ES",
,"{"description": "The patient exhibits sudden, unprovoked movements including thrashing and convulsions while lying in bed. The movements appear involuntary and there is no immediate response to external stimuli. These symptoms are characteristic of a loss of motor control commonly associated with epileptic seizures.", "answer": "ES"}"
Y0005@3-17-2022@DA1321FC@sz_v1_1.mp4,
,"ES",
,"{"description": "The patient exhibits sudden, unprovoked movements including thrashing and convulsions while lying in bed. The movements appear involuntary and there is no apparent trigger such as emotional distress or physical discomfort. The patient's eyes remain open but seem unfocused during the episode.", "answer": "ES"}"
Y0005@3-17-2022@DA1321FC@sz_v2_1.mp4,
,"ES",
,"{"description": "The patient exhibits sudden, unprovoked movements including thrashing and apparent loss of consciousness while lying in bed. The episode appears to be spontaneous without an identifiable trigger such as stress or injury. The patient's behavior suggests a neurological event characterized by abnormal brain activity.", "answer": "ES"}"
Y0006@7-6-2015@TA764261@sz_v3_1.mp4,
,"NES",
,"{"description": "The patient exhibits sudden, unprovoked movements including thrashing and shaking while lying in bed. The movements appear involuntary and there is no apparent external trigger for these actions. The patient's behavior suggests a loss of control typical of a seizure.", "answer": "ES"}"
Y0006@7-6-2015@TA764269@sz_v2_1.mp4,
,"NES",
,"{"description": "The patient exhibits sudden, unprovoked movements including thrashing and convulsions while lying in bed. The movements appear involuntary and there is no apparent external trigger for these actions. The patient's eyes remain closed throughout the episode, suggesting a loss of consciousness.", "answer": "ES"}"
Y0006@7-6-2015@VA7632ZD@sz_v1_1.mp4,
,"NES",
,"{"description": "The patient exhibits sudden, unprovoked movements including thrashing and convulsions while lying in bed. These movements appear involuntary and are accompanied by a change in consciousness as the patient seems unaware of their surroundings during the episode.", "answer": "ES"}"
Y0007@9-14-2022@KA9602C4@sz_v1_1.mp4,
,"ES",
,"{"description": "The patient exhibits sudden, unprovoked movements including thrashing and convulsions while lying in bed. The movements appear involuntary and there is a loss of consciousness as indicated by the patient's inability to respond to the nurse's attempts to calm them down.", "answer": "ES"}"
Y0008@1-26-2021@DA0015OO@nes_v1_1.mp4,
,"ES",
,"{"description": "The patient does not exhibit any signs of a seizure such as convulsions, loss of consciousness, or repetitive movements. The patient appears to be calm and responsive throughout the video.", "answer": "NES"}"
Y0009@8-13-2020@UA6692CY@nes_v1_1.mp4,
,"NES",
,"{"description": "The patient exhibits sudden, unprovoked movements and appears to lose consciousness briefly. There is no apparent trigger for these symptoms, and they seem to occur spontaneously. The patient's behavior is consistent with a neurological event rather than a psychological one.", "answer": "ES"}"
Z0001@3-15-2022@KA9601C7@multiple_sz1_1.mp4,
,"NES",
,"{"description": "The patient exhibits sudden, unprovoked movements including thrashing arms and legs, which appear to be involuntary. The patient also seems to lose consciousness during the episode. These symptoms are consistent with a loss of control and altered mental state typical of an epileptic seizure.", "answer": "ES"}"
Z0001@3-15-2022@KA9601C7@multiple_sz1_2.mp4,
,"NES",
,"{"description": "The patient exhibits sudden, repetitive movements including arm flailing and leg thrashing. These movements appear to be involuntary and uncontrolled, suggesting a loss of consciousness or awareness during the episode. The patient's eyes remain open but unfocused, which can be indicative of a seizure.", "answer": "ES"}"
Z0001@3-15-2022@KA9601C7@multiple_sz1_3.mp4,
,"NES",
,"{"description": "The patient exhibits rhythmic, repetitive movements that appear to be localized primarily to the head and upper body. The movements are consistent with a tonic-clonic pattern, which is characteristic of an epileptic seizure. The patient's eyes remain open and there is no apparent loss of consciousness, suggesting a focal onset seizure. The presence of a medical professional observing the event further supports the likelihood of an epileptic seizure.", "answer": "ES"}"
Z0001@3-15-2022@KA9601C7@multiple_sz2_1.mp4,
,"NES",
,"{"description": "The patient exhibits sudden, unprovoked movements including thrashing arms and legs, which appear to be involuntary. The patient also seems disoriented and has difficulty speaking clearly after the episode. These symptoms are consistent with a loss of consciousness and motor control typical of an epileptic seizure.", "answer": "ES"}"
Z0001@3-15-2022@KA9601C7@multiple_sz2_2.mp4,
,"NES",
,"{"description": "The patient exhibits sudden, unprovoked movements including thrashing arms and legs, which appear to be involuntary. The patient also seems to lose consciousness as indicated by the inability to maintain a seated position and the lack of response to external stimuli. These symptoms are characteristic of a tonic-clonic seizure.", "answer": "ES"}"
Z0001@3-15-2022@KA9601C7@multiple_sz2_3.mp4,
,"NES",
,"{"description": "The patient exhibits sudden, repetitive movements including thrashing and clenching of fists, which are characteristic of a tonic-clonic seizure. The rapid onset and cessation of these symptoms suggest a neurological origin.", "answer": "ES"}"
Z0001@3-15-2022@KA9601C7@multiple_sz2_4.mp4,
,"NES",
,"{"description": "The patient exhibits sudden, unprovoked movements including thrashing arms and legs, which are characteristic of a convulsive episode. The rapid onset and lack of apparent external triggers suggest a neurological origin. These symptoms align with those typically observed during an epileptic seizure.", "answer": "ES"}"
Z0001@3-15-2022@KA9601C7@multiple_sz2_5.mp4,
,"NES",
,"{"description": "The patient exhibits sudden, unprovoked movements including thrashing arms and legs while lying in bed. These movements appear to be involuntary and there is no apparent external trigger. The patient also seems to lose consciousness during the episode.", "answer": "ES"}"
Z0003@5-24-2018@DA7020TA@sz_v2_1.mp4,
,"ES",
,"{"description": "The patient exhibits repetitive, rhythmic movements of the arms and legs, which are characteristic of motor seizures. The patient appears to be unconscious during these movements, suggesting a loss of awareness typical of generalized tonic-clonic seizures.", "answer": "ES"}"
Z0003@5-24-2018@DA7020TA@sz_v3_1.mp4,
,"NES",
,"{"description": "The patient remains still throughout the video, showing no signs of convulsions, loss of consciousness, or other typical seizure symptoms. The environment suggests a medical setting where seizures might be monitored, but there is no observable evidence of a seizure occurring.", "answer": "NES"}"
Z0003@5-24-2018@DA7020TA@sz_v4_1.mp4,
,"ES",
,"{"description": "The patient exhibits sudden, repetitive movements and appears to lose consciousness briefly. The movements are not rhythmic and seem to be triggered by external factors rather than spontaneous electrical activity in the brain.", "answer": "NES"}"
Z0003@6-13-2018@DA0010Z2@sz_v1_1.mp4,
,"NES",
,"{"description": "The patient in the video does not exhibit typical signs of a seizure such as convulsions, loss of consciousness, or repetitive movements. Instead, the patient appears to be awake and responsive, adjusting their blanket and showing no signs of distress or altered mental state that would be associated with a seizure.", "answer": "NES"}"
Z0003@6-13-2018@DA0010Z2@sz_v2_1.mp4,
,"NES",
,"{"description": "The video does not show any signs of a seizure. The patient appears to be engaged in normal activities such as eating and handling food items, which suggests there are no abnormal neurological events occurring.","answer": "NES"}"
Z0003@6-13-2018@DA0010Z3@sz_v1_1.mp4,
,"NES",
,"{"description": "The patient exhibits a sudden onset of repetitive, rhythmic movements involving the head and neck, which appear to be involuntary. There is no apparent loss of consciousness or postictal confusion observed. The movements seem to be localized and do not progress to involve other parts of the body.", "answer": "NES"}"
Z0003@6-13-2018@DA7020Y1@sz_v1_1.mp4,
,"NES",
,"{"description": "The patient exhibits sudden, unprovoked movements including arm flailing and head tossing while lying on the hospital bed. These actions appear involuntary and are not preceded by any obvious trigger. The patient's behavior does not seem to be influenced by external factors such as pain or discomfort, suggesting a neurological origin.", "answer": "ES"}"
Z0003@6-13-2018@DA7020Y4@sz_v1_1.mp4,
,"ES",
,"{"description": "The patient exhibits no visible signs of convulsions, loss of consciousness, or other typical symptoms associated with an epileptic seizure. The patient appears to be responsive and there are no indications of muscle rigidity or spasms.", "answer": "NES"}"
Z0004@1-28-2019@DA70225W@nes_v1_1.mp4,
,"NES",
,"{"description": "The patient exhibits sudden, unprovoked movements including thrashing arms and legs, which appear to be involuntary. The movements are repetitive and rhythmic, suggesting a loss of control typical during a seizure. There is no apparent trigger for these actions, and they seem to occur without warning.", "answer": "ES"}"
Z0005@1-20-2016@KA333KUV@sz_v1_1.mp4,
,"ES",
,"{"description": "The patient appears to be experiencing a tonic-clonic seizure, characterized by stiffening of the body followed by rhythmic jerking movements. The patient's eyes may roll back, and there could be loss of consciousness. These symptoms are consistent with an epileptic seizure.", "answer": "ES"}"
Z0005@1-20-2016@KA333KW5@sz_v1_1.mp4,
,"NES",
,"{"description": "The patient exhibits sudden, unprovoked movements including thrashing arms and legs, which are characteristic of a convulsive episode. The presence of medical staff quickly responding suggests a serious health event. However, without EEG data or further medical history, it's challenging to definitively diagnose the nature of the seizure.", "answer": "ES"}"
Z0005@1-20-2016@KA333KW5@sz_v1_2.mp4,
,"NES",
,"{"description": "The patient exhibits rhythmic, repetitive movements that appear to be involuntary. The presence of medical staff monitoring and adjusting equipment suggests a serious medical event, but the specific nature of the movements does not clearly indicate convulsive activity typical of an epileptic seizure. The patient's head is restrained, which could be for safety reasons during a non-epileptic event.", "answer": "NES"}"
Z0005@1-20-2016@KA333KW5@sz_v2_1.mp4,
,"NES",
,"{"description": "The patient exhibits sudden, unprovoked movements that appear to be involuntary. The limbs are flailing, and there seems to be a lack of responsiveness to the medical staff's attempts to calm or restrain the patient. These symptoms can be indicative of a seizure. However, without EEG data or further medical history, it's challenging to definitively diagnose the nature of the event.", "answer": "ES"}"
Z0005@1-20-2016@KA333KW5@sz_v2_2.mp4,
,"ES",
,"{"description": "The patient appears to be experiencing a sudden onset of uncontrolled movements, including twitching and jerking of the limbs. The patient's eyes may be rolling back, and there could be a loss of consciousness. These symptoms are consistent with a tonic-clonic seizure, which is a type of epileptic seizure characterized by a loss of consciousness and violent muscle contractions.", "answer": "ES"}"
Z0005@1-20-2016@KA333KW5@sz_v2_3.mp4,
,"ES",
,"{"description": "The patient exhibits rhythmic, repetitive movements that appear to be involuntary. The presence of medical staff monitoring and adjusting equipment suggests a serious medical event. However, without EEG data or further clinical information, it's challenging to definitively diagnose the nature of the seizure.", "answer": "ES"}"
Z0005@1-20-2016@KA333KW5@sz_v3_1.mp4,
,"ES",
,"{"description": "The patient exhibits rhythmic, repetitive movements that appear to be involuntary. The presence of medical staff monitoring and intervening suggests a serious medical event. However, without EEG data or further clinical information, it's challenging to definitively diagnose. The nature of the movements and the context suggest a possible epileptic seizure.", "answer": "ES"}"
Z0005@1-20-2016@KA333KW5@sz_v3_2.mp4,
,"ES",
,"{"description": "The patient exhibits no visible signs of convulsions, loss of consciousness, or other typical symptoms associated with an epileptic seizure. The patient appears to be responsive and engaged with the medical staff throughout the interaction.", "answer": "NES"}"
Z0005@1-20-2016@KA333KW5@sz_v3_3.mp4,
,"ES",
,"{"description": "The patient appears to be experiencing a sudden, involuntary movement where their arm is being forcefully pulled away from the nurse's hand. This abrupt and unexpected action suggests a loss of motor control that could be indicative of a seizure. However, without additional context such as a history of seizures, EEG results, or other neurological symptoms, it's difficult to definitively diagnose. The isolated nature of the movement and the immediate cessation after the arm is released leans more towards a non-epileptic event.", "answer": "NES"}"
Z0005@1-20-2016@KA333KW5@sz_v3_4.mp4,
,"ES",
,"{"description": "The patient exhibits sudden, unprovoked movements and appears to lose consciousness briefly. The presence of medical staff adjusting equipment suggests a monitored situation, but there's no clear indication of typical epileptic seizure characteristics such as tonic-clonic movements or postictal confusion. The rapid onset and cessation, along with the patient's quick return to normalcy, suggest a non-epileptic event.", "answer": "NES"}"
Z0005@1-20-2016@KA333KW5@sz_v3_5.mp4,
,"NES",
,"{"description": "The patient exhibits sudden, unprovoked movements including thrashing arms and legs, which could be indicative of a seizure. However, without EEG data or further medical context, it's challenging to definitively diagnose. The presence of medical staff and equipment suggests a serious medical event being monitored.", "answer": "ES"}"
Z0005@1-20-2016@KA333KW5@sz_v3_6.mp4,
,"ES",
,"{"description": "The patient exhibits rhythmic, repetitive movements that appear to be localized to the arm. There is no indication of loss of consciousness, generalized convulsions, or other typical signs of an epileptic seizure. The presence of medical staff monitoring the situation suggests they are assessing for specific symptoms.", "answer": "NES"}"
Z0005@1-20-2016@KA333KW5@sz_v3_7.mp4,
,"ES",
,"{"description": "The patient exhibits sudden, unprovoked movements and appears to lose consciousness briefly. The presence of medical staff performing interventions suggests a serious medical event, but the specific nature of the movements does not clearly indicate typical epileptic seizure characteristics such as rhythmic jerking or tonic-clonic activity.", "answer": "NES"}"
Z0005@1-20-2016@KA333KW5@sz_v4_1.mp4,
,"ES",
,"{"description": "The patient appears to be experiencing a sudden onset of uncontrolled movements, including shaking and thrashing, which could indicate a seizure. The presence of medical staff actively monitoring and responding suggests a serious medical event. However, without EEG data or further medical history, it's challenging to definitively diagnose the type of seizure. The symptoms described are consistent with both epileptic and non-epileptic events.", "answer": "ES"}"
Z0006@2-28-2023@DA1323F0@sz_v2_1.mp4,
,"ES",
,"{"description": "The patient in the video does not exhibit typical signs of a seizure such as convulsions, loss of consciousness, or repetitive movements. The patient appears to be interacting with medical staff and handling objects, indicating awareness and control over their actions.", "answer": "NES"}"
Z0007@5-6-2014@TA76404O@sz_v1_1.mp4,
,"NES",
,"{"description": "The patient does not exhibit any signs of a seizure such as convulsions, loss of consciousness, or repetitive movements. The patient appears to be interacting normally with the nurse, indicating that this is likely not a seizure event.", "answer": "NES"}"
Z0007@5-6-2014@TA76404O@sz_v2_1.mp4,
,"ES",
,"{"description": "The patient exhibits sudden, unprovoked movements that appear to be involuntary. The limbs are flailing, and there is a loss of consciousness as the patient slumps back into the chair. The rapid onset and the nature of the movements suggest a neurological event.", "answer": "ES"}"
Z0007@5-6-2014@VA7610WD@sz_v1_1.mp4,
,"ES",
,"{"description": "The patient exhibits no sudden, uncontrolled movements, loss of consciousness, or other typical signs of an epileptic seizure. Instead, the patient appears to be adjusting their glasses and touching their abdomen, which suggests more voluntary actions rather than involuntary convulsions.", "answer": "NES"}"
Z0007@5-6-2014@VA7610WE@sz_v1_1.mp4,
,"ES",
,"{"description": "The patient exhibits sudden, unprovoked movements including thrashing and loss of consciousness while seated. These symptoms are consistent with a convulsive seizure, which can be indicative of an epileptic seizure.", "answer": "ES"}"
Z0008@7-21-2021@DA13202N@sz_v1_1.mp4,
,"NES",
,"{"description": "The patient exhibits sudden, unprovoked movements including thrashing and convulsions while lying in bed. The episode appears to be spontaneous without an identifiable trigger such as hyperventilation or suggestion. The patient's movements are involuntary and intense, suggesting a neurological origin.", "answer": "ES"}"
Z0008@7-21-2021@DA13202N@sz_v2_1.mp4,
,"NES",
,"{"description": "The patient exhibits sudden, unprovoked movements including twitching and jerking of limbs, along with a loss of consciousness. These symptoms are characteristic of a neurological disturbance affecting the brain's electrical activity.", "answer": "ES"}"
Z0008@7-21-2021@DA7022WJ@sz_v1_1.mp4,
,"NES",
,"{"description": "The patient exhibits sudden, unprovoked movements including thrashing and convulsions while lying in bed. These movements appear to be involuntary and are accompanied by a loss of consciousness as indicated by the patient's inability to respond to stimuli. The sequence of events, including the abrupt onset and the nature of the movements, are consistent with a seizure.", "answer": "ES"}"
Z0010@2-29-2016@LA222224@sz_v1_1.mp4,
,"NES",
,"{"description": "The patient exhibits sudden, unprovoked movements including thrashing limbs and head tossing. The episode appears to be spontaneous without an identifiable trigger such as stress or environmental factors. The patient loses consciousness and control over their body, which are common characteristics of an epileptic seizure.", "answer": "ES"}"
Z0010@2-29-2016@LA222226@sz_v1_1.mp4,
,"NES",
,"{"description": "The patient exhibits sudden, unprovoked movements including thrashing arms and legs, which are characteristic of a convulsive episode. The presence of medical staff rushing to assist suggests a serious medical event. These symptoms align with those typically observed during an epileptic seizure.", "answer": "ES"}"
Z0010@2-29-2016@LA222227@sz_v1_1.mp4,
,"NES",
,"{"description": "The patient exhibits sudden, unprovoked movements including leg raising and hand gestures that appear to be involuntary. The actions seem to lack a clear stimulus and have a stereotypical nature often associated with seizures. There is no apparent loss of consciousness or postictal confusion observed.", "answer": "ES"}"
Z0011@10-25-2021@DA1320Q5@sz_v1_1.mp4,
,"ES",
,"{"description": "The patient exhibits sudden, repetitive movements including clenching fists and jerking motions. These actions appear involuntary and are accompanied by a change in facial expression suggesting discomfort or distress. The onset is abrupt and the movements are rhythmic, which are characteristic features of a seizure.", "answer": "ES"}"
Z0011@10-25-2021@DA1320Q6@sz_v1_1.mp4,
,"ES",
,"{"description": "The patient exhibits sudden, repetitive movements including clenching of fists and rhythmic leg movements. These actions appear involuntary and are characteristic of motor seizures. The patient's awareness seems altered as they do not respond to external stimuli during these episodes.", "answer": "ES"}"
Z0011@10-25-2021@DA1320Q7@sz_v1_1.mp4,
,"ES",
,"{"description": "The patient appears to be experiencing a sudden, unprovoked change in behavior while lying in bed. There is no visible convulsion, loss of consciousness, or other typical signs of an epileptic seizure. The patient's movements seem more like a reaction to discomfort or pain rather than a neurological event.", "answer": "NES"}"
Z0011@10-25-2021@DA1320QG@sz_v1_1.mp4,
,"NES",
,"{"description": "The patient exhibits subtle movements, including slight hand and arm movements, but there are no signs of convulsions, loss of consciousness, or other typical symptoms associated with an epileptic seizure. The behavior appears more controlled and less intense than what is usually observed during an ES.", "answer": "NES"}"
Z0012@6-10-2019@UA6690C0@sz_v1_1.mp4,
,"ES",
,"{"description": "The patient exhibits sudden, unprovoked movements including thrashing and convulsions while lying in bed. The episode appears to be spontaneous without an identifiable trigger such as emotional stress or physical exertion.", "answer": "ES"}"
Z0013@11-12-2020@UA6692V7@sz_v1_1.mp4,
,"ES",
,"{"description": "The patient exhibits sudden, unprovoked movements including thrashing arms and legs while lying in bed. These movements appear to be involuntary and there is no apparent trigger such as pain or discomfort. The patient's eyes remain closed throughout the episode, and there is no indication of a psychological or situational cause for the behavior.", "answer": "ES"}"
Z0013@11-12-2020@UA6692V8@sz_v1_1.mp4,
,"NES",
,"{"description": "The patient exhibits sudden, unprovoked movements including arm flailing and facial grimacing while lying in bed. These actions appear to be involuntary and there is no apparent external trigger for these behaviors.", "answer": "ES"}"
Z0014@3-26-2020@DA0014FA@sz_v1_1.mp4,
,"ES",
,"{"description": "The patient exhibits sudden, unprovoked movements including thrashing and yelling while lying on the bed. The episode appears to be brief and resolves quickly with medical intervention. These symptoms can be indicative of a non-epileptic event rather than a typical epileptic seizure.", "answer": "NES"}"
