H0002@12-11-2019@DA0013XA@sz_v1_1.mp4,
,"ES",
,"{
  "description": "The patient, who appears to be in a hospital setting, suddenly stands up from his chair, indicating a loss of consciousness or control over his movements. This sudden change in behavior suggests a loss of awareness and motor function, which are common symptoms of a seizure.",
  "answer": "ES"
}"
H0002@12-11-2019@DA0013XI@sz_v2_1.mp4,
,"ES",
,"```json
{
  "description": "The patient is lying in a hospital bed, wearing a headband and a cast on his arm. There is no visible movement or convulsions that would typically indicate a seizure. The patient appears to be in a state of rest, and there are no sudden changes in behavior or physical activity.",
  "answer": "NES"
}
```"
H0003@6-2-2022@KA9601YM@sz_v1_1.mp4,
,"ES",
,"{
  "description": "The patient is lying in a hospital bed, initially appearing to be asleep or resting. Suddenly, they exhibit signs of a seizure, including jerking movements of their arms and legs, which are characteristic of an epileptic seizure.",
  "answer": "ES"
}"
H0003@6-2-2022@KA9601YM@sz_v2_1.mp4,
,"ES",
,"{
  "description": "The patient is lying in a hospital bed, initially appearing to be asleep or resting. Suddenly, they exhibit signs of a seizure, including jerking movements of their arms and legs, which are characteristic of an epileptic seizure.",
  "answer": "ES"
}"
H0003@6-2-2022@KA9601YN@sz_v1_1.mp4,
,"ES",
,"```json
{
  "description": "The patient is lying in a hospital bed, covered with a white blanket, and appears to be experiencing a sudden onset of symptoms such as altered consciousness, possible twitching or jerking movements, and possibly loss of muscle tone. The patient's eyes may be open or closed during the episode.",
  "answer": "NES"
}
```"
H0004@2-19-2020@DA00149V@sz_v1_1.mp4,
,"ES",
,"```json
{
  "description": "The patient is lying in a hospital bed, wearing a headband and a cast on their arm. They are holding a toy phone to their ear and appear to be talking into it. The patient's movements are rhythmic and repetitive, suggesting a seizure-like activity. There is no loss of consciousness observed.",
  "answer": "NES"
}
```"
H0004@2-19-2020@UA6691S7@sz_v1_1.mp4,
,"ES",
,"{
  "description": "The patient is lying in a hospital bed, initially appearing to be asleep but then suddenly becomes agitated, moving his arms and legs uncontrollably. He is wearing a headband and appears to be in distress. The patient's family and medical staff rush to assist him, indicating a sudden onset of uncontrolled movements that are not typical of his usual behavior.",
  "answer": "ES"
}"
I0001@8-25-2022@KA96029R@sz_v1_1.mp4,
,"NES",
,"{"description": "The patient is lying in a hospital bed, wearing a headband and a hospital gown. He appears to be in a state of rest or sleep. There are no visible signs of convulsions, loss of consciousness, or abnormal movements that would typically indicate an epileptic seizure. The patient's breathing seems regular, and there are no sudden changes in his facial expressions or body posture that would suggest a seizure. The environment is calm, and there are no external stimuli that could trigger a seizure.", "answer": "NES"}"
I0002@5-9-2019@DA0012RL@nes_v1_1.mp4,
,"ES",
,"```json
{
  "description": "The patient is lying on a hospital bed, appearing to be in a state of rest or sleep. There are no visible signs of convulsions, loss of consciousness, or other typical symptoms associated with an epileptic seizure such as jerking movements or altered mental status.",
  "answer": "NES"
}
```"
H0002@12-11-2019@DA0013XA@sz_v1_1.mp4,
,"ES",
,"{"description": "The patient initially appears to be eating and using a laptop, but suddenly becomes unresponsive, falls to the floor, and exhibits convulsive movements, including thrashing limbs and loss of consciousness. This behavior is consistent with a seizure, and given the sudden onset, loss of consciousness, and convulsive movements, it is most likely an epileptic seizure.", "answer": "ES"}"
H0002@12-11-2019@DA0013XI@sz_v2_1.mp4,
,"ES",
,"{"description": "The patient is lying in a hospital bed with a bandage on his head and an arm sling, indicating recent trauma or surgery. He appears alert and is engaged in conversation with medical staff, showing no signs of convulsions, loss of consciousness, or other seizure activity. His movements are controlled and purposeful, and he is able to respond to questions and interact normally, which suggests the absence of seizure symptoms.", "answer": "NES"}"
H0003@6-2-2022@KA9601YM@sz_v1_1.mp4,
,"ES",
,"{"description": "The patient, initially lying still in a hospital bed, suddenly begins to exhibit uncontrolled movements, including jerking of the arms and legs, and appears to be in distress. The rapid onset and the violent, involuntary movements suggest a seizure event. The presence of medical staff rushing in and attending to the patient further indicates a medical emergency consistent with a seizure. The patient's symptoms, including the sudden loss of control and the need for immediate medical intervention, are characteristic of an epileptic seizure.", "answer": "ES"}"
H0003@6-2-2022@KA9601YM@sz_v2_1.mp4,
,"ES",
,"{"description": "The patient initially appears to be in a state of rest or sleep, but then begins to exhibit signs of agitation and confusion. The patient's movements are jerky and uncoordinated, and they appear to be struggling to maintain control over their body. The patient's facial expression is one of distress and discomfort, and they appear to be in a state of heightened arousal. The patient's movements are not rhythmic or repetitive, and there is no clear evidence of a focal onset or spread of seizure activity. The patient's movements are more consistent with a non-epileptic event, such as a panic attack or a hallucination.", "answer": "NES"}"
H0003@6-2-2022@KA9601YN@sz_v1_1.mp4,
,"ES",
,"{"description": "The patient is lying in a hospital bed with medical equipment around, appearing alert and conscious. There is no visible convulsing, loss of consciousness, or other typical seizure symptoms. The patient is interacting with medical staff and appears to be in a state of wakefulness, suggesting the event is not a seizure.", "answer": "NES"}"
H0004@2-19-2020@DA00149V@sz_v1_1.mp4,
,"ES",
,"{"description": "The patient initially appears to be engaged in a routine activity, using a nebulizer. Suddenly, the patient experiences a seizure characterized by involuntary movements, including flailing arms and legs, and loss of consciousness. The seizure is brief and appears to be triggered by an external stimulus (possibly the interaction with the nebulizer or the presence of others). The patient's movements are not rhythmic or stereotyped, which is typical of epileptic seizures. The presence of an external trigger and the lack of typical EEG patterns (not visible in the video) suggest a non-epileptic event.", "answer": "NES"}"
H0004@2-19-2020@UA6691S7@sz_v1_1.mp4,
,"ES",
,"{"description": "The patient experiences a sudden loss of consciousness, followed by involuntary movements including thrashing and convulsions. They are surrounded by medical personnel who intervene to prevent injury. The seizure appears to be a generalized tonic-clonic seizure, which is characteristic of epileptic seizures.", "answer": "ES"}"
I0001@8-25-2022@KA96029R@sz_v1_1.mp4,
,"NES",
,"{"description": "The patient is lying in a hospital bed with a bandage on his head, suggesting a recent medical procedure or injury. He appears to be awake and alert, interacting with a nurse who is attending to him. The patient's movements are deliberate and controlled, such as adjusting his position and reaching for his head, which are typical of conscious behavior rather than seizure activity. There is no evidence of convulsions, loss of consciousness, or other signs commonly associated with epileptic seizures. The nurse's actions, including offering him a drink, further indicate that the patient is responsive and aware of his surroundings, which is inconsistent with seizure symptoms. Therefore, the event observed is not an epileptic seizure but rather a non-epileptic event.", "answer": "NES"}"
I0002@5-9-2019@DA0012RL@nes_v1_1.mp4,
,"NES",
,"{"description": "The patient is lying in a hospital bed, appearing unresponsive and with her head tilted back, which suggests a loss of consciousness and involuntary muscle activity. Medical staff are attending to her, indicating a medical emergency. The patient's condition appears to be consistent with a seizure, but without additional clinical details such as EEG findings or a clear history of epilepsy, it is difficult to definitively classify it as epileptic or non-epileptic. However, given the context of a hospital setting and the presence of medical staff, it is more likely to be an epileptic seizure.", "answer": "ES"}"
I0002@5-9-2019@DA0012RL@nes_v2_1.mp4,
,"NES",
,"{"description": "The patient exhibits rhythmic jerking movements of the arms and legs, facial twitching, and appears to be unresponsive to stimuli during the seizure. These symptoms are consistent with an epileptic seizure, as they involve involuntary muscle contractions and altered consciousness, which are hallmark features of ES.", "answer": "ES"}"
I0002@5-9-2019@DA0012RL@nes_v3_1.mp4,
,"NES",
,"{"description": "The patient exhibits sudden, involuntary movements including jerking of the arms and legs, loss of consciousness, and unresponsiveness to stimuli. These symptoms are consistent with an epileptic seizure (ES) as they involve abnormal electrical activity in the brain leading to motor and behavioral symptoms.", "answer": "ES"}"
I0002@5-9-2019@DA0012RL@nes_v4_1.mp4,
,"NES",
,"{"description": "The patient is lying in a hospital bed with medical equipment around, and two individuals are attending to her. One person is holding her hand and appears to be comforting her, while the other is operating a medical device. The patient's body is relatively still, and she is not exhibiting typical seizure symptoms such as convulsions, loss of consciousness, or unusual movements. The scene suggests a calm, controlled environment with medical supervision, which is more consistent with a non-epileptic event (NES) such as a psychogenic non-epileptic seizure (PNES) or a medical procedure-related event rather than an epileptic seizure (ES).", "answer": "NES"}"
I0002@5-9-2019@DA0012RS@nes_v1_1.mp4,
,"NES",
,"{"description": "The patient is lying in a hospital bed, appearing unresponsive and with her eyes closed. A woman is holding her hand, and another person is checking her vitals. The patient does not show typical seizure symptoms such as convulsions, jerking movements, or loss of consciousness with postictal confusion. Her condition seems to be more consistent with a non-epileptic event, possibly a medical or psychological condition requiring further evaluation.", "answer": "NES"}"
I0002@5-9-2019@DA0012RS@nes_v2_1.mp4,
,"NES",
,"{"description": "The patient appears to be experiencing a seizure, characterized by involuntary movements and loss of consciousness. The patient is lying in a hospital bed with medical equipment monitoring their condition, and a healthcare professional is attending to them. The patient's body is rigid and unresponsive, which is typical of a seizure event. The presence of medical staff and equipment suggests a clinical setting where seizures are managed. The patient's symptoms, including loss of consciousness and involuntary movements, are consistent with an epileptic seizure.", "answer": "ES"}"
I0002@5-9-2019@DA0012RS@nes_v3_1.mp4,
,"NES",
,"{"description": "The patient is lying in bed, appearing to be asleep or unconscious, with minimal movement and no visible convulsions or loss of consciousness. The caregiver is gently touching the patient's shoulder, suggesting the patient is not actively seizing but may be unresponsive or in a state of altered consciousness. There are no signs of typical epileptic seizure activity such as rhythmic jerking, tonic-clonic movements, or aura.", "answer": "NES"}"
I0002@5-9-2019@DA0012RS@nes_v4_1.mp4,
,"NES",
,"{"description": "The patient is lying in a hospital bed with medical equipment around, appearing to be in a state of altered consciousness. A woman is holding the patient's hand, and another person is present, possibly a medical professional, observing or assisting. The patient's head is tilted back, and they appear to be unresponsive or in a state of altered awareness. There are no visible convulsions or muscle spasms that would indicate a typical epileptic seizure. The patient's behavior seems more consistent with a non-epileptic event, such as a dissociative or psychological episode, given the lack of typical seizure features like rhythmic jerking movements or loss of bladder control.", "answer": "NES"}"
I0002@5-9-2019@DA0012RS@nes_v5_1.mp4,
,"NES",
,"{"description": "The patient is lying in a hospital bed with medical equipment nearby. A caregiver is seen comforting and massaging the patient's shoulder. The patient appears to be unresponsive, with eyes closed and mouth slightly open, suggesting a possible seizure. The patient does not exhibit typical epileptic seizure symptoms such as rhythmic jerking movements, loss of consciousness with posturing, or aura. Instead, the patient seems to be in a state of sedation or unconsciousness, which may indicate a non-epileptic event such as a sedative-induced coma or a post-operative state. The absence of motor activity and the presence of medical equipment suggest a controlled medical environment, which is more consistent with a non-epileptic event.", "answer": "NES"}"
I0002@5-9-2019@DA0012RT@nes_v1_1.mp4,
,"ES",
,"{"description": "The patient is lying in a hospital bed with medical equipment nearby, appearing to be in a state of rest or sleep. There are no visible signs of convulsions, loss of consciousness, abnormal movements, or other typical seizure symptoms. The patient's posture and facial expression suggest calmness and lack of distress, which is inconsistent with seizure activity. The environment and patient's state indicate a non-epileptic event.", "answer": "NES"}"
I0002@5-9-2019@DA0012RT@nes_v2_1.mp4,
,"NES",
,"{"description": "The patient is lying in a hospital bed with a white mask covering their face, appearing unresponsive and motionless. A caregiver is present, adjusting the patient's position and covering them with a blanket. The patient does not exhibit typical seizure symptoms such as convulsions, jerking movements, or loss of consciousness. The patient remains still with minimal movement, suggesting a possible non-epileptic event, such as a medical procedure or sedation.", "answer": "NES"}"
I0002@5-9-2019@DA0012RT@nes_v3_1.mp4,
,"ES",
,"{"description": "The patient is lying in a hospital bed, appearing to be in a state of unconsciousness or altered mental state, with minimal movement and no visible convulsions or muscle rigidity. The caregiver is holding the patient's hand and appears to be comforting or monitoring the patient. There are no signs of typical epileptic seizure activity such as rhythmic jerking, loss of bladder control, or aura. The patient's behavior suggests a possible non-epileptic event, such as a dissociative or psychogenic episode, given the lack of physical convulsions and the presence of a caregiver providing comfort.", "answer": "NES"}"
I0002@5-9-2019@DA0012RT@nes_v4_1.mp4,
,"ES",
,"{"description": "The patient exhibits uncontrolled movements, including jerking and twitching of limbs, and appears to be in a state of altered consciousness with eyes rolling back. These symptoms are consistent with an epileptic seizure (ES).", "answer": "ES"}"
I0003@12-15-2020@DA0015L9@sz_v1_1.mp4,
,"ES",
,"{"description": "The patient experiences sudden, violent body movements, including thrashing and head turning, with no apparent external trigger, followed by medical staff intervening to manage the episode. The absence of a clear trigger and the violent, uncontrolled nature of the movements suggest a possible epileptic seizure.", "answer": "ES"}"
I0004@11-18-2019@UA669194@sz_v6_1.mp4,
,"ES",
,"{"description": "The patient is lying in a hospital bed with electrodes on their head, indicating monitoring for seizures. They exhibit involuntary movements, including twitching and jerking of the limbs, and appear to be unresponsive to their surroundings. The patient's eyes roll back, and they have a blank stare, which are classic signs of a seizure. The presence of medical staff and the use of monitoring equipment suggest a clinical setting where seizures are being evaluated. The patient's symptoms, including the sudden onset of involuntary movements and loss of consciousness, are consistent with an epileptic seizure.", "answer": "ES"}"
I0005@6-8-2022@KA960202@nes_v1_1.mp4,
,"ES",
,"{"description": "The patient is lying in a hospital bed with a head injury, showing signs of distress and involuntary movements. The patient's eyes are rolling back, and they are making facial expressions indicative of discomfort or pain. The patient is also clutching their chest and appears to be in a state of agitation or confusion, which are not typical of epileptic seizures. These symptoms suggest a non-epileptic event, possibly a reaction to pain or a medical complication.", "answer": "NES"}"
L0001@3-25-2022@DA1321G0@sz_v1_1.mp4,
,"NES",
,"{"description": "The patient appears to be in a hospital bed, wearing a surgical cap and gown, with medical equipment around. The patient's movements are minimal and appear to be self-soothing or adjusting their position, with no clear signs of convulsions, loss of consciousness, or other typical seizure symptoms. The patient seems to be in a state of rest or mild discomfort, not exhibiting the characteristic signs of an epileptic seizure such as jerking movements, stiffening, or altered mental state. The behavior is more consistent with a non-epileptic event, possibly due to stress, pain, or a medical condition.", "answer": "NES"}"
L0001@3-25-2022@DA1321G0@sz_v2_1.mp4,
,"NES",
,"{"description": "The patient is lying in a hospital bed, appearing to be in a state of altered consciousness or confusion, with minimal movement and no clear signs of convulsions or jerking motions typically associated with epileptic seizures. The patient's eyes are open but unfocused, and there is no evidence of automatisms or other seizure-related behaviors. The environment suggests a post-operative or post-acute care setting, and the patient's behavior is more consistent with a non-epileptic event such as a post-anesthesia effect, delirium, or a psychogenic event rather than an epileptic seizure.", "answer": "NES"}"
L0001@3-25-2022@KA9601DZ@sz_v1_1.mp4,
,"NES",
,"{"description": "The patient appears to be in a hospital bed, wearing a hospital gown and a cap, with medical equipment nearby. The patient remains relatively still throughout the video, with minimal movement, and does not exhibit typical seizure symptoms such as convulsions, loss of consciousness, or abnormal motor activity. The patient's behavior suggests a state of rest or possible sedation rather than a seizure. There is no clear evidence of epileptic seizure activity.", "answer": "NES"}"
L0001@3-25-2022@KA9601DZ@sz_v1_2.mp4,
,"NES",
,"{"description": "The patient is lying in a hospital bed with medical equipment around, appearing to be in a state of rest or mild distress. He is wearing a hospital gown and a cap, possibly for medical reasons. He raises his hands to his ears and appears to be listening intently or reacting to something auditory. There is no visible convulsing, loss of consciousness, or other typical signs of a seizure. His movements are controlled and deliberate, suggesting he is not experiencing a seizure but rather engaging with his environment or responding to a stimulus. The lack of typical seizure symptoms and the controlled nature of his actions suggest this is not an epileptic seizure.", "answer": "NES"}"
L0001@3-25-2022@KA9601E9@sz_v1_1.mp4,
,"NES",
,"{"description": "The patient in the video appears to be experiencing a seizure, characterized by sudden, involuntary movements and possibly altered consciousness. The medical staff responds promptly, suggesting a clinical intervention. However, without detailed neurological assessment and diagnostic data (e.g., EEG), it is not possible to definitively classify the event as epileptic (ES) or non-epileptic (NES). The video alone does not provide sufficient diagnostic information to make this determination.", "answer": "NES"}"
L0001@3-25-2022@KA9601EA@sz_v1_1.mp4,
,"NES",
,"{"description": "The patient experiences a sudden, intense episode of involuntary muscle contractions, loss of consciousness, and vocalizations that are not typical of epileptic seizures. The event is accompanied by significant distress and appears to be triggered by a medical procedure, suggesting a non-epileptic event.", "answer": "NES"}"
L0001@5-31-2022@KA9601X9@sz_v1_1.mp4,
,"ES",
,"{"description": "The patient appears to be experiencing a seizure characterized by sudden, involuntary movements and altered consciousness. The patient is seen holding their head, possibly indicating discomfort or confusion, and then becomes still, suggesting a loss of consciousness or a post-ictal state. The patient's eyes are closed, and they appear to be unresponsive to their surroundings, which are typical signs of a seizure. The presence of medical equipment and the patient's hospital setting further support the likelihood of a seizure event. Given the clinical presentation and the context, this is most likely an epileptic seizure (ES).", "answer": "ES"}"
L0001@5-31-2022@KA9601XA@sz_v1_1.mp4,
,"NES",
,"{"description": "The patient in the video appears to be experiencing a seizure characterized by sudden, involuntary movements and facial expressions indicative of distress or discomfort. The patient's eyes are rolling back, and there is a noticeable twitching or jerking motion of the limbs, particularly the right arm. The patient's head is also moving involuntarily, and the facial muscles appear to be contracting. These symptoms are consistent with an epileptic seizure, which typically involves sudden, uncontrolled electrical activity in the brain leading to convulsions, muscle spasms, and altered consciousness. The presence of medical equipment and the patient's hospital setting further support the likelihood of an epileptic seizure rather than a non-epileptic event, which would typically present with different symptoms such as psychological or emotional triggers without the characteristic physical manifestations of seizure activity.", "answer": "ES"}"
L0001@5-31-2022@KA9601XA@sz_v2_1.mp4,
,"ES",
,"{"description": "The patient is lying in a hospital bed with a bandaged head, appearing to be in a state of altered consciousness. There is no visible convulsive movement, loss of bladder or bowel control, or postictal confusion. The patient remains relatively still, with minimal movement, and appears to be awake but unresponsive or drowsy. The medical staff are attending to the patient, suggesting a non-convulsive or non-epileptic event.", "answer": "NES"}"
L0001@5-31-2022@KA9601XB@sz_v1_1.mp4,
,"NES",
,"{"description": "The patient is lying in a hospital bed with medical equipment attached, showing signs of distress and involuntary movements. The patient's facial expression and body movements suggest a seizure-like episode, but the context of the medical setting and the presence of medical staff indicate this is likely a non-epileptic event, as there is no clear evidence of typical epileptic seizure symptoms such as aura, postictal confusion, or specific EEG patterns.", "answer": "NES"}"
L0001@5-31-2022@KA9601XB@sz_v2_1.mp4,
,"NES",
,"{"description": "The patient, who appears to be in a hospital bed with medical equipment, initially seems to be resting or sleeping. Suddenly, the patient's facial expression changes, and they begin to exhibit signs of distress or discomfort, including grimacing and clenching their jaw. The patient's hands also appear to be moving in a jerky, involuntary manner, which could indicate muscle spasms or convulsions. These movements are consistent with seizure activity. However, without additional clinical context or EEG data, it is difficult to definitively diagnose whether this is an epileptic seizure (ES) or a non-epileptic event (NES). Given the observed symptoms, it is more likely to be an epileptic seizure due to the sudden onset and involuntary movements.", "answer": "ES"}"
L0001@5-31-2022@KA9601XL@sz_v1_1.mp4,
,"NES",
,"{"description": "The patient in the video appears to be experiencing a seizure characterized by sudden, involuntary movements and altered consciousness. The patient's head is wrapped in bandages, suggesting a possible head injury or surgical intervention. The patient's eyes are closed, and their body is rigid, which are typical signs of a seizure. The patient's hand is raised to their head, possibly indicating discomfort or confusion. The presence of medical equipment and the patient's state suggest a clinical setting where seizures are monitored. The patient's movements are not consistent with voluntary actions, and the overall context points to a seizure event. The patient's condition is consistent with an epileptic seizure (ES), as the symptoms align with the typical presentation of a seizure, including loss of consciousness, involuntary movements, and altered mental status.", "answer": "ES"}"
L0001@5-31-2022@KA9601XL@sz_v2_1.mp4,
,"NES",
,"{"description": "The patient is lying in a hospital bed with a head injury and is connected to medical equipment. The patient's eyes are closed, and their mouth is slightly open, suggesting a state of unconsciousness or altered mental status. The patient does not exhibit typical seizure symptoms such as convulsions, jerking movements, or loss of bladder control. The patient appears to be in a state of sedation or unconsciousness, possibly due to medication or the effects of the head injury. The patient's movements are minimal and do not suggest a seizure event.", "answer": "NES"}"
L0001@5-31-2022@KA9601XM@sz_v1_1.mp4,
,"NES",
,"{"description": "The patient exhibits sudden, involuntary movements including jerking of the arms and legs, facial grimacing, and appears to be in distress. These symptoms are consistent with a seizure, but without EEG confirmation, it cannot be definitively classified as epileptic or non-epileptic.", "answer": "NES"}"
L0001@5-31-2022@KA9601XW@sz_v1_1.mp4,
,"ES",
,"{"description": "The patient is lying in a hospital bed with a head injury, covered by a blanket, and appears to be unconscious or drowsy. The patient's eyes are closed, and there is no visible convulsive movement or typical seizure activity such as jerking or twitching. The patient's breathing is steady, and there are no signs of tonic-clonic movements. The patient's condition appears to be consistent with a post-traumatic state rather than an epileptic seizure.", "answer": "NES"}"
L0001@5-31-2022@KA9601XX@sz_v1_1.mp4,
,"NES",
,"{"description": "The patient exhibits sudden, involuntary movements and appears to be in a state of confusion or altered consciousness, with no clear external trigger. The presence of medical equipment and the clinical setting suggest a neurological event. The patient's behavior is consistent with an epileptic seizure, characterized by altered mental status and involuntary motor activity.", "answer": "ES"}"
L0002@1-15-2019@DA001278@sz_v1_1.mp4,
,"ES",
,"{"description": "The patient, initially calm and engaged in an activity, suddenly exhibits uncontrolled movements, including thrashing limbs and involuntary body contortions. Multiple individuals rush to assist, suggesting a sudden, severe neurological event. The rapid onset and intensity of the movements, coupled with the need for immediate physical intervention, are indicative of a seizure.", "answer": "ES"}"
L0002@1-15-2019@DA001279@sz_v1_1.mp4,
,"NES",
,"{"description": "The patient is lying in a hospital bed with a head injury, covered by a blanket, and appears to be unconscious or unresponsive. There are no visible convulsions, abnormal movements, or signs of a seizure such as jerking, twitching, or loss of consciousness with posturing. The patient's state is consistent with sedation or unconsciousness due to injury or medical condition, not a seizure. Therefore, this is not an epileptic seizure.", "answer": "NES"}"
L0002@1-15-2019@DA001279@sz_v2_1.mp4,
,"ES",
,"{"description": "The patient experiences sudden, violent movements including thrashing, flailing limbs, and resistance against medical staff attempting to restrain them. The patient's head is wrapped in a bandage, and there are medical devices attached, suggesting a serious medical condition. The seizure appears to be intense and prolonged, with the patient struggling against the staff, which is characteristic of a non-epileptic event (NES) rather than an epileptic seizure (ES), as ES typically presents with more rhythmic, generalized movements and less resistance to restraint.", "answer": "NES"}"
L0002@1-15-2019@DA00127A@sz_v1_1.mp4,
,"NES",
,"{"description": "The patient exhibits sudden, uncontrolled movements, including thrashing and flailing limbs, along with loss of consciousness and involuntary muscle contractions. These symptoms are consistent with a seizure, but without EEG data or further clinical context, it is not possible to definitively determine whether it is an epileptic seizure (ES) or a non-epileptic event (NES). However, based on the described symptoms, it is more likely to be an epileptic seizure.", "answer": "ES"}"
L0002@1-15-2019@DA00127A@sz_v2_1.mp4,
,"ES",
,"{"description": "The patient experiences sudden, violent movements including thrashing and flailing, accompanied by a loss of consciousness and unresponsiveness. The medical team intervenes quickly to restrain the patient and ensure safety, indicating a severe neurological event. The patient's symptoms are consistent with an epileptic seizure, characterized by sudden, involuntary muscle contractions and loss of awareness.", "answer": "ES"}"
L0002@1-15-2019@DA70224N@sz_v1_1.mp4,
,"ES",
,"{"description": "The patient is initially sitting up in bed, appears alert, and interacts with the caregiver. Suddenly, she begins to experience a seizure, characterized by sudden loss of consciousness, convulsions, and involuntary movements. Multiple healthcare professionals rush to her aid, attempting to stabilize her and manage the seizure. The seizure appears to be severe, requiring immediate intervention and assistance from multiple staff members.", "answer": "ES"}"
L0002@1-15-2019@DA70224N@sz_v2_1.mp4,
,"NES",
,"{"description": "The patient is experiencing a seizure characterized by sudden, involuntary movements, including head turning, arm flailing, and loss of consciousness or responsiveness. The medical staff is actively intervening to ensure safety and provide assistance, which is typical during a seizure episode. The clinical setting and the presence of medical equipment further support that this is a seizure event. Given the context and the nature of the movements, it is consistent with an epileptic seizure (ES).", "answer": "ES"}"
L0002@1-15-2019@DA70224O@sz_v1_1.mp4,
,"ES",
,"{"description": "The patient experiences a sudden, uncontrolled physical movement, including thrashing and flailing limbs, accompanied by confusion and disorientation. The patient is surrounded by medical staff who intervene to restrain and stabilize them, indicating a severe, involuntary episode. The presence of medical equipment and the staff's immediate response suggest a medical emergency. These symptoms are consistent with a seizure, and given the context of a hospital setting and the patient's condition, it is most likely an epileptic seizure.", "answer": "ES"}"
L0002@1-23-2018@DA00108B@sz_v1_1.mp4,
,"ES",
,"{"description": "The patient experiences sudden, violent, and uncontrolled movements, including thrashing limbs, rolling over, and being physically restrained by multiple individuals. These symptoms are consistent with a seizure, but the lack of clear neurological indicators and the presence of external triggers (e.g., family members reacting) suggest it may not be an epileptic seizure. The patient appears to regain consciousness after the episode and is calm and coherent, which is more typical of a non-epileptic event.", "answer": "NES"}"
L0002@1-23-2018@DA00108B@sz_v2_1.mp4,
,"ES",
,"{"description": "The patient exhibits sudden, uncontrolled movements, including thrashing limbs and rapid changes in body position, along with facial expressions indicating distress or confusion. These behaviors are inconsistent with typical epileptic seizure patterns, which usually involve rhythmic jerking or convulsions and often have a clear onset and offset. The patient's movements appear to be more erratic and less coordinated, suggesting a non-epileptic event.", "answer": "NES"}"
L0002@1-23-2018@DA00108B@sz_v3_1.mp4,
,"ES",
,"{"description": "The patient experiences a seizure characterized by sudden, uncontrolled movements, including thrashing, flailing arms, and legs, and appears to be in distress. The medical staff quickly intervenes to restrain her, suggesting a potentially dangerous or uncontrollable event. The seizure appears to be triggered by an external stimulus or condition rather than a neurological origin, as the patient is in a hospital setting with medical equipment and staff present to manage the situation. The seizure does not appear to be a typical epileptic seizure, which usually has a more predictable pattern and may be associated with aura or post-ictal confusion. Instead, the patient's behavior suggests a non-epileptic event, possibly related to psychological distress or a physiological response to pain or discomfort.", "answer": "NES"}"
L0002@1-23-2018@DA00108I@sz_v1_1.mp4,
,"ES",
,"{"description": "The patient exhibits sudden, uncontrolled movements including thrashing, flailing limbs, and loss of consciousness, which are indicative of a seizure. The involvement of medical staff to assist and restrain the patient further supports the clinical presentation of a seizure event.", "answer": "ES"}"
L0002@1-23-2018@DA00108J@sz_v1_1.mp4,
,"ES",
,"{"description": "The patient experiences sudden, uncontrolled movements including thrashing, flailing arms, and legs, along with confusion and disorientation. These symptoms are consistent with a seizure, but without EEG confirmation, it is not definitively epileptic.", "answer": "NES"}"
L0002@1-23-2018@DA00108K@sz_v1_1.mp4,
,"ES",
,"{"description": "The patient experiences sudden, violent movements including flailing arms and legs, thrashing, and appears to be in distress. These symptoms are consistent with a seizure, but without EEG data or medical history, it is not possible to definitively diagnose whether it is an epileptic seizure (ES) or a non-epileptic event (NES). However, given the violent, uncontrolled movements and the context of a hospital setting, it is more likely to be an epileptic seizure.", "answer": "ES"}"
L0002@10-16-2023@DA9601XX@sz_v1_1.mp4,
,"ES",
,"{"description": "The patient exhibits sudden, uncontrolled movements including rapid head movements, flailing limbs, and a loss of consciousness or altered mental state, which are characteristic of an epileptic seizure. The presence of medical equipment and the involvement of healthcare professionals further suggest a clinical setting where such symptoms would be recognized as epileptic.", "answer": "ES"}"
I0002@5-9-2019@DA0012RL@nes_v2_1.mp4,
,"ES",
,"```json
{
  "description": "The patient is lying on a hospital bed, appearing to be in distress. The patient's eyes are closed, and there is no visible movement or convulsions. The patient's breathing seems to be regular, and there are no signs of loss of consciousness or altered mental status.",
  "answer": "NES"
}
```"
I0002@5-9-2019@DA0012RL@nes_v3_1.mp4,
,"ES",
,"{
  "description": "The patient is lying on a hospital bed, appearing to be in a state of distress. The patient's eyes are closed, and their body is rigid, which could indicate a seizure. However, without observing the patient's full body movements, facial expressions, or any other specific seizure characteristics such as jerking or loss of consciousness, it is difficult to definitively diagnose the event.",
  "answer": "NES"
}"
I0002@5-9-2019@DA0012RL@nes_v4_1.mp4,
,"ES",
,"```json
{
  "description": "The patient is lying on a hospital bed, appearing to be unconscious or in a state of distress. The patient's eyes are closed, and there is no visible movement or convulsions. The patient's skin appears pale, and there is no response to external stimuli.",
  "answer": "NES"
}
```"
I0002@5-9-2019@DA0012RS@nes_v1_1.mp4,
,"ES",
,"{
  "description": "The patient is lying on a hospital bed, appearing to be in a state of distress. The patient's eyes are closed, and their mouth is slightly open. There is no visible convulsion or twitching of the body, which suggests that this may not be a typical epileptic seizure. The patient's condition seems to be more akin to a state of unconsciousness or possibly a fainting episode.",
  "answer": "NES"
}"
I0002@5-9-2019@DA0012RS@nes_v2_1.mp4,
,"NES",
,"```json
{
  "description": "The patient is lying on a hospital bed, appearing to be in a state of rest or sleep. There are no visible signs of convulsions, loss of consciousness, or other typical symptoms of an epileptic seizure such as jerking movements or altered behavior. The patient's eyes are closed, and there is no evidence of abnormal muscle contractions or loss of awareness.",
  "answer": "NES"
}
```"
I0002@5-9-2019@DA0012RS@nes_v3_1.mp4,
,"NES",
,"{
  "description": "The patient is lying on their side in a hospital bed, showing signs of discomfort and distress. They appear to be experiencing involuntary movements, possibly twitching or jerking motions, which could be indicative of a seizure. The patient's head is turned to the side, and they seem to be in a state of confusion or disorientation.",
  "answer": "NES"
}"
I0002@5-9-2019@DA0012RS@nes_v4_1.mp4,
,"NES",
,"{
  "description": "The patient is lying in a hospital bed, appearing to be in distress. The patient's head is turned to the side, and they seem to be experiencing some form of discomfort or pain. There is no clear evidence of rhythmic jerking movements or loss of consciousness that would typically indicate an epileptic seizure.",
  "answer": "NES"
}"
I0002@5-9-2019@DA0012RS@nes_v5_1.mp4,
,"NES",
,"```json
{
  "description": "The patient is lying on a hospital bed, appearing to be in distress. The patient's eyes are closed, and there is no visible convulsion or loss of consciousness. The patient's breathing appears to be normal, and there are no signs of involuntary movements that would typically accompany an epileptic seizure.",
  "answer": "NES"
}
```"
I0002@5-9-2019@DA0012RT@nes_v1_1.mp4,
,"ES",
,"{
  "description": "The patient is lying on a hospital bed, covered with a white sheet. The patient's right arm is extended outward, and there appears to be a medical device attached to their chest. The patient's head is slightly tilted to the side, and their eyes are closed. There is no visible convulsion or loss of consciousness, but the patient's body movements suggest a possible seizure.",
  "answer": "NES"
}"
I0002@5-9-2019@DA0012RT@nes_v2_1.mp4,
,"ES",
,"```json
{
  "description": "The patient is lying on a hospital bed, appearing to be in a state of rest or sleep. There are no visible signs of convulsions, loss of consciousness, or other typical symptoms of an epileptic seizure such as jerking movements or altered behavior. The patient's eyes are closed, and there is no indication of abnormal muscle activity or changes in breathing pattern.",
  "answer": "NES"
}
```"
I0002@5-9-2019@DA0012RT@nes_v3_1.mp4,
,"ES",
,"{
  "description": "The patient is lying on a hospital bed, covered with a white sheet. The patient's eyes are closed, and their head is tilted back slightly. There is no visible convulsion or jerking movements. The patient appears to be in a state of unconsciousness or deep sleep.",
  "answer": "NES"
}"
I0002@5-9-2019@DA0012RT@nes_v4_1.mp4,
,"ES",
,"{
  "description": "The patient is lying on a hospital bed, appearing to be in a state of rest or sleep. There are no visible convulsions, loss of consciousness, or other typical signs of a seizure such as jerking movements or altered behavior. The patient's eyes are closed, and there is no evidence of involuntary muscle contractions or changes in breathing pattern.",
  "answer": "NES"
}"
I0003@12-15-2020@DA0015L9@sz_v1_1.mp4,
,"ES",
,"{
  "description": "The patient is lying in a hospital bed, initially appearing to be in distress. They are wearing a cap and have a bandage on their head. The patient's movements become erratic, with their arms flailing and their body twisting. The patient's eyes are closed, and they appear to be experiencing convulsions. The patient's breathing becomes irregular, and their skin turns pale. The patient's condition deteriorates rapidly, and medical staff rush into the room to assist.",
  "answer": "ES"
}"
I0004@11-18-2019@UA669194@sz_v6_1.mp4,
,"ES",
,"{
  "description": "The patient is lying on a hospital bed, covered with a white blanket. They have a medical device attached to their head, possibly for monitoring brain activity. The patient's eyes are closed, and they appear to be in a state of unconsciousness or deep sleep. There is no visible convulsion or jerking movements that would typically accompany an epileptic seizure. The patient's breathing seems regular, and there are no signs of loss of consciousness or altered mental status that would suggest a non-epileptic event.",
  "answer": "NES"
}"
I0005@6-8-2022@KA960202@nes_v1_1.mp4,
,"NES",
,"{
  "description": "The patient is lying in a hospital bed, covered with a blanket, and appears to be experiencing a seizure. The patient's eyes are closed, and there is a noticeable jerking motion in their body, which is characteristic of a seizure. The patient's head is turned to the side, and they seem to be in discomfort.",
  "answer": "ES"
}"
L0001@3-25-2022@DA1321G0@sz_v1_1.mp4,
,"NES",
,"{"description": "The patient is sitting upright in a hospital bed, wearing a hospital gown and a headband. There is no visible convulsion, loss of consciousness, or abnormal movements that would typically indicate an epileptic seizure. The patient appears to be in a state of rest, possibly experiencing discomfort or distress.", "answer": "NES"}"
L0001@3-25-2022@DA1321G0@sz_v2_1.mp4,
,"NES",
,"{"description": "The patient is lying in a hospital bed, wearing a hospital gown and a cap. The patient's eyes are closed, and there appears to be no significant movement or convulsions. The patient's hands are relaxed on their lap, and there are no signs of jerking or loss of consciousness.", "answer": "NES"}"
L0001@3-25-2022@KA9601DZ@sz_v1_1.mp4,
,"NES",
,"{"description": "The patient is sitting in a hospital bed, wearing a hospital gown and a headband. The patient appears to be in a state of confusion or disorientation, as they are looking around and moving their head slightly. There are no visible convulsions, loss of consciousness, or other typical signs of a seizure.", "answer": "NES"}"
L0001@3-25-2022@KA9601DZ@sz_v1_2.mp4,
,"NES",
,"{"description": "The patient is lying in a hospital bed, wearing a hospital gown and a cap. They appear to be experiencing a seizure, as indicated by their head movements and facial contortions.", "answer": "ES"}"
L0001@3-25-2022@KA9601E9@sz_v1_1.mp4,
,"NES",
,"```json
{
  "description": "The patient is lying in a hospital bed, covered with a white blanket, and appears to be experiencing a sudden onset of symptoms that include twitching movements in his arms and legs, which could be indicative of a seizure. The patient's eyes may be rolling back, and he might be experiencing loss of consciousness or altered mental status.",
  "answer": "NES"
}
```"
L0001@3-25-2022@KA9601EA@sz_v1_1.mp4,
,"NES",
,"{
  "description": "The patient is lying in a hospital bed, wearing a hospital gown and a headband. They appear to be experiencing a sudden onset of symptoms that include a loss of consciousness, followed by rhythmic jerking movements of their arms and legs. The patient's eyes are closed during the episode, and they do not respond to verbal stimuli. After the episode, the patient regains consciousness but appears confused and disoriented.",
  "answer": "ES"
}"
L0001@5-31-2022@KA9601X9@sz_v1_1.mp4,
,"ES",
,"```json
{
  "description": "The patient is lying in a hospital bed, covered with a blanket, and wearing a hospital gown with an orange border. The patient appears to be experiencing a seizure, as indicated by their head movements and facial expressions. The patient's eyes are closed, and they seem to be in a state of distress.",
  "answer": "ES"
}
```"
L0001@5-31-2022@KA9601XA@sz_v1_1.mp4,
,"NES",
,"{"description": "The patient is lying in a hospital bed, covered with a blanket, and wearing a hospital gown. They have a bandage on their head and are connected to medical equipment. The patient's eyes are closed, and they appear to be in a state of rest or sleep. There are no visible signs of convulsions, jerking movements, or loss of consciousness that would typically indicate an epileptic seizure.", "answer": "NES"}"
L0001@5-31-2022@KA9601XA@sz_v2_1.mp4,
,"ES",
,"```json
{
  "description": "The patient is lying in a hospital bed, covered with a blanket and wearing a hospital gown. They have a cap on their head, which appears to be part of a medical monitoring setup. The patient's eyes are closed, and they seem to be in a state of rest or sleep. There are no visible signs of convulsions, jerking movements, or any other typical seizure symptoms such as loss of consciousness or altered behavior that would suggest an epileptic seizure.",
  "answer": "NES"
}
```"
L0001@5-31-2022@KA9601XB@sz_v1_1.mp4,
,"NES",
,"{"description": "The patient is lying in a hospital bed, covered with a white sheet and wearing a hospital gown. They have a bandage on their head and are connected to medical equipment. The patient's eyes are closed, and they appear to be in a state of unconsciousness or deep sleep. There are no visible convulsions, jerking movements, or loss of consciousness that would typically indicate an epileptic seizure.", "answer": "NES"}"
L0001@5-31-2022@KA9601XB@sz_v2_1.mp4,
,"ES",
,"{"description": "The patient is lying in a hospital bed, wearing a hospital gown and a headband with electrodes attached. The patient's eyes are closed, and there is no visible movement or convulsion. The patient's facial expression remains unchanged throughout the video.", "answer": "NES"}"
L0001@5-31-2022@KA9601XL@sz_v1_1.mp4,
,"NES",
,"{"description": "The patient is lying in a hospital bed, wearing a hospital gown and a cap. The patient's eyes are closed, and there appears to be some movement in the face and mouth area, which could be indicative of a seizure. However, without more information about the duration, pattern, and context of these movements, it is difficult to definitively diagnose whether this is an epileptic seizure or a non-epileptic event.", "answer": "NES"}"
L0001@5-31-2022@KA9601XL@sz_v2_1.mp4,
,"NES",
,"{
  "description": "The patient is lying in a hospital bed, wearing a hospital gown and a cap. The patient's eyes are closed, and there appears to be some movement in their facial muscles and possibly their hands. The patient seems to be experiencing a sudden onset of symptoms that could be indicative of a seizure.",
  "answer": "NES"
}"
L0001@5-31-2022@KA9601XM@sz_v1_1.mp4,
,"ES",
,"```json
{
  "description": "The patient is experiencing a sudden onset of altered mental status, with a loss of consciousness and no recall of events following the episode. The patient's eyes were rolling back, and there was no response to verbal stimuli during the event.",
  "answer": "NES"
}
```"
L0001@5-31-2022@KA9601XW@sz_v1_1.mp4,
,"NES",
,"{
  "description": "The patient is lying in a hospital bed, covered with a white blanket and wearing a hospital gown. They have a bandage on their head and are connected to medical equipment. The patient's eyes are closed, and they appear to be experiencing a seizure characterized by rhythmic eye movements and twitching of the face and arms.",
  "answer": "ES"
}"
L0001@5-31-2022@KA9601XX@sz_v1_1.mp4,
,"ES",
,"{
  "description": "The patient is lying in a hospital bed, wearing a cap with electrodes attached to their head, suggesting they are undergoing some form of neurological monitoring. The patient appears to be in a state of rest, with minimal movement observed. There is no clear evidence of convulsions, loss of consciousness, or other typical signs of a seizure such as altered behavior or physical jerks.",
  "answer": "NES"
}"
L0002@1-15-2019@DA001278@sz_v1_1.mp4,
,"NES",
,"```json
{
  "description": "The patient is lying in a hospital bed, covered with a white sheet, and appears to be experiencing a sudden onset of convulsions. The patient's body is rigid, and there is a loss of consciousness. The patient's eyes are closed, and there is no response to external stimuli.",
  "answer": "ES"
}
```"
L0002@1-15-2019@DA001279@sz_v1_1.mp4,
,"NES",
,"```json
{
  "description": "The patient is lying on a hospital bed, covered with a white blanket, and appears to be in a state of rest. There are no visible signs of convulsions, loss of consciousness, or any other typical symptoms of a seizure such as jerking movements or altered behavior.",
  "answer": "NES"
}
```"
L0002@1-15-2019@DA001279@sz_v2_1.mp4,
,"NES",
,"```json
{
  "description": "The patient is lying in a hospital bed, initially appearing to be asleep but then suddenly becomes unresponsive and starts jerking their arms and legs violently. The patient's eyes roll back, and they appear to be in distress. This sequence of events is consistent with the typical symptoms of a generalized tonic-clonic seizure.",
  "answer": "ES"
}
```"
L0002@1-15-2019@DA00127A@sz_v1_1.mp4,
,"NES",
,"```json
{
  "description": "The patient is lying in a hospital bed, covered with a white sheet. There is a medical professional standing beside the bed, and another person is assisting with the patient's position. The patient appears to be experiencing a sudden change in posture and movement, which could indicate a seizure. The patient's eyes are closed, and there is a sense of urgency as the medical staff is actively involved in managing the situation.",
  "answer": "NES"
}
```"
L0002@1-15-2019@DA00127A@sz_v2_1.mp4,
,"NES",
,"{
  "description": "The patient exhibits tonic-clonic movements, loss of consciousness, and generalized convulsions, which are characteristic of an epileptic seizure.",
  "answer": "ES"
}"
L0002@1-15-2019@DA70224N@sz_v1_1.mp4,
,"NES",
,"```json
{
  "description": "The patient is experiencing a sudden onset of generalized tonic-clonic movements, characterized by stiffening followed by rhythmic jerking. The patient's eyes are rolling back, and there is no response to external stimuli.",
  "answer": "ES"
}
```"
L0002@1-15-2019@DA70224N@sz_v2_1.mp4,
,"ES",
,"```json
{
  "description": "The patient exhibits generalized tonic-clonic movements, loss of consciousness, and convulsive activity involving the entire body, which are typical symptoms of an epileptic seizure.",
  "answer": "ES"
}
```"
L0002@1-15-2019@DA70224O@sz_v1_1.mp4,
,"ES",
,"{
  "description": "The patient is experiencing a sudden onset of generalized tonic-clonic movements, characterized by stiffening followed by rhythmic jerking. The patient's eyes are rolling back, and there is no response to external stimuli during the episode.",
  "answer": "ES"
}"
L0002@1-23-2018@DA00108B@sz_v1_1.mp4,
,"ES",
,"{
  "description": "The patient is lying in a hospital bed, experiencing a sudden onset of convulsions and loss of consciousness. The patient's body is rigid, and there is no response to external stimuli. The patient's eyes are rolling back, and there is a lack of awareness.",
  "answer": "ES"
}"
L0002@1-23-2018@DA00108B@sz_v2_1.mp4,
,"ES",
,"{
  "description": "The patient is experiencing a sudden onset of uncontrolled movements, including jerking of limbs and loss of consciousness, which are characteristic of a seizure. The patient's behavior does not align with typical non-epileptic events such as fainting or panic attacks.",
  "answer": "ES"
}"
L0002@1-23-2018@DA00108B@sz_v3_1.mp4,
,"ES",
,"{"description": "The patient is lying in a hospital bed, initially appearing to be asleep or unconscious. Suddenly, they begin to move their arms and legs rapidly and uncontrollably, which is characteristic of a seizure. The patient's eyes are closed during this period, and there is no clear indication of a response to external stimuli. After the movement stops, the patient appears confused and disoriented.", "answer": "ES"}"
L0002@1-23-2018@DA00108I@sz_v1_1.mp4,
,"ES",
,"{"description": "The patient, a woman in a hospital gown and headscarf, is seated in a chair. She appears to be experiencing a sudden onset of uncontrolled movements, including jerking of her arms and legs, and a loss of consciousness. Her eyes are closed, and she seems to be in distress. The movements are rapid and forceful, suggesting a loss of voluntary control over her body.", "answer": "ES"}"
L0002@1-23-2018@DA00108J@sz_v1_1.mp4,
,"ES",
,"{
  "description": "The patient exhibits sudden, uncontrolled movements that appear to be convulsive in nature, consistent with a seizure. The patient's body stiffens, and there is a loss of consciousness, which are typical signs of an epileptic seizure.",
  "answer": "ES"
}"
L0002@1-23-2018@DA00108K@sz_v1_1.mp4,
,"ES",
,"{
  "description": "The patient is lying in a hospital bed, initially appearing to be asleep but then suddenly becomes agitated, moving her arms and legs rapidly. She appears to be experiencing a loss of consciousness and control over her movements, which are characteristic of a seizure.",
  "answer": "ES"
}"
L0002@10-16-2023@DA9601XX@sz_v1_1.mp4,
,"ES",
,"```json
{
  "description": "The patient is sitting in a chair, suddenly leans back, and then falls to the floor. There is no loss of consciousness or convulsive movements observed.",
  "answer": "NES"
}
```"
