A0002@5-13-2021@UA6693LK@sz_v1_1.mp4,
,"ES",
,"{"description": "The patient exhibits sudden, unprovoked movements including thrashing arms and legs, which are characteristic of a convulsive episode. The rapid onset and the involvement of multiple muscle groups suggest a neurological origin. The presence of medical staff administering oxygen and monitoring the patient further indicates a serious medical event consistent with a seizure.", "answer": "ES"}"
A0002@5-13-2021@UA6693LK@sz_v2_1.mp4,
,"NES",
,"{"description": "The patient in the video shows no signs of convulsions, loss of consciousness, or other typical symptoms associated with an epileptic seizure. The patient appears to be resting or sleeping, with minimal movement that does not suggest seizure activity.", "answer": "NES"}"
A0002@5-13-2021@UA6693LY@sz_v1_1.mp4,
,"ES",
,"{"description": "The patient exhibits sudden, unprovoked movements including thrashing and convulsions while lying in bed. The episode appears to be spontaneous without an identifiable trigger such as hyperventilation or psychological stress. The patient's loss of consciousness and the need for medical intervention suggest a neurological origin.", "answer": "ES"}"
A0003@10-20-2020@DA0015B9@sz_v1_1.mp4,
,"ES",
,"{"description": "The patient exhibits sudden, unprovoked movements including arm flailing and head turning, which are characteristic of a loss of motor control. There is no apparent trigger for these actions, suggesting they are involuntary. The patient also appears to be unresponsive during the episode, which can indicate a disruption in brain function typical of seizures.", "answer": "ES"}"
A0003@10-20-2020@DA0015B9@sz_v2_1.mp4,
,"ES",
,"{"description": "The patient exhibits sudden, repetitive movements including arm flailing and head tossing while lying in bed. These actions appear to be involuntary and unresponsive to external stimuli, suggesting a loss of control typical during a seizure. The lack of apparent triggers and the nature of the movements align more closely with epileptic seizures rather than psychogenic non-epileptic seizures.", "answer": "ES"}"
A0003@10-20-2020@DA0015BA@sz_v3_1.mp4,
,"ES",
,"{"description": "The patient exhibits sudden, repetitive movements including arm flailing and leg thrashing while lying in bed. These movements appear to be involuntary and uncontrolled, suggesting a neurological origin. The patient's eyes remain closed throughout the episode, which can be common in both epileptic and non-epileptic seizures. However, the nature of the movements, their intensity, and the lack of apparent external triggers suggest a possible epileptic seizure.", "answer": "ES"}"
A0003@10-20-2020@DA0015BA@sz_v4_1.mp4,
,"ES",
,"{"description": "The patient exhibits sudden, unprovoked movements including jerking and thrashing while lying in bed. These movements appear to be involuntary and there is no apparent external trigger. The patient's eyes remain closed throughout the episode, suggesting a loss of consciousness.", "answer": "ES"}"
A0003@10-20-2020@UA6692PZ@sz_v1_1.mp4,
,"ES",
,"{"description": "The patient exhibits sudden, unprovoked movements including arm flailing and head tossing, which are characteristic of a loss of motor control. The abrupt onset and the nature of the movements suggest a neurological origin rather than a psychological one.", "answer": "ES"}"
A0003@10-20-2020@UA6692Q0@sz_v1_1.mp4,
,"ES",
,"{"description": "The patient exhibits no sudden, uncontrolled movements, loss of consciousness, or other typical signs of a seizure. Instead, she appears to be interacting normally with her surroundings, opening and closing a laptop, which suggests voluntary control over her actions.", "answer": "NES"}"
A0003@10-20-2020@UA6692Q0@sz_v3_1.mp4,
,"ES",
,"{"description": "The patient in the video does not exhibit typical signs of a seizure such as convulsions, loss of consciousness, or repetitive movements. The patient appears to be awake and responsive, adjusting their position and interacting with their surroundings. These behaviors suggest that the event is more likely a non-epileptic event rather than an epileptic seizure.", "answer": "NES"}"
A0003@10-20-2020@UA6692Q0@sz_v4_1.mp4,
,"NES",
,"{"description": "The patient exhibits subtle movements, including slight head turning and arm adjustments, but there are no signs of convulsions, loss of consciousness, or other typical symptoms associated with an epileptic seizure. The movements appear more voluntary and less intense than what would be expected during an ES.", "answer": "NES"}"
A0003@10-20-2020@UA6692Q1@sz_v1_1.mp4,
,"NES",
,"{"description": "The patient exhibits sudden, unprovoked movements including arm flailing and head tossing while lying in bed. These actions appear to be involuntary and occur without warning. The patient's eyes remain open throughout the episode, which is more characteristic of a non-epileptic event rather than a typical epileptic seizure.", "answer": "NES"}"
A0003@10-20-2020@UA6692Q1@sz_v2_1.mp4,
,"ES",
,"{"description": "The patient exhibits sudden, unprovoked movements including thrashing arms and legs, which are characteristic of a convulsive episode. However, there is no apparent loss of consciousness or postictal confusion observed. The movements seem more purposeful and less chaotic than typical epileptic seizures.", "answer": "NES"}"
A0004@5-21-2019@DA0012TK@sz_v2_1.mp4,
,"NES",
,"{"description": "The patient exhibits sudden, rhythmic movements of the arms and legs, along with a change in facial expression and apparent loss of consciousness. These symptoms are characteristic of a tonic-clonic seizure.", "answer": "ES"}"
A0006@11-19-2019@DA0013UT@sz_v3_1.mp4,
,"ES",
,"{"description": "The patient exhibits sudden, unprovoked movements including arm flailing and apparent loss of consciousness. These symptoms are consistent with a tonic-clonic seizure, which is a type of epileptic seizure characterized by a loss of consciousness and violent muscle contractions.", "answer": "ES"}"
A0007@11-21-2017@DA3332LI@sz_v1_1.mp4,
,"ES",
,"{"description": "The patient exhibits sudden, unprovoked movements including thrashing and convulsions while lying on the hospital bed. Medical staff quickly respond to stabilize the patient, suggesting a neurological event. The rapid onset and the need for immediate medical intervention point towards a seizure.", "answer": "ES"}"
A0007@11-21-2017@DA3332M5@sz_v1_1.mp4,
,"ES",
,"{"description": "The patient exhibits sudden, unprovoked movements including thrashing limbs and apparent loss of consciousness. The episode seems to occur without an identifiable trigger and involves a change in behavior that suggests a neurological origin.", "answer": "ES"}"
A0007@11-21-2017@DA3332M9@sz_v1_1.mp4,
,"ES",
,"{"description": "The patient exhibits sudden, unprovoked movements including thrashing and convulsions while lying on the hospital bed. The episode appears to be spontaneous without an identifiable trigger such as hyperventilation or suggestion. The patient's limbs move rhythmically and involuntarily, which is characteristic of a seizure.", "answer": "ES"}"
B0001@9-15-2022@DA1322M1@sz_v1_1.mp4,
,"ES",
,"{"description": "The patient exhibits sudden, unprovoked movements including thrashing and apparent loss of consciousness while lying in bed. These symptoms are consistent with a convulsive episode that could be indicative of an epileptic seizure.", "answer": "ES"}"
D0001@9-25-2018@DA0011NN@nes_v1_1.mp4,
,"NES",
,"{"description": "The patient exhibits no visible signs of a seizure such as convulsions, loss of consciousness, or repetitive movements. The patient appears to be engaged in drawing and interacting normally, suggesting that the event is not consistent with an epileptic seizure.", "answer": "NES"}"
D0002@5-29-2014@TA76406W@nes_v2_1.mp4,
,"NES",
,"{"description": "The patient does not exhibit any signs of a seizure such as convulsions, loss of consciousness, or repetitive movements. The patient appears to be engaged in conversation and shows no abnormal neurological behavior.", "answer": "NES"}"
D0002@5-29-2014@TA76406W@nes_v2_2.mp4,
,"ES",
,"{"description": "The patient in the video does not exhibit typical signs of a seizure such as convulsions, loss of consciousness, or repetitive movements. The patient appears to be engaged in conversation and shows no signs of altered mental status or physical disturbances that would suggest a seizure.", "answer": "NES"}"
D0002@5-29-2014@TA76406W@nes_v3_1.mp4,
,"ES",
,"{"description": "The patient in the video does not exhibit typical signs of a seizure such as convulsions, loss of consciousness, or repetitive movements. Instead, the patient appears to be engaged in a focused activity involving a device on their chest, which suggests a controlled and intentional action rather than an involuntary seizure.", "answer": "NES"}"
D0002@5-29-2014@TA76406W@nes_v4_1.mp4,
,"NES",
,"{"description": "The patient in the video does not exhibit typical signs of a seizure such as convulsions, loss of consciousness, or repetitive movements. The patient appears to be using a handheld device on their chest, which could be a medical device for monitoring or treatment, but there are no visible signs of uncontrolled electrical activity in the brain that would suggest an epileptic seizure.", "answer": "NES"}"
D0002@5-29-2014@TA76406X@nes_v1_1.mp4,
,"NES",
,"{"description": "The patient appears to be experiencing a sudden, unprovoked change in behavior, including altered consciousness and possible muscle twitching. However, there are no clear signs of convulsions, loss of bladder control, or other typical symptoms associated with an epileptic seizure. The patient seems to regain awareness relatively quickly without postictal confusion.", "answer": "NES"}"
D0002@5-29-2014@TA76406Z@nes_v1_1.mp4,
,"NES",
,"{"description": "The patient appears to be experiencing a sudden, unprovoked change in behavior, including altered consciousness and possible muscle twitching. The lack of clear convulsive movements and the context of a hospital setting suggest this could be a non-epileptic event rather than a typical epileptic seizure.", "answer": "NES"}"
D0002@5-29-2014@TA76406Z@nes_v3_1.mp4,
,"NES",
,"{"description": "The patient exhibits repetitive, rhythmic movements involving the hands and arms, which appear to be coordinated and purposeful rather than random or violent. The patient remains conscious and appears to be interacting with their environment, suggesting a level of awareness that is often absent during an epileptic seizure. These symptoms are more consistent with a non-epileptic event.", "answer": "NES"}"
D0002@5-29-2014@VA7610ZK@nes_v1_1.mp4,
,"NES",
,"{"description": "The patient exhibits no signs of convulsions, loss of consciousness, or other typical symptoms associated with epileptic seizures. The patient appears to be aware and responsive throughout the video, indicating that this is likely a non-epileptic event.", "answer": "NES"}"
D0002@5-29-2014@VA7610ZK@nes_v2_1.mp4,
,"NES",
,"{"description": "The patient exhibits no visible signs of convulsions, loss of consciousness, or other typical symptoms associated with an epileptic seizure. The patient appears to be alert and responsive throughout the video, despite some food on their chest suggesting possible difficulty with eating control. There are no indications of muscle stiffness, twitching, or altered mental status that would suggest an epileptic seizure.", "answer": "NES"}"
D0002@5-29-2014@VA7610ZK@nes_v4_1.mp4,
,"NES",
,"{"description": "The patient exhibits sudden, unprovoked movements that appear to be involuntary. The patient's eyes remain open and there is no loss of consciousness observed. The movements seem to be rhythmic and repetitive, which can be indicative of a seizure. However, without EEG data or further medical history, it's challenging to definitively diagnose. The presence of a healthcare professional checking the patient suggests concern for a medical event.", "answer": "ES"}"
D0002@5-29-2014@VA76111G@nes_v1_1.mp4,
,"NES",
,"{"description": "The patient does not exhibit any signs of a seizure such as convulsions, loss of consciousness, or repetitive movements. The interaction appears normal with no indication of altered mental status or physical control.", "answer": "NES"}"
D0003@8-20-2018@DA0011FY@sz_v1_1.mp4,
,"ES",
,"{"description": "The patient exhibits sudden, unprovoked movements including thrashing and convulsions while lying in bed. The episode appears to be spontaneous without an identifiable trigger such as stress or injury. The patient's eyes remain open but appear unfocused during the event.", "answer": "ES"}"
D0003@8-20-2018@DA7021DY@sz_v1_1.mp4,
,"ES",
,"{"description": "The patient exhibits sudden, unprovoked movements including thrashing arms and legs, which are characteristic of a convulsive episode. The rapid response by medical staff suggests a serious medical event, likely requiring immediate intervention typical for seizures.", "answer": "ES"}"
D0004@12-11-2017@DA00100C@sz_v1_1.mp4,
,"ES",
,"{"description": "The patient exhibits sudden, unprovoked movements including falling to the ground and convulsions. These symptoms are characteristic of a loss of motor control and altered consciousness which are common in epileptic seizures.", "answer": "ES"}"
D0004@12-11-2017@DA00100D@sz_v2_1.mp4,
,"ES",
,"{"description": "The patient exhibits sudden, unprovoked movements including thrashing and convulsions while lying in bed. The episode appears to be spontaneous without an identifiable trigger such as stress or injury. The patient's limbs move rhythmically and involuntarily, which is characteristic of a seizure. The medical staff responds promptly, suggesting a recognition of these symptoms as a medical emergency.", "answer": "ES"}"
D0004@12-11-2017@DA00100U@sz_v1_1.mp4,
,"ES",
,"{"description": "The patient exhibits sudden, unprovoked movements including thrashing and convulsions while lying in bed. The episode appears to be spontaneous without an identifiable trigger such as stress or injury. The patient's limbs move rhythmically and involuntarily, which is characteristic of a seizure. Medical staff respond quickly, suggesting a recognized medical emergency.", "answer": "ES"}"
E0003@6-27-2022@KA96022I@nes_v1_1.mp4,
,"NES",
,"{"description": "The patient exhibits sudden, repetitive movements including rubbing their face and eyes, which could be indicative of a non-epileptic event. There is no apparent loss of consciousness or convulsive activity typically associated with an epileptic seizure.", "answer": "NES"}"
E0005@6-5-2018@DA7020X7@sz_v1_1.mp4,
,"ES",
,"{"description": "The patient exhibits sudden, unprovoked movements including arm flailing and body thrashing while lying in bed. These movements appear involuntary and are not responsive to the nurse's attempts to calm him. The abrupt onset and lack of control suggest a neurological origin.", "answer": "ES"}"
E0006@6-2-2015@TA7641ZV@sz_v1_1.mp4,
,"ES",
,"{"description": "The patient exhibits rhythmic, repetitive movements that appear to be involuntary. The presence of medical staff monitoring and providing care suggests a serious medical event. However, without EEG data or further clinical information, it's challenging to definitively diagnose the nature of the seizure. The symptoms observed could be consistent with an epileptic seizure due to their apparent involuntary and rhythmic nature.", "answer": "ES"}"
E0007@10-8-2014@TA7640SH@sz_v1_1.mp4,
,"ES",
,"{"description": "The patient exhibits sudden, repetitive movements including head turning and arm flailing, which appear to be involuntary. The presence of medical staff adjusting equipment suggests a monitored situation, possibly for seizure activity. However, the rapid onset and cessation, along with the specific nature of the movements, may indicate a psychogenic non-epileptic seizure rather than a classic epileptic seizure.", "answer": "NES"}"
E0007@10-8-2014@TA7640TP@sz_v1_1.mp4,
,"NES",
,"{"description": "The patient exhibits subtle changes in behavior, such as slight head movements and hand adjustments, but there are no strong indications of convulsions, loss of consciousness, or other typical signs of an epileptic seizure. The presence of a medical professional checking the patient suggests monitoring for potential issues, but the symptoms observed are not characteristic of a full-blown seizure.", "answer": "NES"}"
E0007@10-8-2014@VA7631PO@sz_v1_1.mp4,
,"ES",
,"{"description": "The patient exhibits repetitive hand movements, which could be indicative of a focal motor seizure. However, there is no loss of consciousness, no tonic-clonic activity, and the movements appear somewhat voluntary and responsive to the nurse's presence. The patient also seems aware of his surroundings and can interact with the nurse.", "answer": "NES"}"
E0008@1-22-2015@TA7641A3@sz_v1_1.mp4,
,"NES",
,"{"description": "The patient exhibits no visible signs of convulsions, loss of consciousness, or other typical symptoms associated with an epileptic seizure. The patient remains relatively still and alert throughout the video.", "answer": "NES"}"
E0009@11-23-2020@DA0015I7@sz_v1_1.mp4,
,"ES",
,"{"description": "The patient exhibits sudden, unprovoked movements including thrashing arms and legs, which are characteristic of a convulsive episode. The rapid onset and the apparent loss of consciousness suggest a neurological event. The presence of medical staff administering oxygen indicates a serious health concern.", "answer": "ES"}"
E0009@11-23-2020@DA0015I8@sz_v1_1.mp4,
,"ES",
,"{"description": "The patient exhibits sudden, unprovoked movements including arm flailing and vocalizations while lying in bed. These symptoms appear to be involuntary and not responsive to external stimuli, which are characteristic of an epileptic seizure.", "answer": "ES"}"
E0009@11-23-2020@DA0015II@sz_v1_1.mp4,
,"ES",
,"{"description": "The patient exhibits sudden, unprovoked movements including thrashing arms and legs, which are characteristic of a convulsive episode. The presence of medical staff quickly responding with oxygen administration suggests a serious medical event. However, without EEG confirmation or a history of epilepsy, these symptoms alone are not definitive for an epileptic seizure.", "answer": "NES"}"
E0010@6-29-2021@DA0016IF@nes_v1_1.mp4,
,"NES",
,"{"description": "The patient in the video does not exhibit typical signs of a seizure such as convulsions, loss of consciousness, or repetitive movements. The patient appears to be resting or possibly experiencing discomfort but there are no clear indicators of an epileptic seizure. A healthcare professional briefly interacts with the patient, which suggests monitoring rather than responding to a seizure.", "answer": "NES"}"
F0001@9-28-2022@KA9602FL@sz_v1_1.mp4,
,"NES",
,"{"description": "The patient appears to be experiencing a sudden onset of uncontrolled movements, including twitching and jerking, which are characteristic of a seizure. The patient's eyes may be rolling back, and there could be a loss of consciousness. These symptoms are consistent with an epileptic seizure.", "answer": "ES"}"
F0002@4-26-2018@DA0010PI@sz_v1_1.mp4,
,"ES",
,"{"description": "The patient exhibits sudden, unprovoked movements including thrashing and kicking while lying in bed. The episode appears to be brief and resolves quickly as medical staff attend to the patient. There are no signs of prolonged unconsciousness or postictal confusion.", "answer": "ES"}"
G0001@6-20-2019@DA0012ZY@sz_v1_1.mp4,
,"ES",
,"{"description": "The patient exhibits sudden, unprovoked movements including thrashing and convulsions while lying in bed. The episode appears to be spontaneous without an identifiable trigger such as stress or injury. The patient's behavior is consistent with a loss of consciousness and motor control.", "answer": "ES"}"
G0001@6-20-2019@DA0012ZY@sz_v2_1.mp4,
,"ES",
,"{"description": "The patient exhibits sudden, unprovoked movements while lying in bed, followed by a loss of consciousness and muscle stiffness. These symptoms are characteristic of a tonic-clonic seizure, which is a type of epileptic seizure.", "answer": "ES"}"
H0001@2-10-2015@TA7641DP@sz_v1_1.mp4,
,"ES",
,"{"description": "The patient exhibits no signs of convulsions, loss of consciousness, or other typical symptoms associated with an epileptic seizure. The patient appears to be alert and responsive throughout the video, indicating that the event is likely not epileptic.", "answer": "NES"}"
H0001@2-10-2015@TA7641DP@sz_v2_1.mp4,
,"ES",
,"{"description": "The patient exhibits subtle changes in facial expression and slight movements, but there are no overt signs of convulsions, loss of consciousness, or other typical symptoms associated with an epileptic seizure. The behavior appears more consistent with a non-epileptic event.", "answer": "NES"}"
H0001@2-10-2015@VA7632CV@sz_v1_1.mp4,
,"ES",
,"{"description": "The patient exhibits sudden, unprovoked movements including thrashing arms and legs, which appear to be involuntary. The patient also seems to lose consciousness during the episode. These symptoms are characteristic of a tonic-clonic seizure.", "answer": "ES"}"
H0001@2-10-2015@VA7632CV@sz_v3_1.mp4,
,"ES",
,"{"description": "The patient exhibits sudden, unprovoked movements including thrashing arms and legs, which are characteristic of a convulsive episode. The rapid onset and the involvement of multiple muscle groups suggest a neurological origin. The presence of medical staff quickly responding to stabilize the patient further indicates a serious medical event consistent with a seizure.", "answer": "ES"}"
H0002@12-11-2019@DA0013XA@sz_v1_1.mp4,
,"NES",
,"{"description": "The patient exhibits sudden, unprovoked movements including falling to the floor and convulsions. These symptoms are characteristic of a loss of motor control and altered consciousness, which are common in epileptic seizures. The rapid onset and the need for immediate medical intervention further suggest a neurological origin.", "answer": "ES"}"
H0002@12-11-2019@DA0013XI@sz_v2_1.mp4,
,"NES",
,"{"description": "The patient in the video does not exhibit any visible signs of a seizure such as convulsions, loss of consciousness, or repetitive movements. The patient appears to be alert and responsive, engaging in conversation and gesturing with their hands. There are no indications of altered mental status or physical symptoms typically associated with epileptic seizures.", "answer": "NES"}"
H0003@6-2-2022@KA9601YM@sz_v1_1.mp4,
,"ES",
,"{"description": "The patient exhibits sudden, unprovoked movements including thrashing and convulsions while lying in bed. The movements appear to be involuntary and there is no apparent external trigger for these actions. The patient's eyes remain open but seem unfocused during the episode.", "answer": "ES"}"
H0003@6-2-2022@KA9601YM@sz_v2_1.mp4,
,"ES",
,"{"description": "The patient exhibits sudden, unprovoked movements including thrashing and convulsions while lying in bed. The movements appear involuntary and there is a loss of consciousness as indicated by the patient's inability to respond to stimuli. These symptoms are characteristic of a seizure.", "answer": "ES"}"
H0003@6-2-2022@KA9601YN@sz_v1_1.mp4,
,"ES",
,"{"description": "The patient exhibits sudden, unprovoked movements including thrashing arms and legs while lying in bed. The movements appear involuntary and there is no apparent trigger such as pain or discomfort. The patient's eyes remain open but seem unfocused during the episode.", "answer": "ES"}"
H0004@2-19-2020@DA00149V@sz_v1_1.mp4,
,"ES",
,"{"description": "The patient exhibits sudden, unprovoked movements including thrashing and loss of consciousness, which are characteristic of a seizure. The presence of medical personnel and the patient's hospital setting suggest a serious medical event. These symptoms align with those typically associated with an epileptic seizure.", "answer": "ES"}"
H0004@2-19-2020@UA6691S7@sz_v1_1.mp4,
,"ES",
,"{"description": "The patient exhibits sudden, unprovoked movements including thrashing and apparent loss of consciousness while lying in bed. The episode appears to be spontaneous without an identifiable trigger such as stress or injury.", "answer": "ES"}"
I0001@8-25-2022@KA96029R@sz_v1_1.mp4,
,"NES",
,"{"description": "The patient exhibits no visible signs of convulsions, loss of consciousness, or other typical symptoms associated with an epileptic seizure. The patient appears to be responsive and engaged in conversation, which suggests that the event is not consistent with an epileptic seizure.", "answer": "NES"}"
I0002@5-9-2019@DA0012RL@nes_v1_1.mp4,
,"NES",
,"{"description": "The patient exhibits no visible signs of convulsions, loss of consciousness, or other typical symptoms associated with an epileptic seizure. The patient remains relatively still and does not display any abnormal movements or behaviors that would suggest a seizure.", "answer": "NES"}"
I0002@5-9-2019@DA0012RL@nes_v2_1.mp4,
,"NES",
,"{"description": "The patient exhibits sudden, repetitive movements and appears to lose consciousness briefly. There is no indication of a postictal state or confusion following the event.", "answer": "NES"}"
I0002@5-9-2019@DA0012RL@nes_v3_1.mp4,
,"NES",
,"{"description": "The patient exhibits no visible signs of convulsions, loss of consciousness, or other typical symptoms associated with an epileptic seizure. The patient appears to be responsive and there are no indications of muscle stiffness or jerking.", "answer": "NES"}"
I0002@5-9-2019@DA0012RL@nes_v4_1.mp4,
,"NES",
,"{"description": "The patient in the video does not exhibit typical signs of a seizure such as convulsions, loss of consciousness, or repetitive movements. The patient appears to be lying still on the bed, and there is no indication of muscle stiffness or jerking that would suggest a tonic-clonic seizure. The nurse and another person seem to be interacting normally with the patient, suggesting the patient is responsive and aware.", "answer": "NES"}"
I0002@5-9-2019@DA0012RS@nes_v1_1.mp4,
,"ES",
,"{"description": "The patient exhibits rhythmic, repetitive movements that appear to be involuntary, which are characteristic of a seizure. The presence of a healthcare professional monitoring the situation suggests a medical response to a suspected seizure. However, without EEG data or further medical context, it's challenging to definitively diagnose the nature of the event.", "answer": "ES"}"
I0002@5-9-2019@DA0012RS@nes_v2_1.mp4,
,"ES",
,"{"description": "The patient in the video does not exhibit any visible signs of a seizure such as convulsions, loss of consciousness, or repetitive movements. The patient appears to be resting quietly in bed while being monitored by medical staff. There is no indication of abnormal behavior that would suggest a seizure.", "answer": "NES"}"
I0002@5-9-2019@DA0012RS@nes_v3_1.mp4,
,"NES",
,"{"description": "The patient exhibits rhythmic, repetitive movements that appear to be involuntary, which are characteristic of a seizure. The presence of a caregiver providing support suggests a sudden onset of these symptoms. The movements are consistent with motor seizures often seen in epileptic events.", "answer": "ES"}"
I0002@5-9-2019@DA0012RS@nes_v4_1.mp4,
,"NES",
,"{"description": "The patient exhibits sudden, repetitive movements including head turning and arm flailing, which appear to be involuntary. The presence of a medical professional checking the patient suggests concern for a medical event. However, without EEG confirmation, these symptoms alone are not definitive for epilepsy.", "answer": "NES"}"
I0002@5-9-2019@DA0012RS@nes_v5_1.mp4,
,"NES",
,"{"description": "The patient exhibits no visible signs of convulsions, loss of consciousness, or other typical symptoms associated with an epileptic seizure. The patient appears to be resting or sleeping peacefully, and there are no sudden movements or changes in behavior that would suggest a seizure.", "answer": "NES"}"
I0002@5-9-2019@DA0012RT@nes_v1_1.mp4,
,"ES",
,"{"description": "The patient appears to be lying in a hospital bed, covered with a blanket, and there are no visible signs of convulsions, loss of consciousness, or other typical symptoms associated with an epileptic seizure. The patient seems to be resting or sleeping peacefully without any sudden movements or changes in behavior that would indicate a seizure.", "answer": "NES"}"
I0002@5-9-2019@DA0012RT@nes_v2_1.mp4,
,"NES",
,"{"description": "The patient appears to be experiencing a tonic-clonic seizure, characterized by a loss of consciousness, stiffening of the body, and rhythmic jerking movements. The patient's eyes are closed, and there is no indication of voluntary movement or responsiveness.", "answer": "ES"}"
I0002@5-9-2019@DA0012RT@nes_v3_1.mp4,
,"NES",
,"{"description": "The patient exhibits no visible signs of convulsions, loss of consciousness, or other typical symptoms associated with an epileptic seizure. The patient appears to be lying still on the bed, with minimal movement that does not suggest seizure activity.", "answer": "NES"}"
I0002@5-9-2019@DA0012RT@nes_v4_1.mp4,
,"NES",
,"{"description": "The patient exhibits no visible signs of convulsions, loss of consciousness, or other typical symptoms associated with an epileptic seizure. The patient appears to be resting or possibly asleep, with minimal movement. The person beside the patient seems to be engaged on a phone, indicating a calm environment without distress.", "answer": "NES"}"
I0003@12-15-2020@DA0015L9@sz_v1_1.mp4,
,"ES",
,"{"description": "The patient exhibits sudden, unprovoked movements including thrashing and convulsions while lying in bed. The episode appears to be spontaneous without an identifiable trigger such as hyperventilation or psychological stress. The presence of medical staff rushing to assist suggests a serious medical event.", "answer": "ES"}"
I0004@11-18-2019@UA669194@sz_v6_1.mp4,
,"ES",
,"{"description": "The patient exhibits sudden, unprovoked movements including thrashing arms and legs, which are common in epileptic seizures. The presence of medical staff administering oxygen suggests a serious medical event, likely requiring immediate intervention typical for ES.", "answer": "ES"}"
I0005@6-8-2022@KA960202@nes_v1_1.mp4,
,"NES",
,"{"description": "The patient exhibits subtle changes in facial expression and body movements, but there are no clear signs of convulsions, loss of consciousness, or other typical symptoms associated with an epileptic seizure. The movements appear more voluntary and less intense than what is usually observed during an ES.", "answer": "NES"}"
L0001@3-25-2022@DA1321G0@sz_v1_1.mp4,
,"NES",
,"{"description": "The patient exhibits no sudden, uncontrolled movements, loss of consciousness, or other typical signs of an epileptic seizure. The behavior appears more consistent with a response to external stimuli or discomfort rather than a neurological event.", "answer": "NES"}"
L0001@3-25-2022@DA1321G0@sz_v2_1.mp4,
,"NES",
,"{"description": "The patient exhibits no visible signs of convulsions, loss of consciousness, or other typical symptoms associated with an epileptic seizure. The patient appears to be alert and responsive throughout the video.", "answer": "NES"}"
L0001@3-25-2022@KA9601DZ@sz_v1_1.mp4,
,"NES",
,"{"description": "The patient exhibits no visible signs of convulsions, loss of consciousness, or other typical symptoms associated with an epileptic seizure. The patient appears to be alert and responsive throughout the video.", "answer": "NES"}"
L0001@3-25-2022@KA9601DZ@sz_v1_2.mp4,
,"NES",
,"{"description": "The patient in the video does not exhibit typical signs of a seizure such as convulsions, loss of consciousness, or repetitive movements. Instead, the patient appears to be adjusting their earphones, which suggests a voluntary action rather than an involuntary seizure.", "answer": "NES"}"
L0001@3-25-2022@KA9601E9@sz_v1_1.mp4,
,"NES",
,"{"description": "The patient exhibits no visible signs of convulsions, loss of consciousness, or other typical symptoms associated with an epileptic seizure. The patient appears to be responsive and there are no indications of muscle rigidity or automatisms.", "answer": "NES"}"
L0001@3-25-2022@KA9601EA@sz_v1_1.mp4,
,"NES",
,"{"description": "The patient exhibits sudden, unprovoked movements and appears to lose consciousness briefly. There is no apparent trigger for these symptoms, and they seem to occur spontaneously.", "answer": "ES"}"
L0001@5-31-2022@KA9601X9@sz_v1_1.mp4,
,"NES",
,"{"description": "The patient exhibits sudden, repetitive movements involving both arms and head, which appear to be involuntary. The movements are rhythmic and involve flexion and extension of the limbs. There is no apparent loss of consciousness or postictal confusion observed.", "answer": "ES"}"
L0001@5-31-2022@KA9601XA@sz_v1_1.mp4,
,"NES",
,"{"description": "The patient appears to be experiencing a seizure characterized by rhythmic, repetitive movements and altered consciousness. The head is wrapped, suggesting a recent medical procedure or injury, but the seizure-like activity does not appear to be associated with typical post-operative complications. The movements are consistent with motor seizures.", "answer": "ES"}"
L0001@5-31-2022@KA9601XA@sz_v2_1.mp4,
,"NES",
,"{"description": "The patient appears to be experiencing a non-epileptic event. There are no visible signs of convulsions, loss of consciousness, or other typical symptoms associated with an epileptic seizure. The patient seems alert and responsive throughout the video.", "answer": "NES"}"
L0001@5-31-2022@KA9601XB@sz_v1_1.mp4,
,"NES",
,"{"description": "The patient appears to be experiencing a seizure characterized by rhythmic, repetitive movements and altered consciousness. The presence of medical staff monitoring and the patient's head being wrapped suggest a serious medical condition. The symptoms align with those typically observed during an epileptic seizure.", "answer": "ES"}"
L0001@5-31-2022@KA9601XB@sz_v2_1.mp4,
,"NES",
,"{"description": "The patient exhibits subtle movements, primarily involving the right hand, which appears to be manipulating a small object. There is no indication of loss of consciousness, convulsions, or other typical signs of an epileptic seizure. The movements seem purposeful and controlled.", "answer": "NES"}"
L0001@5-31-2022@KA9601XL@sz_v1_1.mp4,
,"NES",
,"{"description": "The patient exhibits sudden, unprovoked movements including head shaking and arm flailing. These actions appear involuntary and are not responsive to external stimuli, such as the nurse's intervention. The abrupt onset and lack of apparent trigger suggest a neurological origin.", "answer": "ES"}"
L0001@5-31-2022@KA9601XL@sz_v2_1.mp4,
,"NES",
,"{"description": "The patient exhibits no visible signs of convulsions, loss of consciousness, or other typical symptoms associated with an epileptic seizure. The patient appears to be awake and responsive throughout the video.", "answer": "NES"}"
L0001@5-31-2022@KA9601XM@sz_v1_1.mp4,
,"NES",
,"{"description": "The patient exhibits sudden, unprovoked movements including twitching and jerking of the arms and hands. There is no apparent loss of consciousness or postictal confusion observed. The patient appears to regain control quickly after the episode.", "answer": "ES"}"
L0001@5-31-2022@KA9601XW@sz_v1_1.mp4,
,"NES",
,"{"description": "The patient exhibits subtle changes in facial expression and hand movements, but there are no overt signs of convulsions, loss of consciousness, or other typical features of an epileptic seizure. The behavior appears more like a reaction to discomfort or pain rather than a neurological event.", "answer": "NES"}"
L0001@5-31-2022@KA9601XX@sz_v1_1.mp4,
,"NES",
,"{"description": "The patient exhibits repetitive, rhythmic movements of the arms and hands, which are characteristic of motor seizures. The presence of medical staff monitoring and adjusting equipment suggests a clinical setting where such events are observed and managed. These symptoms align with the typical presentation of an epileptic seizure.", "answer": "ES"}"
L0002@1-15-2019@DA001278@sz_v1_1.mp4,
,"NES",
,"{"description": "The patient exhibits sudden, unprovoked movements including thrashing and convulsions while lying in bed. The episode appears to be spontaneous without an identifiable trigger such as hyperventilation or suggestion. The presence of medical personnel and the patient's hospital setting suggest a serious medical event.", "answer": "ES"}"
L0002@1-15-2019@DA001279@sz_v1_1.mp4,
,"NES",
,"{"description": "The patient remains motionless throughout the video, showing no signs of convulsions, muscle spasms, or other physical manifestations typically associated with a seizure. The lack of observable seizure activity suggests that this is not an epileptic seizure.", "answer": "NES"}"
L0002@1-15-2019@DA001279@sz_v2_1.mp4,
,"NES",
,"{"description": "The patient exhibits sudden, unprovoked movements including thrashing and convulsions while lying in bed. The episode appears to be spontaneous without an identifiable trigger such as hyperventilation or suggestion. Medical staff respond by restraining the patient, indicating concern for safety during the event.", "answer": "ES"}"
L0002@1-15-2019@DA00127A@sz_v1_1.mp4,
,"NES",
,"{"description": "The patient exhibits sudden, unprovoked movements including thrashing and convulsions while lying in bed. The episode appears to be spontaneous without an identifiable trigger such as hyperventilation or suggestion. The patient's limbs move rhythmically and involuntarily, which is characteristic of a seizure.", "answer": "ES"}"
L0002@1-15-2019@DA00127A@sz_v2_1.mp4,
,"NES",
,"{"description": "The patient exhibits sudden, unprovoked movements including thrashing and convulsions while lying in bed. The episode appears to be spontaneous without an identifiable trigger such as hyperventilation or suggestion. The patient's movements are involuntary and seem to involve both motor and possibly sensory components.", "answer": "ES"}"
L0002@1-15-2019@DA70224N@sz_v1_1.mp4,
,"NES",
,"{"description": "The patient exhibits sudden, unprovoked movements including thrashing and convulsions while lying on the hospital bed. Medical staff quickly respond to stabilize the patient, indicating a medical emergency. The rapid onset and intense physical activity suggest a neurological event.", "answer": "ES"}"
L0002@1-15-2019@DA70224N@sz_v2_1.mp4,
,"NES",
,"{"description": "The patient exhibits sudden, uncontrolled movements including thrashing and convulsions while lying on the hospital bed. The movements appear to be involuntary and intense, suggesting a neurological origin. The presence of medical staff rushing to assist indicates a serious medical event.", "answer": "ES"}"
L0002@1-15-2019@DA70224O@sz_v1_1.mp4,
,"NES",
,"{"description": "The patient exhibits sudden, unprovoked movements including thrashing and convulsions while lying in bed. The episode appears to be spontaneous without an identifiable trigger such as hyperventilation or suggestion. The patient's movements are involuntary and chaotic, suggesting a neurological origin.", "answer": "ES"}"
L0002@1-23-2018@DA00108B@sz_v1_1.mp4,
,"NES",
,"{"description": "The patient exhibits sudden, unprovoked movements including thrashing and convulsions while lying in bed. The episode appears to be spontaneous without an identifiable trigger such as stress or injury. The patient's movements are involuntary and rhythmic, suggesting a loss of control typical of seizures.", "answer": "ES"}"
L0002@1-23-2018@DA00108B@sz_v2_1.mp4,
,"NES",
,"{"description": "The patient exhibits sudden, unprovoked movements including thrashing and convulsions while lying in bed. Medical staff quickly respond to stabilize the patient, suggesting a medical emergency. The rapid onset and intense physical activity are characteristic of a seizure.", "answer": "ES"}"
L0002@1-23-2018@DA00108B@sz_v3_1.mp4,
,"NES",
,"{"description": "The patient exhibits sudden, unprovoked movements including thrashing arms and legs, and appears to be experiencing altered consciousness. The presence of medical staff intervening suggests a concern for safety during the episode. These symptoms are consistent with a convulsive seizure.", "answer": "ES"}"
L0002@1-23-2018@DA00108I@sz_v1_1.mp4,
,"NES",
,"{"description": "The patient exhibits sudden, unprovoked movements including flailing arms and legs while seated. The actions appear involuntary and disorganized, suggesting a loss of control typical during a seizure. The presence of medical personnel and the patient's hospital attire indicate a health-related incident.", "answer": "ES"}"
L0002@1-23-2018@DA00108J@sz_v1_1.mp4,
,"ES",
,"{"description": "The patient exhibits sudden, unprovoked movements including thrashing and convulsions while lying in bed. The movements appear to be involuntary and rhythmic, suggesting a loss of control typical of seizures. The patient's eyes remain open but seem unfocused, which can indicate altered consciousness during the episode. The presence of medical staff reacting suggests concern for a serious medical event.", "answer": "ES"}"
L0002@1-23-2018@DA00108K@sz_v1_1.mp4,
,"NES",
,"{"description": "The patient exhibits sudden, unprovoked movements including thrashing and flailing while lying in bed. The movements appear to be involuntary and intense, suggesting a loss of control. The patient's eyes are closed, and there is no immediate response to external stimuli, indicating a possible altered state of consciousness. These symptoms are consistent with a generalized tonic-clonic seizure.", "answer": "ES"}"
L0002@10-16-2023@DA9601XX@sz_v1_1.mp4,
,"NES",
,"{"description": "The patient exhibits sudden, unprovoked movements including flailing arms and legs while seated. The actions appear involuntary and there is a lack of responsiveness to the nurse's presence, suggesting a loss of consciousness. These symptoms are consistent with a tonic-clonic seizure.", "answer": "ES"}"
L0002@10-16-2023@DA9601XX@sz_v2_1.mp4,
,"NES",
,"{"description": "The patient exhibits sudden, unprovoked movements including thrashing and convulsions while lying on the hospital bed. The episode appears to be spontaneous without an identifiable trigger such as stress or environmental factors. The patient's behavior is consistent with a loss of control and altered consciousness typical during a seizure.", "answer": "ES"}"
L0002@10-16-2023@DA9601XZ@sz_v1_1.mp4,
,"NES",
,"{"description": "The patient exhibits sudden, unprovoked movements including thrashing and convulsions while lying in bed. The movements appear to be involuntary and rhythmic, suggesting a loss of control over motor functions. The patient also seems to lose consciousness during the episode.", "answer": "ES"}"
L0003@10-28-2014@TA7640V1@nes_v1_1.mp4,
,"NES",
,"{"description": "The patient exhibits sudden, repetitive, and involuntary movements including flailing arms and legs, which are characteristic of a tonic-clonic seizure. The rapid onset and the nature of the movements suggest a loss of control typical of an epileptic seizure.", "answer": "ES"}"
L0003@10-28-2014@TA7640V1@nes_v2_1.mp4,
,"NES",
,"{"description": "The patient exhibits sudden, unprovoked movements including thrashing and convulsions while lying in bed. These movements appear to be involuntary and are not triggered by external stimuli. The patient's actions are consistent with a loss of consciousness and lack of control over their body, which are typical characteristics of an epileptic seizure.", "answer": "ES"}"
L0003@10-28-2014@TA7640V1@nes_v3_1.mp4,
,"NES",
,"{"description": "The patient exhibits sudden, unprovoked movements including thrashing arms and legs while lying in bed. These movements appear to be involuntary and there is no apparent trigger for the behavior. The patient's eyes remain open but seem unfocused during the episode.", "answer": "ES"}"
L0003@10-28-2014@TA7640V1@nes_v4_1.mp4,
,"NES",
,"{"description": "The patient exhibits sudden, unprovoked movements including thrashing and convulsions while lying in bed. The actions appear involuntary and there is no apparent external trigger for these movements. The patient's behavior is consistent with a loss of control over motor functions, which can be indicative of a neurological event.", "answer": "ES"}"
L0003@10-28-2014@TA7640V2@nes_v1_1.mp4,
,"NES",
,"{"description": "The patient exhibits sudden, unprovoked movements including thrashing and flailing while lying in bed. The movements appear to be involuntary and there is no apparent trigger for these actions. The patient's behavior suggests a loss of control typical of a seizure.", "answer": "ES"}"
L0003@10-28-2014@TA7640V5@nes_v1_1.mp4,
,"NES",
,"{"description": "The patient exhibits sudden, unprovoked movements including thrashing arms and legs, and appears to lose consciousness. The actions seem involuntary and there's no apparent trigger for the behavior. These symptoms are characteristic of a tonic-clonic seizure.", "answer": "ES"}"
L0003@10-28-2014@TA7640V7@nes_v1_1.mp4,
,"ES",
,"{"description": "The patient exhibits sudden, unprovoked movements including thrashing arms and legs, which appear to be involuntary. The presence of medical staff intervening suggests concern for the patient's safety during these movements. These symptoms can be indicative of a seizure.", "answer": "ES"}"
L0003@10-28-2014@TA7640VE@nes_v1_1.mp4,
,"NES",
,"{"description": "The patient exhibits sudden, unprovoked movements including thrashing and convulsions while lying in bed. The movements appear involuntary and there is a loss of consciousness as indicated by the patient's inability to respond to their surroundings. These symptoms are characteristic of a seizure.", "answer": "ES"}"
L0005@3-10-2015@TA7641JJ@sz_v1_1.mp4,
,"ES",
,"{"description": "The patient in the video does not exhibit typical signs of a seizure such as convulsions, loss of consciousness, or repetitive movements. The patient appears to be responsive and able to interact with medical staff, which suggests that this is not an epileptic seizure.", "answer": "NES"}"
L0006@10-6-2021@KA9600GI@sz_v2_1.mp4,
,"ES",
,"{"description": "The patient exhibits sudden, unprovoked movements including thrashing and convulsions while lying in bed. The episode appears to be spontaneous without an identifiable trigger such as hyperventilation or suggestion. The patient's loss of consciousness and the involvement of multiple medical personnel suggest a serious medical event.", "answer": "ES"}"
M0001@6-18-2020@DA0014QT@sz_v1_1.mp4,
,"ES",
,"{"description": "The patient exhibits sudden, unprovoked movements including thrashing arms and legs, which are characteristic of a convulsive episode. The abrupt onset and the nature of the movements suggest a neurological origin.", "answer": "ES"}"
M0001@6-18-2020@DA0014R2@sz_v1_1.mp4,
,"NES",
,"{"description": "The patient exhibits sudden, repetitive movements including arm flailing and head turning, which appear to be involuntary. The patient also seems disoriented and confused after the episode, which can be indicative of post-ictal state.", "answer": "ES"}"
N0002@3-14-2022@DA1321F9@sz_v1_1.mp4,
,"NES",
,"{"description": "The patient exhibits no signs of convulsions, loss of consciousness, or other typical symptoms associated with epileptic seizures. The movements appear to be voluntary and controlled, suggesting that this is not an epileptic event.", "answer": "NES"}"
N0002@9-13-2022@DA1322LW@sz_v1_1.mp4,
,"NES",
,"{"description": "The patient shows no signs of convulsions, loss of consciousness, or other typical symptoms associated with epileptic seizures. The patient appears to be resting or possibly asleep, holding a remote control, which suggests a calm state rather than a seizure.", "answer": "NES"}"
N0002@9-13-2022@KA9602CR@sz_v1_1.mp4,
,"NES",
,"{"description": "The patient exhibits a sudden, unprovoked movement where they raise their arm and appear to lose control momentarily. This action does not seem to be part of a typical epileptic seizure pattern, which often includes repetitive, rhythmic movements or loss of consciousness. The isolated nature of the movement suggests it could be a non-epileptic event.", "answer": "NES"}"
N0002@9-13-2022@KA9602CX@sz_v1_1.mp4,
,"NES",
,"{"description": "The patient shows no signs of convulsions, loss of consciousness, or other typical symptoms associated with an epileptic seizure. The patient appears to be holding a remote control and there is no indication of abnormal neurological activity.", "answer": "NES"}"
N0002@9-13-2022@KA9602CX@sz_v2_1.mp4,
,"NES",
,"{"description": "The patient shows no signs of altered consciousness, convulsions, or other typical seizure symptoms. The patient appears to be using a phone and interacting normally, which suggests that there is no active seizure occurring.", "answer": "NES"}"
N0002@9-13-2022@KA9602CY@sz_v1_1.mp4,
,"NES",
,"{"description": "The patient remains motionless throughout the video, showing no signs of convulsions, muscle spasms, or other physical manifestations typically associated with a seizure. The lack of any observable seizure activity suggests that this is not an epileptic seizure.", "answer": "NES"}"
N0002@9-13-2022@KA9602CY@sz_v2_1.mp4,
,"NES",
,"{"description": "The patient appears to be lying in a hospital bed, covered with a blanket, and there are no visible signs of convulsions, loss of consciousness, or other typical symptoms associated with an epileptic seizure. The patient's movements seem minimal and natural, suggesting a state of rest rather than a seizure.", "answer": "NES"}"
N0004@3-29-2022@KA9601GC@sz_v1_1.mp4,
,"ES",
,"{"description": "The patient exhibits sudden, unprovoked movements including thrashing and convulsions while lying in bed. The episode appears to be spontaneous without an identifiable trigger such as stress or injury. The patient's eyes remain open but appear unfocused during the event.", "answer": "ES"}"
N0006@5-3-2019@DA0012QM@sz_v1_1.mp4,
,"NES",
,"{"description": "The patient in the video does not exhibit typical signs of a seizure such as convulsions, loss of consciousness, or repetitive movements. The patient appears to be responsive and interacting with others around them, which suggests that they are not experiencing a seizure at the time of the video.", "answer": "NES"}"
N0007@8-26-2014@TA7640K9@sz_v1_1.mp4,
,"NES",
,"{"description": "The patient appears to be lying in a hospital bed, wearing a hospital gown and shorts. There are no visible signs of convulsions, loss of consciousness, or other typical symptoms associated with an epileptic seizure. The patient seems to be resting or possibly asleep, with no abnormal movements or behaviors observed.", "answer": "NES"}"
N0007@8-26-2014@VA7631F0@sz_v1_1.mp4,
,"NES",
,"{"description": "The patient appears to be experiencing subtle movements, possibly involving facial twitching or slight jerking motions. There is no indication of loss of consciousness, convulsions, or other typical signs of an epileptic seizure. The patient remains relatively still and does not exhibit any dramatic physical changes that would suggest a full-blown seizure.", "answer": "NES"}"
N0007@8-26-2014@VA7631F0@sz_v2_1.mp4,
,"NES",
,"{"description": "The patient exhibits rhythmic, repetitive movements that appear to be localized primarily to the upper body and arms. There is no apparent loss of consciousness or postictal confusion observed. The movements seem more purposeful and less chaotic than typical epileptic seizures.", "answer": "NES"}"
N0008@2-1-2016@KA333KWO@nes_v1_1.mp4,
,"NES",
,"{"description": "The patient exhibits sudden, unprovoked movements that appear to be involuntary. The patient's arms flail uncontrollably, and there is a loss of consciousness as indicated by the patient's inability to respond to the nurses. These symptoms are consistent with a tonic-clonic seizure, which is a type of epileptic seizure characterized by a loss of consciousness and rhythmic jerking.", "answer": "ES"}"
N0008@2-1-2016@KA333KWO@nes_v1_2.mp4,
,"NES",
,"{"description": "The patient exhibits sudden, unprovoked movements that appear to be involuntary. The patient's arms flail and there is a lack of responsiveness to the medical staff's attempts to communicate or interact. These symptoms are consistent with a loss of consciousness and motor control, which are characteristic of an epileptic seizure.", "answer": "ES"}"
N0008@2-1-2016@KA333KXM@nes_v1_1.mp4,
,"NES",
,"{"description": "The patient exhibits sudden, unprovoked movements including thrashing and apparent loss of consciousness while lying in bed. These symptoms are consistent with a convulsive episode that could be indicative of an epileptic seizure.", "answer": "ES"}"
N0008@2-1-2016@KA333KYH@nes_v1_1.mp4,
,"NES",
,"{"description": "The patient exhibits sudden, uncontrolled movements of both arms, which appear to be rhythmic and repetitive. These movements are characteristic of motor seizures. The patient remains conscious throughout the episode, as indicated by their open eyes and lack of responsiveness to stimuli.", "answer": "ES"}"
N0009@3-5-2021@UA66939W@nes_v1_1.mp4,
,"NES",
,"{"description": "The patient exhibits no visible signs of convulsions, loss of consciousness, or other typical symptoms associated with an epileptic seizure. The patient appears to be responsive and engaged with the nurse, indicating control over their movements and awareness of their surroundings.", "answer": "NES"}"
N0009@3-5-2021@UA66939Z@nes_v1_1.mp4,
,"NES",
,"{"description": "The patient exhibits a sudden onset of rhythmic, repetitive movements involving the legs, which appear to be involuntary. The movements are consistent with motor automatisms often seen in epileptic seizures. There is no apparent psychological trigger or emotional display that would suggest a psychogenic non-epileptic seizure.", "answer": "ES"}"
N0009@3-5-2021@UA6693AY@nes_v1_1.mp4,
,"NES",
,"{"description": "The patient exhibits sudden, unprovoked movements that appear to be involuntary. The patient's arms flail and there is a loss of consciousness, which are common symptoms of a seizure. However, without EEG data or further medical context, it's challenging to definitively diagnose. The presence of medical staff and equipment suggests a clinical setting where such events can be monitored and treated.", "answer": "ES"}"
N0011@4-1-2021@DA001614@sz_v1_1.mp4,
,"NES",
,"{"description": "The patient exhibits sudden, unprovoked movements including thrashing arms and legs, which are characteristic of a convulsive episode. The presence of medical staff administering oxygen suggests a serious medical event. However, without EEG confirmation or a history of epilepsy, it's challenging to definitively diagnose based solely on visual symptoms.", "answer": "ES"}"
N0011@4-1-2021@DA00161F@sz_v1_1.mp4,
,"NES",
,"{"description": "The patient exhibits sudden, unprovoked movements including thrashing and convulsions while lying in bed. The movements appear involuntary and there is a loss of consciousness as indicated by the patient's inability to respond to stimuli. These symptoms are characteristic of a seizure.", "answer": "ES"}"
N0011@4-1-2021@DA00161G@sz_v1_1.mp4,
,"NES",
,"{"description": "The patient exhibits sudden, uncontrolled movements including thrashing arms and legs, which are common in seizures. The presence of medical staff administering oxygen suggests a serious medical event. However, without EEG data or further medical history, it's challenging to definitively diagnose. The symptoms align more closely with a generalized tonic-clonic seizure.", "answer": "ES"}"
N0011@4-1-2021@DA00161G@sz_v2_1.mp4,
,"NES",
,"{"description": "The patient exhibits sudden, unprovoked movements including thrashing arms and legs, which are characteristic of a convulsive episode. The presence of medical staff quickly responding suggests a recognized medical emergency. However, without EEG confirmation or a history of epilepsy, these symptoms alone are not definitive for an epileptic seizure.", "answer": "NES"}"
N0011@4-1-2021@DA00161G@sz_v3_1.mp4,
,"ES",
,"{"description": "The patient exhibits rhythmic, repetitive movements such as arm flailing and head turning, which are characteristic of a motor seizure. The presence of medical staff and equipment suggests a clinical setting where seizures are monitored. These symptoms align with the typical presentation of an epileptic seizure.", "answer": "ES"}"
N0011@4-1-2021@DA00161I@sz_v1_1.mp4,
,"ES",
,"{"description": "The patient exhibits sudden, unprovoked movements including thrashing arms and legs, and appears to lose consciousness. The movements are repetitive and rhythmic, suggesting a loss of control over motor functions. The patient also seems to be experiencing some form of altered state of awareness during the episode.", "answer": "ES"}"
N0011@4-1-2021@DA00161I@sz_v2_1.mp4,
,"ES",
,"{"description": "The patient exhibits sudden, unprovoked movements including thrashing arms and legs, which may indicate a loss of motor control. The rapid onset and the apparent lack of awareness suggest a neurological event. However, without EEG confirmation, it's challenging to definitively diagnose an epileptic seizure based solely on visual symptoms.", "answer": "ES"}"
N0011@4-1-2021@DA00161J@sz_v1_1.mp4,
,"ES",
,"{"description": "The patient exhibits sudden, unprovoked movements including thrashing arms and legs, which appear to be involuntary. The patient also shows signs of altered consciousness as they seem disoriented and confused after the episode. These symptoms are consistent with a generalized tonic-clonic seizure.", "answer": "ES"}"
N0011@4-1-2021@DA00161K@sz_v1_1.mp4,
,"ES",
,"{"description": "The patient exhibits sudden, unprovoked movements including arm flailing and head turning, which are characteristic of a loss of motor control. The rapid onset and lack of apparent external triggers suggest a neurological origin. However, without EEG confirmation, it's challenging to definitively diagnose as an epileptic seizure based solely on visual symptoms.", "answer": "ES"}"
N0011@4-1-2021@DA00161K@sz_v2_1.mp4,
,"NES",
,"{"description": "The patient exhibits sudden, unprovoked movements including thrashing and convulsions while lying in bed. The movements appear to be involuntary and there is no apparent external trigger. The patient also seems disoriented after the episode.", "answer": "ES"}"
N0011@4-1-2021@DA00161K@sz_v3_1.mp4,
,"ES",
,"{"description": "The patient exhibits rhythmic, repetitive movements of the hand and arm, which are characteristic of motor seizures. The movements appear to be involuntary and there is no apparent external trigger for these actions. The patient remains unresponsive during the episode.", "answer": "ES"}"
N0011@4-1-2021@DA00161K@sz_v4_1.mp4,
,"ES",
,"{"description": "The patient exhibits sudden, uncontrolled movements including thrashing arms and legs, which are characteristic of a tonic-clonic seizure. The presence of medical staff and equipment suggests a monitored environment where such events can be observed and recorded. The abrupt onset and nature of the movements strongly indicate a neurological origin.", "answer": "ES"}"
N0011@4-1-2021@DA00161K@sz_v5_1.mp4,
,"ES",
,"{"description": "The patient exhibits rhythmic, repetitive movements of the arms and hands, which are characteristic of motor seizures. The movements appear to be involuntary and there is no apparent response to external stimuli. These symptoms are consistent with a seizure involving motor cortex activity.", "answer": "ES"}"
N0011@4-1-2021@UA6693F9@sz_v1_1.mp4,
,"NES",
,"{"description": "The patient exhibits sudden, unprovoked movements including thrashing arms and legs, which are characteristic of a convulsive episode. The presence of medical staff rushing to assist suggests a serious medical event. However, without EEG confirmation or a history of epilepsy, these symptoms alone are not definitive for an epileptic seizure.", "answer": "NES"}"
N0011@4-1-2021@UA6693FA@sz_v1_1.mp4,
,"ES",
,"{"description": "The patient exhibits sudden, unprovoked movements including arm flailing and leg thrashing while lying in bed. The actions appear involuntary and there's no apparent external trigger for these movements. A healthcare professional is present, suggesting medical attention due to these symptoms.", "answer": "ES"}"
N0012@10-10-2019@DA0013M6@sz_v1_1.mp4,
,"NES",
,"{"description": "The patient exhibits sudden, unprovoked movements including thrashing arms and legs, and appears to lose consciousness briefly. The movements are repetitive and rhythmic, suggesting a loss of control over motor functions. The patient also seems to have difficulty breathing during the episode.", "answer": "ES"}"
N0012@10-10-2019@DA0013M7@sz_v1_1.mp4,
,"NES",
,"{"description": "The patient exhibits sudden, uncontrolled movements including thrashing arms and legs, and appears to be experiencing a loss of consciousness. The movements are repetitive and rhythmic, which are characteristic of a seizure. There is no apparent trigger such as emotional distress or physical pain that would suggest a non-epileptic event.", "answer": "ES"}"
N0012@10-10-2019@DA0013M7@sz_v2_1.mp4,
,"NES",
,"{"description": "The patient exhibits sudden, uncontrolled movements including thrashing arms and legs, and appears to be experiencing a loss of consciousness. The movements are repetitive and rhythmic, which are typical characteristics of a seizure. There is no apparent external trigger for these movements.", "answer": "ES"}"
N0012@10-10-2019@DA0013M7@sz_v3_1.mp4,
,"NES",
,"{"description": "The patient exhibits sudden, repetitive movements including arm flailing and leg thrashing while lying in bed. The movements appear to be involuntary and rhythmic, suggesting a loss of control typical during a seizure. There is no apparent external trigger for these actions.", "answer": "ES"}"
N0012@10-10-2019@DA0013M7@sz_v4_1.mp4,
,"NES",
,"{"description": "The patient exhibits sudden, uncontrolled movements including thrashing arms and legs, which appear to be involuntary. The movements are repetitive and rhythmic, suggesting a loss of consciousness or awareness during the episode.", "answer": "ES"}"
N0012@10-10-2019@DA0013M7@sz_v5_1.mp4,
,"NES",
,"{"description": "The patient exhibits sudden, uncontrolled movements including thrashing arms and legs, which appear to be involuntary. The movements are repetitive and rhythmic, suggesting a loss of consciousness or awareness during the episode.", "answer": "ES"}"
N0012@10-10-2019@DA0013M7@sz_v6_1.mp4,
,"NES",
,"{"description": "The patient exhibits sudden, repetitive, and involuntary movements including arm flailing and head tossing while lying in bed. These movements appear to be uncontrolled and rhythmic, suggesting a loss of consciousness or awareness during the episode.", "answer": "ES"}"
N0012@10-10-2019@DA0013M7@sz_v7_1.mp4,
,"NES",
,"{"description": "The patient exhibits sudden, unprovoked movements including thrashing arms and legs, and appears to be unconscious during the episode. These symptoms are characteristic of a loss of motor control and altered consciousness which are common in epileptic seizures.", "answer": "ES"}"
N0012@10-10-2019@DA0013M7@sz_v8_1.mp4,
,"NES",
,"{"description": "The patient exhibits sudden, unprovoked movements including thrashing arms and legs, and appears to be experiencing altered consciousness. These symptoms are characteristic of a convulsive seizure.", "answer": "ES"}"
N0012@10-10-2019@DA0013ME@sz_v1_1.mp4,
,"NES",
,"{"description": "The patient exhibits sudden, repetitive, and involuntary movements including thrashing arms and legs, which are characteristic of a convulsive episode. The movements appear rhythmic and uncontrollable, suggesting a neurological origin.", "answer": "ES"}"
N0012@10-10-2019@DA0013ME@sz_v2_1.mp4,
,"NES",
,"{"description": "The patient exhibits sudden, repetitive, and involuntary movements including arm flailing and leg thrashing while lying in bed. The movements appear rhythmic and intense, suggesting a loss of motor control typical during a seizure.", "answer": "ES"}"
N0012@10-10-2019@DA0013ME@sz_v3_1.mp4,
,"NES",
,"{"description": "The patient exhibits rhythmic, repetitive movements that appear to be localized primarily to the arms and legs. There is no apparent loss of consciousness or other typical signs of a generalized tonic-clonic seizure. The movements seem more purposeful and less chaotic than what is typically seen in an epileptic seizure.", "answer": "NES"}"
N0012@10-10-2019@DA0013ME@sz_v4_1.mp4,
,"NES",
,"{"description": "The patient exhibits sudden, repetitive movements including thrashing and jerking while lying in bed. The movements appear involuntary and intense, suggesting a loss of control typical during a seizure. There is no apparent trigger or situational context that would suggest a psychological cause.", "answer": "ES"}"
N0013@9-2-2014@VA7631G3@sz_v1_1.mp4,
,"ES",
,"{"description": "The patient exhibits sudden, unprovoked movements including thrashing arms and legs, which are characteristic of a convulsive episode. However, there is no loss of consciousness observed, and the movements appear more purposeful and less chaotic than typical epileptic seizures. The patient also seems to regain composure quickly without postictal confusion.", "answer": "NES"}"
N0013@9-2-2014@VA7631G3@sz_v3_1.mp4,
,"ES",
,"{"description": "The patient exhibits subtle movements, primarily involving the arms and legs, which appear to be rhythmic and repetitive. There is no loss of consciousness or significant alteration in posture that would typically be associated with a tonic-clonic seizure. The movements seem more localized and less intense than what is usually observed in an epileptic seizure.", "answer": "NES"}"
N0013@9-2-2014@VA7631G3@sz_v4_1.mp4,
,"ES",
,"{"description": "The patient exhibits sudden, unprovoked movements including thrashing and convulsions while lying in bed. These movements appear to be involuntary and there is no apparent external trigger for the behavior.", "answer": "ES"}"
N0013@9-2-2014@VA7631G5@sz_v2_1.mp4,
,"ES",
,"{"description": "The patient exhibits sudden, unprovoked movements including thrashing and convulsions while lying in bed. These symptoms are characteristic of a loss of motor control and altered consciousness, which are common in epileptic seizures.", "answer": "ES"}"
N0013@9-2-2014@VA7631GK@sz_v3_1.mp4,
,"ES",
,"{"description": "The patient exhibits a sudden, brief movement where they raise their right arm above their head. This action does not appear to be part of a prolonged or repetitive series of movements typically associated with an epileptic seizure. The isolated nature of the movement suggests it may be a spontaneous gesture rather than a seizure symptom.", "answer": "NES"}"
N0013@9-2-2014@VA7631GK@sz_v4_1.mp4,
,"NES",
,"{"description": "The patient exhibits sudden, unprovoked movements including thrashing arms and legs, which are characteristic of a convulsive episode. The abrupt onset and the nature of the movements suggest a neurological origin.", "answer": "ES"}"
N0014@2-4-2020@DA001466@nes_v1_1.mp4,
,"NES",
,"{"description": "The patient exhibits no sudden, unprovoked movements or loss of consciousness that would typically characterize an epileptic seizure. The interaction appears calm and there are no signs of convulsions, stiffness, or altered mental state.", "answer": "NES"}"
N0014@2-4-2020@DA001466@nes_v1_10.mp4,
,"NES",
,"{"description": "The patient in the video does not exhibit typical signs of a seizure such as convulsions, loss of consciousness, or repetitive movements. The patient appears to be interacting normally with medical staff, suggesting that there are no active seizure symptoms present.","answer": "NES"}"
N0014@2-4-2020@DA001466@nes_v1_2.mp4,
,"NES",
,"{"description": "The patient exhibits rhythmic, repetitive movements of the head and upper body, which are characteristic of motor seizures. The movements appear involuntary and there is no apparent response to external stimuli, suggesting a loss of consciousness.", "answer": "ES"}"
N0014@2-4-2020@DA001466@nes_v1_3.mp4,
,"NES",
,"{"description": "The patient in the video does not exhibit typical signs of a seizure such as convulsions, loss of consciousness, or repetitive movements. The patient appears to be interacting normally with another person, holding a drink, and there are no visible signs of distress or abnormal behavior that would suggest a seizure.", "answer": "NES"}"
N0014@2-4-2020@DA001466@nes_v1_4.mp4,
,"NES",
,"{"description": "The patient exhibits repetitive, rhythmic movements of the head and upper body, which are characteristic of motor seizures. The movements appear to be involuntary and occur without apparent external stimuli. These symptoms are consistent with a seizure involving motor cortex activity.", "answer": "ES"}"
N0014@2-4-2020@DA001466@nes_v1_5.mp4,
,"NES",
,"{"description": "The patient in the video does not exhibit typical signs of a seizure such as convulsions, loss of consciousness, or repetitive movements. The interaction appears to be a normal conversation between the patient and the visitor, with no sudden changes in behavior or physical state that would suggest a seizure.", "answer": "NES"}"
N0014@2-4-2020@DA001466@nes_v1_6.mp4,
,"NES",
,"{"description": "The patient in the video does not exhibit any visible signs of a seizure such as convulsions, loss of consciousness, or repetitive movements. The patient appears to be resting or possibly asleep, with no sudden changes in behavior or muscle activity that would suggest a seizure.", "answer": "NES"}"
N0014@2-4-2020@DA001466@nes_v1_7.mp4,
,"NES",
,"{"description": "The patient in the video does not exhibit any visible signs of a seizure such as convulsions, loss of consciousness, or repetitive movements. The patient appears to be resting or possibly asleep, and there is no indication of sudden, unprovoked electrical disturbances in the brain that characterize epileptic seizures.", "answer": "NES"}"
N0014@2-4-2020@DA001466@nes_v1_8.mp4,
,"NES",
,"{"description": "The patient appears to be experiencing a sudden, unprovoked episode characterized by repetitive, rhythmic movements and altered consciousness. These symptoms are consistent with a generalized tonic-clonic seizure, which is a type of epileptic seizure.", "answer": "ES"}"
N0014@2-4-2020@DA001466@nes_v1_9.mp4,
,"NES",
,"{"description": "The patient appears to be experiencing a non-epileptic event, as there are no visible signs of convulsions, loss of consciousness, or other typical symptoms associated with an epileptic seizure. The patient seems to be in distress but maintains some level of awareness and interaction with the people around her.", "answer": "NES"}"
N0014@2-4-2020@DA001466@nes_v2_1.mp4,
,"NES",
,"{"description": "The patient exhibits rhythmic head nodding, which can be indicative of a seizure. However, the movements appear to be more controlled and less intense than typical epileptic seizures, which often involve more pronounced convulsions or loss of consciousness. The patient remains seated upright and does not show signs of altered consciousness or postictal confusion.", "answer": "NES"}"
N0015@10-6-2022@DA1322SC@sz_v1_1.mp4,
,"ES",
,"{"description": "The patient exhibits sudden, unprovoked movements including thrashing arms and legs, which are characteristic of a convulsive episode. The rapid onset and the involvement of multiple muscle groups suggest a loss of motor control typical during a seizure. The presence of medical staff rushing to assist further indicates a serious medical event.", "answer": "ES"}"
N0015@10-6-2022@KA9602I3@sz_v1_1.mp4,
,"ES",
,"{"description": "The patient exhibits sudden, unprovoked movements that appear to be involuntary. The limbs are flailing, and there is a lack of responsiveness to stimuli from the medical staff. These symptoms are consistent with a loss of consciousness and motor control, which are characteristic of an epileptic seizure.", "answer": "ES"}"
N0016@9-1-2022@DA1322GQ@sz_v1_1.mp4,
,"NES",
,"{"description": "The patient exhibits sudden, unprovoked movements including thrashing arms and legs, which could be indicative of a seizure. However, the presence of a healthcare professional who appears to be managing the situation calmly suggests that this might be a known condition or a response to medication rather than an unexpected epileptic seizure. The patient's rapid return to a calm state after intervention also points towards a non-epileptic event.", "answer": "NES"}"
N0017@12-4-2018@DA7021YP@sz_v1_1.mp4,
,"ES",
,"{"description": "The patient exhibits sudden, unprovoked movements including thrashing arms and legs, which are characteristic of a convulsive episode. The rapid onset and the involvement of multiple muscle groups suggest a neurological origin. The presence of medical staff administering oxygen indicates a serious health event, likely requiring immediate intervention.", "answer": "ES"}"
N0017@9-11-2018@DA7021H5@sz_v1_1.mp4,
,"ES",
,"{"description": "The patient exhibits sudden, unprovoked movements that appear to be involuntary. The rapid onset and cessation of these movements, along with the apparent loss of consciousness and postictal confusion, suggest a neurological event consistent with an epileptic seizure. The presence of medical staff and equipment indicates a clinical setting where such events can be observed and managed.", "answer": "ES"}"
O0001@10-12-2023@DA9601WC@nes_v1_1.mp4,
,"ES",
,"{"description": "The patient in the video does not exhibit typical signs of a seizure such as convulsions, loss of consciousness, or repetitive movements. The patient appears to be resting or possibly asleep, with no sudden changes in behavior or muscle activity that would suggest a seizure.", "answer": "NES"}"
O0001@10-12-2023@DA9601YM@sz_v1_1.mp4,
,"ES",
,"{"description": "The patient exhibits sudden, unprovoked movements including thrashing and convulsions while lying on the hospital bed. The episode appears to be spontaneous without an identifiable trigger such as hyperventilation or suggestion. The patient's loss of control over body movements and the involvement of multiple limbs suggest a neurological origin.", "answer": "ES"}"
O0001@10-12-2023@DA9601YN@sz_v1_1.mp4,
,"ES",
,"{"description": "The patient exhibits sudden, unprovoked movements including thrashing and clenching of fists while lying in bed. These movements appear to be involuntary and there is no apparent trigger such as emotional distress or physical discomfort. The patient's eyes remain closed throughout the episode, which may indicate a loss of consciousness.", "answer": "ES"}"
O0001@10-12-2023@DA9601YN@sz_v2_1.mp4,
,"ES",
,"{"description": "The patient exhibits sudden, unprovoked movements including thrashing and convulsions while lying in bed. The episode appears to be spontaneous without an identifiable trigger such as hyperventilation or stress. The patient's loss of consciousness and the involvement of multiple muscle groups suggest a neurological origin.", "answer": "ES"}"
O0001@10-12-2023@DA9601YQ@sz_v1_1.mp4,
,"ES",
,"{"description": "The patient exhibits sudden, unprovoked movements including thrashing arms and legs, which are characteristic of a convulsive episode. The rapid onset and the involvement of multiple muscle groups suggest a neurological origin.", "answer": "ES"}"
O0001@8-27-2020@UA6692F4@sz_v1_1.mp4,
,"NES",
,"{"description": "The patient exhibits sudden, repetitive movements including arm flailing and head bobbing. These actions appear to be involuntary and uncontrolled, suggesting a loss of consciousness or awareness during the episode. The abrupt onset and cessation of these symptoms are characteristic of a seizure.", "answer": "ES"}"
O0001@8-27-2020@UA6692FE@sz_v1.1_0.mp4,
,"NES",
,"{"description": "The patient appears to be experiencing a tonic-clonic seizure, characterized by rhythmic jerking movements and loss of consciousness. The patient's eyes are closed, and there is no indication of voluntary movement or responsiveness.", "answer": "ES"}"
O0003@4-27-2022@KA9601OU@nes_v1_1.mp4,
,"NES",
,"{"description": "The patient appears to be lying in bed, covered with a blanket, and there are no visible signs of convulsions, loss of consciousness, or other typical symptoms associated with an epileptic seizure. The patient seems to be resting or sleeping peacefully.", "answer": "NES"}"
O0003@6-6-2020@DA0014P1@nes_v1_1.mp4,
,"NES",
,"{"description": "The patient exhibits no visible convulsions, muscle spasms, or loss of consciousness that are typically associated with an epileptic seizure. The patient appears to be responsive and there is no indication of postictal confusion or fatigue. The presence of medical staff checking vital signs suggests monitoring rather than responding to a seizure.", "answer": "NES"}"
O0003@6-6-2020@DA0014P1@nes_v2_1.mp4,
,"NES",
,"{"description": "The patient exhibits sudden, unprovoked movements including thrashing and apparent loss of consciousness while lying in bed. These symptoms are consistent with a convulsive episode. The presence of medical staff and equipment suggests a clinical setting where such events can be monitored and treated.", "answer": "ES"}"
O0003@6-6-2020@DA0014P3@nes_v1_1.mp4,
,"NES",
,"{"description": "The patient exhibits sudden, unprovoked movements while lying in bed, which could be indicative of a seizure. However, the presence of medical staff and the patient's rapid return to normal behavior after the event suggest that this may not be a typical epileptic seizure. The patient does not show signs of postictal confusion or fatigue, which are common after an epileptic seizure.", "answer": "NES"}"
O0003@6-6-2020@DA0014P5@nes_v1_1.mp4,
,"NES",
,"{"description": "The patient exhibits sudden, unprovoked movements including thrashing and apparent loss of consciousness, which are characteristic of a seizure. The rapid response by medical staff suggests a serious event, likely requiring immediate intervention typical for epileptic seizures.", "answer": "ES"}"
O0003@6-6-2020@UA66924A@nes_v1_1.mp4,
,"NES",
,"{"description": "The patient exhibits sudden, unprovoked movements including thrashing and apparent loss of consciousness while lying in bed. Medical staff quickly respond, suggesting a medical emergency. The rapid onset and nature of the movements are consistent with a seizure.", "answer": "ES"}"
O0003@6-6-2020@UA66924A@nes_v2_1.mp4,
,"NES",
,"{"description": "The patient exhibits sudden, unprovoked movements including thrashing arms and legs, which could be indicative of a seizure. However, the presence of medical staff checking equipment and the patient's rapid return to normal behavior suggest that this may not be a typical epileptic seizure. The quick onset and offset, along with the context of a hospital setting where stress or other factors might play a role, lean towards a non-epileptic event.", "answer": "NES"}"
O0003@6-6-2020@UA66924A@nes_v3_1.mp4,
,"NES",
,"{"description": "The patient exhibits sudden, unprovoked movements including thrashing and apparent loss of consciousness while lying in a hospital bed. Medical staff quickly respond to monitor and manage the situation, suggesting a medical emergency.", "answer": "ES"}"
O0004@8-27-2019@DA0013EP@sz_v1_1.mp4,
,"ES",
,"{"description": "The patient exhibits sudden, unprovoked movements and loss of consciousness, which are characteristic of an epileptic seizure. The rapid response by medical staff suggests a recognized emergency situation typical for ES.", "answer": "ES"}"
O0005@3-12-2015@TA7641JO@sz_v1_1.mp4,
,"NES",
,"{"description": "The patient exhibits sudden, unprovoked movements including thrashing and apparent loss of consciousness while lying in bed. These symptoms are consistent with a convulsive episode. The presence of a medical professional adjusting the patient's position suggests concern for safety during the event.", "answer": "ES"}"
O0005@3-12-2015@TA7641JO@sz_v2_1.mp4,
,"NES",
,"{"description": "The patient exhibits sudden, unprovoked movements including thrashing and convulsions while lying on a hospital bed. The episode appears to be brief and spontaneous without any apparent trigger such as stress or environmental factors.", "answer": "ES"}"
O0005@3-12-2015@TA7641JP@sz_v1_1.mp4,
,"ES",
,"{"description": "The patient exhibits sudden, unprovoked movements including thrashing and convulsions while lying on a hospital bed. The episode appears to be spontaneous without an identifiable trigger such as hyperventilation or suggestion. The patient's behavior is consistent with a loss of control over motor functions, which is characteristic of an epileptic seizure.", "answer": "ES"}"
O0005@3-12-2015@TA7641K4@sz_v1_1.mp4,
,"NES",
,"{"description": "The patient exhibits sudden, unprovoked movements including thrashing and convulsions while lying on a hospital bed. The episode appears to be spontaneous without an identifiable trigger such as hyperventilation or suggestion. Medical staff respond by restraining the patient and administering oxygen, indicating a serious medical event.", "answer": "ES"}"
O0005@3-12-2015@TA7641K5@sz_v1_1.mp4,
,"ES",
,"{"description": "The patient exhibits sudden, unprovoked movements including thrashing and convulsions while lying on a hospital bed. The episode appears to be spontaneous without an identifiable trigger such as stress or injury. The presence of medical staff quickly responding suggests a serious medical event.", "answer": "ES"}"
O0005@3-12-2015@TA7641K5@sz_v2_1.mp4,
,"NES",
,"{"description": "The patient exhibits sudden, unprovoked movements including thrashing arms and legs, clenched fists, and apparent loss of consciousness. These symptoms are characteristic of a generalized tonic-clonic seizure, which is a type of epileptic seizure.", "answer": "ES"}"
O0006@1-21-2016@CA4444A4@sz_v1_1.mp4,
,"NES",
,"{"description": "The patient exhibits subtle, repetitive movements such as hand clenching and slight head turning, which may indicate a psychogenic non-epileptic seizure rather than a typical epileptic seizure characterized by more pronounced convulsions or loss of consciousness.", "answer": "NES"}"
O0007@1-5-2016@CA44446U@sz_v1_1.mp4,
,"ES",
,"{"description": "The patient exhibits sudden, repetitive movements including thrashing and rolling in bed. These movements appear uncontrolled and are accompanied by a change in consciousness as indicated by the patient's inability to respond normally. The patient also shows signs of muscle stiffness and jerking, which are typical of a tonic-clonic seizure.", "answer": "ES"}"
O0007@1-5-2016@CA44446U@sz_v2_1.mp4,
,"NES",
,"{"description": "The patient exhibits sudden, unprovoked movements including thrashing and convulsions while lying in bed. The movements appear involuntary and there is a loss of consciousness as indicated by the patient's lack of response to their environment. These symptoms are characteristic of a tonic-clonic seizure.", "answer": "ES"}"
O0008@6-21-2022@GA5980K2@sz_v1_1.mp4,
,"ES",
,"{"description": "The patient exhibits sudden, unprovoked movements including thrashing arms and legs, which are characteristic of a convulsive episode. The presence of medical staff quickly responding suggests a recognized medical emergency. These symptoms align with those typically observed during an epileptic seizure.", "answer": "ES"}"
O0008@6-21-2022@KA96022J@sz_v1_1.mp4,
,"ES",
,"{"description": "The patient exhibits sudden, unprovoked movements including thrashing arms and legs, along with a loss of consciousness. These symptoms are characteristic of a tonic-clonic seizure, which is a type of epileptic seizure.", "answer": "ES"}"
